<?xml version="1.0" encoding="UTF-8"?>
<testsuites name="TS_Amazon_03" time="4754.377" tests="4" failures="4" errors="0">
   <testsuite name="TS_Amazon_03" tests="4" failures="4" errors="0" time="4754.377" skipped="0" timestamp="21-03-2025T07:43:47" hostname="R.K.Chauhan - RahulPC" id="Test Suites/TS_Amazon_03">
      <properties>
         <property name="deviceName" value=""/>
         <property name="devicePlatform"/>
         <property name="logFolder" value="E:\\Software Automation Testing\\Amazon\\Reports\\20250321_074341\\TS_Amazon_03\\20250321_074341"/>
         <property name="logFiles" value="E:\\Software Automation Testing\\Amazon\\Reports\\20250321_074341\\TS_Amazon_03\\20250321_074341\\execution0.log"/>
         <property name="attachments" value="E:\\Software Automation Testing\\Amazon\\Reports\\20250321_074341\\TS_Amazon_03\\20250321_074341\\1742523350960.png, E:\\Software Automation Testing\\Amazon\\Reports\\20250321_074341\\TS_Amazon_03\\20250321_074341\\1742523480493.png, E:\\Software Automation Testing\\Amazon\\Reports\\20250321_074341\\TS_Amazon_03\\20250321_074341\\1742523544016.png, E:\\Software Automation Testing\\Amazon\\Reports\\20250321_074341\\TS_Amazon_03\\20250321_074341\\1742523580692.png, E:\\Software Automation Testing\\Amazon\\Reports\\20250321_074341\\TS_Amazon_03\\20250321_074341\\1742523612316.png, E:\\Software Automation Testing\\Amazon\\Reports\\20250321_074341\\TS_Amazon_03\\20250321_074341\\1742523612722.png, E:\\Software Automation Testing\\Amazon\\Reports\\20250321_074341\\TS_Amazon_03\\20250321_074341\\1742523644457.png, E:\\Software Automation Testing\\Amazon\\Reports\\20250321_074341\\TS_Amazon_03\\20250321_074341\\1742523740656.png, E:\\Software Automation Testing\\Amazon\\Reports\\20250321_074341\\TS_Amazon_03\\20250321_074341\\1742523804011.png, E:\\Software Automation Testing\\Amazon\\Reports\\20250321_074341\\TS_Amazon_03\\20250321_074341\\1742523840674.png, E:\\Software Automation Testing\\Amazon\\Reports\\20250321_074341\\TS_Amazon_03\\20250321_074341\\1742523872190.png, E:\\Software Automation Testing\\Amazon\\Reports\\20250321_074341\\TS_Amazon_03\\20250321_074341\\1742523872569.png, E:\\Software Automation Testing\\Amazon\\Reports\\20250321_074341\\TS_Amazon_03\\20250321_074341\\1742523899321.png, E:\\Software Automation Testing\\Amazon\\Reports\\20250321_074341\\TS_Amazon_03\\20250321_074341\\1742523991891.png, E:\\Software Automation Testing\\Amazon\\Reports\\20250321_074341\\TS_Amazon_03\\20250321_074341\\1742524055156.png, E:\\Software Automation Testing\\Amazon\\Reports\\20250321_074341\\TS_Amazon_03\\20250321_074341\\1742524091654.png, E:\\Software Automation Testing\\Amazon\\Reports\\20250321_074341\\TS_Amazon_03\\20250321_074341\\1742524123173.png, E:\\Software Automation Testing\\Amazon\\Reports\\20250321_074341\\TS_Amazon_03\\20250321_074341\\1742524123541.png, E:\\Software Automation Testing\\Amazon\\Reports\\20250321_074341\\TS_Amazon_03\\20250321_074341\\1742524243142.png, E:\\Software Automation Testing\\Amazon\\Reports\\20250321_074341\\TS_Amazon_03\\20250321_074341\\1742524334230.png, E:\\Software Automation Testing\\Amazon\\Reports\\20250321_074341\\TS_Amazon_03\\20250321_074341\\1742524397387.png, E:\\Software Automation Testing\\Amazon\\Reports\\20250321_074341\\TS_Amazon_03\\20250321_074341\\1742524434008.png, E:\\Software Automation Testing\\Amazon\\Reports\\20250321_074341\\TS_Amazon_03\\20250321_074341\\1742524465503.png, E:\\Software Automation Testing\\Amazon\\Reports\\20250321_074341\\TS_Amazon_03\\20250321_074341\\1742524465872.png, E:\\Software Automation Testing\\Amazon\\Reports\\20250321_074341\\TS_Amazon_03\\20250321_074341\\1742524486472.png, E:\\Software Automation Testing\\Amazon\\Reports\\20250321_074341\\TS_Amazon_03\\20250321_074341\\1742524518253.png, E:\\Software Automation Testing\\Amazon\\Reports\\20250321_074341\\TS_Amazon_03\\20250321_074341\\1742524553118.png, E:\\Software Automation Testing\\Amazon\\Reports\\20250321_074341\\TS_Amazon_03\\20250321_074341\\1742524591753.png, E:\\Software Automation Testing\\Amazon\\Reports\\20250321_074341\\TS_Amazon_03\\20250321_074341\\1742524625214.png, E:\\Software Automation Testing\\Amazon\\Reports\\20250321_074341\\TS_Amazon_03\\20250321_074341\\1742524655343.png, E:\\Software Automation Testing\\Amazon\\Reports\\20250321_074341\\TS_Amazon_03\\20250321_074341\\1742524728899.png, E:\\Software Automation Testing\\Amazon\\Reports\\20250321_074341\\TS_Amazon_03\\20250321_074341\\1742524770130.png, E:\\Software Automation Testing\\Amazon\\Reports\\20250321_074341\\TS_Amazon_03\\20250321_074341\\1742524807864.png, E:\\Software Automation Testing\\Amazon\\Reports\\20250321_074341\\TS_Amazon_03\\20250321_074341\\1742524853789.png, E:\\Software Automation Testing\\Amazon\\Reports\\20250321_074341\\TS_Amazon_03\\20250321_074341\\1742524891426.png, E:\\Software Automation Testing\\Amazon\\Reports\\20250321_074341\\TS_Amazon_03\\20250321_074341\\1742524929205.png, E:\\Software Automation Testing\\Amazon\\Reports\\20250321_074341\\TS_Amazon_03\\20250321_074341\\1742524966701.png, E:\\Software Automation Testing\\Amazon\\Reports\\20250321_074341\\TS_Amazon_03\\20250321_074341\\1742525003634.png, E:\\Software Automation Testing\\Amazon\\Reports\\20250321_074341\\TS_Amazon_03\\20250321_074341\\1742525004037.png, E:\\Software Automation Testing\\Amazon\\Reports\\20250321_074341\\TS_Amazon_03\\20250321_074341\\1742525125744.png, E:\\Software Automation Testing\\Amazon\\Reports\\20250321_074341\\TS_Amazon_03\\20250321_074341\\1742525163508.png, E:\\Software Automation Testing\\Amazon\\Reports\\20250321_074341\\TS_Amazon_03\\20250321_074341\\1742525201216.png, E:\\Software Automation Testing\\Amazon\\Reports\\20250321_074341\\TS_Amazon_03\\20250321_074341\\1742525238680.png, E:\\Software Automation Testing\\Amazon\\Reports\\20250321_074341\\TS_Amazon_03\\20250321_074341\\1742525275766.png, E:\\Software Automation Testing\\Amazon\\Reports\\20250321_074341\\TS_Amazon_03\\20250321_074341\\1742525276110.png, E:\\Software Automation Testing\\Amazon\\Reports\\20250321_074341\\TS_Amazon_03\\20250321_074341\\1742525402038.png, E:\\Software Automation Testing\\Amazon\\Reports\\20250321_074341\\TS_Amazon_03\\20250321_074341\\1742525799669.png, E:\\Software Automation Testing\\Amazon\\Reports\\20250321_074341\\TS_Amazon_03\\20250321_074341\\1742525800130.png, E:\\Software Automation Testing\\Amazon\\Reports\\20250321_074341\\TS_Amazon_03\\20250321_074341\\1742525830768.png, E:\\Software Automation Testing\\Amazon\\Reports\\20250321_074341\\TS_Amazon_03\\20250321_074341\\1742525861427.png, E:\\Software Automation Testing\\Amazon\\Reports\\20250321_074341\\TS_Amazon_03\\20250321_074341\\1742525887572.png, E:\\Software Automation Testing\\Amazon\\Reports\\20250321_074341\\TS_Amazon_03\\20250321_074341\\1742526283326.png, E:\\Software Automation Testing\\Amazon\\Reports\\20250321_074341\\TS_Amazon_03\\20250321_074341\\1742526283700.png, E:\\Software Automation Testing\\Amazon\\Reports\\20250321_074341\\TS_Amazon_03\\20250321_074341\\1742526661497.png, E:\\Software Automation Testing\\Amazon\\Reports\\20250321_074341\\TS_Amazon_03\\20250321_074341\\1742526692992.png, E:\\Software Automation Testing\\Amazon\\Reports\\20250321_074341\\TS_Amazon_03\\20250321_074341\\1742526703055.png, E:\\Software Automation Testing\\Amazon\\Reports\\20250321_074341\\TS_Amazon_03\\20250321_074341\\1742526739432.png, E:\\Software Automation Testing\\Amazon\\Reports\\20250321_074341\\TS_Amazon_03\\20250321_074341\\1742526775870.png, E:\\Software Automation Testing\\Amazon\\Reports\\20250321_074341\\TS_Amazon_03\\20250321_074341\\1742526998474.png, E:\\Software Automation Testing\\Amazon\\Reports\\20250321_074341\\TS_Amazon_03\\20250321_074341\\1742527029884.png, E:\\Software Automation Testing\\Amazon\\Reports\\20250321_074341\\TS_Amazon_03\\20250321_074341\\1742527043483.png, E:\\Software Automation Testing\\Amazon\\Reports\\20250321_074341\\TS_Amazon_03\\20250321_074341\\1742527079958.png, E:\\Software Automation Testing\\Amazon\\Reports\\20250321_074341\\TS_Amazon_03\\20250321_074341\\1742527116356.png, E:\\Software Automation Testing\\Amazon\\Reports\\20250321_074341\\TS_Amazon_03\\20250321_074341\\1742527431260.png, E:\\Software Automation Testing\\Amazon\\Reports\\20250321_074341\\TS_Amazon_03\\20250321_074341\\1742527462738.png, E:\\Software Automation Testing\\Amazon\\Reports\\20250321_074341\\TS_Amazon_03\\20250321_074341\\1742527472604.png, E:\\Software Automation Testing\\Amazon\\Reports\\20250321_074341\\TS_Amazon_03\\20250321_074341\\1742527509050.png, E:\\Software Automation Testing\\Amazon\\Reports\\20250321_074341\\TS_Amazon_03\\20250321_074341\\1742527545453.png, E:\\Software Automation Testing\\Amazon\\Reports\\20250321_074341\\TS_Amazon_03\\20250321_074341\\1742527862125.png, E:\\Software Automation Testing\\Amazon\\Reports\\20250321_074341\\TS_Amazon_03\\20250321_074341\\1742527893665.png, E:\\Software Automation Testing\\Amazon\\Reports\\20250321_074341\\TS_Amazon_03\\20250321_074341\\1742527908262.png, E:\\Software Automation Testing\\Amazon\\Reports\\20250321_074341\\TS_Amazon_03\\20250321_074341\\1742527944743.png, E:\\Software Automation Testing\\Amazon\\Reports\\20250321_074341\\TS_Amazon_03\\20250321_074341\\1742527981297.png"/>
         <property name="hostName" value="R.K.Chauhan - RahulPC"/>
         <property name="os" value="Windows 11 64bit"/>
         <property name="katalonVersion" value="10.1.0.223"/>
         <property name="browser" value="Firefox 136.0.2"/>
         <property name="hostAddress" value="192.168.202.167"/>
         <property name="sessionId" value="fbc1d7b5-6595-47a8-bbdf-eb1f02739d84"/>
         <property name="seleniumVersion" value="4.22.0"/>
         <property name="proxyInformation" value="ProxyInformation { proxyOption=NO_PROXY, proxyServerType=HTTP, username=, password=********, proxyServerAddress=, proxyServerPort=0, executionList=&quot;&quot;, isApplyToDesiredCapabilities=true }"/>
         <property name="platform" value="Windows 11"/>
      </properties>
      <testcase name="Test Cases/TC_Amazon_ValidatePlacingAOrder_009" time="342.393" classname="Test Cases/TC_Amazon_ValidatePlacingAOrder_009" status="FAILED">
         <failure type="FAILED" message="Test Cases/TC_Amazon_ValidatePlacingAOrder_009 FAILED.&#xa;Reason:&#xa;com.kms.katalon.core.exception.StepFailedException: Unable to select option by value 'search-alias=stripbooks' of object 'Object Repository/Amazon_ValidatingPlacingAOrder_OR/Page_Online Shopping site in India Shop Onl_10c5f3/select_All Categories        Alexa Skills  _59be89'  using regular expression (Root cause: com.kms.katalon.core.exception.StepFailedException: Unable to select option by value 'search-alias=stripbooks' of object 'Object Repository/Amazon_ValidatingPlacingAOrder_OR/Page_Online Shopping site in India Shop Onl_10c5f3/select_All Categories        Alexa Skills  _59be89'  using regular expression&#xa;	at com.kms.katalon.core.webui.keyword.internal.WebUIKeywordMain.stepFailed(WebUIKeywordMain.groovy:117)&#xa;	at com.kms.katalon.core.webui.keyword.internal.WebUIKeywordMain.runKeyword(WebUIKeywordMain.groovy:43)&#xa;	at com.kms.katalon.core.webui.keyword.builtin.SelectOptionByValueKeyword.selectOptionByValue(SelectOptionByValueKeyword.groovy:69)&#xa;	at com.kms.katalon.core.webui.keyword.builtin.SelectOptionByValueKeyword.execute(SelectOptionByValueKeyword.groovy:42)&#xa;	at com.kms.katalon.core.keyword.internal.KeywordExecutor.executeKeywordForPlatform(KeywordExecutor.groovy:74)&#xa;	at com.kms.katalon.core.webui.keyword.WebUiBuiltInKeywords.selectOptionByValue(WebUiBuiltInKeywords.groovy:1244)&#xa;	at TC_Amazon_ValidatePlacingAOrder_009.run(TC_Amazon_ValidatePlacingAOrder_009:38)&#xa;	at com.kms.katalon.core.main.ScriptEngine.run(ScriptEngine.java:194)&#xa;	at com.kms.katalon.core.main.ScriptEngine.runScriptAsRawText(ScriptEngine.java:119)&#xa;	at com.kms.katalon.core.main.TestCaseExecutor.runScript(TestCaseExecutor.java:448)&#xa;	at com.kms.katalon.core.main.TestCaseExecutor.doExecute(TestCaseExecutor.java:439)&#xa;	at com.kms.katalon.core.main.TestCaseExecutor.processExecutionPhase(TestCaseExecutor.java:418)&#xa;	at com.kms.katalon.core.main.TestCaseExecutor.accessMainPhase(TestCaseExecutor.java:410)&#xa;	at com.kms.katalon.core.main.TestCaseExecutor.execute(TestCaseExecutor.java:285)&#xa;	at com.kms.katalon.core.main.TestCaseExecutor.execute(TestCaseExecutor.java:369)&#xa;	at com.kms.katalon.core.main.TestCaseExecutor.execute(TestCaseExecutor.java:369)&#xa;	at com.kms.katalon.core.main.TestCaseExecutor.execute(TestCaseExecutor.java:369)&#xa;	at com.kms.katalon.core.common.CommonExecutor.accessTestCaseMainPhase(CommonExecutor.java:71)&#xa;	at com.kms.katalon.core.main.TestSuiteExecutor.accessTestSuiteMainPhase(TestSuiteExecutor.java:160)&#xa;	at com.kms.katalon.core.main.TestSuiteExecutor.execute(TestSuiteExecutor.java:107)&#xa;	at com.kms.katalon.core.main.TestCaseMain.startTestSuite(TestCaseMain.java:180)&#xa;	at TempTestSuite1742523221089.run(TempTestSuite1742523221089.groovy:35)&#xa;	at java.base/jdk.internal.reflect.NativeMethodAccessorImpl.invoke0(Native Method)&#xa;	at java.base/jdk.internal.reflect.NativeMethodAccessorImpl.invoke(NativeMethodAccessorImpl.java:77)&#xa;	at java.base/jdk.internal.reflect.DelegatingMethodAccessorImpl.invoke(DelegatingMethodAccessorImpl.java:43)&#xa;Caused by: org.openqa.selenium.ElementNotInteractableException: Element &lt;option> could not be scrolled into view&#xa;Build info: version: '4.22.0', revision: 'c5f3146703'&#xa;System info: os.name: 'Windows 11', os.arch: 'amd64', os.version: '10.0', java.version: '17.0.13'&#xa;Driver info: com.kms.katalon.selenium.driver.CFirefoxDriver&#xa;Command: [fa81461b-03a5-45b3-b016-6ca0f43ab4a2, clickElement {id=363bae58-577e-4dd3-9de8-6451f2bbf97c}]&#xa;Capabilities {acceptInsecureCerts: true, browserName: firefox, browserVersion: 136.0.2, moz:accessibilityChecks: false, moz:buildID: 20250317120031, moz:debuggerAddress: 127.0.0.1:20477, moz:geckodriverVersion: 0.36.0, moz:headless: false, moz:platformVersion: 10.0, moz:processID: 10900, moz:profile: C:\Users\Asus\AppData\Local..., moz:shutdownTimeout: 60000, moz:webdriverClick: true, moz:windowless: false, pageLoadStrategy: normal, platformName: windows, proxy: Proxy(), se:cdp: ws://127.0.0.1:20477/devtoo..., se:cdpVersion: 85.0, setWindowRect: true, strictFileInteractability: false, timeouts: {implicit: 0, pageLoad: 300000, script: 30000}, unhandledPromptBehavior: ignore, userAgent: Mozilla/5.0 (Windows NT 10...., webSocketUrl: ws://127.0.0.1:20477/sessio...}&#xa;Element: [[[[CFirefoxDriver: firefox on windows (fa81461b-03a5-45b3-b016-6ca0f43ab4a2)] -> xpath: //select[@id='searchDropdownBox']]] -> tag name: option]&#xa;Session ID: fa81461b-03a5-45b3-b016-6ca0f43ab4a2&#xa;	at java.base/jdk.internal.reflect.NativeConstructorAccessorImpl.newInstance0(Native Method)&#xa;	at java.base/jdk.internal.reflect.NativeConstructorAccessorImpl.newInstance(NativeConstructorAccessorImpl.java:77)&#xa;	at java.base/jdk.internal.reflect.DelegatingConstructorAccessorImpl.newInstance(DelegatingConstructorAccessorImpl.java:45)&#xa;	at org.openqa.selenium.remote.ErrorCodec.decode(ErrorCodec.java:167)&#xa;	at org.openqa.selenium.remote.codec.w3c.W3CHttpResponseCodec.decode(W3CHttpResponseCodec.java:138)&#xa;	at org.openqa.selenium.remote.codec.w3c.W3CHttpResponseCodec.decode(W3CHttpResponseCodec.java:50)&#xa;	at org.openqa.selenium.remote.HttpCommandExecutor.execute(HttpCommandExecutor.java:190)&#xa;	at org.openqa.selenium.remote.service.DriverCommandExecutor.invokeExecute(DriverCommandExecutor.java:216)&#xa;	at org.openqa.selenium.remote.service.DriverCommandExecutor.execute(DriverCommandExecutor.java:174)&#xa;	at org.openqa.selenium.remote.RemoteWebDriver.execute(RemoteWebDriver.java:518)&#xa;	at org.openqa.selenium.remote.RemoteWebElement.execute(RemoteWebElement.java:223)&#xa;	at org.openqa.selenium.remote.RemoteWebElement.click(RemoteWebElement.java:76)&#xa;	at jdk.internal.reflect.GeneratedMethodAccessor30.invoke(Unknown Source)&#xa;	at java.base/jdk.internal.reflect.DelegatingMethodAccessorImpl.invoke(DelegatingMethodAccessorImpl.java:43)&#xa;	at org.openqa.selenium.support.decorators.WebDriverDecorator.call(WebDriverDecorator.java:249)&#xa;	at org.openqa.selenium.support.decorators.DefaultDecorated.call(DefaultDecorated.java:48)&#xa;	at org.openqa.selenium.support.decorators.WebDriverDecorator.lambda$createProxy$2(WebDriverDecorator.java:321)&#xa;	at net.bytebuddy.renamed.java.lang.Object$ByteBuddy$DljqZ5Tf.click(Unknown Source)&#xa;	at org.openqa.selenium.support.ui.Select.setSelected(Select.java:315)&#xa;	at org.openqa.selenium.support.ui.Select.setSelectedByIndex(Select.java:299)&#xa;	at org.openqa.selenium.support.ui.Select.selectByIndex(Select.java:179)&#xa;	at com.kms.katalon.core.webui.common.WebUiCommonHelper.selectOrDeselectOptionsByValueByRegularExpression(WebUiCommonHelper.java:294)&#xa;	at com.kms.katalon.core.webui.common.WebUiCommonHelper.selectOrDeselectOptionsByValue(WebUiCommonHelper.java:273)&#xa;	at com.kms.katalon.core.webui.common.WebUiCommonHelper$selectOrDeselectOptionsByValue.call(Unknown Source)&#xa;	at com.kms.katalon.core.webui.keyword.builtin.SelectOptionByValueKeyword.selectOrDeselectOptionsByValue(SelectOptionByValueKeyword.groovy:80)&#xa;	at com.kms.katalon.core.webui.keyword.builtin.SelectOptionByValueKeyword.access$0(SelectOptionByValueKeyword.groovy)&#xa;	at com.kms.katalon.core.webui.keyword.builtin.SelectOptionByValueKeyword$_selectOptionByValue_closure1.doCall(SelectOptionByValueKeyword.groovy:58)&#xa;	at com.kms.katalon.core.webui.keyword.builtin.SelectOptionByValueKeyword$_selectOptionByValue_closure1.call(SelectOptionByValueKeyword.groovy)&#xa;	at com.kms.katalon.core.webui.keyword.internal.WebUIKeywordMain.runKeyword(WebUIKeywordMain.groovy:35)&#xa;	at com.kms.katalon.core.webui.keyword.builtin.SelectOptionByValueKeyword.selectOptionByValue(SelectOptionByValueKeyword.groovy:69)&#xa;	at com.kms.katalon.core.webui.keyword.builtin.SelectOptionByValueKeyword.execute(SelectOptionByValueKeyword.groovy:42)&#xa;	at com.kms.katalon.core.keyword.internal.KeywordExecutor.executeKeywordForPlatform(KeywordExecutor.groovy:74)&#xa;	at com.kms.katalon.core.webui.keyword.WebUiBuiltInKeywords.selectOptionByValue(WebUiBuiltInKeywords.groovy:1244)&#xa;	at Script1741840234352.run(Script1741840234352.groovy:38)&#xa;	... 18 more&#xa;)&#xa;	at com.kms.katalon.core.keyword.internal.KeywordMain.stepFailed(KeywordMain.groovy:39)&#xa;	at com.kms.katalon.core.webui.keyword.internal.WebUIKeywordMain.stepFailed(WebUIKeywordMain.groovy:117)&#xa;	at com.kms.katalon.core.webui.keyword.internal.WebUIKeywordMain.runKeyword(WebUIKeywordMain.groovy:43)&#xa;	at com.kms.katalon.core.webui.keyword.builtin.SelectOptionByValueKeyword.selectOptionByValue(SelectOptionByValueKeyword.groovy:69)&#xa;	at com.kms.katalon.core.webui.keyword.builtin.SelectOptionByValueKeyword.execute(SelectOptionByValueKeyword.groovy:42)&#xa;	at com.kms.katalon.core.keyword.internal.KeywordExecutor.executeKeywordForPlatform(KeywordExecutor.groovy:74)&#xa;	at com.kms.katalon.core.webui.keyword.WebUiBuiltInKeywords.selectOptionByValue(WebUiBuiltInKeywords.groovy:1244)&#xa;	at TC_Amazon_ValidatePlacingAOrder_009.run(TC_Amazon_ValidatePlacingAOrder_009:38)&#xa;	at com.kms.katalon.core.main.ScriptEngine.run(ScriptEngine.java:194)&#xa;	at com.kms.katalon.core.main.ScriptEngine.runScriptAsRawText(ScriptEngine.java:119)&#xa;	at com.kms.katalon.core.main.TestCaseExecutor.runScript(TestCaseExecutor.java:448)&#xa;	at com.kms.katalon.core.main.TestCaseExecutor.doExecute(TestCaseExecutor.java:439)&#xa;	at com.kms.katalon.core.main.TestCaseExecutor.processExecutionPhase(TestCaseExecutor.java:418)&#xa;	at com.kms.katalon.core.main.TestCaseExecutor.accessMainPhase(TestCaseExecutor.java:410)&#xa;	at com.kms.katalon.core.main.TestCaseExecutor.execute(TestCaseExecutor.java:285)&#xa;	at com.kms.katalon.core.main.TestCaseExecutor.execute(TestCaseExecutor.java:369)&#xa;	at com.kms.katalon.core.main.TestCaseExecutor.execute(TestCaseExecutor.java:369)&#xa;	at com.kms.katalon.core.main.TestCaseExecutor.execute(TestCaseExecutor.java:369)&#xa;	at com.kms.katalon.core.common.CommonExecutor.accessTestCaseMainPhase(CommonExecutor.java:71)&#xa;	at com.kms.katalon.core.main.TestSuiteExecutor.accessTestSuiteMainPhase(TestSuiteExecutor.java:160)&#xa;	at com.kms.katalon.core.main.TestSuiteExecutor.execute(TestSuiteExecutor.java:107)&#xa;	at com.kms.katalon.core.main.TestCaseMain.startTestSuite(TestCaseMain.java:180)&#xa;	at TempTestSuite1742523221089.run(TempTestSuite1742523221089.groovy:35)&#xa;	at java.base/jdk.internal.reflect.NativeMethodAccessorImpl.invoke0(Native Method)&#xa;	at java.base/jdk.internal.reflect.NativeMethodAccessorImpl.invoke(NativeMethodAccessorImpl.java:77)&#xa;	at java.base/jdk.internal.reflect.DelegatingMethodAccessorImpl.invoke(DelegatingMethodAccessorImpl.java:43)&#xa;Caused by: com.kms.katalon.core.exception.StepFailedException: Unable to select option by value 'search-alias=stripbooks' of object 'Object Repository/Amazon_ValidatingPlacingAOrder_OR/Page_Online Shopping site in India Shop Onl_10c5f3/select_All Categories        Alexa Skills  _59be89'  using regular expression&#xa;	... 25 more&#xa;Caused by: org.openqa.selenium.ElementNotInteractableException: Element &lt;option> could not be scrolled into view&#xa;Build info: version: '4.22.0', revision: 'c5f3146703'&#xa;System info: os.name: 'Windows 11', os.arch: 'amd64', os.version: '10.0', java.version: '17.0.13'&#xa;Driver info: com.kms.katalon.selenium.driver.CFirefoxDriver&#xa;Command: [fa81461b-03a5-45b3-b016-6ca0f43ab4a2, clickElement {id=363bae58-577e-4dd3-9de8-6451f2bbf97c}]&#xa;Capabilities {acceptInsecureCerts: true, browserName: firefox, browserVersion: 136.0.2, moz:accessibilityChecks: false, moz:buildID: 20250317120031, moz:debuggerAddress: 127.0.0.1:20477, moz:geckodriverVersion: 0.36.0, moz:headless: false, moz:platformVersion: 10.0, moz:processID: 10900, moz:profile: C:\Users\Asus\AppData\Local..., moz:shutdownTimeout: 60000, moz:webdriverClick: true, moz:windowless: false, pageLoadStrategy: normal, platformName: windows, proxy: Proxy(), se:cdp: ws://127.0.0.1:20477/devtoo..., se:cdpVersion: 85.0, setWindowRect: true, strictFileInteractability: false, timeouts: {implicit: 0, pageLoad: 300000, script: 30000}, unhandledPromptBehavior: ignore, userAgent: Mozilla/5.0 (Windows NT 10...., webSocketUrl: ws://127.0.0.1:20477/sessio...}&#xa;Element: [[[[CFirefoxDriver: firefox on windows (fa81461b-03a5-45b3-b016-6ca0f43ab4a2)] -> xpath: //select[@id='searchDropdownBox']]] -> tag name: option]&#xa;Session ID: fa81461b-03a5-45b3-b016-6ca0f43ab4a2&#xa;	at java.base/jdk.internal.reflect.NativeConstructorAccessorImpl.newInstance0(Native Method)&#xa;	at java.base/jdk.internal.reflect.NativeConstructorAccessorImpl.newInstance(NativeConstructorAccessorImpl.java:77)&#xa;	at java.base/jdk.internal.reflect.DelegatingConstructorAccessorImpl.newInstance(DelegatingConstructorAccessorImpl.java:45)&#xa;	at org.openqa.selenium.remote.ErrorCodec.decode(ErrorCodec.java:167)&#xa;	at org.openqa.selenium.remote.codec.w3c.W3CHttpResponseCodec.decode(W3CHttpResponseCodec.java:138)&#xa;	at org.openqa.selenium.remote.codec.w3c.W3CHttpResponseCodec.decode(W3CHttpResponseCodec.java:50)&#xa;	at org.openqa.selenium.remote.HttpCommandExecutor.execute(HttpCommandExecutor.java:190)&#xa;	at org.openqa.selenium.remote.service.DriverCommandExecutor.invokeExecute(DriverCommandExecutor.java:216)&#xa;	at org.openqa.selenium.remote.service.DriverCommandExecutor.execute(DriverCommandExecutor.java:174)&#xa;	at org.openqa.selenium.remote.RemoteWebDriver.execute(RemoteWebDriver.java:518)&#xa;	at org.openqa.selenium.remote.RemoteWebElement.execute(RemoteWebElement.java:223)&#xa;	at org.openqa.selenium.remote.RemoteWebElement.click(RemoteWebElement.java:76)&#xa;	at jdk.internal.reflect.GeneratedMethodAccessor30.invoke(Unknown Source)&#xa;	at java.base/jdk.internal.reflect.DelegatingMethodAccessorImpl.invoke(DelegatingMethodAccessorImpl.java:43)&#xa;	at org.openqa.selenium.support.decorators.WebDriverDecorator.call(WebDriverDecorator.java:249)&#xa;	at org.openqa.selenium.support.decorators.DefaultDecorated.call(DefaultDecorated.java:48)&#xa;	at org.openqa.selenium.support.decorators.WebDriverDecorator.lambda$createProxy$2(WebDriverDecorator.java:321)&#xa;	at net.bytebuddy.renamed.java.lang.Object$ByteBuddy$DljqZ5Tf.click(Unknown Source)&#xa;	at org.openqa.selenium.support.ui.Select.setSelected(Select.java:315)&#xa;	at org.openqa.selenium.support.ui.Select.setSelectedByIndex(Select.java:299)&#xa;	at org.openqa.selenium.support.ui.Select.selectByIndex(Select.java:179)&#xa;	at com.kms.katalon.core.webui.common.WebUiCommonHelper.selectOrDeselectOptionsByValueByRegularExpression(WebUiCommonHelper.java:294)&#xa;	at com.kms.katalon.core.webui.common.WebUiCommonHelper.selectOrDeselectOptionsByValue(WebUiCommonHelper.java:273)&#xa;	at com.kms.katalon.core.webui.common.WebUiCommonHelper$selectOrDeselectOptionsByValue.call(Unknown Source)&#xa;	at com.kms.katalon.core.webui.keyword.builtin.SelectOptionByValueKeyword.selectOrDeselectOptionsByValue(SelectOptionByValueKeyword.groovy:80)&#xa;	at com.kms.katalon.core.webui.keyword.builtin.SelectOptionByValueKeyword.access$0(SelectOptionByValueKeyword.groovy)&#xa;	at com.kms.katalon.core.webui.keyword.builtin.SelectOptionByValueKeyword$_selectOptionByValue_closure1.doCall(SelectOptionByValueKeyword.groovy:58)&#xa;	at com.kms.katalon.core.webui.keyword.builtin.SelectOptionByValueKeyword$_selectOptionByValue_closure1.call(SelectOptionByValueKeyword.groovy)&#xa;	at com.kms.katalon.core.webui.keyword.internal.WebUIKeywordMain.runKeyword(WebUIKeywordMain.groovy:35)&#xa;	... 23 more&#xa;"/>
         <system-out><![CDATA[21-03-2025T07:58:45 - [TEST_CASE][FAILED] - Test Cases/TC_Amazon_ValidatePlacingAOrder_009: Test Cases/TC_Amazon_ValidatePlacingAOrder_009 FAILED.
Reason:
com.kms.katalon.core.exception.StepFailedException: Unable to select option by value 'search-alias=stripbooks' of object 'Object Repository/Amazon_ValidatingPlacingAOrder_OR/Page_Online Shopping site in India Shop Onl_10c5f3/select_All Categories        Alexa Skills  _59be89'  using regular expression (Root cause: com.kms.katalon.core.exception.StepFailedException: Unable to select option by value 'search-alias=stripbooks' of object 'Object Repository/Amazon_ValidatingPlacingAOrder_OR/Page_Online Shopping site in India Shop Onl_10c5f3/select_All Categories        Alexa Skills  _59be89'  using regular expression
	at com.kms.katalon.core.webui.keyword.internal.WebUIKeywordMain.stepFailed(WebUIKeywordMain.groovy:117)
	at com.kms.katalon.core.webui.keyword.internal.WebUIKeywordMain.runKeyword(WebUIKeywordMain.groovy:43)
	at com.kms.katalon.core.webui.keyword.builtin.SelectOptionByValueKeyword.selectOptionByValue(SelectOptionByValueKeyword.groovy:69)
	at com.kms.katalon.core.webui.keyword.builtin.SelectOptionByValueKeyword.execute(SelectOptionByValueKeyword.groovy:42)
	at com.kms.katalon.core.keyword.internal.KeywordExecutor.executeKeywordForPlatform(KeywordExecutor.groovy:74)
	at com.kms.katalon.core.webui.keyword.WebUiBuiltInKeywords.selectOptionByValue(WebUiBuiltInKeywords.groovy:1244)
	at TC_Amazon_ValidatePlacingAOrder_009.run(TC_Amazon_ValidatePlacingAOrder_009:38)
	at com.kms.katalon.core.main.ScriptEngine.run(ScriptEngine.java:194)
	at com.kms.katalon.core.main.ScriptEngine.runScriptAsRawText(ScriptEngine.java:119)
	at com.kms.katalon.core.main.TestCaseExecutor.runScript(TestCaseExecutor.java:448)
	at com.kms.katalon.core.main.TestCaseExecutor.doExecute(TestCaseExecutor.java:439)
	at com.kms.katalon.core.main.TestCaseExecutor.processExecutionPhase(TestCaseExecutor.java:418)
	at com.kms.katalon.core.main.TestCaseExecutor.accessMainPhase(TestCaseExecutor.java:410)
	at com.kms.katalon.core.main.TestCaseExecutor.execute(TestCaseExecutor.java:285)
	at com.kms.katalon.core.main.TestCaseExecutor.execute(TestCaseExecutor.java:369)
	at com.kms.katalon.core.main.TestCaseExecutor.execute(TestCaseExecutor.java:369)
	at com.kms.katalon.core.main.TestCaseExecutor.execute(TestCaseExecutor.java:369)
	at com.kms.katalon.core.common.CommonExecutor.accessTestCaseMainPhase(CommonExecutor.java:71)
	at com.kms.katalon.core.main.TestSuiteExecutor.accessTestSuiteMainPhase(TestSuiteExecutor.java:160)
	at com.kms.katalon.core.main.TestSuiteExecutor.execute(TestSuiteExecutor.java:107)
	at com.kms.katalon.core.main.TestCaseMain.startTestSuite(TestCaseMain.java:180)
	at TempTestSuite1742523221089.run(TempTestSuite1742523221089.groovy:35)
	at java.base/jdk.internal.reflect.NativeMethodAccessorImpl.invoke0(Native Method)
	at java.base/jdk.internal.reflect.NativeMethodAccessorImpl.invoke(NativeMethodAccessorImpl.java:77)
	at java.base/jdk.internal.reflect.DelegatingMethodAccessorImpl.invoke(DelegatingMethodAccessorImpl.java:43)
Caused by: org.openqa.selenium.ElementNotInteractableException: Element <option> could not be scrolled into view
Build info: version: '4.22.0', revision: 'c5f3146703'
System info: os.name: 'Windows 11', os.arch: 'amd64', os.version: '10.0', java.version: '17.0.13'
Driver info: com.kms.katalon.selenium.driver.CFirefoxDriver
Command: [fa81461b-03a5-45b3-b016-6ca0f43ab4a2, clickElement {id=363bae58-577e-4dd3-9de8-6451f2bbf97c}]
Capabilities {acceptInsecureCerts: true, browserName: firefox, browserVersion: 136.0.2, moz:accessibilityChecks: false, moz:buildID: 20250317120031, moz:debuggerAddress: 127.0.0.1:20477, moz:geckodriverVersion: 0.36.0, moz:headless: false, moz:platformVersion: 10.0, moz:processID: 10900, moz:profile: C:\Users\Asus\AppData\Local..., moz:shutdownTimeout: 60000, moz:webdriverClick: true, moz:windowless: false, pageLoadStrategy: normal, platformName: windows, proxy: Proxy(), se:cdp: ws://127.0.0.1:20477/devtoo..., se:cdpVersion: 85.0, setWindowRect: true, strictFileInteractability: false, timeouts: {implicit: 0, pageLoad: 300000, script: 30000}, unhandledPromptBehavior: ignore, userAgent: Mozilla/5.0 (Windows NT 10...., webSocketUrl: ws://127.0.0.1:20477/sessio...}
Element: [[[[CFirefoxDriver: firefox on windows (fa81461b-03a5-45b3-b016-6ca0f43ab4a2)] -> xpath: //select[@id='searchDropdownBox']]] -> tag name: option]
Session ID: fa81461b-03a5-45b3-b016-6ca0f43ab4a2
	at java.base/jdk.internal.reflect.NativeConstructorAccessorImpl.newInstance0(Native Method)
	at java.base/jdk.internal.reflect.NativeConstructorAccessorImpl.newInstance(NativeConstructorAccessorImpl.java:77)
	at java.base/jdk.internal.reflect.DelegatingConstructorAccessorImpl.newInstance(DelegatingConstructorAccessorImpl.java:45)
	at org.openqa.selenium.remote.ErrorCodec.decode(ErrorCodec.java:167)
	at org.openqa.selenium.remote.codec.w3c.W3CHttpResponseCodec.decode(W3CHttpResponseCodec.java:138)
	at org.openqa.selenium.remote.codec.w3c.W3CHttpResponseCodec.decode(W3CHttpResponseCodec.java:50)
	at org.openqa.selenium.remote.HttpCommandExecutor.execute(HttpCommandExecutor.java:190)
	at org.openqa.selenium.remote.service.DriverCommandExecutor.invokeExecute(DriverCommandExecutor.java:216)
	at org.openqa.selenium.remote.service.DriverCommandExecutor.execute(DriverCommandExecutor.java:174)
	at org.openqa.selenium.remote.RemoteWebDriver.execute(RemoteWebDriver.java:518)
	at org.openqa.selenium.remote.RemoteWebElement.execute(RemoteWebElement.java:223)
	at org.openqa.selenium.remote.RemoteWebElement.click(RemoteWebElement.java:76)
	at jdk.internal.reflect.GeneratedMethodAccessor30.invoke(Unknown Source)
	at java.base/jdk.internal.reflect.DelegatingMethodAccessorImpl.invoke(DelegatingMethodAccessorImpl.java:43)
	at org.openqa.selenium.support.decorators.WebDriverDecorator.call(WebDriverDecorator.java:249)
	at org.openqa.selenium.support.decorators.DefaultDecorated.call(DefaultDecorated.java:48)
	at org.openqa.selenium.support.decorators.WebDriverDecorator.lambda$createProxy$2(WebDriverDecorator.java:321)
	at net.bytebuddy.renamed.java.lang.Object$ByteBuddy$DljqZ5Tf.click(Unknown Source)
	at org.openqa.selenium.support.ui.Select.setSelected(Select.java:315)
	at org.openqa.selenium.support.ui.Select.setSelectedByIndex(Select.java:299)
	at org.openqa.selenium.support.ui.Select.selectByIndex(Select.java:179)
	at com.kms.katalon.core.webui.common.WebUiCommonHelper.selectOrDeselectOptionsByValueByRegularExpression(WebUiCommonHelper.java:294)
	at com.kms.katalon.core.webui.common.WebUiCommonHelper.selectOrDeselectOptionsByValue(WebUiCommonHelper.java:273)
	at com.kms.katalon.core.webui.common.WebUiCommonHelper$selectOrDeselectOptionsByValue.call(Unknown Source)
	at com.kms.katalon.core.webui.keyword.builtin.SelectOptionByValueKeyword.selectOrDeselectOptionsByValue(SelectOptionByValueKeyword.groovy:80)
	at com.kms.katalon.core.webui.keyword.builtin.SelectOptionByValueKeyword.access$0(SelectOptionByValueKeyword.groovy)
	at com.kms.katalon.core.webui.keyword.builtin.SelectOptionByValueKeyword$_selectOptionByValue_closure1.doCall(SelectOptionByValueKeyword.groovy:58)
	at com.kms.katalon.core.webui.keyword.builtin.SelectOptionByValueKeyword$_selectOptionByValue_closure1.call(SelectOptionByValueKeyword.groovy)
	at com.kms.katalon.core.webui.keyword.internal.WebUIKeywordMain.runKeyword(WebUIKeywordMain.groovy:35)
	at com.kms.katalon.core.webui.keyword.builtin.SelectOptionByValueKeyword.selectOptionByValue(SelectOptionByValueKeyword.groovy:69)
	at com.kms.katalon.core.webui.keyword.builtin.SelectOptionByValueKeyword.execute(SelectOptionByValueKeyword.groovy:42)
	at com.kms.katalon.core.keyword.internal.KeywordExecutor.executeKeywordForPlatform(KeywordExecutor.groovy:74)
	at com.kms.katalon.core.webui.keyword.WebUiBuiltInKeywords.selectOptionByValue(WebUiBuiltInKeywords.groovy:1244)
	at Script1741840234352.run(Script1741840234352.groovy:38)
	... 18 more
)
	at com.kms.katalon.core.keyword.internal.KeywordMain.stepFailed(KeywordMain.groovy:39)
	at com.kms.katalon.core.webui.keyword.internal.WebUIKeywordMain.stepFailed(WebUIKeywordMain.groovy:117)
	at com.kms.katalon.core.webui.keyword.internal.WebUIKeywordMain.runKeyword(WebUIKeywordMain.groovy:43)
	at com.kms.katalon.core.webui.keyword.builtin.SelectOptionByValueKeyword.selectOptionByValue(SelectOptionByValueKeyword.groovy:69)
	at com.kms.katalon.core.webui.keyword.builtin.SelectOptionByValueKeyword.execute(SelectOptionByValueKeyword.groovy:42)
	at com.kms.katalon.core.keyword.internal.KeywordExecutor.executeKeywordForPlatform(KeywordExecutor.groovy:74)
	at com.kms.katalon.core.webui.keyword.WebUiBuiltInKeywords.selectOptionByValue(WebUiBuiltInKeywords.groovy:1244)
	at TC_Amazon_ValidatePlacingAOrder_009.run(TC_Amazon_ValidatePlacingAOrder_009:38)
	at com.kms.katalon.core.main.ScriptEngine.run(ScriptEngine.java:194)
	at com.kms.katalon.core.main.ScriptEngine.runScriptAsRawText(ScriptEngine.java:119)
	at com.kms.katalon.core.main.TestCaseExecutor.runScript(TestCaseExecutor.java:448)
	at com.kms.katalon.core.main.TestCaseExecutor.doExecute(TestCaseExecutor.java:439)
	at com.kms.katalon.core.main.TestCaseExecutor.processExecutionPhase(TestCaseExecutor.java:418)
	at com.kms.katalon.core.main.TestCaseExecutor.accessMainPhase(TestCaseExecutor.java:410)
	at com.kms.katalon.core.main.TestCaseExecutor.execute(TestCaseExecutor.java:285)
	at com.kms.katalon.core.main.TestCaseExecutor.execute(TestCaseExecutor.java:369)
	at com.kms.katalon.core.main.TestCaseExecutor.execute(TestCaseExecutor.java:369)
	at com.kms.katalon.core.main.TestCaseExecutor.execute(TestCaseExecutor.java:369)
	at com.kms.katalon.core.common.CommonExecutor.accessTestCaseMainPhase(CommonExecutor.java:71)
	at com.kms.katalon.core.main.TestSuiteExecutor.accessTestSuiteMainPhase(TestSuiteExecutor.java:160)
	at com.kms.katalon.core.main.TestSuiteExecutor.execute(TestSuiteExecutor.java:107)
	at com.kms.katalon.core.main.TestCaseMain.startTestSuite(TestCaseMain.java:180)
	at TempTestSuite1742523221089.run(TempTestSuite1742523221089.groovy:35)
	at java.base/jdk.internal.reflect.NativeMethodAccessorImpl.invoke0(Native Method)
	at java.base/jdk.internal.reflect.NativeMethodAccessorImpl.invoke(NativeMethodAccessorImpl.java:77)
	at java.base/jdk.internal.reflect.DelegatingMethodAccessorImpl.invoke(DelegatingMethodAccessorImpl.java:43)
Caused by: com.kms.katalon.core.exception.StepFailedException: Unable to select option by value 'search-alias=stripbooks' of object 'Object Repository/Amazon_ValidatingPlacingAOrder_OR/Page_Online Shopping site in India Shop Onl_10c5f3/select_All Categories        Alexa Skills  _59be89'  using regular expression
	... 25 more
Caused by: org.openqa.selenium.ElementNotInteractableException: Element <option> could not be scrolled into view
Build info: version: '4.22.0', revision: 'c5f3146703'
System info: os.name: 'Windows 11', os.arch: 'amd64', os.version: '10.0', java.version: '17.0.13'
Driver info: com.kms.katalon.selenium.driver.CFirefoxDriver
Command: [fa81461b-03a5-45b3-b016-6ca0f43ab4a2, clickElement {id=363bae58-577e-4dd3-9de8-6451f2bbf97c}]
Capabilities {acceptInsecureCerts: true, browserName: firefox, browserVersion: 136.0.2, moz:accessibilityChecks: false, moz:buildID: 20250317120031, moz:debuggerAddress: 127.0.0.1:20477, moz:geckodriverVersion: 0.36.0, moz:headless: false, moz:platformVersion: 10.0, moz:processID: 10900, moz:profile: C:\Users\Asus\AppData\Local..., moz:shutdownTimeout: 60000, moz:webdriverClick: true, moz:windowless: false, pageLoadStrategy: normal, platformName: windows, proxy: Proxy(), se:cdp: ws://127.0.0.1:20477/devtoo..., se:cdpVersion: 85.0, setWindowRect: true, strictFileInteractability: false, timeouts: {implicit: 0, pageLoad: 300000, script: 30000}, unhandledPromptBehavior: ignore, userAgent: Mozilla/5.0 (Windows NT 10...., webSocketUrl: ws://127.0.0.1:20477/sessio...}
Element: [[[[CFirefoxDriver: firefox on windows (fa81461b-03a5-45b3-b016-6ca0f43ab4a2)] -> xpath: //select[@id='searchDropdownBox']]] -> tag name: option]
Session ID: fa81461b-03a5-45b3-b016-6ca0f43ab4a2
	at java.base/jdk.internal.reflect.NativeConstructorAccessorImpl.newInstance0(Native Method)
	at java.base/jdk.internal.reflect.NativeConstructorAccessorImpl.newInstance(NativeConstructorAccessorImpl.java:77)
	at java.base/jdk.internal.reflect.DelegatingConstructorAccessorImpl.newInstance(DelegatingConstructorAccessorImpl.java:45)
	at org.openqa.selenium.remote.ErrorCodec.decode(ErrorCodec.java:167)
	at org.openqa.selenium.remote.codec.w3c.W3CHttpResponseCodec.decode(W3CHttpResponseCodec.java:138)
	at org.openqa.selenium.remote.codec.w3c.W3CHttpResponseCodec.decode(W3CHttpResponseCodec.java:50)
	at org.openqa.selenium.remote.HttpCommandExecutor.execute(HttpCommandExecutor.java:190)
	at org.openqa.selenium.remote.service.DriverCommandExecutor.invokeExecute(DriverCommandExecutor.java:216)
	at org.openqa.selenium.remote.service.DriverCommandExecutor.execute(DriverCommandExecutor.java:174)
	at org.openqa.selenium.remote.RemoteWebDriver.execute(RemoteWebDriver.java:518)
	at org.openqa.selenium.remote.RemoteWebElement.execute(RemoteWebElement.java:223)
	at org.openqa.selenium.remote.RemoteWebElement.click(RemoteWebElement.java:76)
	at jdk.internal.reflect.GeneratedMethodAccessor30.invoke(Unknown Source)
	at java.base/jdk.internal.reflect.DelegatingMethodAccessorImpl.invoke(DelegatingMethodAccessorImpl.java:43)
	at org.openqa.selenium.support.decorators.WebDriverDecorator.call(WebDriverDecorator.java:249)
	at org.openqa.selenium.support.decorators.DefaultDecorated.call(DefaultDecorated.java:48)
	at org.openqa.selenium.support.decorators.WebDriverDecorator.lambda$createProxy$2(WebDriverDecorator.java:321)
	at net.bytebuddy.renamed.java.lang.Object$ByteBuddy$DljqZ5Tf.click(Unknown Source)
	at org.openqa.selenium.support.ui.Select.setSelected(Select.java:315)
	at org.openqa.selenium.support.ui.Select.setSelectedByIndex(Select.java:299)
	at org.openqa.selenium.support.ui.Select.selectByIndex(Select.java:179)
	at com.kms.katalon.core.webui.common.WebUiCommonHelper.selectOrDeselectOptionsByValueByRegularExpression(WebUiCommonHelper.java:294)
	at com.kms.katalon.core.webui.common.WebUiCommonHelper.selectOrDeselectOptionsByValue(WebUiCommonHelper.java:273)
	at com.kms.katalon.core.webui.common.WebUiCommonHelper$selectOrDeselectOptionsByValue.call(Unknown Source)
	at com.kms.katalon.core.webui.keyword.builtin.SelectOptionByValueKeyword.selectOrDeselectOptionsByValue(SelectOptionByValueKeyword.groovy:80)
	at com.kms.katalon.core.webui.keyword.builtin.SelectOptionByValueKeyword.access$0(SelectOptionByValueKeyword.groovy)
	at com.kms.katalon.core.webui.keyword.builtin.SelectOptionByValueKeyword$_selectOptionByValue_closure1.doCall(SelectOptionByValueKeyword.groovy:58)
	at com.kms.katalon.core.webui.keyword.builtin.SelectOptionByValueKeyword$_selectOptionByValue_closure1.call(SelectOptionByValueKeyword.groovy)
	at com.kms.katalon.core.webui.keyword.internal.WebUIKeywordMain.runKeyword(WebUIKeywordMain.groovy:35)
	... 23 more


21-03-2025T07:58:45 - [TEST_STEP][PASSED] - openBrowser(""): Browser is opened with url: ''

21-03-2025T07:58:45 - [MESSAGE][INFO] - Starting 'Firefox' driver

21-03-2025T07:58:45 - [MESSAGE][INFO] - Action delay is set to 0 milliseconds

21-03-2025T07:58:50 - [MESSAGE][PASSED] - Browser is opened with url: ''

21-03-2025T07:58:50 - [TEST_STEP][PASSED] - navigateToUrl("https://www.amazon.in/"): Navigate to 'https://www.amazon.in/' successfully

21-03-2025T07:58:53 - [MESSAGE][PASSED] - Navigate to 'https://www.amazon.in/' successfully

21-03-2025T07:58:53 - [TEST_STEP][PASSED] - mouseOver(findTestObject("Amazon_ValidatingPlacingAOrder_OR/Page_Online Shopping site in India Shop Online for Mobiles, Books, Watches, Shoes and More - Amazon.in/span_Account  Lists")): Object: 'Object Repository/Amazon_ValidatingPlacingAOrder_OR/Page_Online Shopping site in India Shop Online for Mobiles, Books, Watches, Shoes and More - Amazon.in/span_Account  Lists' is hovered

21-03-2025T07:58:55 - [MESSAGE][PASSED] - Object: 'Object Repository/Amazon_ValidatingPlacingAOrder_OR/Page_Online Shopping site in India Shop Online for Mobiles, Books, Watches, Shoes and More - Amazon.in/span_Account  Lists' is hovered

21-03-2025T07:58:55 - [TEST_STEP][PASSED] - click(findTestObject("Object Repository/Amazon_ValidatingPlacingAOrder_OR/Page_Online Shopping site in India Shop Onl_10c5f3/span_Sign in")): Object: 'Object Repository/Amazon_ValidatingPlacingAOrder_OR/Page_Online Shopping site in India Shop Onl_10c5f3/span_Sign in' is clicked on

21-03-2025T07:58:57 - [MESSAGE][PASSED] - Object: 'Object Repository/Amazon_ValidatingPlacingAOrder_OR/Page_Online Shopping site in India Shop Onl_10c5f3/span_Sign in' is clicked on

21-03-2025T07:58:57 - [TEST_STEP][PASSED] - setText(findTestObject("Object Repository/Amazon_ValidatingPlacingAOrder_OR/Page_Amazon Sign In/input_Email or mobile phone number_email"), "8765257308"): Text '8765257308' is set on object 'Object Repository/Amazon_ValidatingPlacingAOrder_OR/Page_Amazon Sign In/input_Email or mobile phone number_email'

21-03-2025T07:59:28 - [MESSAGE][INFO] - Unable to find the element located by 'By.xpath: //input[@id='ap_email']'. Please recheck the objects properties to make sure the desired element is located. 

21-03-2025T07:59:28 - [MESSAGE][WARNING] - [SELF-HEALING] Failed to find element with id 'Object Repository/Amazon_ValidatingPlacingAOrder_OR/Page_Amazon Sign In/input_Email or mobile phone number_email'. Try using Self-healing.

21-03-2025T07:59:28 - [MESSAGE][WARNING] - [SELF-HEALING] The current locator of test object 'Object Repository/Amazon_ValidatingPlacingAOrder_OR/Page_Amazon Sign In/input_Email or mobile phone number_email' was broken. Propose an alternative one: '//div/input'.

21-03-2025T07:59:59 - [MESSAGE][INFO] - Unable to find the element located by 'By.xpath: //input[@id='ap_email']'. Please recheck the objects properties to make sure the desired element is located. 

21-03-2025T07:59:59 - [MESSAGE][WARNING] - [SELF-HEALING] Failed to find element with id 'Object Repository/Amazon_ValidatingPlacingAOrder_OR/Page_Amazon Sign In/input_Email or mobile phone number_email'. Try using Self-healing.

21-03-2025T08:00:00 - [MESSAGE][WARNING] - [SELF-HEALING] The current locator of test object 'Object Repository/Amazon_ValidatingPlacingAOrder_OR/Page_Amazon Sign In/input_Email or mobile phone number_email' was broken. Propose an alternative one: '//div/input'.

21-03-2025T08:00:00 - [MESSAGE][PASSED] - Text '8765257308' is set on object 'Object Repository/Amazon_ValidatingPlacingAOrder_OR/Page_Amazon Sign In/input_Email or mobile phone number_email'

21-03-2025T08:00:00 - [TEST_STEP][PASSED] - click(findTestObject("Object Repository/Amazon_ValidatingPlacingAOrder_OR/Page_Amazon Sign In/input_Wrong or Invalid email address or mob_77ed40")): Object: 'Object Repository/Amazon_ValidatingPlacingAOrder_OR/Page_Amazon Sign In/input_Wrong or Invalid email address or mob_77ed40' is clicked on

21-03-2025T08:00:31 - [MESSAGE][INFO] - Unable to find the element located by 'By.xpath: //input[@id='continue']'. Please recheck the objects properties to make sure the desired element is located. 

21-03-2025T08:00:31 - [MESSAGE][WARNING] - [SELF-HEALING] Failed to find element with id 'Object Repository/Amazon_ValidatingPlacingAOrder_OR/Page_Amazon Sign In/input_Wrong or Invalid email address or mob_77ed40'. Try using Self-healing.

21-03-2025T08:00:31 - [MESSAGE][WARNING] - [SELF-HEALING] The current locator of test object 'Object Repository/Amazon_ValidatingPlacingAOrder_OR/Page_Amazon Sign In/input_Wrong or Invalid email address or mob_77ed40' was broken. Propose an alternative one: '//span[@id='continue']/span/input'.

21-03-2025T08:00:33 - [MESSAGE][PASSED] - Object: 'Object Repository/Amazon_ValidatingPlacingAOrder_OR/Page_Amazon Sign In/input_Wrong or Invalid email address or mob_77ed40' is clicked on

21-03-2025T08:00:33 - [TEST_STEP][PASSED] - setEncryptedText(findTestObject("Object Repository/Amazon_ValidatingPlacingAOrder_OR/Page_Amazon Sign In/input_Forgot password_password"), "FJEEn2Q6rEqImg+RR4ytGA=="): Text ****** has been set on object 'Object Repository/Amazon_ValidatingPlacingAOrder_OR/Page_Amazon Sign In/input_Forgot password_password'

21-03-2025T08:00:33 - [MESSAGE][PASSED] - Text ****** has been set on object 'Object Repository/Amazon_ValidatingPlacingAOrder_OR/Page_Amazon Sign In/input_Forgot password_password'

21-03-2025T08:00:33 - [TEST_STEP][PASSED] - click(findTestObject("Object Repository/Amazon_ValidatingPlacingAOrder_OR/Page_Amazon Sign In/input_Enter your password_signInSubmit")): Object: 'Object Repository/Amazon_ValidatingPlacingAOrder_OR/Page_Amazon Sign In/input_Enter your password_signInSubmit' is clicked on

21-03-2025T08:00:36 - [MESSAGE][PASSED] - Object: 'Object Repository/Amazon_ValidatingPlacingAOrder_OR/Page_Amazon Sign In/input_Enter your password_signInSubmit' is clicked on

21-03-2025T08:00:36 - [TEST_STEP][FAILED] - selectOptionByValue(findTestObject("Object Repository/Amazon_ValidatingPlacingAOrder_OR/Page_Online Shopping site in India Shop Onl_10c5f3/select_All Categories        Alexa Skills  _59be89"), "search-alias=stripbooks", true): Unable to select option by value 'search-alias=stripbooks' of object 'Object Repository/Amazon_ValidatingPlacingAOrder_OR/Page_Online Shopping site in India Shop Onl_10c5f3/select_All Categories        Alexa Skills  _59be89'  using regular expression (Root cause: com.kms.katalon.core.exception.StepFailedException: Unable to select option by value 'search-alias=stripbooks' of object 'Object Repository/Amazon_ValidatingPlacingAOrder_OR/Page_Online Shopping site in India Shop Onl_10c5f3/select_All Categories        Alexa Skills  _59be89'  using regular expression
	at com.kms.katalon.core.webui.keyword.internal.WebUIKeywordMain.stepFailed(WebUIKeywordMain.groovy:117)
	at com.kms.katalon.core.webui.keyword.internal.WebUIKeywordMain.runKeyword(WebUIKeywordMain.groovy:43)
	at com.kms.katalon.core.webui.keyword.builtin.SelectOptionByValueKeyword.selectOptionByValue(SelectOptionByValueKeyword.groovy:69)
	at com.kms.katalon.core.webui.keyword.builtin.SelectOptionByValueKeyword.execute(SelectOptionByValueKeyword.groovy:42)
	at com.kms.katalon.core.keyword.internal.KeywordExecutor.executeKeywordForPlatform(KeywordExecutor.groovy:74)
	at com.kms.katalon.core.webui.keyword.WebUiBuiltInKeywords.selectOptionByValue(WebUiBuiltInKeywords.groovy:1244)
	at TC_Amazon_ValidatePlacingAOrder_009.run(TC_Amazon_ValidatePlacingAOrder_009:38)
	at com.kms.katalon.core.main.ScriptEngine.run(ScriptEngine.java:194)
	at com.kms.katalon.core.main.ScriptEngine.runScriptAsRawText(ScriptEngine.java:119)
	at com.kms.katalon.core.main.TestCaseExecutor.runScript(TestCaseExecutor.java:448)
	at com.kms.katalon.core.main.TestCaseExecutor.doExecute(TestCaseExecutor.java:439)
	at com.kms.katalon.core.main.TestCaseExecutor.processExecutionPhase(TestCaseExecutor.java:418)
	at com.kms.katalon.core.main.TestCaseExecutor.accessMainPhase(TestCaseExecutor.java:410)
	at com.kms.katalon.core.main.TestCaseExecutor.execute(TestCaseExecutor.java:285)
	at com.kms.katalon.core.main.TestCaseExecutor.execute(TestCaseExecutor.java:369)
	at com.kms.katalon.core.main.TestCaseExecutor.execute(TestCaseExecutor.java:369)
	at com.kms.katalon.core.main.TestCaseExecutor.execute(TestCaseExecutor.java:369)
	at com.kms.katalon.core.common.CommonExecutor.accessTestCaseMainPhase(CommonExecutor.java:71)
	at com.kms.katalon.core.main.TestSuiteExecutor.accessTestSuiteMainPhase(TestSuiteExecutor.java:160)
	at com.kms.katalon.core.main.TestSuiteExecutor.execute(TestSuiteExecutor.java:107)
	at com.kms.katalon.core.main.TestCaseMain.startTestSuite(TestCaseMain.java:180)
	at TempTestSuite1742523221089.run(TempTestSuite1742523221089.groovy:35)
	at java.base/jdk.internal.reflect.NativeMethodAccessorImpl.invoke0(Native Method)
	at java.base/jdk.internal.reflect.NativeMethodAccessorImpl.invoke(NativeMethodAccessorImpl.java:77)
	at java.base/jdk.internal.reflect.DelegatingMethodAccessorImpl.invoke(DelegatingMethodAccessorImpl.java:43)
Caused by: org.openqa.selenium.ElementNotInteractableException: Element <option> could not be scrolled into view
Build info: version: '4.22.0', revision: 'c5f3146703'
System info: os.name: 'Windows 11', os.arch: 'amd64', os.version: '10.0', java.version: '17.0.13'
Driver info: com.kms.katalon.selenium.driver.CFirefoxDriver
Command: [fa81461b-03a5-45b3-b016-6ca0f43ab4a2, clickElement {id=363bae58-577e-4dd3-9de8-6451f2bbf97c}]
Capabilities {acceptInsecureCerts: true, browserName: firefox, browserVersion: 136.0.2, moz:accessibilityChecks: false, moz:buildID: 20250317120031, moz:debuggerAddress: 127.0.0.1:20477, moz:geckodriverVersion: 0.36.0, moz:headless: false, moz:platformVersion: 10.0, moz:processID: 10900, moz:profile: C:\Users\Asus\AppData\Local..., moz:shutdownTimeout: 60000, moz:webdriverClick: true, moz:windowless: false, pageLoadStrategy: normal, platformName: windows, proxy: Proxy(), se:cdp: ws://127.0.0.1:20477/devtoo..., se:cdpVersion: 85.0, setWindowRect: true, strictFileInteractability: false, timeouts: {implicit: 0, pageLoad: 300000, script: 30000}, unhandledPromptBehavior: ignore, userAgent: Mozilla/5.0 (Windows NT 10...., webSocketUrl: ws://127.0.0.1:20477/sessio...}
Element: [[[[CFirefoxDriver: firefox on windows (fa81461b-03a5-45b3-b016-6ca0f43ab4a2)] -> xpath: //select[@id='searchDropdownBox']]] -> tag name: option]
Session ID: fa81461b-03a5-45b3-b016-6ca0f43ab4a2
	at java.base/jdk.internal.reflect.NativeConstructorAccessorImpl.newInstance0(Native Method)
	at java.base/jdk.internal.reflect.NativeConstructorAccessorImpl.newInstance(NativeConstructorAccessorImpl.java:77)
	at java.base/jdk.internal.reflect.DelegatingConstructorAccessorImpl.newInstance(DelegatingConstructorAccessorImpl.java:45)
	at org.openqa.selenium.remote.ErrorCodec.decode(ErrorCodec.java:167)
	at org.openqa.selenium.remote.codec.w3c.W3CHttpResponseCodec.decode(W3CHttpResponseCodec.java:138)
	at org.openqa.selenium.remote.codec.w3c.W3CHttpResponseCodec.decode(W3CHttpResponseCodec.java:50)
	at org.openqa.selenium.remote.HttpCommandExecutor.execute(HttpCommandExecutor.java:190)
	at org.openqa.selenium.remote.service.DriverCommandExecutor.invokeExecute(DriverCommandExecutor.java:216)
	at org.openqa.selenium.remote.service.DriverCommandExecutor.execute(DriverCommandExecutor.java:174)
	at org.openqa.selenium.remote.RemoteWebDriver.execute(RemoteWebDriver.java:518)
	at org.openqa.selenium.remote.RemoteWebElement.execute(RemoteWebElement.java:223)
	at org.openqa.selenium.remote.RemoteWebElement.click(RemoteWebElement.java:76)
	at jdk.internal.reflect.GeneratedMethodAccessor30.invoke(Unknown Source)
	at java.base/jdk.internal.reflect.DelegatingMethodAccessorImpl.invoke(DelegatingMethodAccessorImpl.java:43)
	at org.openqa.selenium.support.decorators.WebDriverDecorator.call(WebDriverDecorator.java:249)
	at org.openqa.selenium.support.decorators.DefaultDecorated.call(DefaultDecorated.java:48)
	at org.openqa.selenium.support.decorators.WebDriverDecorator.lambda$createProxy$2(WebDriverDecorator.java:321)
	at net.bytebuddy.renamed.java.lang.Object$ByteBuddy$DljqZ5Tf.click(Unknown Source)
	at org.openqa.selenium.support.ui.Select.setSelected(Select.java:315)
	at org.openqa.selenium.support.ui.Select.setSelectedByIndex(Select.java:299)
	at org.openqa.selenium.support.ui.Select.selectByIndex(Select.java:179)
	at com.kms.katalon.core.webui.common.WebUiCommonHelper.selectOrDeselectOptionsByValueByRegularExpression(WebUiCommonHelper.java:294)
	at com.kms.katalon.core.webui.common.WebUiCommonHelper.selectOrDeselectOptionsByValue(WebUiCommonHelper.java:273)
	at com.kms.katalon.core.webui.common.WebUiCommonHelper$selectOrDeselectOptionsByValue.call(Unknown Source)
	at com.kms.katalon.core.webui.keyword.builtin.SelectOptionByValueKeyword.selectOrDeselectOptionsByValue(SelectOptionByValueKeyword.groovy:80)
	at com.kms.katalon.core.webui.keyword.builtin.SelectOptionByValueKeyword.access$0(SelectOptionByValueKeyword.groovy)
	at com.kms.katalon.core.webui.keyword.builtin.SelectOptionByValueKeyword$_selectOptionByValue_closure1.doCall(SelectOptionByValueKeyword.groovy:58)
	at com.kms.katalon.core.webui.keyword.builtin.SelectOptionByValueKeyword$_selectOptionByValue_closure1.call(SelectOptionByValueKeyword.groovy)
	at com.kms.katalon.core.webui.keyword.internal.WebUIKeywordMain.runKeyword(WebUIKeywordMain.groovy:35)
	at com.kms.katalon.core.webui.keyword.builtin.SelectOptionByValueKeyword.selectOptionByValue(SelectOptionByValueKeyword.groovy:69)
	at com.kms.katalon.core.webui.keyword.builtin.SelectOptionByValueKeyword.execute(SelectOptionByValueKeyword.groovy:42)
	at com.kms.katalon.core.keyword.internal.KeywordExecutor.executeKeywordForPlatform(KeywordExecutor.groovy:74)
	at com.kms.katalon.core.webui.keyword.WebUiBuiltInKeywords.selectOptionByValue(WebUiBuiltInKeywords.groovy:1244)
	at Script1741840234352.run(Script1741840234352.groovy:38)
	... 18 more
)

21-03-2025T08:00:43 - [MESSAGE][FAILED] - Unable to select option by value 'search-alias=stripbooks' of object 'Object Repository/Amazon_ValidatingPlacingAOrder_OR/Page_Online Shopping site in India Shop Onl_10c5f3/select_All Categories        Alexa Skills  _59be89'  using regular expression (Root cause: com.kms.katalon.core.exception.StepFailedException: Unable to select option by value 'search-alias=stripbooks' of object 'Object Repository/Amazon_ValidatingPlacingAOrder_OR/Page_Online Shopping site in India Shop Onl_10c5f3/select_All Categories        Alexa Skills  _59be89'  using regular expression
	at com.kms.katalon.core.webui.keyword.internal.WebUIKeywordMain.stepFailed(WebUIKeywordMain.groovy:117)
	at com.kms.katalon.core.webui.keyword.internal.WebUIKeywordMain.runKeyword(WebUIKeywordMain.groovy:43)
	at com.kms.katalon.core.webui.keyword.builtin.SelectOptionByValueKeyword.selectOptionByValue(SelectOptionByValueKeyword.groovy:69)
	at com.kms.katalon.core.webui.keyword.builtin.SelectOptionByValueKeyword.execute(SelectOptionByValueKeyword.groovy:42)
	at com.kms.katalon.core.keyword.internal.KeywordExecutor.executeKeywordForPlatform(KeywordExecutor.groovy:74)
	at com.kms.katalon.core.webui.keyword.WebUiBuiltInKeywords.selectOptionByValue(WebUiBuiltInKeywords.groovy:1244)
	at TC_Amazon_ValidatePlacingAOrder_009.run(TC_Amazon_ValidatePlacingAOrder_009:38)
	at com.kms.katalon.core.main.ScriptEngine.run(ScriptEngine.java:194)
	at com.kms.katalon.core.main.ScriptEngine.runScriptAsRawText(ScriptEngine.java:119)
	at com.kms.katalon.core.main.TestCaseExecutor.runScript(TestCaseExecutor.java:448)
	at com.kms.katalon.core.main.TestCaseExecutor.doExecute(TestCaseExecutor.java:439)
	at com.kms.katalon.core.main.TestCaseExecutor.processExecutionPhase(TestCaseExecutor.java:418)
	at com.kms.katalon.core.main.TestCaseExecutor.accessMainPhase(TestCaseExecutor.java:410)
	at com.kms.katalon.core.main.TestCaseExecutor.execute(TestCaseExecutor.java:285)
	at com.kms.katalon.core.main.TestCaseExecutor.execute(TestCaseExecutor.java:369)
	at com.kms.katalon.core.main.TestCaseExecutor.execute(TestCaseExecutor.java:369)
	at com.kms.katalon.core.main.TestCaseExecutor.execute(TestCaseExecutor.java:369)
	at com.kms.katalon.core.common.CommonExecutor.accessTestCaseMainPhase(CommonExecutor.java:71)
	at com.kms.katalon.core.main.TestSuiteExecutor.accessTestSuiteMainPhase(TestSuiteExecutor.java:160)
	at com.kms.katalon.core.main.TestSuiteExecutor.execute(TestSuiteExecutor.java:107)
	at com.kms.katalon.core.main.TestCaseMain.startTestSuite(TestCaseMain.java:180)
	at TempTestSuite1742523221089.run(TempTestSuite1742523221089.groovy:35)
	at java.base/jdk.internal.reflect.NativeMethodAccessorImpl.invoke0(Native Method)
	at java.base/jdk.internal.reflect.NativeMethodAccessorImpl.invoke(NativeMethodAccessorImpl.java:77)
	at java.base/jdk.internal.reflect.DelegatingMethodAccessorImpl.invoke(DelegatingMethodAccessorImpl.java:43)
Caused by: org.openqa.selenium.ElementNotInteractableException: Element <option> could not be scrolled into view
Build info: version: '4.22.0', revision: 'c5f3146703'
System info: os.name: 'Windows 11', os.arch: 'amd64', os.version: '10.0', java.version: '17.0.13'
Driver info: com.kms.katalon.selenium.driver.CFirefoxDriver
Command: [fa81461b-03a5-45b3-b016-6ca0f43ab4a2, clickElement {id=363bae58-577e-4dd3-9de8-6451f2bbf97c}]
Capabilities {acceptInsecureCerts: true, browserName: firefox, browserVersion: 136.0.2, moz:accessibilityChecks: false, moz:buildID: 20250317120031, moz:debuggerAddress: 127.0.0.1:20477, moz:geckodriverVersion: 0.36.0, moz:headless: false, moz:platformVersion: 10.0, moz:processID: 10900, moz:profile: C:\Users\Asus\AppData\Local..., moz:shutdownTimeout: 60000, moz:webdriverClick: true, moz:windowless: false, pageLoadStrategy: normal, platformName: windows, proxy: Proxy(), se:cdp: ws://127.0.0.1:20477/devtoo..., se:cdpVersion: 85.0, setWindowRect: true, strictFileInteractability: false, timeouts: {implicit: 0, pageLoad: 300000, script: 30000}, unhandledPromptBehavior: ignore, userAgent: Mozilla/5.0 (Windows NT 10...., webSocketUrl: ws://127.0.0.1:20477/sessio...}
Element: [[[[CFirefoxDriver: firefox on windows (fa81461b-03a5-45b3-b016-6ca0f43ab4a2)] -> xpath: //select[@id='searchDropdownBox']]] -> tag name: option]
Session ID: fa81461b-03a5-45b3-b016-6ca0f43ab4a2
	at java.base/jdk.internal.reflect.NativeConstructorAccessorImpl.newInstance0(Native Method)
	at java.base/jdk.internal.reflect.NativeConstructorAccessorImpl.newInstance(NativeConstructorAccessorImpl.java:77)
	at java.base/jdk.internal.reflect.DelegatingConstructorAccessorImpl.newInstance(DelegatingConstructorAccessorImpl.java:45)
	at org.openqa.selenium.remote.ErrorCodec.decode(ErrorCodec.java:167)
	at org.openqa.selenium.remote.codec.w3c.W3CHttpResponseCodec.decode(W3CHttpResponseCodec.java:138)
	at org.openqa.selenium.remote.codec.w3c.W3CHttpResponseCodec.decode(W3CHttpResponseCodec.java:50)
	at org.openqa.selenium.remote.HttpCommandExecutor.execute(HttpCommandExecutor.java:190)
	at org.openqa.selenium.remote.service.DriverCommandExecutor.invokeExecute(DriverCommandExecutor.java:216)
	at org.openqa.selenium.remote.service.DriverCommandExecutor.execute(DriverCommandExecutor.java:174)
	at org.openqa.selenium.remote.RemoteWebDriver.execute(RemoteWebDriver.java:518)
	at org.openqa.selenium.remote.RemoteWebElement.execute(RemoteWebElement.java:223)
	at org.openqa.selenium.remote.RemoteWebElement.click(RemoteWebElement.java:76)
	at jdk.internal.reflect.GeneratedMethodAccessor30.invoke(Unknown Source)
	at java.base/jdk.internal.reflect.DelegatingMethodAccessorImpl.invoke(DelegatingMethodAccessorImpl.java:43)
	at org.openqa.selenium.support.decorators.WebDriverDecorator.call(WebDriverDecorator.java:249)
	at org.openqa.selenium.support.decorators.DefaultDecorated.call(DefaultDecorated.java:48)
	at org.openqa.selenium.support.decorators.WebDriverDecorator.lambda$createProxy$2(WebDriverDecorator.java:321)
	at net.bytebuddy.renamed.java.lang.Object$ByteBuddy$DljqZ5Tf.click(Unknown Source)
	at org.openqa.selenium.support.ui.Select.setSelected(Select.java:315)
	at org.openqa.selenium.support.ui.Select.setSelectedByIndex(Select.java:299)
	at org.openqa.selenium.support.ui.Select.selectByIndex(Select.java:179)
	at com.kms.katalon.core.webui.common.WebUiCommonHelper.selectOrDeselectOptionsByValueByRegularExpression(WebUiCommonHelper.java:294)
	at com.kms.katalon.core.webui.common.WebUiCommonHelper.selectOrDeselectOptionsByValue(WebUiCommonHelper.java:273)
	at com.kms.katalon.core.webui.common.WebUiCommonHelper$selectOrDeselectOptionsByValue.call(Unknown Source)
	at com.kms.katalon.core.webui.keyword.builtin.SelectOptionByValueKeyword.selectOrDeselectOptionsByValue(SelectOptionByValueKeyword.groovy:80)
	at com.kms.katalon.core.webui.keyword.builtin.SelectOptionByValueKeyword.access$0(SelectOptionByValueKeyword.groovy)
	at com.kms.katalon.core.webui.keyword.builtin.SelectOptionByValueKeyword$_selectOptionByValue_closure1.doCall(SelectOptionByValueKeyword.groovy:58)
	at com.kms.katalon.core.webui.keyword.builtin.SelectOptionByValueKeyword$_selectOptionByValue_closure1.call(SelectOptionByValueKeyword.groovy)
	at com.kms.katalon.core.webui.keyword.internal.WebUIKeywordMain.runKeyword(WebUIKeywordMain.groovy:35)
	at com.kms.katalon.core.webui.keyword.builtin.SelectOptionByValueKeyword.selectOptionByValue(SelectOptionByValueKeyword.groovy:69)
	at com.kms.katalon.core.webui.keyword.builtin.SelectOptionByValueKeyword.execute(SelectOptionByValueKeyword.groovy:42)
	at com.kms.katalon.core.keyword.internal.KeywordExecutor.executeKeywordForPlatform(KeywordExecutor.groovy:74)
	at com.kms.katalon.core.webui.keyword.WebUiBuiltInKeywords.selectOptionByValue(WebUiBuiltInKeywords.groovy:1244)
	at Script1741840234352.run(Script1741840234352.groovy:38)
	... 18 more
)
[[ATTACHMENT|E:\\Software Automation Testing\\Amazon\\Reports\\20250321_074341\\TS_Amazon_03\\20250321_074341\\1742524243142.png]]

21-03-2025T08:00:43 - [TEST_STEP][PASSED] - setText(findTestObject("Object Repository/Amazon_ValidatingPlacingAOrder_OR/Page_Online Shopping site in India Shop Onl_10c5f3/input_Search Amazon.in_field-keywords"), "dopamine detox"): Text 'dopamine detox' is set on object 'Object Repository/Amazon_ValidatingPlacingAOrder_OR/Page_Online Shopping site in India Shop Onl_10c5f3/input_Search Amazon.in_field-keywords'

21-03-2025T08:00:44 - [MESSAGE][PASSED] - Text 'dopamine detox' is set on object 'Object Repository/Amazon_ValidatingPlacingAOrder_OR/Page_Online Shopping site in India Shop Onl_10c5f3/input_Search Amazon.in_field-keywords'

21-03-2025T08:00:44 - [TEST_STEP][PASSED] - click(findTestObject("Object Repository/Amazon_ValidatingPlacingAOrder_OR/Page_Online Shopping site in India Shop Onl_10c5f3/input_Search Amazon.in_nav-search-submit-button")): Object: 'Object Repository/Amazon_ValidatingPlacingAOrder_OR/Page_Online Shopping site in India Shop Onl_10c5f3/input_Search Amazon.in_nav-search-submit-button' is clicked on

21-03-2025T08:00:47 - [MESSAGE][PASSED] - Object: 'Object Repository/Amazon_ValidatingPlacingAOrder_OR/Page_Online Shopping site in India Shop Onl_10c5f3/input_Search Amazon.in_nav-search-submit-button' is clicked on

21-03-2025T08:00:47 - [TEST_STEP][PASSED] - click(findTestObject("Object Repository/Amazon_ValidatingPlacingAOrder_OR/Page_Amazon.in  dopamine detox/span_Dopamine Detox  A Short Guide to Remov_c6ee6f")): Object: 'Object Repository/Amazon_ValidatingPlacingAOrder_OR/Page_Amazon.in  dopamine detox/span_Dopamine Detox  A Short Guide to Remov_c6ee6f' is clicked on

21-03-2025T08:01:19 - [MESSAGE][INFO] - Unable to find the element located by 'By.xpath: //div[@id='7e786f61-7b83-4941-b5cf-505ca983a64b']/div/div/div/div/span/div/div/div/div[2]/div/div/div/a/h2/span'. Please recheck the objects properties to make sure the desired element is located. 

21-03-2025T08:01:19 - [MESSAGE][WARNING] - [SELF-HEALING] Failed to find element with id 'Object Repository/Amazon_ValidatingPlacingAOrder_OR/Page_Amazon.in  dopamine detox/span_Dopamine Detox  A Short Guide to Remov_c6ee6f'. Try using Self-healing.

21-03-2025T08:01:19 - [MESSAGE][WARNING] - [SELF-HEALING] The current locator of test object 'Object Repository/Amazon_ValidatingPlacingAOrder_OR/Page_Amazon.in  dopamine detox/span_Dopamine Detox  A Short Guide to Remov_c6ee6f' was broken. Propose an alternative one: '(.//*[normalize-space(text()) and normalize-space(.)='Let us know'])[1]/following::span[1]'.

21-03-2025T08:01:19 - [MESSAGE][PASSED] - Object: 'Object Repository/Amazon_ValidatingPlacingAOrder_OR/Page_Amazon.in  dopamine detox/span_Dopamine Detox  A Short Guide to Remov_c6ee6f' is clicked on

21-03-2025T08:01:19 - [TEST_STEP][PASSED] - newTab(""): New tab and navigate to '' successfully

21-03-2025T08:01:20 - [MESSAGE][PASSED] - New tab and navigate to '' successfully

21-03-2025T08:01:20 - [TEST_STEP][PASSED] - navigateToUrl("https://www.amazon.in/Dopamine-Detox-Remove-Distractions-Things/dp/8183286011/ref=sr_1_1_sspa?crid=1NU2R28DY0SN5&dib=eyJ2IjoiMSJ9.YlGXE17O7k5aD2j4Kse9dOSJ0N5NmLO1i3qBLQNxIDfJYZEHqbqj3kGhtwcpYEN9RrFVJJ17D6-iO1SPsqYGi2cSvfvv1bOON8PdQ87NhmEsDhoJeS4KxPFboF5AZnchLEZZ6eYkuhwfyVNKKEjsyWipGIJ0L3wQmXjQucrdYVYiFymPWHjnVxGqbGPHE9SipEJ0nGX_bmynZWyTY1bq83kLyHVkJer-g52uH8cZX9k.2KlSeObW9l2Re9dkleNDSQ4dcbGH390I33e_YlEZG-0&dib_tag=se&keywords=dopamine+detox&qid=1741834765&s=books&sprefix=dopamine+detox%2Cstripbooks%2C1352&sr=1-1-spons&sp_csd=d2lkZ2V0TmFtZT1zcF9hdGY&psc=1"): Navigate to 'https://www.amazon.in/Dopamine-Detox-Remove-Distractions-Things/dp/8183286011/ref=sr_1_1_sspa?crid=1NU2R28DY0SN5&dib=eyJ2IjoiMSJ9.YlGXE17O7k5aD2j4Kse9dOSJ0N5NmLO1i3qBLQNxIDfJYZEHqbqj3kGhtwcpYEN9RrFVJJ17D6-iO1SPsqYGi2cSvfvv1bOON8PdQ87NhmEsDhoJeS4KxPFboF5AZnchLEZZ6eYkuhwfyVNKKEjsyWipGIJ0L3wQmXjQucrdYVYiFymPWHjnVxGqbGPHE9SipEJ0nGX_bmynZWyTY1bq83kLyHVkJer-g52uH8cZX9k.2KlSeObW9l2Re9dkleNDSQ4dcbGH390I33e_YlEZG-0&dib_tag=se&keywords=dopamine+detox&qid=1741834765&s=books&sprefix=dopamine+detox%2Cstripbooks%2C1352&sr=1-1-spons&sp_csd=d2lkZ2V0TmFtZT1zcF9hdGY&psc=1' successfully

21-03-2025T08:01:23 - [MESSAGE][PASSED] - Navigate to 'https://www.amazon.in/Dopamine-Detox-Remove-Distractions-Things/dp/8183286011/ref=sr_1_1_sspa?crid=1NU2R28DY0SN5&dib=eyJ2IjoiMSJ9.YlGXE17O7k5aD2j4Kse9dOSJ0N5NmLO1i3qBLQNxIDfJYZEHqbqj3kGhtwcpYEN9RrFVJJ17D6-iO1SPsqYGi2cSvfvv1bOON8PdQ87NhmEsDhoJeS4KxPFboF5AZnchLEZZ6eYkuhwfyVNKKEjsyWipGIJ0L3wQmXjQucrdYVYiFymPWHjnVxGqbGPHE9SipEJ0nGX_bmynZWyTY1bq83kLyHVkJer-g52uH8cZX9k.2KlSeObW9l2Re9dkleNDSQ4dcbGH390I33e_YlEZG-0&dib_tag=se&keywords=dopamine+detox&qid=1741834765&s=books&sprefix=dopamine+detox%2Cstripbooks%2C1352&sr=1-1-spons&sp_csd=d2lkZ2V0TmFtZT1zcF9hdGY&psc=1' successfully

21-03-2025T08:01:23 - [TEST_STEP][PASSED] - click(findTestObject("Object Repository/Amazon_ValidatingPlacingAOrder_OR/Page_Dopamine Detox  A Short Guide to Remov_eec2f1/input_Quantity_submit.buy-now")): Object: 'Object Repository/Amazon_ValidatingPlacingAOrder_OR/Page_Dopamine Detox  A Short Guide to Remov_eec2f1/input_Quantity_submit.buy-now' is clicked on

21-03-2025T08:01:31 - [MESSAGE][PASSED] - Object: 'Object Repository/Amazon_ValidatingPlacingAOrder_OR/Page_Dopamine Detox  A Short Guide to Remov_eec2f1/input_Quantity_submit.buy-now' is clicked on

21-03-2025T08:01:31 - [TEST_STEP][PASSED] - click(findTestObject("Object Repository/Amazon_ValidatingPlacingAOrder_OR/Page_Place Your Order - Amazon Checkout/a_Change")): Object: 'Object Repository/Amazon_ValidatingPlacingAOrder_OR/Page_Place Your Order - Amazon Checkout/a_Change' is clicked on

21-03-2025T08:01:32 - [MESSAGE][PASSED] - Object: 'Object Repository/Amazon_ValidatingPlacingAOrder_OR/Page_Place Your Order - Amazon Checkout/a_Change' is clicked on

21-03-2025T08:01:32 - [TEST_STEP][PASSED] - click(findTestObject("Object Repository/Amazon_ValidatingPlacingAOrder_OR/Page_Place Your Order - Amazon Checkout/i_Delivery addresses (2)_a-icon a-icon-radio")): Object: 'Object Repository/Amazon_ValidatingPlacingAOrder_OR/Page_Place Your Order - Amazon Checkout/i_Delivery addresses (2)_a-icon a-icon-radio' is clicked on

21-03-2025T08:01:34 - [MESSAGE][PASSED] - Object: 'Object Repository/Amazon_ValidatingPlacingAOrder_OR/Page_Place Your Order - Amazon Checkout/i_Delivery addresses (2)_a-icon a-icon-radio' is clicked on

21-03-2025T08:01:34 - [TEST_STEP][PASSED] - click(findTestObject("Object Repository/Amazon_ValidatingPlacingAOrder_OR/Page_Place Your Order - Amazon Checkout/input__a-button-input")): Object: 'Object Repository/Amazon_ValidatingPlacingAOrder_OR/Page_Place Your Order - Amazon Checkout/input__a-button-input' is clicked on

21-03-2025T08:01:37 - [MESSAGE][PASSED] - Object: 'Object Repository/Amazon_ValidatingPlacingAOrder_OR/Page_Place Your Order - Amazon Checkout/input__a-button-input' is clicked on

21-03-2025T08:01:37 - [TEST_STEP][FAILED] - click(findTestObject("Object Repository/Amazon_ValidatingPlacingAOrder_OR/Page_Place Your Order - Amazon Checkout/a_Change_1")): Unable to click on object 'Object Repository/Amazon_ValidatingPlacingAOrder_OR/Page_Place Your Order - Amazon Checkout/a_Change_1' (Root cause: com.kms.katalon.core.exception.StepFailedException: Unable to click on object 'Object Repository/Amazon_ValidatingPlacingAOrder_OR/Page_Place Your Order - Amazon Checkout/a_Change_1'
	at com.kms.katalon.core.webui.keyword.internal.WebUIKeywordMain.stepFailed(WebUIKeywordMain.groovy:117)
	at com.kms.katalon.core.webui.keyword.internal.WebUIKeywordMain.runKeyword(WebUIKeywordMain.groovy:43)
	at com.kms.katalon.core.webui.keyword.builtin.ClickKeyword.click(ClickKeyword.groovy:75)
	at com.kms.katalon.core.webui.keyword.builtin.ClickKeyword.execute(ClickKeyword.groovy:40)
	at com.kms.katalon.core.keyword.internal.KeywordExecutor.executeKeywordForPlatform(KeywordExecutor.groovy:74)
	at com.kms.katalon.core.webui.keyword.WebUiBuiltInKeywords.click(WebUiBuiltInKeywords.groovy:696)
	at TC_Amazon_ValidatePlacingAOrder_009.run(TC_Amazon_ValidatePlacingAOrder_009:60)
	at com.kms.katalon.core.main.ScriptEngine.run(ScriptEngine.java:194)
	at com.kms.katalon.core.main.ScriptEngine.runScriptAsRawText(ScriptEngine.java:119)
	at com.kms.katalon.core.main.TestCaseExecutor.runScript(TestCaseExecutor.java:448)
	at com.kms.katalon.core.main.TestCaseExecutor.doExecute(TestCaseExecutor.java:439)
	at com.kms.katalon.core.main.TestCaseExecutor.processExecutionPhase(TestCaseExecutor.java:418)
	at com.kms.katalon.core.main.TestCaseExecutor.accessMainPhase(TestCaseExecutor.java:410)
	at com.kms.katalon.core.main.TestCaseExecutor.execute(TestCaseExecutor.java:285)
	at com.kms.katalon.core.main.TestCaseExecutor.execute(TestCaseExecutor.java:369)
	at com.kms.katalon.core.main.TestCaseExecutor.execute(TestCaseExecutor.java:369)
	at com.kms.katalon.core.main.TestCaseExecutor.execute(TestCaseExecutor.java:369)
	at com.kms.katalon.core.common.CommonExecutor.accessTestCaseMainPhase(CommonExecutor.java:71)
	at com.kms.katalon.core.main.TestSuiteExecutor.accessTestSuiteMainPhase(TestSuiteExecutor.java:160)
	at com.kms.katalon.core.main.TestSuiteExecutor.execute(TestSuiteExecutor.java:107)
	at com.kms.katalon.core.main.TestCaseMain.startTestSuite(TestCaseMain.java:180)
	at TempTestSuite1742523221089.run(TempTestSuite1742523221089.groovy:35)
	at java.base/jdk.internal.reflect.NativeMethodAccessorImpl.invoke0(Native Method)
	at java.base/jdk.internal.reflect.NativeMethodAccessorImpl.invoke(NativeMethodAccessorImpl.java:77)
	at java.base/jdk.internal.reflect.DelegatingMethodAccessorImpl.invoke(DelegatingMethodAccessorImpl.java:43)
Caused by: com.kms.katalon.core.webui.exception.WebElementNotFoundException: Web element with id: 'Object Repository/Amazon_ValidatingPlacingAOrder_OR/Page_Place Your Order - Amazon Checkout/a_Change_1' located by '//div[@id='checkout-paymentOptionPanel']/div/div[2]/span/a' not found
	at com.kms.katalon.core.webui.common.WebUiCommonHelper.findWebElement(WebUiCommonHelper.java:1457)
	at com.kms.katalon.core.webui.keyword.internal.WebUIAbstractKeyword.findWebElement(WebUIAbstractKeyword.groovy:27)
	at com.kms.katalon.core.webui.keyword.builtin.ClickKeyword$_click_closure1.doCall(ClickKeyword.groovy:66)
	at com.kms.katalon.core.webui.keyword.builtin.ClickKeyword$_click_closure1.call(ClickKeyword.groovy)
	at com.kms.katalon.core.webui.keyword.internal.WebUIKeywordMain.runKeyword(WebUIKeywordMain.groovy:35)
	at com.kms.katalon.core.webui.keyword.builtin.ClickKeyword.click(ClickKeyword.groovy:75)
	at com.kms.katalon.core.webui.keyword.builtin.ClickKeyword.execute(ClickKeyword.groovy:40)
	at com.kms.katalon.core.keyword.internal.KeywordExecutor.executeKeywordForPlatform(KeywordExecutor.groovy:74)
	at com.kms.katalon.core.webui.keyword.WebUiBuiltInKeywords.click(WebUiBuiltInKeywords.groovy:696)
	at Script1741840234352.run(Script1741840234352.groovy:60)
	... 18 more
)

21-03-2025T08:02:08 - [MESSAGE][INFO] - Unable to find the element located by 'By.xpath: //div[@id='checkout-paymentOptionPanel']/div/div[2]/span/a'. Please recheck the objects properties to make sure the desired element is located. 

21-03-2025T08:02:08 - [MESSAGE][WARNING] - [SELF-HEALING] Failed to find element with id 'Object Repository/Amazon_ValidatingPlacingAOrder_OR/Page_Place Your Order - Amazon Checkout/a_Change_1'. Try using Self-healing.

21-03-2025T08:02:08 - [MESSAGE][INFO] - [SELF-HEALING] Failed Locator: '//div[@id='checkout-paymentOptionPanel']/div/div[2]/span/a'.

21-03-2025T08:02:09 - [MESSAGE][INFO] - [SELF-HEALING] Failed Locator: '(//a[contains(text(),'Change')])[2]'.

21-03-2025T08:02:09 - [MESSAGE][INFO] - [SELF-HEALING] Failed Locator: '(.//*[normalize-space(text()) and normalize-space(.)='Use a gift card, voucher or promo code'])[1]/following::a[1]'.

21-03-2025T08:02:09 - [MESSAGE][INFO] - [SELF-HEALING] Failed Locator: '(.//*[normalize-space(text()) and normalize-space(.)='Pay on delivery (Cash/Card)'])[1]/following::a[2]'.

21-03-2025T08:02:09 - [MESSAGE][INFO] - [SELF-HEALING] Failed Locator: '(.//*[normalize-space(text()) and normalize-space(.)='Offers'])[1]/preceding::a[1]'.

21-03-2025T08:02:10 - [MESSAGE][INFO] - [SELF-HEALING] Failed Locator: '(.//*[normalize-space(text()) and normalize-space(.)='Saving your settings...'])[1]/preceding::a[1]'.

21-03-2025T08:02:10 - [MESSAGE][INFO] - [SELF-HEALING] Failed Locator: '//a[contains(@href, '/checkout/p/p-404-2033450-6643532/pay?pipelineType=Chewbacca&isBuyNow=1&referrer=offers&ref_=chk_offers_chg_payselect')]'.

21-03-2025T08:02:10 - [MESSAGE][INFO] - [SELF-HEALING] Failed Locator: '//div[8]/div[2]/div/div[2]/span/a'.

21-03-2025T08:02:10 - [MESSAGE][INFO] - [SELF-HEALING] Failed Locator: '//a[@href = '/checkout/p/p-404-2033450-6643532/pay?pipelineType=Chewbacca&isBuyNow=1&referrer=offers&ref_=chk_offers_chg_payselect' and (text() = '
                                                            Change
                                                        ' or . = '
                                                            Change
                                                        ')]'.

21-03-2025T08:02:13 - [MESSAGE][INFO] - Unable to find the element located by 'By.xpath: //*[@href = '/checkout/p/p-404-2033450-6643532/pay?pipelineType=Chewbacca&isBuyNow=1&referrer=offers&ref_=chk_offers_chg_payselect' and (text() = '
                                                            Change
                                                        ' or . = '
                                                            Change
                                                        ')]'. Please recheck the objects properties to make sure the desired element is located. 

21-03-2025T08:02:14 - [MESSAGE][INFO] - Unable to find the element located by 'By.cssSelector: #checkout-paymentOptionPanel > div.a-row > div.a-column.a-span4.a-text-right.a-spacing-base.a-span-last > span.a-declarative > a.a-link-normal.expand-panel-button.celwidget'. Please recheck the objects properties to make sure the desired element is located. 

21-03-2025T08:02:14 - [MESSAGE][FAILED] - Unable to click on object 'Object Repository/Amazon_ValidatingPlacingAOrder_OR/Page_Place Your Order - Amazon Checkout/a_Change_1' (Root cause: com.kms.katalon.core.exception.StepFailedException: Unable to click on object 'Object Repository/Amazon_ValidatingPlacingAOrder_OR/Page_Place Your Order - Amazon Checkout/a_Change_1'
	at com.kms.katalon.core.webui.keyword.internal.WebUIKeywordMain.stepFailed(WebUIKeywordMain.groovy:117)
	at com.kms.katalon.core.webui.keyword.internal.WebUIKeywordMain.runKeyword(WebUIKeywordMain.groovy:43)
	at com.kms.katalon.core.webui.keyword.builtin.ClickKeyword.click(ClickKeyword.groovy:75)
	at com.kms.katalon.core.webui.keyword.builtin.ClickKeyword.execute(ClickKeyword.groovy:40)
	at com.kms.katalon.core.keyword.internal.KeywordExecutor.executeKeywordForPlatform(KeywordExecutor.groovy:74)
	at com.kms.katalon.core.webui.keyword.WebUiBuiltInKeywords.click(WebUiBuiltInKeywords.groovy:696)
	at TC_Amazon_ValidatePlacingAOrder_009.run(TC_Amazon_ValidatePlacingAOrder_009:60)
	at com.kms.katalon.core.main.ScriptEngine.run(ScriptEngine.java:194)
	at com.kms.katalon.core.main.ScriptEngine.runScriptAsRawText(ScriptEngine.java:119)
	at com.kms.katalon.core.main.TestCaseExecutor.runScript(TestCaseExecutor.java:448)
	at com.kms.katalon.core.main.TestCaseExecutor.doExecute(TestCaseExecutor.java:439)
	at com.kms.katalon.core.main.TestCaseExecutor.processExecutionPhase(TestCaseExecutor.java:418)
	at com.kms.katalon.core.main.TestCaseExecutor.accessMainPhase(TestCaseExecutor.java:410)
	at com.kms.katalon.core.main.TestCaseExecutor.execute(TestCaseExecutor.java:285)
	at com.kms.katalon.core.main.TestCaseExecutor.execute(TestCaseExecutor.java:369)
	at com.kms.katalon.core.main.TestCaseExecutor.execute(TestCaseExecutor.java:369)
	at com.kms.katalon.core.main.TestCaseExecutor.execute(TestCaseExecutor.java:369)
	at com.kms.katalon.core.common.CommonExecutor.accessTestCaseMainPhase(CommonExecutor.java:71)
	at com.kms.katalon.core.main.TestSuiteExecutor.accessTestSuiteMainPhase(TestSuiteExecutor.java:160)
	at com.kms.katalon.core.main.TestSuiteExecutor.execute(TestSuiteExecutor.java:107)
	at com.kms.katalon.core.main.TestCaseMain.startTestSuite(TestCaseMain.java:180)
	at TempTestSuite1742523221089.run(TempTestSuite1742523221089.groovy:35)
	at java.base/jdk.internal.reflect.NativeMethodAccessorImpl.invoke0(Native Method)
	at java.base/jdk.internal.reflect.NativeMethodAccessorImpl.invoke(NativeMethodAccessorImpl.java:77)
	at java.base/jdk.internal.reflect.DelegatingMethodAccessorImpl.invoke(DelegatingMethodAccessorImpl.java:43)
Caused by: com.kms.katalon.core.webui.exception.WebElementNotFoundException: Web element with id: 'Object Repository/Amazon_ValidatingPlacingAOrder_OR/Page_Place Your Order - Amazon Checkout/a_Change_1' located by '//div[@id='checkout-paymentOptionPanel']/div/div[2]/span/a' not found
	at com.kms.katalon.core.webui.common.WebUiCommonHelper.findWebElement(WebUiCommonHelper.java:1457)
	at com.kms.katalon.core.webui.keyword.internal.WebUIAbstractKeyword.findWebElement(WebUIAbstractKeyword.groovy:27)
	at com.kms.katalon.core.webui.keyword.builtin.ClickKeyword$_click_closure1.doCall(ClickKeyword.groovy:66)
	at com.kms.katalon.core.webui.keyword.builtin.ClickKeyword$_click_closure1.call(ClickKeyword.groovy)
	at com.kms.katalon.core.webui.keyword.internal.WebUIKeywordMain.runKeyword(WebUIKeywordMain.groovy:35)
	at com.kms.katalon.core.webui.keyword.builtin.ClickKeyword.click(ClickKeyword.groovy:75)
	at com.kms.katalon.core.webui.keyword.builtin.ClickKeyword.execute(ClickKeyword.groovy:40)
	at com.kms.katalon.core.keyword.internal.KeywordExecutor.executeKeywordForPlatform(KeywordExecutor.groovy:74)
	at com.kms.katalon.core.webui.keyword.WebUiBuiltInKeywords.click(WebUiBuiltInKeywords.groovy:696)
	at Script1741840234352.run(Script1741840234352.groovy:60)
	... 18 more
)
[[ATTACHMENT|E:\\Software Automation Testing\\Amazon\\Reports\\20250321_074341\\TS_Amazon_03\\20250321_074341\\1742524334230.png]]

21-03-2025T08:02:14 - [TEST_STEP][PASSED] - click(findTestObject("Object Repository/Amazon_ValidatingPlacingAOrder_OR/Page_Place Your Order - Amazon Checkout/input_Why_ppw-instrumentRowSelection")): Object: 'Object Repository/Amazon_ValidatingPlacingAOrder_OR/Page_Place Your Order - Amazon Checkout/input_Why_ppw-instrumentRowSelection' is clicked on

21-03-2025T08:02:45 - [MESSAGE][INFO] - Unable to find the element located by 'By.xpath: //input[@id='pp-TT8gJn-139']'. Please recheck the objects properties to make sure the desired element is located. 

21-03-2025T08:02:45 - [MESSAGE][WARNING] - [SELF-HEALING] Failed to find element with id 'Object Repository/Amazon_ValidatingPlacingAOrder_OR/Page_Place Your Order - Amazon Checkout/input_Why_ppw-instrumentRowSelection'. Try using Self-healing.

21-03-2025T08:02:45 - [MESSAGE][WARNING] - [SELF-HEALING] The current locator of test object 'Object Repository/Amazon_ValidatingPlacingAOrder_OR/Page_Place Your Order - Amazon Checkout/input_Why_ppw-instrumentRowSelection' was broken. Propose an alternative one: '//div[6]/div/div/div/div/div/div/label/input'.

21-03-2025T08:02:46 - [MESSAGE][PASSED] - Object: 'Object Repository/Amazon_ValidatingPlacingAOrder_OR/Page_Place Your Order - Amazon Checkout/input_Why_ppw-instrumentRowSelection' is clicked on

21-03-2025T08:02:46 - [TEST_STEP][FAILED] - click(findTestObject("Object Repository/Amazon_ValidatingPlacingAOrder_OR/Page_Place Your Order - Amazon Checkout/input_Convenience fee of 7 will apply. To a_ce1589")): Unable to click on object 'Object Repository/Amazon_ValidatingPlacingAOrder_OR/Page_Place Your Order - Amazon Checkout/input_Convenience fee of 7 will apply. To a_ce1589' (Root cause: com.kms.katalon.core.exception.StepFailedException: Unable to click on object 'Object Repository/Amazon_ValidatingPlacingAOrder_OR/Page_Place Your Order - Amazon Checkout/input_Convenience fee of 7 will apply. To a_ce1589'
	at com.kms.katalon.core.webui.keyword.internal.WebUIKeywordMain.stepFailed(WebUIKeywordMain.groovy:117)
	at com.kms.katalon.core.webui.keyword.internal.WebUIKeywordMain.runKeyword(WebUIKeywordMain.groovy:43)
	at com.kms.katalon.core.webui.keyword.builtin.ClickKeyword.click(ClickKeyword.groovy:75)
	at com.kms.katalon.core.webui.keyword.builtin.ClickKeyword.execute(ClickKeyword.groovy:40)
	at com.kms.katalon.core.keyword.internal.KeywordExecutor.executeKeywordForPlatform(KeywordExecutor.groovy:74)
	at com.kms.katalon.core.webui.keyword.WebUiBuiltInKeywords.click(WebUiBuiltInKeywords.groovy:696)
	at TC_Amazon_ValidatePlacingAOrder_009.run(TC_Amazon_ValidatePlacingAOrder_009:64)
	at com.kms.katalon.core.main.ScriptEngine.run(ScriptEngine.java:194)
	at com.kms.katalon.core.main.ScriptEngine.runScriptAsRawText(ScriptEngine.java:119)
	at com.kms.katalon.core.main.TestCaseExecutor.runScript(TestCaseExecutor.java:448)
	at com.kms.katalon.core.main.TestCaseExecutor.doExecute(TestCaseExecutor.java:439)
	at com.kms.katalon.core.main.TestCaseExecutor.processExecutionPhase(TestCaseExecutor.java:418)
	at com.kms.katalon.core.main.TestCaseExecutor.accessMainPhase(TestCaseExecutor.java:410)
	at com.kms.katalon.core.main.TestCaseExecutor.execute(TestCaseExecutor.java:285)
	at com.kms.katalon.core.main.TestCaseExecutor.execute(TestCaseExecutor.java:369)
	at com.kms.katalon.core.main.TestCaseExecutor.execute(TestCaseExecutor.java:369)
	at com.kms.katalon.core.main.TestCaseExecutor.execute(TestCaseExecutor.java:369)
	at com.kms.katalon.core.common.CommonExecutor.accessTestCaseMainPhase(CommonExecutor.java:71)
	at com.kms.katalon.core.main.TestSuiteExecutor.accessTestSuiteMainPhase(TestSuiteExecutor.java:160)
	at com.kms.katalon.core.main.TestSuiteExecutor.execute(TestSuiteExecutor.java:107)
	at com.kms.katalon.core.main.TestCaseMain.startTestSuite(TestCaseMain.java:180)
	at TempTestSuite1742523221089.run(TempTestSuite1742523221089.groovy:35)
	at java.base/jdk.internal.reflect.NativeMethodAccessorImpl.invoke0(Native Method)
	at java.base/jdk.internal.reflect.NativeMethodAccessorImpl.invoke(NativeMethodAccessorImpl.java:77)
	at java.base/jdk.internal.reflect.DelegatingMethodAccessorImpl.invoke(DelegatingMethodAccessorImpl.java:43)
Caused by: org.openqa.selenium.ElementClickInterceptedException: Element <input class="a-button-input" type="submit"> is not clickable at point (128,634) because another element <span id="checkout-primary-continue-button-id-announce" class="a-button-text"> obscures it
Build info: version: '4.22.0', revision: 'c5f3146703'
System info: os.name: 'Windows 11', os.arch: 'amd64', os.version: '10.0', java.version: '17.0.13'
Driver info: com.kms.katalon.selenium.driver.CFirefoxDriver
Command: [fa81461b-03a5-45b3-b016-6ca0f43ab4a2, clickElement {id=46074c66-9925-4db2-b3ad-ed9b45d02bb1}]
Capabilities {acceptInsecureCerts: true, browserName: firefox, browserVersion: 136.0.2, moz:accessibilityChecks: false, moz:buildID: 20250317120031, moz:debuggerAddress: 127.0.0.1:20477, moz:geckodriverVersion: 0.36.0, moz:headless: false, moz:platformVersion: 10.0, moz:processID: 10900, moz:profile: C:\Users\Asus\AppData\Local..., moz:shutdownTimeout: 60000, moz:webdriverClick: true, moz:windowless: false, pageLoadStrategy: normal, platformName: windows, proxy: Proxy(), se:cdp: ws://127.0.0.1:20477/devtoo..., se:cdpVersion: 85.0, setWindowRect: true, strictFileInteractability: false, timeouts: {implicit: 0, pageLoad: 300000, script: 30000}, unhandledPromptBehavior: ignore, userAgent: Mozilla/5.0 (Windows NT 10...., webSocketUrl: ws://127.0.0.1:20477/sessio...}
Element: [[CFirefoxDriver: firefox on windows (fa81461b-03a5-45b3-b016-6ca0f43ab4a2)] -> xpath: (//input[@type='submit'])[4]]
Session ID: fa81461b-03a5-45b3-b016-6ca0f43ab4a2
	at jdk.internal.reflect.GeneratedConstructorAccessor23.newInstance(Unknown Source)
	at java.base/jdk.internal.reflect.DelegatingConstructorAccessorImpl.newInstance(DelegatingConstructorAccessorImpl.java:45)
	at org.openqa.selenium.remote.ErrorCodec.decode(ErrorCodec.java:167)
	at org.openqa.selenium.remote.codec.w3c.W3CHttpResponseCodec.decode(W3CHttpResponseCodec.java:138)
	at org.openqa.selenium.remote.codec.w3c.W3CHttpResponseCodec.decode(W3CHttpResponseCodec.java:50)
	at org.openqa.selenium.remote.HttpCommandExecutor.execute(HttpCommandExecutor.java:190)
	at org.openqa.selenium.remote.service.DriverCommandExecutor.invokeExecute(DriverCommandExecutor.java:216)
	at org.openqa.selenium.remote.service.DriverCommandExecutor.execute(DriverCommandExecutor.java:174)
	at org.openqa.selenium.remote.RemoteWebDriver.execute(RemoteWebDriver.java:518)
	at org.openqa.selenium.remote.RemoteWebElement.execute(RemoteWebElement.java:223)
	at org.openqa.selenium.remote.RemoteWebElement.click(RemoteWebElement.java:76)
	at jdk.internal.reflect.GeneratedMethodAccessor30.invoke(Unknown Source)
	at java.base/jdk.internal.reflect.DelegatingMethodAccessorImpl.invoke(DelegatingMethodAccessorImpl.java:43)
	at org.openqa.selenium.support.decorators.WebDriverDecorator.call(WebDriverDecorator.java:249)
	at org.openqa.selenium.support.decorators.DefaultDecorated.call(DefaultDecorated.java:48)
	at org.openqa.selenium.support.decorators.WebDriverDecorator.lambda$createProxy$2(WebDriverDecorator.java:321)
	at net.bytebuddy.renamed.java.lang.Object$ByteBuddy$6RIMbJ8K.click(Unknown Source)
	at org.openqa.selenium.WebElement$click.call(Unknown Source)
	at com.kms.katalon.core.webui.keyword.builtin.ClickKeyword.clickUntilSuccessWithTimeout(ClickKeyword.groovy:82)
	at com.kms.katalon.core.webui.keyword.builtin.ClickKeyword.clickUntilSuccessWithTimeout(ClickKeyword.groovy)
	at jdk.internal.reflect.GeneratedMethodAccessor34.invoke(Unknown Source)
	at java.base/jdk.internal.reflect.DelegatingMethodAccessorImpl.invoke(DelegatingMethodAccessorImpl.java:43)
	at com.kms.katalon.core.webui.keyword.builtin.ClickKeyword$_click_closure1.doCall(ClickKeyword.groovy:68)
	at com.kms.katalon.core.webui.keyword.builtin.ClickKeyword$_click_closure1.call(ClickKeyword.groovy)
	at com.kms.katalon.core.webui.keyword.internal.WebUIKeywordMain.runKeyword(WebUIKeywordMain.groovy:35)
	at com.kms.katalon.core.webui.keyword.builtin.ClickKeyword.click(ClickKeyword.groovy:75)
	at com.kms.katalon.core.webui.keyword.builtin.ClickKeyword.execute(ClickKeyword.groovy:40)
	at com.kms.katalon.core.keyword.internal.KeywordExecutor.executeKeywordForPlatform(KeywordExecutor.groovy:74)
	at com.kms.katalon.core.webui.keyword.WebUiBuiltInKeywords.click(WebUiBuiltInKeywords.groovy:696)
	at Script1741840234352.run(Script1741840234352.groovy:64)
	... 18 more
)

21-03-2025T08:03:17 - [MESSAGE][FAILED] - Unable to click on object 'Object Repository/Amazon_ValidatingPlacingAOrder_OR/Page_Place Your Order - Amazon Checkout/input_Convenience fee of 7 will apply. To a_ce1589' (Root cause: com.kms.katalon.core.exception.StepFailedException: Unable to click on object 'Object Repository/Amazon_ValidatingPlacingAOrder_OR/Page_Place Your Order - Amazon Checkout/input_Convenience fee of 7 will apply. To a_ce1589'
	at com.kms.katalon.core.webui.keyword.internal.WebUIKeywordMain.stepFailed(WebUIKeywordMain.groovy:117)
	at com.kms.katalon.core.webui.keyword.internal.WebUIKeywordMain.runKeyword(WebUIKeywordMain.groovy:43)
	at com.kms.katalon.core.webui.keyword.builtin.ClickKeyword.click(ClickKeyword.groovy:75)
	at com.kms.katalon.core.webui.keyword.builtin.ClickKeyword.execute(ClickKeyword.groovy:40)
	at com.kms.katalon.core.keyword.internal.KeywordExecutor.executeKeywordForPlatform(KeywordExecutor.groovy:74)
	at com.kms.katalon.core.webui.keyword.WebUiBuiltInKeywords.click(WebUiBuiltInKeywords.groovy:696)
	at TC_Amazon_ValidatePlacingAOrder_009.run(TC_Amazon_ValidatePlacingAOrder_009:64)
	at com.kms.katalon.core.main.ScriptEngine.run(ScriptEngine.java:194)
	at com.kms.katalon.core.main.ScriptEngine.runScriptAsRawText(ScriptEngine.java:119)
	at com.kms.katalon.core.main.TestCaseExecutor.runScript(TestCaseExecutor.java:448)
	at com.kms.katalon.core.main.TestCaseExecutor.doExecute(TestCaseExecutor.java:439)
	at com.kms.katalon.core.main.TestCaseExecutor.processExecutionPhase(TestCaseExecutor.java:418)
	at com.kms.katalon.core.main.TestCaseExecutor.accessMainPhase(TestCaseExecutor.java:410)
	at com.kms.katalon.core.main.TestCaseExecutor.execute(TestCaseExecutor.java:285)
	at com.kms.katalon.core.main.TestCaseExecutor.execute(TestCaseExecutor.java:369)
	at com.kms.katalon.core.main.TestCaseExecutor.execute(TestCaseExecutor.java:369)
	at com.kms.katalon.core.main.TestCaseExecutor.execute(TestCaseExecutor.java:369)
	at com.kms.katalon.core.common.CommonExecutor.accessTestCaseMainPhase(CommonExecutor.java:71)
	at com.kms.katalon.core.main.TestSuiteExecutor.accessTestSuiteMainPhase(TestSuiteExecutor.java:160)
	at com.kms.katalon.core.main.TestSuiteExecutor.execute(TestSuiteExecutor.java:107)
	at com.kms.katalon.core.main.TestCaseMain.startTestSuite(TestCaseMain.java:180)
	at TempTestSuite1742523221089.run(TempTestSuite1742523221089.groovy:35)
	at java.base/jdk.internal.reflect.NativeMethodAccessorImpl.invoke0(Native Method)
	at java.base/jdk.internal.reflect.NativeMethodAccessorImpl.invoke(NativeMethodAccessorImpl.java:77)
	at java.base/jdk.internal.reflect.DelegatingMethodAccessorImpl.invoke(DelegatingMethodAccessorImpl.java:43)
Caused by: org.openqa.selenium.ElementClickInterceptedException: Element <input class="a-button-input" type="submit"> is not clickable at point (128,634) because another element <span id="checkout-primary-continue-button-id-announce" class="a-button-text"> obscures it
Build info: version: '4.22.0', revision: 'c5f3146703'
System info: os.name: 'Windows 11', os.arch: 'amd64', os.version: '10.0', java.version: '17.0.13'
Driver info: com.kms.katalon.selenium.driver.CFirefoxDriver
Command: [fa81461b-03a5-45b3-b016-6ca0f43ab4a2, clickElement {id=46074c66-9925-4db2-b3ad-ed9b45d02bb1}]
Capabilities {acceptInsecureCerts: true, browserName: firefox, browserVersion: 136.0.2, moz:accessibilityChecks: false, moz:buildID: 20250317120031, moz:debuggerAddress: 127.0.0.1:20477, moz:geckodriverVersion: 0.36.0, moz:headless: false, moz:platformVersion: 10.0, moz:processID: 10900, moz:profile: C:\Users\Asus\AppData\Local..., moz:shutdownTimeout: 60000, moz:webdriverClick: true, moz:windowless: false, pageLoadStrategy: normal, platformName: windows, proxy: Proxy(), se:cdp: ws://127.0.0.1:20477/devtoo..., se:cdpVersion: 85.0, setWindowRect: true, strictFileInteractability: false, timeouts: {implicit: 0, pageLoad: 300000, script: 30000}, unhandledPromptBehavior: ignore, userAgent: Mozilla/5.0 (Windows NT 10...., webSocketUrl: ws://127.0.0.1:20477/sessio...}
Element: [[CFirefoxDriver: firefox on windows (fa81461b-03a5-45b3-b016-6ca0f43ab4a2)] -> xpath: (//input[@type='submit'])[4]]
Session ID: fa81461b-03a5-45b3-b016-6ca0f43ab4a2
	at jdk.internal.reflect.GeneratedConstructorAccessor23.newInstance(Unknown Source)
	at java.base/jdk.internal.reflect.DelegatingConstructorAccessorImpl.newInstance(DelegatingConstructorAccessorImpl.java:45)
	at org.openqa.selenium.remote.ErrorCodec.decode(ErrorCodec.java:167)
	at org.openqa.selenium.remote.codec.w3c.W3CHttpResponseCodec.decode(W3CHttpResponseCodec.java:138)
	at org.openqa.selenium.remote.codec.w3c.W3CHttpResponseCodec.decode(W3CHttpResponseCodec.java:50)
	at org.openqa.selenium.remote.HttpCommandExecutor.execute(HttpCommandExecutor.java:190)
	at org.openqa.selenium.remote.service.DriverCommandExecutor.invokeExecute(DriverCommandExecutor.java:216)
	at org.openqa.selenium.remote.service.DriverCommandExecutor.execute(DriverCommandExecutor.java:174)
	at org.openqa.selenium.remote.RemoteWebDriver.execute(RemoteWebDriver.java:518)
	at org.openqa.selenium.remote.RemoteWebElement.execute(RemoteWebElement.java:223)
	at org.openqa.selenium.remote.RemoteWebElement.click(RemoteWebElement.java:76)
	at jdk.internal.reflect.GeneratedMethodAccessor30.invoke(Unknown Source)
	at java.base/jdk.internal.reflect.DelegatingMethodAccessorImpl.invoke(DelegatingMethodAccessorImpl.java:43)
	at org.openqa.selenium.support.decorators.WebDriverDecorator.call(WebDriverDecorator.java:249)
	at org.openqa.selenium.support.decorators.DefaultDecorated.call(DefaultDecorated.java:48)
	at org.openqa.selenium.support.decorators.WebDriverDecorator.lambda$createProxy$2(WebDriverDecorator.java:321)
	at net.bytebuddy.renamed.java.lang.Object$ByteBuddy$6RIMbJ8K.click(Unknown Source)
	at org.openqa.selenium.WebElement$click.call(Unknown Source)
	at com.kms.katalon.core.webui.keyword.builtin.ClickKeyword.clickUntilSuccessWithTimeout(ClickKeyword.groovy:82)
	at com.kms.katalon.core.webui.keyword.builtin.ClickKeyword.clickUntilSuccessWithTimeout(ClickKeyword.groovy)
	at jdk.internal.reflect.GeneratedMethodAccessor34.invoke(Unknown Source)
	at java.base/jdk.internal.reflect.DelegatingMethodAccessorImpl.invoke(DelegatingMethodAccessorImpl.java:43)
	at com.kms.katalon.core.webui.keyword.builtin.ClickKeyword$_click_closure1.doCall(ClickKeyword.groovy:68)
	at com.kms.katalon.core.webui.keyword.builtin.ClickKeyword$_click_closure1.call(ClickKeyword.groovy)
	at com.kms.katalon.core.webui.keyword.internal.WebUIKeywordMain.runKeyword(WebUIKeywordMain.groovy:35)
	at com.kms.katalon.core.webui.keyword.builtin.ClickKeyword.click(ClickKeyword.groovy:75)
	at com.kms.katalon.core.webui.keyword.builtin.ClickKeyword.execute(ClickKeyword.groovy:40)
	at com.kms.katalon.core.keyword.internal.KeywordExecutor.executeKeywordForPlatform(KeywordExecutor.groovy:74)
	at com.kms.katalon.core.webui.keyword.WebUiBuiltInKeywords.click(WebUiBuiltInKeywords.groovy:696)
	at Script1741840234352.run(Script1741840234352.groovy:64)
	... 18 more
)
[[ATTACHMENT|E:\\Software Automation Testing\\Amazon\\Reports\\20250321_074341\\TS_Amazon_03\\20250321_074341\\1742524397387.png]]

21-03-2025T08:03:17 - [TEST_STEP][FAILED] - click(findTestObject("Object Repository/Amazon_ValidatingPlacingAOrder_OR/Page_Place Your Order - Amazon Checkout/input_Add gift options_placeYourOrder1")): Unable to click on object 'Object Repository/Amazon_ValidatingPlacingAOrder_OR/Page_Place Your Order - Amazon Checkout/input_Add gift options_placeYourOrder1' (Root cause: com.kms.katalon.core.exception.StepFailedException: Unable to click on object 'Object Repository/Amazon_ValidatingPlacingAOrder_OR/Page_Place Your Order - Amazon Checkout/input_Add gift options_placeYourOrder1'
	at com.kms.katalon.core.webui.keyword.internal.WebUIKeywordMain.stepFailed(WebUIKeywordMain.groovy:117)
	at com.kms.katalon.core.webui.keyword.internal.WebUIKeywordMain.runKeyword(WebUIKeywordMain.groovy:43)
	at com.kms.katalon.core.webui.keyword.builtin.ClickKeyword.click(ClickKeyword.groovy:75)
	at com.kms.katalon.core.webui.keyword.builtin.ClickKeyword.execute(ClickKeyword.groovy:40)
	at com.kms.katalon.core.keyword.internal.KeywordExecutor.executeKeywordForPlatform(KeywordExecutor.groovy:74)
	at com.kms.katalon.core.webui.keyword.WebUiBuiltInKeywords.click(WebUiBuiltInKeywords.groovy:696)
	at TC_Amazon_ValidatePlacingAOrder_009.run(TC_Amazon_ValidatePlacingAOrder_009:66)
	at com.kms.katalon.core.main.ScriptEngine.run(ScriptEngine.java:194)
	at com.kms.katalon.core.main.ScriptEngine.runScriptAsRawText(ScriptEngine.java:119)
	at com.kms.katalon.core.main.TestCaseExecutor.runScript(TestCaseExecutor.java:448)
	at com.kms.katalon.core.main.TestCaseExecutor.doExecute(TestCaseExecutor.java:439)
	at com.kms.katalon.core.main.TestCaseExecutor.processExecutionPhase(TestCaseExecutor.java:418)
	at com.kms.katalon.core.main.TestCaseExecutor.accessMainPhase(TestCaseExecutor.java:410)
	at com.kms.katalon.core.main.TestCaseExecutor.execute(TestCaseExecutor.java:285)
	at com.kms.katalon.core.main.TestCaseExecutor.execute(TestCaseExecutor.java:369)
	at com.kms.katalon.core.main.TestCaseExecutor.execute(TestCaseExecutor.java:369)
	at com.kms.katalon.core.main.TestCaseExecutor.execute(TestCaseExecutor.java:369)
	at com.kms.katalon.core.common.CommonExecutor.accessTestCaseMainPhase(CommonExecutor.java:71)
	at com.kms.katalon.core.main.TestSuiteExecutor.accessTestSuiteMainPhase(TestSuiteExecutor.java:160)
	at com.kms.katalon.core.main.TestSuiteExecutor.execute(TestSuiteExecutor.java:107)
	at com.kms.katalon.core.main.TestCaseMain.startTestSuite(TestCaseMain.java:180)
	at TempTestSuite1742523221089.run(TempTestSuite1742523221089.groovy:35)
	at java.base/jdk.internal.reflect.NativeMethodAccessorImpl.invoke0(Native Method)
	at java.base/jdk.internal.reflect.NativeMethodAccessorImpl.invoke(NativeMethodAccessorImpl.java:77)
	at java.base/jdk.internal.reflect.DelegatingMethodAccessorImpl.invoke(DelegatingMethodAccessorImpl.java:43)
Caused by: com.kms.katalon.core.webui.exception.WebElementNotFoundException: Web element with id: 'Object Repository/Amazon_ValidatingPlacingAOrder_OR/Page_Place Your Order - Amazon Checkout/input_Add gift options_placeYourOrder1' located by '(//input[@id='placeOrder'])[3]' not found
	at com.kms.katalon.core.webui.common.WebUiCommonHelper.findWebElement(WebUiCommonHelper.java:1457)
	at com.kms.katalon.core.webui.keyword.internal.WebUIAbstractKeyword.findWebElement(WebUIAbstractKeyword.groovy:27)
	at com.kms.katalon.core.webui.keyword.builtin.ClickKeyword$_click_closure1.doCall(ClickKeyword.groovy:66)
	at com.kms.katalon.core.webui.keyword.builtin.ClickKeyword$_click_closure1.call(ClickKeyword.groovy)
	at com.kms.katalon.core.webui.keyword.internal.WebUIKeywordMain.runKeyword(WebUIKeywordMain.groovy:35)
	at com.kms.katalon.core.webui.keyword.builtin.ClickKeyword.click(ClickKeyword.groovy:75)
	at com.kms.katalon.core.webui.keyword.builtin.ClickKeyword.execute(ClickKeyword.groovy:40)
	at com.kms.katalon.core.keyword.internal.KeywordExecutor.executeKeywordForPlatform(KeywordExecutor.groovy:74)
	at com.kms.katalon.core.webui.keyword.WebUiBuiltInKeywords.click(WebUiBuiltInKeywords.groovy:696)
	at Script1741840234352.run(Script1741840234352.groovy:66)
	... 18 more
)

21-03-2025T08:03:48 - [MESSAGE][INFO] - Unable to find the element located by 'By.xpath: (//input[@id='placeOrder'])[3]'. Please recheck the objects properties to make sure the desired element is located. 

21-03-2025T08:03:48 - [MESSAGE][WARNING] - [SELF-HEALING] Failed to find element with id 'Object Repository/Amazon_ValidatingPlacingAOrder_OR/Page_Place Your Order - Amazon Checkout/input_Add gift options_placeYourOrder1'. Try using Self-healing.

21-03-2025T08:03:48 - [MESSAGE][INFO] - [SELF-HEALING] Failed Locator: '(//input[@id='placeOrder'])[3]'.

21-03-2025T08:03:49 - [MESSAGE][INFO] - [SELF-HEALING] Failed Locator: '//span[@id='bottomSubmitOrderButtonId']/span/input'.

21-03-2025T08:03:49 - [MESSAGE][INFO] - [SELF-HEALING] Failed Locator: '//span/span/span/span/input'.

21-03-2025T08:03:49 - [MESSAGE][INFO] - [SELF-HEALING] Failed Locator: '//input[@id = 'placeOrder' and @name = 'placeYourOrder1' and @title = 'Place your order' and @type = 'submit']'.

21-03-2025T08:03:49 - [MESSAGE][INFO] - [SELF-HEALING] Failed Locator: '(//input[@id='placeOrder'])[3]'.

21-03-2025T08:03:50 - [MESSAGE][INFO] - [SELF-HEALING] Failed Locator: '//span[@id='bottomSubmitOrderButtonId']/span/input'.

21-03-2025T08:03:50 - [MESSAGE][INFO] - [SELF-HEALING] Failed Locator: '//span/span/span/span/input'.

21-03-2025T08:03:50 - [MESSAGE][INFO] - [SELF-HEALING] Failed Locator: '//input[@id = 'placeOrder' and @name = 'placeYourOrder1' and @title = 'Place your order' and @type = 'submit']'.

21-03-2025T08:03:52 - [MESSAGE][INFO] - Unable to find the element located by 'By.xpath: //*[@id = 'placeOrder' and @name = 'placeYourOrder1' and @title = 'Place your order' and @type = 'submit']'. Please recheck the objects properties to make sure the desired element is located. 

21-03-2025T08:03:54 - [MESSAGE][INFO] - Unable to find the element located by 'By.cssSelector: #bottomSubmitOrderButtonId > span.a-button-inner > #placeOrder'. Please recheck the objects properties to make sure the desired element is located. 

21-03-2025T08:03:54 - [MESSAGE][FAILED] - Unable to click on object 'Object Repository/Amazon_ValidatingPlacingAOrder_OR/Page_Place Your Order - Amazon Checkout/input_Add gift options_placeYourOrder1' (Root cause: com.kms.katalon.core.exception.StepFailedException: Unable to click on object 'Object Repository/Amazon_ValidatingPlacingAOrder_OR/Page_Place Your Order - Amazon Checkout/input_Add gift options_placeYourOrder1'
	at com.kms.katalon.core.webui.keyword.internal.WebUIKeywordMain.stepFailed(WebUIKeywordMain.groovy:117)
	at com.kms.katalon.core.webui.keyword.internal.WebUIKeywordMain.runKeyword(WebUIKeywordMain.groovy:43)
	at com.kms.katalon.core.webui.keyword.builtin.ClickKeyword.click(ClickKeyword.groovy:75)
	at com.kms.katalon.core.webui.keyword.builtin.ClickKeyword.execute(ClickKeyword.groovy:40)
	at com.kms.katalon.core.keyword.internal.KeywordExecutor.executeKeywordForPlatform(KeywordExecutor.groovy:74)
	at com.kms.katalon.core.webui.keyword.WebUiBuiltInKeywords.click(WebUiBuiltInKeywords.groovy:696)
	at TC_Amazon_ValidatePlacingAOrder_009.run(TC_Amazon_ValidatePlacingAOrder_009:66)
	at com.kms.katalon.core.main.ScriptEngine.run(ScriptEngine.java:194)
	at com.kms.katalon.core.main.ScriptEngine.runScriptAsRawText(ScriptEngine.java:119)
	at com.kms.katalon.core.main.TestCaseExecutor.runScript(TestCaseExecutor.java:448)
	at com.kms.katalon.core.main.TestCaseExecutor.doExecute(TestCaseExecutor.java:439)
	at com.kms.katalon.core.main.TestCaseExecutor.processExecutionPhase(TestCaseExecutor.java:418)
	at com.kms.katalon.core.main.TestCaseExecutor.accessMainPhase(TestCaseExecutor.java:410)
	at com.kms.katalon.core.main.TestCaseExecutor.execute(TestCaseExecutor.java:285)
	at com.kms.katalon.core.main.TestCaseExecutor.execute(TestCaseExecutor.java:369)
	at com.kms.katalon.core.main.TestCaseExecutor.execute(TestCaseExecutor.java:369)
	at com.kms.katalon.core.main.TestCaseExecutor.execute(TestCaseExecutor.java:369)
	at com.kms.katalon.core.common.CommonExecutor.accessTestCaseMainPhase(CommonExecutor.java:71)
	at com.kms.katalon.core.main.TestSuiteExecutor.accessTestSuiteMainPhase(TestSuiteExecutor.java:160)
	at com.kms.katalon.core.main.TestSuiteExecutor.execute(TestSuiteExecutor.java:107)
	at com.kms.katalon.core.main.TestCaseMain.startTestSuite(TestCaseMain.java:180)
	at TempTestSuite1742523221089.run(TempTestSuite1742523221089.groovy:35)
	at java.base/jdk.internal.reflect.NativeMethodAccessorImpl.invoke0(Native Method)
	at java.base/jdk.internal.reflect.NativeMethodAccessorImpl.invoke(NativeMethodAccessorImpl.java:77)
	at java.base/jdk.internal.reflect.DelegatingMethodAccessorImpl.invoke(DelegatingMethodAccessorImpl.java:43)
Caused by: com.kms.katalon.core.webui.exception.WebElementNotFoundException: Web element with id: 'Object Repository/Amazon_ValidatingPlacingAOrder_OR/Page_Place Your Order - Amazon Checkout/input_Add gift options_placeYourOrder1' located by '(//input[@id='placeOrder'])[3]' not found
	at com.kms.katalon.core.webui.common.WebUiCommonHelper.findWebElement(WebUiCommonHelper.java:1457)
	at com.kms.katalon.core.webui.keyword.internal.WebUIAbstractKeyword.findWebElement(WebUIAbstractKeyword.groovy:27)
	at com.kms.katalon.core.webui.keyword.builtin.ClickKeyword$_click_closure1.doCall(ClickKeyword.groovy:66)
	at com.kms.katalon.core.webui.keyword.builtin.ClickKeyword$_click_closure1.call(ClickKeyword.groovy)
	at com.kms.katalon.core.webui.keyword.internal.WebUIKeywordMain.runKeyword(WebUIKeywordMain.groovy:35)
	at com.kms.katalon.core.webui.keyword.builtin.ClickKeyword.click(ClickKeyword.groovy:75)
	at com.kms.katalon.core.webui.keyword.builtin.ClickKeyword.execute(ClickKeyword.groovy:40)
	at com.kms.katalon.core.keyword.internal.KeywordExecutor.executeKeywordForPlatform(KeywordExecutor.groovy:74)
	at com.kms.katalon.core.webui.keyword.WebUiBuiltInKeywords.click(WebUiBuiltInKeywords.groovy:696)
	at Script1741840234352.run(Script1741840234352.groovy:66)
	... 18 more
)
[[ATTACHMENT|E:\\Software Automation Testing\\Amazon\\Reports\\20250321_074341\\TS_Amazon_03\\20250321_074341\\1742524434008.png]]

21-03-2025T08:03:54 - [TEST_STEP][FAILED] - mouseOver(findTestObject("Amazon_ValidatingPlacingAOrder_OR/Page_Online Shopping site in India Shop Online for Mobiles, Books, Watches, Shoes and More - Amazon.in/span_Account  Lists")): Unable to move mouse over object 'Object Repository/Amazon_ValidatingPlacingAOrder_OR/Page_Online Shopping site in India Shop Online for Mobiles, Books, Watches, Shoes and More - Amazon.in/span_Account  Lists' (Root cause: com.kms.katalon.core.exception.StepFailedException: Unable to move mouse over object 'Object Repository/Amazon_ValidatingPlacingAOrder_OR/Page_Online Shopping site in India Shop Online for Mobiles, Books, Watches, Shoes and More - Amazon.in/span_Account  Lists'
	at com.kms.katalon.core.webui.keyword.internal.WebUIKeywordMain.stepFailed(WebUIKeywordMain.groovy:117)
	at com.kms.katalon.core.webui.keyword.internal.WebUIKeywordMain.runKeyword(WebUIKeywordMain.groovy:43)
	at com.kms.katalon.core.webui.keyword.builtin.MouseOverKeyword.mouseOver(MouseOverKeyword.groovy:66)
	at com.kms.katalon.core.webui.keyword.builtin.MouseOverKeyword.execute(MouseOverKeyword.groovy:40)
	at com.kms.katalon.core.keyword.internal.KeywordExecutor.executeKeywordForPlatform(KeywordExecutor.groovy:74)
	at com.kms.katalon.core.webui.keyword.WebUiBuiltInKeywords.mouseOver(WebUiBuiltInKeywords.groovy:882)
	at TC_Amazon_ValidatePlacingAOrder_009.run(TC_Amazon_ValidatePlacingAOrder_009:68)
	at com.kms.katalon.core.main.ScriptEngine.run(ScriptEngine.java:194)
	at com.kms.katalon.core.main.ScriptEngine.runScriptAsRawText(ScriptEngine.java:119)
	at com.kms.katalon.core.main.TestCaseExecutor.runScript(TestCaseExecutor.java:448)
	at com.kms.katalon.core.main.TestCaseExecutor.doExecute(TestCaseExecutor.java:439)
	at com.kms.katalon.core.main.TestCaseExecutor.processExecutionPhase(TestCaseExecutor.java:418)
	at com.kms.katalon.core.main.TestCaseExecutor.accessMainPhase(TestCaseExecutor.java:410)
	at com.kms.katalon.core.main.TestCaseExecutor.execute(TestCaseExecutor.java:285)
	at com.kms.katalon.core.main.TestCaseExecutor.execute(TestCaseExecutor.java:369)
	at com.kms.katalon.core.main.TestCaseExecutor.execute(TestCaseExecutor.java:369)
	at com.kms.katalon.core.main.TestCaseExecutor.execute(TestCaseExecutor.java:369)
	at com.kms.katalon.core.common.CommonExecutor.accessTestCaseMainPhase(CommonExecutor.java:71)
	at com.kms.katalon.core.main.TestSuiteExecutor.accessTestSuiteMainPhase(TestSuiteExecutor.java:160)
	at com.kms.katalon.core.main.TestSuiteExecutor.execute(TestSuiteExecutor.java:107)
	at com.kms.katalon.core.main.TestCaseMain.startTestSuite(TestCaseMain.java:180)
	at TempTestSuite1742523221089.run(TempTestSuite1742523221089.groovy:35)
	at java.base/jdk.internal.reflect.NativeMethodAccessorImpl.invoke0(Native Method)
	at java.base/jdk.internal.reflect.NativeMethodAccessorImpl.invoke(NativeMethodAccessorImpl.java:77)
	at java.base/jdk.internal.reflect.DelegatingMethodAccessorImpl.invoke(DelegatingMethodAccessorImpl.java:43)
Caused by: org.openqa.selenium.interactions.MoveTargetOutOfBoundsException: Move target (278, 727) is out of bounds of viewport dimensions (1280, 649)
Build info: version: '4.22.0', revision: 'c5f3146703'
System info: os.name: 'Windows 11', os.arch: 'amd64', os.version: '10.0', java.version: '17.0.13'
Driver info: com.kms.katalon.selenium.driver.CFirefoxDriver
Command: [fa81461b-03a5-45b3-b016-6ca0f43ab4a2, actions {actions=[org.openqa.selenium.interactions.Sequence@7c9e0029]}]
Capabilities {acceptInsecureCerts: true, browserName: firefox, browserVersion: 136.0.2, moz:accessibilityChecks: false, moz:buildID: 20250317120031, moz:debuggerAddress: 127.0.0.1:20477, moz:geckodriverVersion: 0.36.0, moz:headless: false, moz:platformVersion: 10.0, moz:processID: 10900, moz:profile: C:\Users\Asus\AppData\Local..., moz:shutdownTimeout: 60000, moz:webdriverClick: true, moz:windowless: false, pageLoadStrategy: normal, platformName: windows, proxy: Proxy(), se:cdp: ws://127.0.0.1:20477/devtoo..., se:cdpVersion: 85.0, setWindowRect: true, strictFileInteractability: false, timeouts: {implicit: 0, pageLoad: 300000, script: 30000}, unhandledPromptBehavior: ignore, userAgent: Mozilla/5.0 (Windows NT 10...., webSocketUrl: ws://127.0.0.1:20477/sessio...}
Session ID: fa81461b-03a5-45b3-b016-6ca0f43ab4a2
	at java.base/jdk.internal.reflect.NativeConstructorAccessorImpl.newInstance0(Native Method)
	at java.base/jdk.internal.reflect.NativeConstructorAccessorImpl.newInstance(NativeConstructorAccessorImpl.java:77)
	at java.base/jdk.internal.reflect.DelegatingConstructorAccessorImpl.newInstance(DelegatingConstructorAccessorImpl.java:45)
	at org.openqa.selenium.remote.ErrorCodec.decode(ErrorCodec.java:167)
	at org.openqa.selenium.remote.codec.w3c.W3CHttpResponseCodec.decode(W3CHttpResponseCodec.java:138)
	at org.openqa.selenium.remote.codec.w3c.W3CHttpResponseCodec.decode(W3CHttpResponseCodec.java:50)
	at org.openqa.selenium.remote.HttpCommandExecutor.execute(HttpCommandExecutor.java:190)
	at org.openqa.selenium.remote.service.DriverCommandExecutor.invokeExecute(DriverCommandExecutor.java:216)
	at org.openqa.selenium.remote.service.DriverCommandExecutor.execute(DriverCommandExecutor.java:174)
	at org.openqa.selenium.remote.RemoteWebDriver.execute(RemoteWebDriver.java:518)
	at org.openqa.selenium.remote.RemoteWebDriver.perform(RemoteWebDriver.java:604)
	at java.base/jdk.internal.reflect.NativeMethodAccessorImpl.invoke0(Native Method)
	at java.base/jdk.internal.reflect.NativeMethodAccessorImpl.invoke(NativeMethodAccessorImpl.java:77)
	at java.base/jdk.internal.reflect.DelegatingMethodAccessorImpl.invoke(DelegatingMethodAccessorImpl.java:43)
	at org.openqa.selenium.support.decorators.WebDriverDecorator.call(WebDriverDecorator.java:249)
	at org.openqa.selenium.support.decorators.DefaultDecorated.call(DefaultDecorated.java:48)
	at org.openqa.selenium.support.decorators.WebDriverDecorator.lambda$createProxy$2(WebDriverDecorator.java:321)
	at org.openqa.selenium.remote.RemoteWebDriver$ByteBuddy$AtwsA6Eg.perform(Unknown Source)
	at org.openqa.selenium.interactions.Actions$BuiltAction.perform(Actions.java:603)
	at org.openqa.selenium.interactions.Actions.perform(Actions.java:568)
	at com.kms.katalon.core.webui.keyword.builtin.MouseOverKeyword$_mouseOver_closure1.doCall(MouseOverKeyword.groovy:59)
	at com.kms.katalon.core.webui.keyword.builtin.MouseOverKeyword$_mouseOver_closure1.call(MouseOverKeyword.groovy)
	at com.kms.katalon.core.webui.keyword.internal.WebUIKeywordMain.runKeyword(WebUIKeywordMain.groovy:35)
	at com.kms.katalon.core.webui.keyword.builtin.MouseOverKeyword.mouseOver(MouseOverKeyword.groovy:66)
	at com.kms.katalon.core.webui.keyword.builtin.MouseOverKeyword.execute(MouseOverKeyword.groovy:40)
	at com.kms.katalon.core.keyword.internal.KeywordExecutor.executeKeywordForPlatform(KeywordExecutor.groovy:74)
	at com.kms.katalon.core.webui.keyword.WebUiBuiltInKeywords.mouseOver(WebUiBuiltInKeywords.groovy:882)
	at Script1741840234352.run(Script1741840234352.groovy:68)
	... 18 more
)

21-03-2025T08:04:25 - [MESSAGE][INFO] - Unable to find the element located by 'By.xpath: //a[@id='nav-link-accountList']/span'. Please recheck the objects properties to make sure the desired element is located. 

21-03-2025T08:04:25 - [MESSAGE][WARNING] - [SELF-HEALING] Failed to find element with id 'Object Repository/Amazon_ValidatingPlacingAOrder_OR/Page_Online Shopping site in India Shop Online for Mobiles, Books, Watches, Shoes and More - Amazon.in/span_Account  Lists'. Try using Self-healing.

21-03-2025T08:04:25 - [MESSAGE][WARNING] - [SELF-HEALING] The current locator of test object 'Object Repository/Amazon_ValidatingPlacingAOrder_OR/Page_Online Shopping site in India Shop Online for Mobiles, Books, Watches, Shoes and More - Amazon.in/span_Account  Lists' was broken. Propose an alternative one: '//a[2]/span'.

21-03-2025T08:04:25 - [MESSAGE][FAILED] - Unable to move mouse over object 'Object Repository/Amazon_ValidatingPlacingAOrder_OR/Page_Online Shopping site in India Shop Online for Mobiles, Books, Watches, Shoes and More - Amazon.in/span_Account  Lists' (Root cause: com.kms.katalon.core.exception.StepFailedException: Unable to move mouse over object 'Object Repository/Amazon_ValidatingPlacingAOrder_OR/Page_Online Shopping site in India Shop Online for Mobiles, Books, Watches, Shoes and More - Amazon.in/span_Account  Lists'
	at com.kms.katalon.core.webui.keyword.internal.WebUIKeywordMain.stepFailed(WebUIKeywordMain.groovy:117)
	at com.kms.katalon.core.webui.keyword.internal.WebUIKeywordMain.runKeyword(WebUIKeywordMain.groovy:43)
	at com.kms.katalon.core.webui.keyword.builtin.MouseOverKeyword.mouseOver(MouseOverKeyword.groovy:66)
	at com.kms.katalon.core.webui.keyword.builtin.MouseOverKeyword.execute(MouseOverKeyword.groovy:40)
	at com.kms.katalon.core.keyword.internal.KeywordExecutor.executeKeywordForPlatform(KeywordExecutor.groovy:74)
	at com.kms.katalon.core.webui.keyword.WebUiBuiltInKeywords.mouseOver(WebUiBuiltInKeywords.groovy:882)
	at TC_Amazon_ValidatePlacingAOrder_009.run(TC_Amazon_ValidatePlacingAOrder_009:68)
	at com.kms.katalon.core.main.ScriptEngine.run(ScriptEngine.java:194)
	at com.kms.katalon.core.main.ScriptEngine.runScriptAsRawText(ScriptEngine.java:119)
	at com.kms.katalon.core.main.TestCaseExecutor.runScript(TestCaseExecutor.java:448)
	at com.kms.katalon.core.main.TestCaseExecutor.doExecute(TestCaseExecutor.java:439)
	at com.kms.katalon.core.main.TestCaseExecutor.processExecutionPhase(TestCaseExecutor.java:418)
	at com.kms.katalon.core.main.TestCaseExecutor.accessMainPhase(TestCaseExecutor.java:410)
	at com.kms.katalon.core.main.TestCaseExecutor.execute(TestCaseExecutor.java:285)
	at com.kms.katalon.core.main.TestCaseExecutor.execute(TestCaseExecutor.java:369)
	at com.kms.katalon.core.main.TestCaseExecutor.execute(TestCaseExecutor.java:369)
	at com.kms.katalon.core.main.TestCaseExecutor.execute(TestCaseExecutor.java:369)
	at com.kms.katalon.core.common.CommonExecutor.accessTestCaseMainPhase(CommonExecutor.java:71)
	at com.kms.katalon.core.main.TestSuiteExecutor.accessTestSuiteMainPhase(TestSuiteExecutor.java:160)
	at com.kms.katalon.core.main.TestSuiteExecutor.execute(TestSuiteExecutor.java:107)
	at com.kms.katalon.core.main.TestCaseMain.startTestSuite(TestCaseMain.java:180)
	at TempTestSuite1742523221089.run(TempTestSuite1742523221089.groovy:35)
	at java.base/jdk.internal.reflect.NativeMethodAccessorImpl.invoke0(Native Method)
	at java.base/jdk.internal.reflect.NativeMethodAccessorImpl.invoke(NativeMethodAccessorImpl.java:77)
	at java.base/jdk.internal.reflect.DelegatingMethodAccessorImpl.invoke(DelegatingMethodAccessorImpl.java:43)
Caused by: org.openqa.selenium.interactions.MoveTargetOutOfBoundsException: Move target (278, 727) is out of bounds of viewport dimensions (1280, 649)
Build info: version: '4.22.0', revision: 'c5f3146703'
System info: os.name: 'Windows 11', os.arch: 'amd64', os.version: '10.0', java.version: '17.0.13'
Driver info: com.kms.katalon.selenium.driver.CFirefoxDriver
Command: [fa81461b-03a5-45b3-b016-6ca0f43ab4a2, actions {actions=[org.openqa.selenium.interactions.Sequence@7c9e0029]}]
Capabilities {acceptInsecureCerts: true, browserName: firefox, browserVersion: 136.0.2, moz:accessibilityChecks: false, moz:buildID: 20250317120031, moz:debuggerAddress: 127.0.0.1:20477, moz:geckodriverVersion: 0.36.0, moz:headless: false, moz:platformVersion: 10.0, moz:processID: 10900, moz:profile: C:\Users\Asus\AppData\Local..., moz:shutdownTimeout: 60000, moz:webdriverClick: true, moz:windowless: false, pageLoadStrategy: normal, platformName: windows, proxy: Proxy(), se:cdp: ws://127.0.0.1:20477/devtoo..., se:cdpVersion: 85.0, setWindowRect: true, strictFileInteractability: false, timeouts: {implicit: 0, pageLoad: 300000, script: 30000}, unhandledPromptBehavior: ignore, userAgent: Mozilla/5.0 (Windows NT 10...., webSocketUrl: ws://127.0.0.1:20477/sessio...}
Session ID: fa81461b-03a5-45b3-b016-6ca0f43ab4a2
	at java.base/jdk.internal.reflect.NativeConstructorAccessorImpl.newInstance0(Native Method)
	at java.base/jdk.internal.reflect.NativeConstructorAccessorImpl.newInstance(NativeConstructorAccessorImpl.java:77)
	at java.base/jdk.internal.reflect.DelegatingConstructorAccessorImpl.newInstance(DelegatingConstructorAccessorImpl.java:45)
	at org.openqa.selenium.remote.ErrorCodec.decode(ErrorCodec.java:167)
	at org.openqa.selenium.remote.codec.w3c.W3CHttpResponseCodec.decode(W3CHttpResponseCodec.java:138)
	at org.openqa.selenium.remote.codec.w3c.W3CHttpResponseCodec.decode(W3CHttpResponseCodec.java:50)
	at org.openqa.selenium.remote.HttpCommandExecutor.execute(HttpCommandExecutor.java:190)
	at org.openqa.selenium.remote.service.DriverCommandExecutor.invokeExecute(DriverCommandExecutor.java:216)
	at org.openqa.selenium.remote.service.DriverCommandExecutor.execute(DriverCommandExecutor.java:174)
	at org.openqa.selenium.remote.RemoteWebDriver.execute(RemoteWebDriver.java:518)
	at org.openqa.selenium.remote.RemoteWebDriver.perform(RemoteWebDriver.java:604)
	at java.base/jdk.internal.reflect.NativeMethodAccessorImpl.invoke0(Native Method)
	at java.base/jdk.internal.reflect.NativeMethodAccessorImpl.invoke(NativeMethodAccessorImpl.java:77)
	at java.base/jdk.internal.reflect.DelegatingMethodAccessorImpl.invoke(DelegatingMethodAccessorImpl.java:43)
	at org.openqa.selenium.support.decorators.WebDriverDecorator.call(WebDriverDecorator.java:249)
	at org.openqa.selenium.support.decorators.DefaultDecorated.call(DefaultDecorated.java:48)
	at org.openqa.selenium.support.decorators.WebDriverDecorator.lambda$createProxy$2(WebDriverDecorator.java:321)
	at org.openqa.selenium.remote.RemoteWebDriver$ByteBuddy$AtwsA6Eg.perform(Unknown Source)
	at org.openqa.selenium.interactions.Actions$BuiltAction.perform(Actions.java:603)
	at org.openqa.selenium.interactions.Actions.perform(Actions.java:568)
	at com.kms.katalon.core.webui.keyword.builtin.MouseOverKeyword$_mouseOver_closure1.doCall(MouseOverKeyword.groovy:59)
	at com.kms.katalon.core.webui.keyword.builtin.MouseOverKeyword$_mouseOver_closure1.call(MouseOverKeyword.groovy)
	at com.kms.katalon.core.webui.keyword.internal.WebUIKeywordMain.runKeyword(WebUIKeywordMain.groovy:35)
	at com.kms.katalon.core.webui.keyword.builtin.MouseOverKeyword.mouseOver(MouseOverKeyword.groovy:66)
	at com.kms.katalon.core.webui.keyword.builtin.MouseOverKeyword.execute(MouseOverKeyword.groovy:40)
	at com.kms.katalon.core.keyword.internal.KeywordExecutor.executeKeywordForPlatform(KeywordExecutor.groovy:74)
	at com.kms.katalon.core.webui.keyword.WebUiBuiltInKeywords.mouseOver(WebUiBuiltInKeywords.groovy:882)
	at Script1741840234352.run(Script1741840234352.groovy:68)
	... 18 more
)
[[ATTACHMENT|E:\\Software Automation Testing\\Amazon\\Reports\\20250321_074341\\TS_Amazon_03\\20250321_074341\\1742524465503.png]]

21-03-2025T08:04:25 - [TEST_STEP][FAILED] - click(findTestObject("Object Repository/Amazon_ValidatingPlacingAOrder_OR/Page_Place Your Order - Amazon Checkout/span_Sign Out")): Unable to click on object 'Object Repository/Amazon_ValidatingPlacingAOrder_OR/Page_Place Your Order - Amazon Checkout/span_Sign Out' (Root cause: com.kms.katalon.core.exception.StepFailedException: Unable to click on object 'Object Repository/Amazon_ValidatingPlacingAOrder_OR/Page_Place Your Order - Amazon Checkout/span_Sign Out'
	at com.kms.katalon.core.webui.keyword.internal.WebUIKeywordMain.stepFailed(WebUIKeywordMain.groovy:117)
	at com.kms.katalon.core.webui.keyword.internal.WebUIKeywordMain.runKeyword(WebUIKeywordMain.groovy:43)
	at com.kms.katalon.core.webui.keyword.builtin.ClickKeyword.click(ClickKeyword.groovy:75)
	at com.kms.katalon.core.webui.keyword.builtin.ClickKeyword.execute(ClickKeyword.groovy:40)
	at com.kms.katalon.core.keyword.internal.KeywordExecutor.executeKeywordForPlatform(KeywordExecutor.groovy:74)
	at com.kms.katalon.core.webui.keyword.WebUiBuiltInKeywords.click(WebUiBuiltInKeywords.groovy:696)
	at TC_Amazon_ValidatePlacingAOrder_009.run(TC_Amazon_ValidatePlacingAOrder_009:70)
	at com.kms.katalon.core.main.ScriptEngine.run(ScriptEngine.java:194)
	at com.kms.katalon.core.main.ScriptEngine.runScriptAsRawText(ScriptEngine.java:119)
	at com.kms.katalon.core.main.TestCaseExecutor.runScript(TestCaseExecutor.java:448)
	at com.kms.katalon.core.main.TestCaseExecutor.doExecute(TestCaseExecutor.java:439)
	at com.kms.katalon.core.main.TestCaseExecutor.processExecutionPhase(TestCaseExecutor.java:418)
	at com.kms.katalon.core.main.TestCaseExecutor.accessMainPhase(TestCaseExecutor.java:410)
	at com.kms.katalon.core.main.TestCaseExecutor.execute(TestCaseExecutor.java:285)
	at com.kms.katalon.core.main.TestCaseExecutor.execute(TestCaseExecutor.java:369)
	at com.kms.katalon.core.main.TestCaseExecutor.execute(TestCaseExecutor.java:369)
	at com.kms.katalon.core.main.TestCaseExecutor.execute(TestCaseExecutor.java:369)
	at com.kms.katalon.core.common.CommonExecutor.accessTestCaseMainPhase(CommonExecutor.java:71)
	at com.kms.katalon.core.main.TestSuiteExecutor.accessTestSuiteMainPhase(TestSuiteExecutor.java:160)
	at com.kms.katalon.core.main.TestSuiteExecutor.execute(TestSuiteExecutor.java:107)
	at com.kms.katalon.core.main.TestCaseMain.startTestSuite(TestCaseMain.java:180)
	at TempTestSuite1742523221089.run(TempTestSuite1742523221089.groovy:35)
	at java.base/jdk.internal.reflect.NativeMethodAccessorImpl.invoke0(Native Method)
	at java.base/jdk.internal.reflect.NativeMethodAccessorImpl.invoke(NativeMethodAccessorImpl.java:77)
	at java.base/jdk.internal.reflect.DelegatingMethodAccessorImpl.invoke(DelegatingMethodAccessorImpl.java:43)
Caused by: org.openqa.selenium.ElementNotInteractableException: Element <span class="nav-text"> could not be scrolled into view
Build info: version: '4.22.0', revision: 'c5f3146703'
System info: os.name: 'Windows 11', os.arch: 'amd64', os.version: '10.0', java.version: '17.0.13'
Driver info: com.kms.katalon.selenium.driver.CFirefoxDriver
Command: [fa81461b-03a5-45b3-b016-6ca0f43ab4a2, clickElement {id=d86f0f08-57fe-496f-be18-0be066e2766f}]
Capabilities {acceptInsecureCerts: true, browserName: firefox, browserVersion: 136.0.2, moz:accessibilityChecks: false, moz:buildID: 20250317120031, moz:debuggerAddress: 127.0.0.1:20477, moz:geckodriverVersion: 0.36.0, moz:headless: false, moz:platformVersion: 10.0, moz:processID: 10900, moz:profile: C:\Users\Asus\AppData\Local..., moz:shutdownTimeout: 60000, moz:webdriverClick: true, moz:windowless: false, pageLoadStrategy: normal, platformName: windows, proxy: Proxy(), se:cdp: ws://127.0.0.1:20477/devtoo..., se:cdpVersion: 85.0, setWindowRect: true, strictFileInteractability: false, timeouts: {implicit: 0, pageLoad: 300000, script: 30000}, unhandledPromptBehavior: ignore, userAgent: Mozilla/5.0 (Windows NT 10...., webSocketUrl: ws://127.0.0.1:20477/sessio...}
Element: [[CFirefoxDriver: firefox on windows (fa81461b-03a5-45b3-b016-6ca0f43ab4a2)] -> xpath: //a[@id='nav-item-signout']/span]
Session ID: fa81461b-03a5-45b3-b016-6ca0f43ab4a2
	at java.base/jdk.internal.reflect.NativeConstructorAccessorImpl.newInstance0(Native Method)
	at java.base/jdk.internal.reflect.NativeConstructorAccessorImpl.newInstance(NativeConstructorAccessorImpl.java:77)
	at java.base/jdk.internal.reflect.DelegatingConstructorAccessorImpl.newInstance(DelegatingConstructorAccessorImpl.java:45)
	at org.openqa.selenium.remote.ErrorCodec.decode(ErrorCodec.java:167)
	at org.openqa.selenium.remote.codec.w3c.W3CHttpResponseCodec.decode(W3CHttpResponseCodec.java:138)
	at org.openqa.selenium.remote.codec.w3c.W3CHttpResponseCodec.decode(W3CHttpResponseCodec.java:50)
	at org.openqa.selenium.remote.HttpCommandExecutor.execute(HttpCommandExecutor.java:190)
	at org.openqa.selenium.remote.service.DriverCommandExecutor.invokeExecute(DriverCommandExecutor.java:216)
	at org.openqa.selenium.remote.service.DriverCommandExecutor.execute(DriverCommandExecutor.java:174)
	at org.openqa.selenium.remote.RemoteWebDriver.execute(RemoteWebDriver.java:518)
	at org.openqa.selenium.remote.RemoteWebElement.execute(RemoteWebElement.java:223)
	at org.openqa.selenium.remote.RemoteWebElement.click(RemoteWebElement.java:76)
	at jdk.internal.reflect.GeneratedMethodAccessor30.invoke(Unknown Source)
	at java.base/jdk.internal.reflect.DelegatingMethodAccessorImpl.invoke(DelegatingMethodAccessorImpl.java:43)
	at org.openqa.selenium.support.decorators.WebDriverDecorator.call(WebDriverDecorator.java:249)
	at org.openqa.selenium.support.decorators.DefaultDecorated.call(DefaultDecorated.java:48)
	at org.openqa.selenium.support.decorators.WebDriverDecorator.lambda$createProxy$2(WebDriverDecorator.java:321)
	at net.bytebuddy.renamed.java.lang.Object$ByteBuddy$kduVsg0X.click(Unknown Source)
	at org.openqa.selenium.WebElement$click.call(Unknown Source)
	at org.openqa.selenium.WebElement$click.call(Unknown Source)
	at com.kms.katalon.core.webui.keyword.builtin.ClickKeyword.clickUntilSuccessWithTimeout(ClickKeyword.groovy:82)
	at com.kms.katalon.core.webui.keyword.builtin.ClickKeyword.clickUntilSuccessWithTimeout(ClickKeyword.groovy)
	at jdk.internal.reflect.GeneratedMethodAccessor34.invoke(Unknown Source)
	at java.base/jdk.internal.reflect.DelegatingMethodAccessorImpl.invoke(DelegatingMethodAccessorImpl.java:43)
	at com.kms.katalon.core.webui.keyword.builtin.ClickKeyword$_click_closure1.doCall(ClickKeyword.groovy:68)
	at com.kms.katalon.core.webui.keyword.builtin.ClickKeyword$_click_closure1.call(ClickKeyword.groovy)
	at com.kms.katalon.core.webui.keyword.internal.WebUIKeywordMain.runKeyword(WebUIKeywordMain.groovy:35)
	at com.kms.katalon.core.webui.keyword.builtin.ClickKeyword.click(ClickKeyword.groovy:75)
	at com.kms.katalon.core.webui.keyword.builtin.ClickKeyword.execute(ClickKeyword.groovy:40)
	at com.kms.katalon.core.keyword.internal.KeywordExecutor.executeKeywordForPlatform(KeywordExecutor.groovy:74)
	at com.kms.katalon.core.webui.keyword.WebUiBuiltInKeywords.click(WebUiBuiltInKeywords.groovy:696)
	at Script1741840234352.run(Script1741840234352.groovy:70)
	... 18 more
)

21-03-2025T08:04:25 - [MESSAGE][FAILED] - Unable to click on object 'Object Repository/Amazon_ValidatingPlacingAOrder_OR/Page_Place Your Order - Amazon Checkout/span_Sign Out' (Root cause: com.kms.katalon.core.exception.StepFailedException: Unable to click on object 'Object Repository/Amazon_ValidatingPlacingAOrder_OR/Page_Place Your Order - Amazon Checkout/span_Sign Out'
	at com.kms.katalon.core.webui.keyword.internal.WebUIKeywordMain.stepFailed(WebUIKeywordMain.groovy:117)
	at com.kms.katalon.core.webui.keyword.internal.WebUIKeywordMain.runKeyword(WebUIKeywordMain.groovy:43)
	at com.kms.katalon.core.webui.keyword.builtin.ClickKeyword.click(ClickKeyword.groovy:75)
	at com.kms.katalon.core.webui.keyword.builtin.ClickKeyword.execute(ClickKeyword.groovy:40)
	at com.kms.katalon.core.keyword.internal.KeywordExecutor.executeKeywordForPlatform(KeywordExecutor.groovy:74)
	at com.kms.katalon.core.webui.keyword.WebUiBuiltInKeywords.click(WebUiBuiltInKeywords.groovy:696)
	at TC_Amazon_ValidatePlacingAOrder_009.run(TC_Amazon_ValidatePlacingAOrder_009:70)
	at com.kms.katalon.core.main.ScriptEngine.run(ScriptEngine.java:194)
	at com.kms.katalon.core.main.ScriptEngine.runScriptAsRawText(ScriptEngine.java:119)
	at com.kms.katalon.core.main.TestCaseExecutor.runScript(TestCaseExecutor.java:448)
	at com.kms.katalon.core.main.TestCaseExecutor.doExecute(TestCaseExecutor.java:439)
	at com.kms.katalon.core.main.TestCaseExecutor.processExecutionPhase(TestCaseExecutor.java:418)
	at com.kms.katalon.core.main.TestCaseExecutor.accessMainPhase(TestCaseExecutor.java:410)
	at com.kms.katalon.core.main.TestCaseExecutor.execute(TestCaseExecutor.java:285)
	at com.kms.katalon.core.main.TestCaseExecutor.execute(TestCaseExecutor.java:369)
	at com.kms.katalon.core.main.TestCaseExecutor.execute(TestCaseExecutor.java:369)
	at com.kms.katalon.core.main.TestCaseExecutor.execute(TestCaseExecutor.java:369)
	at com.kms.katalon.core.common.CommonExecutor.accessTestCaseMainPhase(CommonExecutor.java:71)
	at com.kms.katalon.core.main.TestSuiteExecutor.accessTestSuiteMainPhase(TestSuiteExecutor.java:160)
	at com.kms.katalon.core.main.TestSuiteExecutor.execute(TestSuiteExecutor.java:107)
	at com.kms.katalon.core.main.TestCaseMain.startTestSuite(TestCaseMain.java:180)
	at TempTestSuite1742523221089.run(TempTestSuite1742523221089.groovy:35)
	at java.base/jdk.internal.reflect.NativeMethodAccessorImpl.invoke0(Native Method)
	at java.base/jdk.internal.reflect.NativeMethodAccessorImpl.invoke(NativeMethodAccessorImpl.java:77)
	at java.base/jdk.internal.reflect.DelegatingMethodAccessorImpl.invoke(DelegatingMethodAccessorImpl.java:43)
Caused by: org.openqa.selenium.ElementNotInteractableException: Element <span class="nav-text"> could not be scrolled into view
Build info: version: '4.22.0', revision: 'c5f3146703'
System info: os.name: 'Windows 11', os.arch: 'amd64', os.version: '10.0', java.version: '17.0.13'
Driver info: com.kms.katalon.selenium.driver.CFirefoxDriver
Command: [fa81461b-03a5-45b3-b016-6ca0f43ab4a2, clickElement {id=d86f0f08-57fe-496f-be18-0be066e2766f}]
Capabilities {acceptInsecureCerts: true, browserName: firefox, browserVersion: 136.0.2, moz:accessibilityChecks: false, moz:buildID: 20250317120031, moz:debuggerAddress: 127.0.0.1:20477, moz:geckodriverVersion: 0.36.0, moz:headless: false, moz:platformVersion: 10.0, moz:processID: 10900, moz:profile: C:\Users\Asus\AppData\Local..., moz:shutdownTimeout: 60000, moz:webdriverClick: true, moz:windowless: false, pageLoadStrategy: normal, platformName: windows, proxy: Proxy(), se:cdp: ws://127.0.0.1:20477/devtoo..., se:cdpVersion: 85.0, setWindowRect: true, strictFileInteractability: false, timeouts: {implicit: 0, pageLoad: 300000, script: 30000}, unhandledPromptBehavior: ignore, userAgent: Mozilla/5.0 (Windows NT 10...., webSocketUrl: ws://127.0.0.1:20477/sessio...}
Element: [[CFirefoxDriver: firefox on windows (fa81461b-03a5-45b3-b016-6ca0f43ab4a2)] -> xpath: //a[@id='nav-item-signout']/span]
Session ID: fa81461b-03a5-45b3-b016-6ca0f43ab4a2
	at java.base/jdk.internal.reflect.NativeConstructorAccessorImpl.newInstance0(Native Method)
	at java.base/jdk.internal.reflect.NativeConstructorAccessorImpl.newInstance(NativeConstructorAccessorImpl.java:77)
	at java.base/jdk.internal.reflect.DelegatingConstructorAccessorImpl.newInstance(DelegatingConstructorAccessorImpl.java:45)
	at org.openqa.selenium.remote.ErrorCodec.decode(ErrorCodec.java:167)
	at org.openqa.selenium.remote.codec.w3c.W3CHttpResponseCodec.decode(W3CHttpResponseCodec.java:138)
	at org.openqa.selenium.remote.codec.w3c.W3CHttpResponseCodec.decode(W3CHttpResponseCodec.java:50)
	at org.openqa.selenium.remote.HttpCommandExecutor.execute(HttpCommandExecutor.java:190)
	at org.openqa.selenium.remote.service.DriverCommandExecutor.invokeExecute(DriverCommandExecutor.java:216)
	at org.openqa.selenium.remote.service.DriverCommandExecutor.execute(DriverCommandExecutor.java:174)
	at org.openqa.selenium.remote.RemoteWebDriver.execute(RemoteWebDriver.java:518)
	at org.openqa.selenium.remote.RemoteWebElement.execute(RemoteWebElement.java:223)
	at org.openqa.selenium.remote.RemoteWebElement.click(RemoteWebElement.java:76)
	at jdk.internal.reflect.GeneratedMethodAccessor30.invoke(Unknown Source)
	at java.base/jdk.internal.reflect.DelegatingMethodAccessorImpl.invoke(DelegatingMethodAccessorImpl.java:43)
	at org.openqa.selenium.support.decorators.WebDriverDecorator.call(WebDriverDecorator.java:249)
	at org.openqa.selenium.support.decorators.DefaultDecorated.call(DefaultDecorated.java:48)
	at org.openqa.selenium.support.decorators.WebDriverDecorator.lambda$createProxy$2(WebDriverDecorator.java:321)
	at net.bytebuddy.renamed.java.lang.Object$ByteBuddy$kduVsg0X.click(Unknown Source)
	at org.openqa.selenium.WebElement$click.call(Unknown Source)
	at org.openqa.selenium.WebElement$click.call(Unknown Source)
	at com.kms.katalon.core.webui.keyword.builtin.ClickKeyword.clickUntilSuccessWithTimeout(ClickKeyword.groovy:82)
	at com.kms.katalon.core.webui.keyword.builtin.ClickKeyword.clickUntilSuccessWithTimeout(ClickKeyword.groovy)
	at jdk.internal.reflect.GeneratedMethodAccessor34.invoke(Unknown Source)
	at java.base/jdk.internal.reflect.DelegatingMethodAccessorImpl.invoke(DelegatingMethodAccessorImpl.java:43)
	at com.kms.katalon.core.webui.keyword.builtin.ClickKeyword$_click_closure1.doCall(ClickKeyword.groovy:68)
	at com.kms.katalon.core.webui.keyword.builtin.ClickKeyword$_click_closure1.call(ClickKeyword.groovy)
	at com.kms.katalon.core.webui.keyword.internal.WebUIKeywordMain.runKeyword(WebUIKeywordMain.groovy:35)
	at com.kms.katalon.core.webui.keyword.builtin.ClickKeyword.click(ClickKeyword.groovy:75)
	at com.kms.katalon.core.webui.keyword.builtin.ClickKeyword.execute(ClickKeyword.groovy:40)
	at com.kms.katalon.core.keyword.internal.KeywordExecutor.executeKeywordForPlatform(KeywordExecutor.groovy:74)
	at com.kms.katalon.core.webui.keyword.WebUiBuiltInKeywords.click(WebUiBuiltInKeywords.groovy:696)
	at Script1741840234352.run(Script1741840234352.groovy:70)
	... 18 more
)
[[ATTACHMENT|E:\\Software Automation Testing\\Amazon\\Reports\\20250321_074341\\TS_Amazon_03\\20250321_074341\\1742524465872.png]]

21-03-2025T08:04:25 - [TEST_STEP][PASSED] - closeBrowser(): Browser is closed

21-03-2025T08:04:27 - [MESSAGE][PASSED] - Browser is closed]]></system-out>
         <system-err><![CDATA[21-03-2025T07:58:45 - [TEST_CASE][FAILED] - Test Cases/TC_Amazon_ValidatePlacingAOrder_009: Test Cases/TC_Amazon_ValidatePlacingAOrder_009 FAILED.
Reason:
com.kms.katalon.core.exception.StepFailedException: Unable to select option by value 'search-alias=stripbooks' of object 'Object Repository/Amazon_ValidatingPlacingAOrder_OR/Page_Online Shopping site in India Shop Onl_10c5f3/select_All Categories        Alexa Skills  _59be89'  using regular expression (Root cause: com.kms.katalon.core.exception.StepFailedException: Unable to select option by value 'search-alias=stripbooks' of object 'Object Repository/Amazon_ValidatingPlacingAOrder_OR/Page_Online Shopping site in India Shop Onl_10c5f3/select_All Categories        Alexa Skills  _59be89'  using regular expression
	at com.kms.katalon.core.webui.keyword.internal.WebUIKeywordMain.stepFailed(WebUIKeywordMain.groovy:117)
	at com.kms.katalon.core.webui.keyword.internal.WebUIKeywordMain.runKeyword(WebUIKeywordMain.groovy:43)
	at com.kms.katalon.core.webui.keyword.builtin.SelectOptionByValueKeyword.selectOptionByValue(SelectOptionByValueKeyword.groovy:69)
	at com.kms.katalon.core.webui.keyword.builtin.SelectOptionByValueKeyword.execute(SelectOptionByValueKeyword.groovy:42)
	at com.kms.katalon.core.keyword.internal.KeywordExecutor.executeKeywordForPlatform(KeywordExecutor.groovy:74)
	at com.kms.katalon.core.webui.keyword.WebUiBuiltInKeywords.selectOptionByValue(WebUiBuiltInKeywords.groovy:1244)
	at TC_Amazon_ValidatePlacingAOrder_009.run(TC_Amazon_ValidatePlacingAOrder_009:38)
	at com.kms.katalon.core.main.ScriptEngine.run(ScriptEngine.java:194)
	at com.kms.katalon.core.main.ScriptEngine.runScriptAsRawText(ScriptEngine.java:119)
	at com.kms.katalon.core.main.TestCaseExecutor.runScript(TestCaseExecutor.java:448)
	at com.kms.katalon.core.main.TestCaseExecutor.doExecute(TestCaseExecutor.java:439)
	at com.kms.katalon.core.main.TestCaseExecutor.processExecutionPhase(TestCaseExecutor.java:418)
	at com.kms.katalon.core.main.TestCaseExecutor.accessMainPhase(TestCaseExecutor.java:410)
	at com.kms.katalon.core.main.TestCaseExecutor.execute(TestCaseExecutor.java:285)
	at com.kms.katalon.core.main.TestCaseExecutor.execute(TestCaseExecutor.java:369)
	at com.kms.katalon.core.main.TestCaseExecutor.execute(TestCaseExecutor.java:369)
	at com.kms.katalon.core.main.TestCaseExecutor.execute(TestCaseExecutor.java:369)
	at com.kms.katalon.core.common.CommonExecutor.accessTestCaseMainPhase(CommonExecutor.java:71)
	at com.kms.katalon.core.main.TestSuiteExecutor.accessTestSuiteMainPhase(TestSuiteExecutor.java:160)
	at com.kms.katalon.core.main.TestSuiteExecutor.execute(TestSuiteExecutor.java:107)
	at com.kms.katalon.core.main.TestCaseMain.startTestSuite(TestCaseMain.java:180)
	at TempTestSuite1742523221089.run(TempTestSuite1742523221089.groovy:35)
	at java.base/jdk.internal.reflect.NativeMethodAccessorImpl.invoke0(Native Method)
	at java.base/jdk.internal.reflect.NativeMethodAccessorImpl.invoke(NativeMethodAccessorImpl.java:77)
	at java.base/jdk.internal.reflect.DelegatingMethodAccessorImpl.invoke(DelegatingMethodAccessorImpl.java:43)
Caused by: org.openqa.selenium.ElementNotInteractableException: Element <option> could not be scrolled into view
Build info: version: '4.22.0', revision: 'c5f3146703'
System info: os.name: 'Windows 11', os.arch: 'amd64', os.version: '10.0', java.version: '17.0.13'
Driver info: com.kms.katalon.selenium.driver.CFirefoxDriver
Command: [fa81461b-03a5-45b3-b016-6ca0f43ab4a2, clickElement {id=363bae58-577e-4dd3-9de8-6451f2bbf97c}]
Capabilities {acceptInsecureCerts: true, browserName: firefox, browserVersion: 136.0.2, moz:accessibilityChecks: false, moz:buildID: 20250317120031, moz:debuggerAddress: 127.0.0.1:20477, moz:geckodriverVersion: 0.36.0, moz:headless: false, moz:platformVersion: 10.0, moz:processID: 10900, moz:profile: C:\Users\Asus\AppData\Local..., moz:shutdownTimeout: 60000, moz:webdriverClick: true, moz:windowless: false, pageLoadStrategy: normal, platformName: windows, proxy: Proxy(), se:cdp: ws://127.0.0.1:20477/devtoo..., se:cdpVersion: 85.0, setWindowRect: true, strictFileInteractability: false, timeouts: {implicit: 0, pageLoad: 300000, script: 30000}, unhandledPromptBehavior: ignore, userAgent: Mozilla/5.0 (Windows NT 10...., webSocketUrl: ws://127.0.0.1:20477/sessio...}
Element: [[[[CFirefoxDriver: firefox on windows (fa81461b-03a5-45b3-b016-6ca0f43ab4a2)] -> xpath: //select[@id='searchDropdownBox']]] -> tag name: option]
Session ID: fa81461b-03a5-45b3-b016-6ca0f43ab4a2
	at java.base/jdk.internal.reflect.NativeConstructorAccessorImpl.newInstance0(Native Method)
	at java.base/jdk.internal.reflect.NativeConstructorAccessorImpl.newInstance(NativeConstructorAccessorImpl.java:77)
	at java.base/jdk.internal.reflect.DelegatingConstructorAccessorImpl.newInstance(DelegatingConstructorAccessorImpl.java:45)
	at org.openqa.selenium.remote.ErrorCodec.decode(ErrorCodec.java:167)
	at org.openqa.selenium.remote.codec.w3c.W3CHttpResponseCodec.decode(W3CHttpResponseCodec.java:138)
	at org.openqa.selenium.remote.codec.w3c.W3CHttpResponseCodec.decode(W3CHttpResponseCodec.java:50)
	at org.openqa.selenium.remote.HttpCommandExecutor.execute(HttpCommandExecutor.java:190)
	at org.openqa.selenium.remote.service.DriverCommandExecutor.invokeExecute(DriverCommandExecutor.java:216)
	at org.openqa.selenium.remote.service.DriverCommandExecutor.execute(DriverCommandExecutor.java:174)
	at org.openqa.selenium.remote.RemoteWebDriver.execute(RemoteWebDriver.java:518)
	at org.openqa.selenium.remote.RemoteWebElement.execute(RemoteWebElement.java:223)
	at org.openqa.selenium.remote.RemoteWebElement.click(RemoteWebElement.java:76)
	at jdk.internal.reflect.GeneratedMethodAccessor30.invoke(Unknown Source)
	at java.base/jdk.internal.reflect.DelegatingMethodAccessorImpl.invoke(DelegatingMethodAccessorImpl.java:43)
	at org.openqa.selenium.support.decorators.WebDriverDecorator.call(WebDriverDecorator.java:249)
	at org.openqa.selenium.support.decorators.DefaultDecorated.call(DefaultDecorated.java:48)
	at org.openqa.selenium.support.decorators.WebDriverDecorator.lambda$createProxy$2(WebDriverDecorator.java:321)
	at net.bytebuddy.renamed.java.lang.Object$ByteBuddy$DljqZ5Tf.click(Unknown Source)
	at org.openqa.selenium.support.ui.Select.setSelected(Select.java:315)
	at org.openqa.selenium.support.ui.Select.setSelectedByIndex(Select.java:299)
	at org.openqa.selenium.support.ui.Select.selectByIndex(Select.java:179)
	at com.kms.katalon.core.webui.common.WebUiCommonHelper.selectOrDeselectOptionsByValueByRegularExpression(WebUiCommonHelper.java:294)
	at com.kms.katalon.core.webui.common.WebUiCommonHelper.selectOrDeselectOptionsByValue(WebUiCommonHelper.java:273)
	at com.kms.katalon.core.webui.common.WebUiCommonHelper$selectOrDeselectOptionsByValue.call(Unknown Source)
	at com.kms.katalon.core.webui.keyword.builtin.SelectOptionByValueKeyword.selectOrDeselectOptionsByValue(SelectOptionByValueKeyword.groovy:80)
	at com.kms.katalon.core.webui.keyword.builtin.SelectOptionByValueKeyword.access$0(SelectOptionByValueKeyword.groovy)
	at com.kms.katalon.core.webui.keyword.builtin.SelectOptionByValueKeyword$_selectOptionByValue_closure1.doCall(SelectOptionByValueKeyword.groovy:58)
	at com.kms.katalon.core.webui.keyword.builtin.SelectOptionByValueKeyword$_selectOptionByValue_closure1.call(SelectOptionByValueKeyword.groovy)
	at com.kms.katalon.core.webui.keyword.internal.WebUIKeywordMain.runKeyword(WebUIKeywordMain.groovy:35)
	at com.kms.katalon.core.webui.keyword.builtin.SelectOptionByValueKeyword.selectOptionByValue(SelectOptionByValueKeyword.groovy:69)
	at com.kms.katalon.core.webui.keyword.builtin.SelectOptionByValueKeyword.execute(SelectOptionByValueKeyword.groovy:42)
	at com.kms.katalon.core.keyword.internal.KeywordExecutor.executeKeywordForPlatform(KeywordExecutor.groovy:74)
	at com.kms.katalon.core.webui.keyword.WebUiBuiltInKeywords.selectOptionByValue(WebUiBuiltInKeywords.groovy:1244)
	at Script1741840234352.run(Script1741840234352.groovy:38)
	... 18 more
)
	at com.kms.katalon.core.keyword.internal.KeywordMain.stepFailed(KeywordMain.groovy:39)
	at com.kms.katalon.core.webui.keyword.internal.WebUIKeywordMain.stepFailed(WebUIKeywordMain.groovy:117)
	at com.kms.katalon.core.webui.keyword.internal.WebUIKeywordMain.runKeyword(WebUIKeywordMain.groovy:43)
	at com.kms.katalon.core.webui.keyword.builtin.SelectOptionByValueKeyword.selectOptionByValue(SelectOptionByValueKeyword.groovy:69)
	at com.kms.katalon.core.webui.keyword.builtin.SelectOptionByValueKeyword.execute(SelectOptionByValueKeyword.groovy:42)
	at com.kms.katalon.core.keyword.internal.KeywordExecutor.executeKeywordForPlatform(KeywordExecutor.groovy:74)
	at com.kms.katalon.core.webui.keyword.WebUiBuiltInKeywords.selectOptionByValue(WebUiBuiltInKeywords.groovy:1244)
	at TC_Amazon_ValidatePlacingAOrder_009.run(TC_Amazon_ValidatePlacingAOrder_009:38)
	at com.kms.katalon.core.main.ScriptEngine.run(ScriptEngine.java:194)
	at com.kms.katalon.core.main.ScriptEngine.runScriptAsRawText(ScriptEngine.java:119)
	at com.kms.katalon.core.main.TestCaseExecutor.runScript(TestCaseExecutor.java:448)
	at com.kms.katalon.core.main.TestCaseExecutor.doExecute(TestCaseExecutor.java:439)
	at com.kms.katalon.core.main.TestCaseExecutor.processExecutionPhase(TestCaseExecutor.java:418)
	at com.kms.katalon.core.main.TestCaseExecutor.accessMainPhase(TestCaseExecutor.java:410)
	at com.kms.katalon.core.main.TestCaseExecutor.execute(TestCaseExecutor.java:285)
	at com.kms.katalon.core.main.TestCaseExecutor.execute(TestCaseExecutor.java:369)
	at com.kms.katalon.core.main.TestCaseExecutor.execute(TestCaseExecutor.java:369)
	at com.kms.katalon.core.main.TestCaseExecutor.execute(TestCaseExecutor.java:369)
	at com.kms.katalon.core.common.CommonExecutor.accessTestCaseMainPhase(CommonExecutor.java:71)
	at com.kms.katalon.core.main.TestSuiteExecutor.accessTestSuiteMainPhase(TestSuiteExecutor.java:160)
	at com.kms.katalon.core.main.TestSuiteExecutor.execute(TestSuiteExecutor.java:107)
	at com.kms.katalon.core.main.TestCaseMain.startTestSuite(TestCaseMain.java:180)
	at TempTestSuite1742523221089.run(TempTestSuite1742523221089.groovy:35)
	at java.base/jdk.internal.reflect.NativeMethodAccessorImpl.invoke0(Native Method)
	at java.base/jdk.internal.reflect.NativeMethodAccessorImpl.invoke(NativeMethodAccessorImpl.java:77)
	at java.base/jdk.internal.reflect.DelegatingMethodAccessorImpl.invoke(DelegatingMethodAccessorImpl.java:43)
Caused by: com.kms.katalon.core.exception.StepFailedException: Unable to select option by value 'search-alias=stripbooks' of object 'Object Repository/Amazon_ValidatingPlacingAOrder_OR/Page_Online Shopping site in India Shop Onl_10c5f3/select_All Categories        Alexa Skills  _59be89'  using regular expression
	... 25 more
Caused by: org.openqa.selenium.ElementNotInteractableException: Element <option> could not be scrolled into view
Build info: version: '4.22.0', revision: 'c5f3146703'
System info: os.name: 'Windows 11', os.arch: 'amd64', os.version: '10.0', java.version: '17.0.13'
Driver info: com.kms.katalon.selenium.driver.CFirefoxDriver
Command: [fa81461b-03a5-45b3-b016-6ca0f43ab4a2, clickElement {id=363bae58-577e-4dd3-9de8-6451f2bbf97c}]
Capabilities {acceptInsecureCerts: true, browserName: firefox, browserVersion: 136.0.2, moz:accessibilityChecks: false, moz:buildID: 20250317120031, moz:debuggerAddress: 127.0.0.1:20477, moz:geckodriverVersion: 0.36.0, moz:headless: false, moz:platformVersion: 10.0, moz:processID: 10900, moz:profile: C:\Users\Asus\AppData\Local..., moz:shutdownTimeout: 60000, moz:webdriverClick: true, moz:windowless: false, pageLoadStrategy: normal, platformName: windows, proxy: Proxy(), se:cdp: ws://127.0.0.1:20477/devtoo..., se:cdpVersion: 85.0, setWindowRect: true, strictFileInteractability: false, timeouts: {implicit: 0, pageLoad: 300000, script: 30000}, unhandledPromptBehavior: ignore, userAgent: Mozilla/5.0 (Windows NT 10...., webSocketUrl: ws://127.0.0.1:20477/sessio...}
Element: [[[[CFirefoxDriver: firefox on windows (fa81461b-03a5-45b3-b016-6ca0f43ab4a2)] -> xpath: //select[@id='searchDropdownBox']]] -> tag name: option]
Session ID: fa81461b-03a5-45b3-b016-6ca0f43ab4a2
	at java.base/jdk.internal.reflect.NativeConstructorAccessorImpl.newInstance0(Native Method)
	at java.base/jdk.internal.reflect.NativeConstructorAccessorImpl.newInstance(NativeConstructorAccessorImpl.java:77)
	at java.base/jdk.internal.reflect.DelegatingConstructorAccessorImpl.newInstance(DelegatingConstructorAccessorImpl.java:45)
	at org.openqa.selenium.remote.ErrorCodec.decode(ErrorCodec.java:167)
	at org.openqa.selenium.remote.codec.w3c.W3CHttpResponseCodec.decode(W3CHttpResponseCodec.java:138)
	at org.openqa.selenium.remote.codec.w3c.W3CHttpResponseCodec.decode(W3CHttpResponseCodec.java:50)
	at org.openqa.selenium.remote.HttpCommandExecutor.execute(HttpCommandExecutor.java:190)
	at org.openqa.selenium.remote.service.DriverCommandExecutor.invokeExecute(DriverCommandExecutor.java:216)
	at org.openqa.selenium.remote.service.DriverCommandExecutor.execute(DriverCommandExecutor.java:174)
	at org.openqa.selenium.remote.RemoteWebDriver.execute(RemoteWebDriver.java:518)
	at org.openqa.selenium.remote.RemoteWebElement.execute(RemoteWebElement.java:223)
	at org.openqa.selenium.remote.RemoteWebElement.click(RemoteWebElement.java:76)
	at jdk.internal.reflect.GeneratedMethodAccessor30.invoke(Unknown Source)
	at java.base/jdk.internal.reflect.DelegatingMethodAccessorImpl.invoke(DelegatingMethodAccessorImpl.java:43)
	at org.openqa.selenium.support.decorators.WebDriverDecorator.call(WebDriverDecorator.java:249)
	at org.openqa.selenium.support.decorators.DefaultDecorated.call(DefaultDecorated.java:48)
	at org.openqa.selenium.support.decorators.WebDriverDecorator.lambda$createProxy$2(WebDriverDecorator.java:321)
	at net.bytebuddy.renamed.java.lang.Object$ByteBuddy$DljqZ5Tf.click(Unknown Source)
	at org.openqa.selenium.support.ui.Select.setSelected(Select.java:315)
	at org.openqa.selenium.support.ui.Select.setSelectedByIndex(Select.java:299)
	at org.openqa.selenium.support.ui.Select.selectByIndex(Select.java:179)
	at com.kms.katalon.core.webui.common.WebUiCommonHelper.selectOrDeselectOptionsByValueByRegularExpression(WebUiCommonHelper.java:294)
	at com.kms.katalon.core.webui.common.WebUiCommonHelper.selectOrDeselectOptionsByValue(WebUiCommonHelper.java:273)
	at com.kms.katalon.core.webui.common.WebUiCommonHelper$selectOrDeselectOptionsByValue.call(Unknown Source)
	at com.kms.katalon.core.webui.keyword.builtin.SelectOptionByValueKeyword.selectOrDeselectOptionsByValue(SelectOptionByValueKeyword.groovy:80)
	at com.kms.katalon.core.webui.keyword.builtin.SelectOptionByValueKeyword.access$0(SelectOptionByValueKeyword.groovy)
	at com.kms.katalon.core.webui.keyword.builtin.SelectOptionByValueKeyword$_selectOptionByValue_closure1.doCall(SelectOptionByValueKeyword.groovy:58)
	at com.kms.katalon.core.webui.keyword.builtin.SelectOptionByValueKeyword$_selectOptionByValue_closure1.call(SelectOptionByValueKeyword.groovy)
	at com.kms.katalon.core.webui.keyword.internal.WebUIKeywordMain.runKeyword(WebUIKeywordMain.groovy:35)
	... 23 more]]></system-err>
      </testcase>
      <testcase name="Test Cases/TC_Amazon_TrackOrder_010" time="81.904" classname="Test Cases/TC_Amazon_TrackOrder_010" status="FAILED">
         <failure type="FAILED" message="Test Cases/TC_Amazon_TrackOrder_010 FAILED.&#xa;Reason:&#xa;com.kms.katalon.core.exception.StepFailedException: Unable to click on object 'Object Repository/Amazon_TarackOrder_OR/Page_Online Shopping site in India Shop Onl_10c5f3/span_Your Orders' (Root cause: com.kms.katalon.core.exception.StepFailedException: Unable to click on object 'Object Repository/Amazon_TarackOrder_OR/Page_Online Shopping site in India Shop Onl_10c5f3/span_Your Orders'&#xa;	at com.kms.katalon.core.webui.keyword.internal.WebUIKeywordMain.stepFailed(WebUIKeywordMain.groovy:117)&#xa;	at com.kms.katalon.core.webui.keyword.internal.WebUIKeywordMain.runKeyword(WebUIKeywordMain.groovy:43)&#xa;	at com.kms.katalon.core.webui.keyword.builtin.ClickKeyword.click(ClickKeyword.groovy:75)&#xa;	at com.kms.katalon.core.webui.keyword.builtin.ClickKeyword.execute(ClickKeyword.groovy:40)&#xa;	at com.kms.katalon.core.keyword.internal.KeywordExecutor.executeKeywordForPlatform(KeywordExecutor.groovy:74)&#xa;	at com.kms.katalon.core.webui.keyword.WebUiBuiltInKeywords.click(WebUiBuiltInKeywords.groovy:696)&#xa;	at TC_Amazon_TrackOrder_010.run(TC_Amazon_TrackOrder_010:37)&#xa;	at com.kms.katalon.core.main.ScriptEngine.run(ScriptEngine.java:194)&#xa;	at com.kms.katalon.core.main.ScriptEngine.runScriptAsRawText(ScriptEngine.java:119)&#xa;	at com.kms.katalon.core.main.TestCaseExecutor.runScript(TestCaseExecutor.java:448)&#xa;	at com.kms.katalon.core.main.TestCaseExecutor.doExecute(TestCaseExecutor.java:439)&#xa;	at com.kms.katalon.core.main.TestCaseExecutor.processExecutionPhase(TestCaseExecutor.java:418)&#xa;	at com.kms.katalon.core.main.TestCaseExecutor.accessMainPhase(TestCaseExecutor.java:410)&#xa;	at com.kms.katalon.core.main.TestCaseExecutor.execute(TestCaseExecutor.java:285)&#xa;	at com.kms.katalon.core.main.TestCaseExecutor.execute(TestCaseExecutor.java:369)&#xa;	at com.kms.katalon.core.main.TestCaseExecutor.execute(TestCaseExecutor.java:369)&#xa;	at com.kms.katalon.core.main.TestCaseExecutor.execute(TestCaseExecutor.java:369)&#xa;	at com.kms.katalon.core.common.CommonExecutor.accessTestCaseMainPhase(CommonExecutor.java:71)&#xa;	at com.kms.katalon.core.main.TestSuiteExecutor.accessTestSuiteMainPhase(TestSuiteExecutor.java:160)&#xa;	at com.kms.katalon.core.main.TestSuiteExecutor.execute(TestSuiteExecutor.java:107)&#xa;	at com.kms.katalon.core.main.TestCaseMain.startTestSuite(TestCaseMain.java:180)&#xa;	at TempTestSuite1742523221089.run(TempTestSuite1742523221089.groovy:35)&#xa;	at java.base/jdk.internal.reflect.NativeMethodAccessorImpl.invoke0(Native Method)&#xa;	at java.base/jdk.internal.reflect.NativeMethodAccessorImpl.invoke(NativeMethodAccessorImpl.java:77)&#xa;	at java.base/jdk.internal.reflect.DelegatingMethodAccessorImpl.invoke(DelegatingMethodAccessorImpl.java:43)&#xa;Caused by: org.openqa.selenium.ElementNotInteractableException: Element &lt;span class=&quot;nav-text&quot;> could not be scrolled into view&#xa;Build info: version: '4.22.0', revision: 'c5f3146703'&#xa;System info: os.name: 'Windows 11', os.arch: 'amd64', os.version: '10.0', java.version: '17.0.13'&#xa;Driver info: com.kms.katalon.selenium.driver.CFirefoxDriver&#xa;Command: [341eb822-ccc5-4a5a-9eb3-03d4ea4aebb8, clickElement {id=be3f9261-6c6e-4b36-85e0-3df407792383}]&#xa;Capabilities {acceptInsecureCerts: true, browserName: firefox, browserVersion: 136.0.2, moz:accessibilityChecks: false, moz:buildID: 20250317120031, moz:debuggerAddress: 127.0.0.1:46595, moz:geckodriverVersion: 0.36.0, moz:headless: false, moz:platformVersion: 10.0, moz:processID: 18568, moz:profile: C:\Users\Asus\AppData\Local..., moz:shutdownTimeout: 60000, moz:webdriverClick: true, moz:windowless: false, pageLoadStrategy: normal, platformName: windows, proxy: Proxy(), se:cdp: ws://127.0.0.1:46595/devtoo..., se:cdpVersion: 85.0, setWindowRect: true, strictFileInteractability: false, timeouts: {implicit: 0, pageLoad: 300000, script: 30000}, unhandledPromptBehavior: ignore, userAgent: Mozilla/5.0 (Windows NT 10...., webSocketUrl: ws://127.0.0.1:46595/sessio...}&#xa;Element: [[CFirefoxDriver: firefox on windows (341eb822-ccc5-4a5a-9eb3-03d4ea4aebb8)] -> xpath: //a[@id='nav_prefetch_yourorders']/span]&#xa;Session ID: 341eb822-ccc5-4a5a-9eb3-03d4ea4aebb8&#xa;	at jdk.internal.reflect.GeneratedConstructorAccessor30.newInstance(Unknown Source)&#xa;	at java.base/jdk.internal.reflect.DelegatingConstructorAccessorImpl.newInstance(DelegatingConstructorAccessorImpl.java:45)&#xa;	at org.openqa.selenium.remote.ErrorCodec.decode(ErrorCodec.java:167)&#xa;	at org.openqa.selenium.remote.codec.w3c.W3CHttpResponseCodec.decode(W3CHttpResponseCodec.java:138)&#xa;	at org.openqa.selenium.remote.codec.w3c.W3CHttpResponseCodec.decode(W3CHttpResponseCodec.java:50)&#xa;	at org.openqa.selenium.remote.HttpCommandExecutor.execute(HttpCommandExecutor.java:190)&#xa;	at org.openqa.selenium.remote.service.DriverCommandExecutor.invokeExecute(DriverCommandExecutor.java:216)&#xa;	at org.openqa.selenium.remote.service.DriverCommandExecutor.execute(DriverCommandExecutor.java:174)&#xa;	at org.openqa.selenium.remote.RemoteWebDriver.execute(RemoteWebDriver.java:518)&#xa;	at org.openqa.selenium.remote.RemoteWebElement.execute(RemoteWebElement.java:223)&#xa;	at org.openqa.selenium.remote.RemoteWebElement.click(RemoteWebElement.java:76)&#xa;	at jdk.internal.reflect.GeneratedMethodAccessor30.invoke(Unknown Source)&#xa;	at java.base/jdk.internal.reflect.DelegatingMethodAccessorImpl.invoke(DelegatingMethodAccessorImpl.java:43)&#xa;	at org.openqa.selenium.support.decorators.WebDriverDecorator.call(WebDriverDecorator.java:249)&#xa;	at org.openqa.selenium.support.decorators.DefaultDecorated.call(DefaultDecorated.java:48)&#xa;	at org.openqa.selenium.support.decorators.WebDriverDecorator.lambda$createProxy$2(WebDriverDecorator.java:321)&#xa;	at net.bytebuddy.renamed.java.lang.Object$ByteBuddy$q6xTtBte.click(Unknown Source)&#xa;	at org.openqa.selenium.WebElement$click.call(Unknown Source)&#xa;	at org.openqa.selenium.WebElement$click.call(Unknown Source)&#xa;	at com.kms.katalon.core.webui.keyword.builtin.ClickKeyword.clickUntilSuccessWithTimeout(ClickKeyword.groovy:82)&#xa;	at com.kms.katalon.core.webui.keyword.builtin.ClickKeyword.clickUntilSuccessWithTimeout(ClickKeyword.groovy)&#xa;	at jdk.internal.reflect.GeneratedMethodAccessor34.invoke(Unknown Source)&#xa;	at java.base/jdk.internal.reflect.DelegatingMethodAccessorImpl.invoke(DelegatingMethodAccessorImpl.java:43)&#xa;	at com.kms.katalon.core.webui.keyword.builtin.ClickKeyword$_click_closure1.doCall(ClickKeyword.groovy:68)&#xa;	at com.kms.katalon.core.webui.keyword.builtin.ClickKeyword$_click_closure1.call(ClickKeyword.groovy)&#xa;	at com.kms.katalon.core.webui.keyword.internal.WebUIKeywordMain.runKeyword(WebUIKeywordMain.groovy:35)&#xa;	at com.kms.katalon.core.webui.keyword.builtin.ClickKeyword.click(ClickKeyword.groovy:75)&#xa;	at com.kms.katalon.core.webui.keyword.builtin.ClickKeyword.execute(ClickKeyword.groovy:40)&#xa;	at com.kms.katalon.core.keyword.internal.KeywordExecutor.executeKeywordForPlatform(KeywordExecutor.groovy:74)&#xa;	at com.kms.katalon.core.webui.keyword.WebUiBuiltInKeywords.click(WebUiBuiltInKeywords.groovy:696)&#xa;	at Script1741840377066.run(Script1741840377066.groovy:37)&#xa;	... 18 more&#xa;)&#xa;	at com.kms.katalon.core.keyword.internal.KeywordMain.stepFailed(KeywordMain.groovy:39)&#xa;	at com.kms.katalon.core.webui.keyword.internal.WebUIKeywordMain.stepFailed(WebUIKeywordMain.groovy:117)&#xa;	at com.kms.katalon.core.webui.keyword.internal.WebUIKeywordMain.runKeyword(WebUIKeywordMain.groovy:43)&#xa;	at com.kms.katalon.core.webui.keyword.builtin.ClickKeyword.click(ClickKeyword.groovy:75)&#xa;	at com.kms.katalon.core.webui.keyword.builtin.ClickKeyword.execute(ClickKeyword.groovy:40)&#xa;	at com.kms.katalon.core.keyword.internal.KeywordExecutor.executeKeywordForPlatform(KeywordExecutor.groovy:74)&#xa;	at com.kms.katalon.core.webui.keyword.WebUiBuiltInKeywords.click(WebUiBuiltInKeywords.groovy:696)&#xa;	at TC_Amazon_TrackOrder_010.run(TC_Amazon_TrackOrder_010:37)&#xa;	at com.kms.katalon.core.main.ScriptEngine.run(ScriptEngine.java:194)&#xa;	at com.kms.katalon.core.main.ScriptEngine.runScriptAsRawText(ScriptEngine.java:119)&#xa;	at com.kms.katalon.core.main.TestCaseExecutor.runScript(TestCaseExecutor.java:448)&#xa;	at com.kms.katalon.core.main.TestCaseExecutor.doExecute(TestCaseExecutor.java:439)&#xa;	at com.kms.katalon.core.main.TestCaseExecutor.processExecutionPhase(TestCaseExecutor.java:418)&#xa;	at com.kms.katalon.core.main.TestCaseExecutor.accessMainPhase(TestCaseExecutor.java:410)&#xa;	at com.kms.katalon.core.main.TestCaseExecutor.execute(TestCaseExecutor.java:285)&#xa;	at com.kms.katalon.core.main.TestCaseExecutor.execute(TestCaseExecutor.java:369)&#xa;	at com.kms.katalon.core.main.TestCaseExecutor.execute(TestCaseExecutor.java:369)&#xa;	at com.kms.katalon.core.main.TestCaseExecutor.execute(TestCaseExecutor.java:369)&#xa;	at com.kms.katalon.core.common.CommonExecutor.accessTestCaseMainPhase(CommonExecutor.java:71)&#xa;	at com.kms.katalon.core.main.TestSuiteExecutor.accessTestSuiteMainPhase(TestSuiteExecutor.java:160)&#xa;	at com.kms.katalon.core.main.TestSuiteExecutor.execute(TestSuiteExecutor.java:107)&#xa;	at com.kms.katalon.core.main.TestCaseMain.startTestSuite(TestCaseMain.java:180)&#xa;	at TempTestSuite1742523221089.run(TempTestSuite1742523221089.groovy:35)&#xa;	at java.base/jdk.internal.reflect.NativeMethodAccessorImpl.invoke0(Native Method)&#xa;	at java.base/jdk.internal.reflect.NativeMethodAccessorImpl.invoke(NativeMethodAccessorImpl.java:77)&#xa;	at java.base/jdk.internal.reflect.DelegatingMethodAccessorImpl.invoke(DelegatingMethodAccessorImpl.java:43)&#xa;Caused by: com.kms.katalon.core.exception.StepFailedException: Unable to click on object 'Object Repository/Amazon_TarackOrder_OR/Page_Online Shopping site in India Shop Onl_10c5f3/span_Your Orders'&#xa;	... 25 more&#xa;Caused by: org.openqa.selenium.ElementNotInteractableException: Element &lt;span class=&quot;nav-text&quot;> could not be scrolled into view&#xa;Build info: version: '4.22.0', revision: 'c5f3146703'&#xa;System info: os.name: 'Windows 11', os.arch: 'amd64', os.version: '10.0', java.version: '17.0.13'&#xa;Driver info: com.kms.katalon.selenium.driver.CFirefoxDriver&#xa;Command: [341eb822-ccc5-4a5a-9eb3-03d4ea4aebb8, clickElement {id=be3f9261-6c6e-4b36-85e0-3df407792383}]&#xa;Capabilities {acceptInsecureCerts: true, browserName: firefox, browserVersion: 136.0.2, moz:accessibilityChecks: false, moz:buildID: 20250317120031, moz:debuggerAddress: 127.0.0.1:46595, moz:geckodriverVersion: 0.36.0, moz:headless: false, moz:platformVersion: 10.0, moz:processID: 18568, moz:profile: C:\Users\Asus\AppData\Local..., moz:shutdownTimeout: 60000, moz:webdriverClick: true, moz:windowless: false, pageLoadStrategy: normal, platformName: windows, proxy: Proxy(), se:cdp: ws://127.0.0.1:46595/devtoo..., se:cdpVersion: 85.0, setWindowRect: true, strictFileInteractability: false, timeouts: {implicit: 0, pageLoad: 300000, script: 30000}, unhandledPromptBehavior: ignore, userAgent: Mozilla/5.0 (Windows NT 10...., webSocketUrl: ws://127.0.0.1:46595/sessio...}&#xa;Element: [[CFirefoxDriver: firefox on windows (341eb822-ccc5-4a5a-9eb3-03d4ea4aebb8)] -> xpath: //a[@id='nav_prefetch_yourorders']/span]&#xa;Session ID: 341eb822-ccc5-4a5a-9eb3-03d4ea4aebb8&#xa;	at jdk.internal.reflect.GeneratedConstructorAccessor30.newInstance(Unknown Source)&#xa;	at java.base/jdk.internal.reflect.DelegatingConstructorAccessorImpl.newInstance(DelegatingConstructorAccessorImpl.java:45)&#xa;	at org.openqa.selenium.remote.ErrorCodec.decode(ErrorCodec.java:167)&#xa;	at org.openqa.selenium.remote.codec.w3c.W3CHttpResponseCodec.decode(W3CHttpResponseCodec.java:138)&#xa;	at org.openqa.selenium.remote.codec.w3c.W3CHttpResponseCodec.decode(W3CHttpResponseCodec.java:50)&#xa;	at org.openqa.selenium.remote.HttpCommandExecutor.execute(HttpCommandExecutor.java:190)&#xa;	at org.openqa.selenium.remote.service.DriverCommandExecutor.invokeExecute(DriverCommandExecutor.java:216)&#xa;	at org.openqa.selenium.remote.service.DriverCommandExecutor.execute(DriverCommandExecutor.java:174)&#xa;	at org.openqa.selenium.remote.RemoteWebDriver.execute(RemoteWebDriver.java:518)&#xa;	at org.openqa.selenium.remote.RemoteWebElement.execute(RemoteWebElement.java:223)&#xa;	at org.openqa.selenium.remote.RemoteWebElement.click(RemoteWebElement.java:76)&#xa;	at jdk.internal.reflect.GeneratedMethodAccessor30.invoke(Unknown Source)&#xa;	at java.base/jdk.internal.reflect.DelegatingMethodAccessorImpl.invoke(DelegatingMethodAccessorImpl.java:43)&#xa;	at org.openqa.selenium.support.decorators.WebDriverDecorator.call(WebDriverDecorator.java:249)&#xa;	at org.openqa.selenium.support.decorators.DefaultDecorated.call(DefaultDecorated.java:48)&#xa;	at org.openqa.selenium.support.decorators.WebDriverDecorator.lambda$createProxy$2(WebDriverDecorator.java:321)&#xa;	at net.bytebuddy.renamed.java.lang.Object$ByteBuddy$q6xTtBte.click(Unknown Source)&#xa;	at org.openqa.selenium.WebElement$click.call(Unknown Source)&#xa;	at org.openqa.selenium.WebElement$click.call(Unknown Source)&#xa;	at com.kms.katalon.core.webui.keyword.builtin.ClickKeyword.clickUntilSuccessWithTimeout(ClickKeyword.groovy:82)&#xa;	at com.kms.katalon.core.webui.keyword.builtin.ClickKeyword.clickUntilSuccessWithTimeout(ClickKeyword.groovy)&#xa;	at jdk.internal.reflect.GeneratedMethodAccessor34.invoke(Unknown Source)&#xa;	at java.base/jdk.internal.reflect.DelegatingMethodAccessorImpl.invoke(DelegatingMethodAccessorImpl.java:43)&#xa;	at com.kms.katalon.core.webui.keyword.builtin.ClickKeyword$_click_closure1.doCall(ClickKeyword.groovy:68)&#xa;	at com.kms.katalon.core.webui.keyword.builtin.ClickKeyword$_click_closure1.call(ClickKeyword.groovy)&#xa;	at com.kms.katalon.core.webui.keyword.internal.WebUIKeywordMain.runKeyword(WebUIKeywordMain.groovy:35)&#xa;	... 23 more&#xa;"/>
         <system-out><![CDATA[21-03-2025T08:08:55 - [TEST_CASE][FAILED] - Test Cases/TC_Amazon_TrackOrder_010: Test Cases/TC_Amazon_TrackOrder_010 FAILED.
Reason:
com.kms.katalon.core.exception.StepFailedException: Unable to click on object 'Object Repository/Amazon_TarackOrder_OR/Page_Online Shopping site in India Shop Onl_10c5f3/span_Your Orders' (Root cause: com.kms.katalon.core.exception.StepFailedException: Unable to click on object 'Object Repository/Amazon_TarackOrder_OR/Page_Online Shopping site in India Shop Onl_10c5f3/span_Your Orders'
	at com.kms.katalon.core.webui.keyword.internal.WebUIKeywordMain.stepFailed(WebUIKeywordMain.groovy:117)
	at com.kms.katalon.core.webui.keyword.internal.WebUIKeywordMain.runKeyword(WebUIKeywordMain.groovy:43)
	at com.kms.katalon.core.webui.keyword.builtin.ClickKeyword.click(ClickKeyword.groovy:75)
	at com.kms.katalon.core.webui.keyword.builtin.ClickKeyword.execute(ClickKeyword.groovy:40)
	at com.kms.katalon.core.keyword.internal.KeywordExecutor.executeKeywordForPlatform(KeywordExecutor.groovy:74)
	at com.kms.katalon.core.webui.keyword.WebUiBuiltInKeywords.click(WebUiBuiltInKeywords.groovy:696)
	at TC_Amazon_TrackOrder_010.run(TC_Amazon_TrackOrder_010:37)
	at com.kms.katalon.core.main.ScriptEngine.run(ScriptEngine.java:194)
	at com.kms.katalon.core.main.ScriptEngine.runScriptAsRawText(ScriptEngine.java:119)
	at com.kms.katalon.core.main.TestCaseExecutor.runScript(TestCaseExecutor.java:448)
	at com.kms.katalon.core.main.TestCaseExecutor.doExecute(TestCaseExecutor.java:439)
	at com.kms.katalon.core.main.TestCaseExecutor.processExecutionPhase(TestCaseExecutor.java:418)
	at com.kms.katalon.core.main.TestCaseExecutor.accessMainPhase(TestCaseExecutor.java:410)
	at com.kms.katalon.core.main.TestCaseExecutor.execute(TestCaseExecutor.java:285)
	at com.kms.katalon.core.main.TestCaseExecutor.execute(TestCaseExecutor.java:369)
	at com.kms.katalon.core.main.TestCaseExecutor.execute(TestCaseExecutor.java:369)
	at com.kms.katalon.core.main.TestCaseExecutor.execute(TestCaseExecutor.java:369)
	at com.kms.katalon.core.common.CommonExecutor.accessTestCaseMainPhase(CommonExecutor.java:71)
	at com.kms.katalon.core.main.TestSuiteExecutor.accessTestSuiteMainPhase(TestSuiteExecutor.java:160)
	at com.kms.katalon.core.main.TestSuiteExecutor.execute(TestSuiteExecutor.java:107)
	at com.kms.katalon.core.main.TestCaseMain.startTestSuite(TestCaseMain.java:180)
	at TempTestSuite1742523221089.run(TempTestSuite1742523221089.groovy:35)
	at java.base/jdk.internal.reflect.NativeMethodAccessorImpl.invoke0(Native Method)
	at java.base/jdk.internal.reflect.NativeMethodAccessorImpl.invoke(NativeMethodAccessorImpl.java:77)
	at java.base/jdk.internal.reflect.DelegatingMethodAccessorImpl.invoke(DelegatingMethodAccessorImpl.java:43)
Caused by: org.openqa.selenium.ElementNotInteractableException: Element <span class="nav-text"> could not be scrolled into view
Build info: version: '4.22.0', revision: 'c5f3146703'
System info: os.name: 'Windows 11', os.arch: 'amd64', os.version: '10.0', java.version: '17.0.13'
Driver info: com.kms.katalon.selenium.driver.CFirefoxDriver
Command: [341eb822-ccc5-4a5a-9eb3-03d4ea4aebb8, clickElement {id=be3f9261-6c6e-4b36-85e0-3df407792383}]
Capabilities {acceptInsecureCerts: true, browserName: firefox, browserVersion: 136.0.2, moz:accessibilityChecks: false, moz:buildID: 20250317120031, moz:debuggerAddress: 127.0.0.1:46595, moz:geckodriverVersion: 0.36.0, moz:headless: false, moz:platformVersion: 10.0, moz:processID: 18568, moz:profile: C:\Users\Asus\AppData\Local..., moz:shutdownTimeout: 60000, moz:webdriverClick: true, moz:windowless: false, pageLoadStrategy: normal, platformName: windows, proxy: Proxy(), se:cdp: ws://127.0.0.1:46595/devtoo..., se:cdpVersion: 85.0, setWindowRect: true, strictFileInteractability: false, timeouts: {implicit: 0, pageLoad: 300000, script: 30000}, unhandledPromptBehavior: ignore, userAgent: Mozilla/5.0 (Windows NT 10...., webSocketUrl: ws://127.0.0.1:46595/sessio...}
Element: [[CFirefoxDriver: firefox on windows (341eb822-ccc5-4a5a-9eb3-03d4ea4aebb8)] -> xpath: //a[@id='nav_prefetch_yourorders']/span]
Session ID: 341eb822-ccc5-4a5a-9eb3-03d4ea4aebb8
	at jdk.internal.reflect.GeneratedConstructorAccessor30.newInstance(Unknown Source)
	at java.base/jdk.internal.reflect.DelegatingConstructorAccessorImpl.newInstance(DelegatingConstructorAccessorImpl.java:45)
	at org.openqa.selenium.remote.ErrorCodec.decode(ErrorCodec.java:167)
	at org.openqa.selenium.remote.codec.w3c.W3CHttpResponseCodec.decode(W3CHttpResponseCodec.java:138)
	at org.openqa.selenium.remote.codec.w3c.W3CHttpResponseCodec.decode(W3CHttpResponseCodec.java:50)
	at org.openqa.selenium.remote.HttpCommandExecutor.execute(HttpCommandExecutor.java:190)
	at org.openqa.selenium.remote.service.DriverCommandExecutor.invokeExecute(DriverCommandExecutor.java:216)
	at org.openqa.selenium.remote.service.DriverCommandExecutor.execute(DriverCommandExecutor.java:174)
	at org.openqa.selenium.remote.RemoteWebDriver.execute(RemoteWebDriver.java:518)
	at org.openqa.selenium.remote.RemoteWebElement.execute(RemoteWebElement.java:223)
	at org.openqa.selenium.remote.RemoteWebElement.click(RemoteWebElement.java:76)
	at jdk.internal.reflect.GeneratedMethodAccessor30.invoke(Unknown Source)
	at java.base/jdk.internal.reflect.DelegatingMethodAccessorImpl.invoke(DelegatingMethodAccessorImpl.java:43)
	at org.openqa.selenium.support.decorators.WebDriverDecorator.call(WebDriverDecorator.java:249)
	at org.openqa.selenium.support.decorators.DefaultDecorated.call(DefaultDecorated.java:48)
	at org.openqa.selenium.support.decorators.WebDriverDecorator.lambda$createProxy$2(WebDriverDecorator.java:321)
	at net.bytebuddy.renamed.java.lang.Object$ByteBuddy$q6xTtBte.click(Unknown Source)
	at org.openqa.selenium.WebElement$click.call(Unknown Source)
	at org.openqa.selenium.WebElement$click.call(Unknown Source)
	at com.kms.katalon.core.webui.keyword.builtin.ClickKeyword.clickUntilSuccessWithTimeout(ClickKeyword.groovy:82)
	at com.kms.katalon.core.webui.keyword.builtin.ClickKeyword.clickUntilSuccessWithTimeout(ClickKeyword.groovy)
	at jdk.internal.reflect.GeneratedMethodAccessor34.invoke(Unknown Source)
	at java.base/jdk.internal.reflect.DelegatingMethodAccessorImpl.invoke(DelegatingMethodAccessorImpl.java:43)
	at com.kms.katalon.core.webui.keyword.builtin.ClickKeyword$_click_closure1.doCall(ClickKeyword.groovy:68)
	at com.kms.katalon.core.webui.keyword.builtin.ClickKeyword$_click_closure1.call(ClickKeyword.groovy)
	at com.kms.katalon.core.webui.keyword.internal.WebUIKeywordMain.runKeyword(WebUIKeywordMain.groovy:35)
	at com.kms.katalon.core.webui.keyword.builtin.ClickKeyword.click(ClickKeyword.groovy:75)
	at com.kms.katalon.core.webui.keyword.builtin.ClickKeyword.execute(ClickKeyword.groovy:40)
	at com.kms.katalon.core.keyword.internal.KeywordExecutor.executeKeywordForPlatform(KeywordExecutor.groovy:74)
	at com.kms.katalon.core.webui.keyword.WebUiBuiltInKeywords.click(WebUiBuiltInKeywords.groovy:696)
	at Script1741840377066.run(Script1741840377066.groovy:37)
	... 18 more
)
	at com.kms.katalon.core.keyword.internal.KeywordMain.stepFailed(KeywordMain.groovy:39)
	at com.kms.katalon.core.webui.keyword.internal.WebUIKeywordMain.stepFailed(WebUIKeywordMain.groovy:117)
	at com.kms.katalon.core.webui.keyword.internal.WebUIKeywordMain.runKeyword(WebUIKeywordMain.groovy:43)
	at com.kms.katalon.core.webui.keyword.builtin.ClickKeyword.click(ClickKeyword.groovy:75)
	at com.kms.katalon.core.webui.keyword.builtin.ClickKeyword.execute(ClickKeyword.groovy:40)
	at com.kms.katalon.core.keyword.internal.KeywordExecutor.executeKeywordForPlatform(KeywordExecutor.groovy:74)
	at com.kms.katalon.core.webui.keyword.WebUiBuiltInKeywords.click(WebUiBuiltInKeywords.groovy:696)
	at TC_Amazon_TrackOrder_010.run(TC_Amazon_TrackOrder_010:37)
	at com.kms.katalon.core.main.ScriptEngine.run(ScriptEngine.java:194)
	at com.kms.katalon.core.main.ScriptEngine.runScriptAsRawText(ScriptEngine.java:119)
	at com.kms.katalon.core.main.TestCaseExecutor.runScript(TestCaseExecutor.java:448)
	at com.kms.katalon.core.main.TestCaseExecutor.doExecute(TestCaseExecutor.java:439)
	at com.kms.katalon.core.main.TestCaseExecutor.processExecutionPhase(TestCaseExecutor.java:418)
	at com.kms.katalon.core.main.TestCaseExecutor.accessMainPhase(TestCaseExecutor.java:410)
	at com.kms.katalon.core.main.TestCaseExecutor.execute(TestCaseExecutor.java:285)
	at com.kms.katalon.core.main.TestCaseExecutor.execute(TestCaseExecutor.java:369)
	at com.kms.katalon.core.main.TestCaseExecutor.execute(TestCaseExecutor.java:369)
	at com.kms.katalon.core.main.TestCaseExecutor.execute(TestCaseExecutor.java:369)
	at com.kms.katalon.core.common.CommonExecutor.accessTestCaseMainPhase(CommonExecutor.java:71)
	at com.kms.katalon.core.main.TestSuiteExecutor.accessTestSuiteMainPhase(TestSuiteExecutor.java:160)
	at com.kms.katalon.core.main.TestSuiteExecutor.execute(TestSuiteExecutor.java:107)
	at com.kms.katalon.core.main.TestCaseMain.startTestSuite(TestCaseMain.java:180)
	at TempTestSuite1742523221089.run(TempTestSuite1742523221089.groovy:35)
	at java.base/jdk.internal.reflect.NativeMethodAccessorImpl.invoke0(Native Method)
	at java.base/jdk.internal.reflect.NativeMethodAccessorImpl.invoke(NativeMethodAccessorImpl.java:77)
	at java.base/jdk.internal.reflect.DelegatingMethodAccessorImpl.invoke(DelegatingMethodAccessorImpl.java:43)
Caused by: com.kms.katalon.core.exception.StepFailedException: Unable to click on object 'Object Repository/Amazon_TarackOrder_OR/Page_Online Shopping site in India Shop Onl_10c5f3/span_Your Orders'
	... 25 more
Caused by: org.openqa.selenium.ElementNotInteractableException: Element <span class="nav-text"> could not be scrolled into view
Build info: version: '4.22.0', revision: 'c5f3146703'
System info: os.name: 'Windows 11', os.arch: 'amd64', os.version: '10.0', java.version: '17.0.13'
Driver info: com.kms.katalon.selenium.driver.CFirefoxDriver
Command: [341eb822-ccc5-4a5a-9eb3-03d4ea4aebb8, clickElement {id=be3f9261-6c6e-4b36-85e0-3df407792383}]
Capabilities {acceptInsecureCerts: true, browserName: firefox, browserVersion: 136.0.2, moz:accessibilityChecks: false, moz:buildID: 20250317120031, moz:debuggerAddress: 127.0.0.1:46595, moz:geckodriverVersion: 0.36.0, moz:headless: false, moz:platformVersion: 10.0, moz:processID: 18568, moz:profile: C:\Users\Asus\AppData\Local..., moz:shutdownTimeout: 60000, moz:webdriverClick: true, moz:windowless: false, pageLoadStrategy: normal, platformName: windows, proxy: Proxy(), se:cdp: ws://127.0.0.1:46595/devtoo..., se:cdpVersion: 85.0, setWindowRect: true, strictFileInteractability: false, timeouts: {implicit: 0, pageLoad: 300000, script: 30000}, unhandledPromptBehavior: ignore, userAgent: Mozilla/5.0 (Windows NT 10...., webSocketUrl: ws://127.0.0.1:46595/sessio...}
Element: [[CFirefoxDriver: firefox on windows (341eb822-ccc5-4a5a-9eb3-03d4ea4aebb8)] -> xpath: //a[@id='nav_prefetch_yourorders']/span]
Session ID: 341eb822-ccc5-4a5a-9eb3-03d4ea4aebb8
	at jdk.internal.reflect.GeneratedConstructorAccessor30.newInstance(Unknown Source)
	at java.base/jdk.internal.reflect.DelegatingConstructorAccessorImpl.newInstance(DelegatingConstructorAccessorImpl.java:45)
	at org.openqa.selenium.remote.ErrorCodec.decode(ErrorCodec.java:167)
	at org.openqa.selenium.remote.codec.w3c.W3CHttpResponseCodec.decode(W3CHttpResponseCodec.java:138)
	at org.openqa.selenium.remote.codec.w3c.W3CHttpResponseCodec.decode(W3CHttpResponseCodec.java:50)
	at org.openqa.selenium.remote.HttpCommandExecutor.execute(HttpCommandExecutor.java:190)
	at org.openqa.selenium.remote.service.DriverCommandExecutor.invokeExecute(DriverCommandExecutor.java:216)
	at org.openqa.selenium.remote.service.DriverCommandExecutor.execute(DriverCommandExecutor.java:174)
	at org.openqa.selenium.remote.RemoteWebDriver.execute(RemoteWebDriver.java:518)
	at org.openqa.selenium.remote.RemoteWebElement.execute(RemoteWebElement.java:223)
	at org.openqa.selenium.remote.RemoteWebElement.click(RemoteWebElement.java:76)
	at jdk.internal.reflect.GeneratedMethodAccessor30.invoke(Unknown Source)
	at java.base/jdk.internal.reflect.DelegatingMethodAccessorImpl.invoke(DelegatingMethodAccessorImpl.java:43)
	at org.openqa.selenium.support.decorators.WebDriverDecorator.call(WebDriverDecorator.java:249)
	at org.openqa.selenium.support.decorators.DefaultDecorated.call(DefaultDecorated.java:48)
	at org.openqa.selenium.support.decorators.WebDriverDecorator.lambda$createProxy$2(WebDriverDecorator.java:321)
	at net.bytebuddy.renamed.java.lang.Object$ByteBuddy$q6xTtBte.click(Unknown Source)
	at org.openqa.selenium.WebElement$click.call(Unknown Source)
	at org.openqa.selenium.WebElement$click.call(Unknown Source)
	at com.kms.katalon.core.webui.keyword.builtin.ClickKeyword.clickUntilSuccessWithTimeout(ClickKeyword.groovy:82)
	at com.kms.katalon.core.webui.keyword.builtin.ClickKeyword.clickUntilSuccessWithTimeout(ClickKeyword.groovy)
	at jdk.internal.reflect.GeneratedMethodAccessor34.invoke(Unknown Source)
	at java.base/jdk.internal.reflect.DelegatingMethodAccessorImpl.invoke(DelegatingMethodAccessorImpl.java:43)
	at com.kms.katalon.core.webui.keyword.builtin.ClickKeyword$_click_closure1.doCall(ClickKeyword.groovy:68)
	at com.kms.katalon.core.webui.keyword.builtin.ClickKeyword$_click_closure1.call(ClickKeyword.groovy)
	at com.kms.katalon.core.webui.keyword.internal.WebUIKeywordMain.runKeyword(WebUIKeywordMain.groovy:35)
	... 23 more


21-03-2025T08:08:55 - [TEST_STEP][PASSED] - openBrowser(""): Browser is opened with url: ''

21-03-2025T08:08:55 - [MESSAGE][INFO] - Starting 'Firefox' driver

21-03-2025T08:08:55 - [MESSAGE][INFO] - Action delay is set to 0 milliseconds

21-03-2025T08:09:00 - [MESSAGE][PASSED] - Browser is opened with url: ''

21-03-2025T08:09:00 - [TEST_STEP][PASSED] - navigateToUrl("https://www.amazon.in/"): Navigate to 'https://www.amazon.in/' successfully

21-03-2025T08:09:04 - [MESSAGE][PASSED] - Navigate to 'https://www.amazon.in/' successfully

21-03-2025T08:09:04 - [TEST_STEP][PASSED] - mouseOver(findTestObject("Amazon_TarackOrder_OR/Page_Online Shopping site in India Shop Online for Mobiles, Books, Watches, Shoes and More - Amazon.in/span_Account  Lists")): Object: 'Object Repository/Amazon_TarackOrder_OR/Page_Online Shopping site in India Shop Online for Mobiles, Books, Watches, Shoes and More - Amazon.in/span_Account  Lists' is hovered

21-03-2025T08:09:06 - [MESSAGE][PASSED] - Object: 'Object Repository/Amazon_TarackOrder_OR/Page_Online Shopping site in India Shop Online for Mobiles, Books, Watches, Shoes and More - Amazon.in/span_Account  Lists' is hovered

21-03-2025T08:09:06 - [TEST_STEP][PASSED] - click(findTestObject("Object Repository/Amazon_TarackOrder_OR/Page_Online Shopping site in India Shop Onl_10c5f3/span_Sign in")): Object: 'Object Repository/Amazon_TarackOrder_OR/Page_Online Shopping site in India Shop Onl_10c5f3/span_Sign in' is clicked on

21-03-2025T08:09:16 - [MESSAGE][PASSED] - Object: 'Object Repository/Amazon_TarackOrder_OR/Page_Online Shopping site in India Shop Onl_10c5f3/span_Sign in' is clicked on

21-03-2025T08:09:16 - [TEST_STEP][PASSED] - setText(findTestObject("Object Repository/Amazon_TarackOrder_OR/Page_/input_IN 91_email"), "8765257308"): Text '8765257308' is set on object 'Object Repository/Amazon_TarackOrder_OR/Page_/input_IN 91_email'

21-03-2025T08:09:20 - [MESSAGE][PASSED] - Text '8765257308' is set on object 'Object Repository/Amazon_TarackOrder_OR/Page_/input_IN 91_email'

21-03-2025T08:09:20 - [TEST_STEP][PASSED] - click(findTestObject("Object Repository/Amazon_TarackOrder_OR/Page_/input_Passkey error_a-button-input")): Object: 'Object Repository/Amazon_TarackOrder_OR/Page_/input_Passkey error_a-button-input' is clicked on

21-03-2025T08:09:22 - [MESSAGE][PASSED] - Object: 'Object Repository/Amazon_TarackOrder_OR/Page_/input_Passkey error_a-button-input' is clicked on

21-03-2025T08:09:22 - [TEST_STEP][PASSED] - setEncryptedText(findTestObject("Object Repository/Amazon_TarackOrder_OR/Page_Amazon Sign In/input_Forgot password_password"), "FJEEn2Q6rEqImg+RR4ytGA=="): Text ****** has been set on object 'Object Repository/Amazon_TarackOrder_OR/Page_Amazon Sign In/input_Forgot password_password'

21-03-2025T08:09:24 - [MESSAGE][PASSED] - Text ****** has been set on object 'Object Repository/Amazon_TarackOrder_OR/Page_Amazon Sign In/input_Forgot password_password'

21-03-2025T08:09:24 - [TEST_STEP][PASSED] - click(findTestObject("Object Repository/Amazon_TarackOrder_OR/Page_Amazon Sign In/input_Enter your password_signInSubmit")): Object: 'Object Repository/Amazon_TarackOrder_OR/Page_Amazon Sign In/input_Enter your password_signInSubmit' is clicked on

21-03-2025T08:09:26 - [MESSAGE][PASSED] - Object: 'Object Repository/Amazon_TarackOrder_OR/Page_Amazon Sign In/input_Enter your password_signInSubmit' is clicked on

21-03-2025T08:09:26 - [TEST_STEP][FAILED] - click(findTestObject("Object Repository/Amazon_TarackOrder_OR/Page_Online Shopping site in India Shop Onl_10c5f3/span_Your Orders")): Unable to click on object 'Object Repository/Amazon_TarackOrder_OR/Page_Online Shopping site in India Shop Onl_10c5f3/span_Your Orders' (Root cause: com.kms.katalon.core.exception.StepFailedException: Unable to click on object 'Object Repository/Amazon_TarackOrder_OR/Page_Online Shopping site in India Shop Onl_10c5f3/span_Your Orders'
	at com.kms.katalon.core.webui.keyword.internal.WebUIKeywordMain.stepFailed(WebUIKeywordMain.groovy:117)
	at com.kms.katalon.core.webui.keyword.internal.WebUIKeywordMain.runKeyword(WebUIKeywordMain.groovy:43)
	at com.kms.katalon.core.webui.keyword.builtin.ClickKeyword.click(ClickKeyword.groovy:75)
	at com.kms.katalon.core.webui.keyword.builtin.ClickKeyword.execute(ClickKeyword.groovy:40)
	at com.kms.katalon.core.keyword.internal.KeywordExecutor.executeKeywordForPlatform(KeywordExecutor.groovy:74)
	at com.kms.katalon.core.webui.keyword.WebUiBuiltInKeywords.click(WebUiBuiltInKeywords.groovy:696)
	at TC_Amazon_TrackOrder_010.run(TC_Amazon_TrackOrder_010:37)
	at com.kms.katalon.core.main.ScriptEngine.run(ScriptEngine.java:194)
	at com.kms.katalon.core.main.ScriptEngine.runScriptAsRawText(ScriptEngine.java:119)
	at com.kms.katalon.core.main.TestCaseExecutor.runScript(TestCaseExecutor.java:448)
	at com.kms.katalon.core.main.TestCaseExecutor.doExecute(TestCaseExecutor.java:439)
	at com.kms.katalon.core.main.TestCaseExecutor.processExecutionPhase(TestCaseExecutor.java:418)
	at com.kms.katalon.core.main.TestCaseExecutor.accessMainPhase(TestCaseExecutor.java:410)
	at com.kms.katalon.core.main.TestCaseExecutor.execute(TestCaseExecutor.java:285)
	at com.kms.katalon.core.main.TestCaseExecutor.execute(TestCaseExecutor.java:369)
	at com.kms.katalon.core.main.TestCaseExecutor.execute(TestCaseExecutor.java:369)
	at com.kms.katalon.core.main.TestCaseExecutor.execute(TestCaseExecutor.java:369)
	at com.kms.katalon.core.common.CommonExecutor.accessTestCaseMainPhase(CommonExecutor.java:71)
	at com.kms.katalon.core.main.TestSuiteExecutor.accessTestSuiteMainPhase(TestSuiteExecutor.java:160)
	at com.kms.katalon.core.main.TestSuiteExecutor.execute(TestSuiteExecutor.java:107)
	at com.kms.katalon.core.main.TestCaseMain.startTestSuite(TestCaseMain.java:180)
	at TempTestSuite1742523221089.run(TempTestSuite1742523221089.groovy:35)
	at java.base/jdk.internal.reflect.NativeMethodAccessorImpl.invoke0(Native Method)
	at java.base/jdk.internal.reflect.NativeMethodAccessorImpl.invoke(NativeMethodAccessorImpl.java:77)
	at java.base/jdk.internal.reflect.DelegatingMethodAccessorImpl.invoke(DelegatingMethodAccessorImpl.java:43)
Caused by: org.openqa.selenium.ElementNotInteractableException: Element <span class="nav-text"> could not be scrolled into view
Build info: version: '4.22.0', revision: 'c5f3146703'
System info: os.name: 'Windows 11', os.arch: 'amd64', os.version: '10.0', java.version: '17.0.13'
Driver info: com.kms.katalon.selenium.driver.CFirefoxDriver
Command: [341eb822-ccc5-4a5a-9eb3-03d4ea4aebb8, clickElement {id=be3f9261-6c6e-4b36-85e0-3df407792383}]
Capabilities {acceptInsecureCerts: true, browserName: firefox, browserVersion: 136.0.2, moz:accessibilityChecks: false, moz:buildID: 20250317120031, moz:debuggerAddress: 127.0.0.1:46595, moz:geckodriverVersion: 0.36.0, moz:headless: false, moz:platformVersion: 10.0, moz:processID: 18568, moz:profile: C:\Users\Asus\AppData\Local..., moz:shutdownTimeout: 60000, moz:webdriverClick: true, moz:windowless: false, pageLoadStrategy: normal, platformName: windows, proxy: Proxy(), se:cdp: ws://127.0.0.1:46595/devtoo..., se:cdpVersion: 85.0, setWindowRect: true, strictFileInteractability: false, timeouts: {implicit: 0, pageLoad: 300000, script: 30000}, unhandledPromptBehavior: ignore, userAgent: Mozilla/5.0 (Windows NT 10...., webSocketUrl: ws://127.0.0.1:46595/sessio...}
Element: [[CFirefoxDriver: firefox on windows (341eb822-ccc5-4a5a-9eb3-03d4ea4aebb8)] -> xpath: //a[@id='nav_prefetch_yourorders']/span]
Session ID: 341eb822-ccc5-4a5a-9eb3-03d4ea4aebb8
	at jdk.internal.reflect.GeneratedConstructorAccessor30.newInstance(Unknown Source)
	at java.base/jdk.internal.reflect.DelegatingConstructorAccessorImpl.newInstance(DelegatingConstructorAccessorImpl.java:45)
	at org.openqa.selenium.remote.ErrorCodec.decode(ErrorCodec.java:167)
	at org.openqa.selenium.remote.codec.w3c.W3CHttpResponseCodec.decode(W3CHttpResponseCodec.java:138)
	at org.openqa.selenium.remote.codec.w3c.W3CHttpResponseCodec.decode(W3CHttpResponseCodec.java:50)
	at org.openqa.selenium.remote.HttpCommandExecutor.execute(HttpCommandExecutor.java:190)
	at org.openqa.selenium.remote.service.DriverCommandExecutor.invokeExecute(DriverCommandExecutor.java:216)
	at org.openqa.selenium.remote.service.DriverCommandExecutor.execute(DriverCommandExecutor.java:174)
	at org.openqa.selenium.remote.RemoteWebDriver.execute(RemoteWebDriver.java:518)
	at org.openqa.selenium.remote.RemoteWebElement.execute(RemoteWebElement.java:223)
	at org.openqa.selenium.remote.RemoteWebElement.click(RemoteWebElement.java:76)
	at jdk.internal.reflect.GeneratedMethodAccessor30.invoke(Unknown Source)
	at java.base/jdk.internal.reflect.DelegatingMethodAccessorImpl.invoke(DelegatingMethodAccessorImpl.java:43)
	at org.openqa.selenium.support.decorators.WebDriverDecorator.call(WebDriverDecorator.java:249)
	at org.openqa.selenium.support.decorators.DefaultDecorated.call(DefaultDecorated.java:48)
	at org.openqa.selenium.support.decorators.WebDriverDecorator.lambda$createProxy$2(WebDriverDecorator.java:321)
	at net.bytebuddy.renamed.java.lang.Object$ByteBuddy$q6xTtBte.click(Unknown Source)
	at org.openqa.selenium.WebElement$click.call(Unknown Source)
	at org.openqa.selenium.WebElement$click.call(Unknown Source)
	at com.kms.katalon.core.webui.keyword.builtin.ClickKeyword.clickUntilSuccessWithTimeout(ClickKeyword.groovy:82)
	at com.kms.katalon.core.webui.keyword.builtin.ClickKeyword.clickUntilSuccessWithTimeout(ClickKeyword.groovy)
	at jdk.internal.reflect.GeneratedMethodAccessor34.invoke(Unknown Source)
	at java.base/jdk.internal.reflect.DelegatingMethodAccessorImpl.invoke(DelegatingMethodAccessorImpl.java:43)
	at com.kms.katalon.core.webui.keyword.builtin.ClickKeyword$_click_closure1.doCall(ClickKeyword.groovy:68)
	at com.kms.katalon.core.webui.keyword.builtin.ClickKeyword$_click_closure1.call(ClickKeyword.groovy)
	at com.kms.katalon.core.webui.keyword.internal.WebUIKeywordMain.runKeyword(WebUIKeywordMain.groovy:35)
	at com.kms.katalon.core.webui.keyword.builtin.ClickKeyword.click(ClickKeyword.groovy:75)
	at com.kms.katalon.core.webui.keyword.builtin.ClickKeyword.execute(ClickKeyword.groovy:40)
	at com.kms.katalon.core.keyword.internal.KeywordExecutor.executeKeywordForPlatform(KeywordExecutor.groovy:74)
	at com.kms.katalon.core.webui.keyword.WebUiBuiltInKeywords.click(WebUiBuiltInKeywords.groovy:696)
	at Script1741840377066.run(Script1741840377066.groovy:37)
	... 18 more
)

21-03-2025T08:09:30 - [MESSAGE][FAILED] - Unable to click on object 'Object Repository/Amazon_TarackOrder_OR/Page_Online Shopping site in India Shop Onl_10c5f3/span_Your Orders' (Root cause: com.kms.katalon.core.exception.StepFailedException: Unable to click on object 'Object Repository/Amazon_TarackOrder_OR/Page_Online Shopping site in India Shop Onl_10c5f3/span_Your Orders'
	at com.kms.katalon.core.webui.keyword.internal.WebUIKeywordMain.stepFailed(WebUIKeywordMain.groovy:117)
	at com.kms.katalon.core.webui.keyword.internal.WebUIKeywordMain.runKeyword(WebUIKeywordMain.groovy:43)
	at com.kms.katalon.core.webui.keyword.builtin.ClickKeyword.click(ClickKeyword.groovy:75)
	at com.kms.katalon.core.webui.keyword.builtin.ClickKeyword.execute(ClickKeyword.groovy:40)
	at com.kms.katalon.core.keyword.internal.KeywordExecutor.executeKeywordForPlatform(KeywordExecutor.groovy:74)
	at com.kms.katalon.core.webui.keyword.WebUiBuiltInKeywords.click(WebUiBuiltInKeywords.groovy:696)
	at TC_Amazon_TrackOrder_010.run(TC_Amazon_TrackOrder_010:37)
	at com.kms.katalon.core.main.ScriptEngine.run(ScriptEngine.java:194)
	at com.kms.katalon.core.main.ScriptEngine.runScriptAsRawText(ScriptEngine.java:119)
	at com.kms.katalon.core.main.TestCaseExecutor.runScript(TestCaseExecutor.java:448)
	at com.kms.katalon.core.main.TestCaseExecutor.doExecute(TestCaseExecutor.java:439)
	at com.kms.katalon.core.main.TestCaseExecutor.processExecutionPhase(TestCaseExecutor.java:418)
	at com.kms.katalon.core.main.TestCaseExecutor.accessMainPhase(TestCaseExecutor.java:410)
	at com.kms.katalon.core.main.TestCaseExecutor.execute(TestCaseExecutor.java:285)
	at com.kms.katalon.core.main.TestCaseExecutor.execute(TestCaseExecutor.java:369)
	at com.kms.katalon.core.main.TestCaseExecutor.execute(TestCaseExecutor.java:369)
	at com.kms.katalon.core.main.TestCaseExecutor.execute(TestCaseExecutor.java:369)
	at com.kms.katalon.core.common.CommonExecutor.accessTestCaseMainPhase(CommonExecutor.java:71)
	at com.kms.katalon.core.main.TestSuiteExecutor.accessTestSuiteMainPhase(TestSuiteExecutor.java:160)
	at com.kms.katalon.core.main.TestSuiteExecutor.execute(TestSuiteExecutor.java:107)
	at com.kms.katalon.core.main.TestCaseMain.startTestSuite(TestCaseMain.java:180)
	at TempTestSuite1742523221089.run(TempTestSuite1742523221089.groovy:35)
	at java.base/jdk.internal.reflect.NativeMethodAccessorImpl.invoke0(Native Method)
	at java.base/jdk.internal.reflect.NativeMethodAccessorImpl.invoke(NativeMethodAccessorImpl.java:77)
	at java.base/jdk.internal.reflect.DelegatingMethodAccessorImpl.invoke(DelegatingMethodAccessorImpl.java:43)
Caused by: org.openqa.selenium.ElementNotInteractableException: Element <span class="nav-text"> could not be scrolled into view
Build info: version: '4.22.0', revision: 'c5f3146703'
System info: os.name: 'Windows 11', os.arch: 'amd64', os.version: '10.0', java.version: '17.0.13'
Driver info: com.kms.katalon.selenium.driver.CFirefoxDriver
Command: [341eb822-ccc5-4a5a-9eb3-03d4ea4aebb8, clickElement {id=be3f9261-6c6e-4b36-85e0-3df407792383}]
Capabilities {acceptInsecureCerts: true, browserName: firefox, browserVersion: 136.0.2, moz:accessibilityChecks: false, moz:buildID: 20250317120031, moz:debuggerAddress: 127.0.0.1:46595, moz:geckodriverVersion: 0.36.0, moz:headless: false, moz:platformVersion: 10.0, moz:processID: 18568, moz:profile: C:\Users\Asus\AppData\Local..., moz:shutdownTimeout: 60000, moz:webdriverClick: true, moz:windowless: false, pageLoadStrategy: normal, platformName: windows, proxy: Proxy(), se:cdp: ws://127.0.0.1:46595/devtoo..., se:cdpVersion: 85.0, setWindowRect: true, strictFileInteractability: false, timeouts: {implicit: 0, pageLoad: 300000, script: 30000}, unhandledPromptBehavior: ignore, userAgent: Mozilla/5.0 (Windows NT 10...., webSocketUrl: ws://127.0.0.1:46595/sessio...}
Element: [[CFirefoxDriver: firefox on windows (341eb822-ccc5-4a5a-9eb3-03d4ea4aebb8)] -> xpath: //a[@id='nav_prefetch_yourorders']/span]
Session ID: 341eb822-ccc5-4a5a-9eb3-03d4ea4aebb8
	at jdk.internal.reflect.GeneratedConstructorAccessor30.newInstance(Unknown Source)
	at java.base/jdk.internal.reflect.DelegatingConstructorAccessorImpl.newInstance(DelegatingConstructorAccessorImpl.java:45)
	at org.openqa.selenium.remote.ErrorCodec.decode(ErrorCodec.java:167)
	at org.openqa.selenium.remote.codec.w3c.W3CHttpResponseCodec.decode(W3CHttpResponseCodec.java:138)
	at org.openqa.selenium.remote.codec.w3c.W3CHttpResponseCodec.decode(W3CHttpResponseCodec.java:50)
	at org.openqa.selenium.remote.HttpCommandExecutor.execute(HttpCommandExecutor.java:190)
	at org.openqa.selenium.remote.service.DriverCommandExecutor.invokeExecute(DriverCommandExecutor.java:216)
	at org.openqa.selenium.remote.service.DriverCommandExecutor.execute(DriverCommandExecutor.java:174)
	at org.openqa.selenium.remote.RemoteWebDriver.execute(RemoteWebDriver.java:518)
	at org.openqa.selenium.remote.RemoteWebElement.execute(RemoteWebElement.java:223)
	at org.openqa.selenium.remote.RemoteWebElement.click(RemoteWebElement.java:76)
	at jdk.internal.reflect.GeneratedMethodAccessor30.invoke(Unknown Source)
	at java.base/jdk.internal.reflect.DelegatingMethodAccessorImpl.invoke(DelegatingMethodAccessorImpl.java:43)
	at org.openqa.selenium.support.decorators.WebDriverDecorator.call(WebDriverDecorator.java:249)
	at org.openqa.selenium.support.decorators.DefaultDecorated.call(DefaultDecorated.java:48)
	at org.openqa.selenium.support.decorators.WebDriverDecorator.lambda$createProxy$2(WebDriverDecorator.java:321)
	at net.bytebuddy.renamed.java.lang.Object$ByteBuddy$q6xTtBte.click(Unknown Source)
	at org.openqa.selenium.WebElement$click.call(Unknown Source)
	at org.openqa.selenium.WebElement$click.call(Unknown Source)
	at com.kms.katalon.core.webui.keyword.builtin.ClickKeyword.clickUntilSuccessWithTimeout(ClickKeyword.groovy:82)
	at com.kms.katalon.core.webui.keyword.builtin.ClickKeyword.clickUntilSuccessWithTimeout(ClickKeyword.groovy)
	at jdk.internal.reflect.GeneratedMethodAccessor34.invoke(Unknown Source)
	at java.base/jdk.internal.reflect.DelegatingMethodAccessorImpl.invoke(DelegatingMethodAccessorImpl.java:43)
	at com.kms.katalon.core.webui.keyword.builtin.ClickKeyword$_click_closure1.doCall(ClickKeyword.groovy:68)
	at com.kms.katalon.core.webui.keyword.builtin.ClickKeyword$_click_closure1.call(ClickKeyword.groovy)
	at com.kms.katalon.core.webui.keyword.internal.WebUIKeywordMain.runKeyword(WebUIKeywordMain.groovy:35)
	at com.kms.katalon.core.webui.keyword.builtin.ClickKeyword.click(ClickKeyword.groovy:75)
	at com.kms.katalon.core.webui.keyword.builtin.ClickKeyword.execute(ClickKeyword.groovy:40)
	at com.kms.katalon.core.keyword.internal.KeywordExecutor.executeKeywordForPlatform(KeywordExecutor.groovy:74)
	at com.kms.katalon.core.webui.keyword.WebUiBuiltInKeywords.click(WebUiBuiltInKeywords.groovy:696)
	at Script1741840377066.run(Script1741840377066.groovy:37)
	... 18 more
)
[[ATTACHMENT|E:\\Software Automation Testing\\Amazon\\Reports\\20250321_074341\\TS_Amazon_03\\20250321_074341\\1742524770130.png]]

21-03-2025T08:09:30 - [TEST_STEP][FAILED] - click(findTestObject("Object Repository/Amazon_TarackOrder_OR/Page_Your Orders/a_Track package")): Unable to click on object 'Object Repository/Amazon_TarackOrder_OR/Page_Your Orders/a_Track package' (Root cause: com.kms.katalon.core.exception.StepFailedException: Unable to click on object 'Object Repository/Amazon_TarackOrder_OR/Page_Your Orders/a_Track package'
	at com.kms.katalon.core.webui.keyword.internal.WebUIKeywordMain.stepFailed(WebUIKeywordMain.groovy:117)
	at com.kms.katalon.core.webui.keyword.internal.WebUIKeywordMain.runKeyword(WebUIKeywordMain.groovy:43)
	at com.kms.katalon.core.webui.keyword.builtin.ClickKeyword.click(ClickKeyword.groovy:75)
	at com.kms.katalon.core.webui.keyword.builtin.ClickKeyword.execute(ClickKeyword.groovy:40)
	at com.kms.katalon.core.keyword.internal.KeywordExecutor.executeKeywordForPlatform(KeywordExecutor.groovy:74)
	at com.kms.katalon.core.webui.keyword.WebUiBuiltInKeywords.click(WebUiBuiltInKeywords.groovy:696)
	at TC_Amazon_TrackOrder_010.run(TC_Amazon_TrackOrder_010:39)
	at com.kms.katalon.core.main.ScriptEngine.run(ScriptEngine.java:194)
	at com.kms.katalon.core.main.ScriptEngine.runScriptAsRawText(ScriptEngine.java:119)
	at com.kms.katalon.core.main.TestCaseExecutor.runScript(TestCaseExecutor.java:448)
	at com.kms.katalon.core.main.TestCaseExecutor.doExecute(TestCaseExecutor.java:439)
	at com.kms.katalon.core.main.TestCaseExecutor.processExecutionPhase(TestCaseExecutor.java:418)
	at com.kms.katalon.core.main.TestCaseExecutor.accessMainPhase(TestCaseExecutor.java:410)
	at com.kms.katalon.core.main.TestCaseExecutor.execute(TestCaseExecutor.java:285)
	at com.kms.katalon.core.main.TestCaseExecutor.execute(TestCaseExecutor.java:369)
	at com.kms.katalon.core.main.TestCaseExecutor.execute(TestCaseExecutor.java:369)
	at com.kms.katalon.core.main.TestCaseExecutor.execute(TestCaseExecutor.java:369)
	at com.kms.katalon.core.common.CommonExecutor.accessTestCaseMainPhase(CommonExecutor.java:71)
	at com.kms.katalon.core.main.TestSuiteExecutor.accessTestSuiteMainPhase(TestSuiteExecutor.java:160)
	at com.kms.katalon.core.main.TestSuiteExecutor.execute(TestSuiteExecutor.java:107)
	at com.kms.katalon.core.main.TestCaseMain.startTestSuite(TestCaseMain.java:180)
	at TempTestSuite1742523221089.run(TempTestSuite1742523221089.groovy:35)
	at java.base/jdk.internal.reflect.NativeMethodAccessorImpl.invoke0(Native Method)
	at java.base/jdk.internal.reflect.NativeMethodAccessorImpl.invoke(NativeMethodAccessorImpl.java:77)
	at java.base/jdk.internal.reflect.DelegatingMethodAccessorImpl.invoke(DelegatingMethodAccessorImpl.java:43)
Caused by: com.kms.katalon.core.webui.exception.WebElementNotFoundException: Web element with id: 'Object Repository/Amazon_TarackOrder_OR/Page_Your Orders/a_Track package' located by '//a[@id='a-autoid-2-announce']' not found
	at com.kms.katalon.core.webui.common.WebUiCommonHelper.findWebElement(WebUiCommonHelper.java:1457)
	at com.kms.katalon.core.webui.keyword.internal.WebUIAbstractKeyword.findWebElement(WebUIAbstractKeyword.groovy:27)
	at com.kms.katalon.core.webui.keyword.builtin.ClickKeyword$_click_closure1.doCall(ClickKeyword.groovy:66)
	at com.kms.katalon.core.webui.keyword.builtin.ClickKeyword$_click_closure1.call(ClickKeyword.groovy)
	at com.kms.katalon.core.webui.keyword.internal.WebUIKeywordMain.runKeyword(WebUIKeywordMain.groovy:35)
	at com.kms.katalon.core.webui.keyword.builtin.ClickKeyword.click(ClickKeyword.groovy:75)
	at com.kms.katalon.core.webui.keyword.builtin.ClickKeyword.execute(ClickKeyword.groovy:40)
	at com.kms.katalon.core.keyword.internal.KeywordExecutor.executeKeywordForPlatform(KeywordExecutor.groovy:74)
	at com.kms.katalon.core.webui.keyword.WebUiBuiltInKeywords.click(WebUiBuiltInKeywords.groovy:696)
	at Script1741840377066.run(Script1741840377066.groovy:39)
	... 18 more
)

21-03-2025T08:10:01 - [MESSAGE][INFO] - Unable to find the element located by 'By.xpath: //a[@id='a-autoid-2-announce']'. Please recheck the objects properties to make sure the desired element is located. 

21-03-2025T08:10:01 - [MESSAGE][WARNING] - [SELF-HEALING] Failed to find element with id 'Object Repository/Amazon_TarackOrder_OR/Page_Your Orders/a_Track package'. Try using Self-healing.

21-03-2025T08:10:01 - [MESSAGE][INFO] - [SELF-HEALING] Failed Locator: '//a[@id='a-autoid-2-announce']'.

21-03-2025T08:10:02 - [MESSAGE][INFO] - [SELF-HEALING] Failed Locator: '//span[@id='a-autoid-2']/span/a'.

21-03-2025T08:10:02 - [MESSAGE][INFO] - [SELF-HEALING] Failed Locator: '//a[contains(text(),'Track package')]'.

21-03-2025T08:10:02 - [MESSAGE][INFO] - [SELF-HEALING] Failed Locator: '(.//*[normalize-space(text()) and normalize-space(.)='Dopamine Detox : A Short Guide to Remove Distractions and Get Your Brain to Do Hard Things'])[1]/following::a[1]'.

21-03-2025T08:10:02 - [MESSAGE][INFO] - [SELF-HEALING] Failed Locator: '(.//*[normalize-space(text()) and normalize-space(.)='Arriving Monday'])[1]/following::a[3]'.

21-03-2025T08:10:03 - [MESSAGE][INFO] - [SELF-HEALING] Failed Locator: '(.//*[normalize-space(text()) and normalize-space(.)='View or edit order'])[1]/preceding::a[1]'.

21-03-2025T08:10:03 - [MESSAGE][INFO] - [SELF-HEALING] Failed Locator: '(.//*[normalize-space(text()) and normalize-space(.)='Write a product review'])[1]/preceding::a[2]'.

21-03-2025T08:10:03 - [MESSAGE][INFO] - [SELF-HEALING] Failed Locator: '//*/text()[normalize-space(.)='Track package']/parent::*'.

21-03-2025T08:10:03 - [MESSAGE][INFO] - [SELF-HEALING] Failed Locator: '//a[contains(@href, '/gp/your-account/ship-track?itemId=mnmjnwmrmotuuo&ref=ppx_yo2ov_dt_b_track_package&orderId=407-9204132-8266715')]'.

21-03-2025T08:10:04 - [MESSAGE][INFO] - [SELF-HEALING] Failed Locator: '//span/span/a'.

21-03-2025T08:10:04 - [MESSAGE][INFO] - [SELF-HEALING] Failed Locator: '//a[@href = '/gp/your-account/ship-track?itemId=mnmjnwmrmotuuo&ref=ppx_yo2ov_dt_b_track_package&orderId=407-9204132-8266715' and @id = 'a-autoid-2-announce' and (text() = '
            Track package
        ' or . = '
            Track package
        ')]'.

21-03-2025T08:10:06 - [MESSAGE][INFO] - Unable to find the element located by 'By.xpath: //*[@href = '/gp/your-account/ship-track?itemId=mnmjnwmrmotuuo&ref=ppx_yo2ov_dt_b_track_package&orderId=407-9204132-8266715' and @id = 'a-autoid-2-announce' and (text() = '
            Track package
        ' or . = '
            Track package
        ')]'. Please recheck the objects properties to make sure the desired element is located. 

21-03-2025T08:10:07 - [MESSAGE][INFO] - Unable to find the element located by 'By.cssSelector: #a-autoid-2-announce'. Please recheck the objects properties to make sure the desired element is located. 

21-03-2025T08:10:08 - [MESSAGE][FAILED] - Unable to click on object 'Object Repository/Amazon_TarackOrder_OR/Page_Your Orders/a_Track package' (Root cause: com.kms.katalon.core.exception.StepFailedException: Unable to click on object 'Object Repository/Amazon_TarackOrder_OR/Page_Your Orders/a_Track package'
	at com.kms.katalon.core.webui.keyword.internal.WebUIKeywordMain.stepFailed(WebUIKeywordMain.groovy:117)
	at com.kms.katalon.core.webui.keyword.internal.WebUIKeywordMain.runKeyword(WebUIKeywordMain.groovy:43)
	at com.kms.katalon.core.webui.keyword.builtin.ClickKeyword.click(ClickKeyword.groovy:75)
	at com.kms.katalon.core.webui.keyword.builtin.ClickKeyword.execute(ClickKeyword.groovy:40)
	at com.kms.katalon.core.keyword.internal.KeywordExecutor.executeKeywordForPlatform(KeywordExecutor.groovy:74)
	at com.kms.katalon.core.webui.keyword.WebUiBuiltInKeywords.click(WebUiBuiltInKeywords.groovy:696)
	at TC_Amazon_TrackOrder_010.run(TC_Amazon_TrackOrder_010:39)
	at com.kms.katalon.core.main.ScriptEngine.run(ScriptEngine.java:194)
	at com.kms.katalon.core.main.ScriptEngine.runScriptAsRawText(ScriptEngine.java:119)
	at com.kms.katalon.core.main.TestCaseExecutor.runScript(TestCaseExecutor.java:448)
	at com.kms.katalon.core.main.TestCaseExecutor.doExecute(TestCaseExecutor.java:439)
	at com.kms.katalon.core.main.TestCaseExecutor.processExecutionPhase(TestCaseExecutor.java:418)
	at com.kms.katalon.core.main.TestCaseExecutor.accessMainPhase(TestCaseExecutor.java:410)
	at com.kms.katalon.core.main.TestCaseExecutor.execute(TestCaseExecutor.java:285)
	at com.kms.katalon.core.main.TestCaseExecutor.execute(TestCaseExecutor.java:369)
	at com.kms.katalon.core.main.TestCaseExecutor.execute(TestCaseExecutor.java:369)
	at com.kms.katalon.core.main.TestCaseExecutor.execute(TestCaseExecutor.java:369)
	at com.kms.katalon.core.common.CommonExecutor.accessTestCaseMainPhase(CommonExecutor.java:71)
	at com.kms.katalon.core.main.TestSuiteExecutor.accessTestSuiteMainPhase(TestSuiteExecutor.java:160)
	at com.kms.katalon.core.main.TestSuiteExecutor.execute(TestSuiteExecutor.java:107)
	at com.kms.katalon.core.main.TestCaseMain.startTestSuite(TestCaseMain.java:180)
	at TempTestSuite1742523221089.run(TempTestSuite1742523221089.groovy:35)
	at java.base/jdk.internal.reflect.NativeMethodAccessorImpl.invoke0(Native Method)
	at java.base/jdk.internal.reflect.NativeMethodAccessorImpl.invoke(NativeMethodAccessorImpl.java:77)
	at java.base/jdk.internal.reflect.DelegatingMethodAccessorImpl.invoke(DelegatingMethodAccessorImpl.java:43)
Caused by: com.kms.katalon.core.webui.exception.WebElementNotFoundException: Web element with id: 'Object Repository/Amazon_TarackOrder_OR/Page_Your Orders/a_Track package' located by '//a[@id='a-autoid-2-announce']' not found
	at com.kms.katalon.core.webui.common.WebUiCommonHelper.findWebElement(WebUiCommonHelper.java:1457)
	at com.kms.katalon.core.webui.keyword.internal.WebUIAbstractKeyword.findWebElement(WebUIAbstractKeyword.groovy:27)
	at com.kms.katalon.core.webui.keyword.builtin.ClickKeyword$_click_closure1.doCall(ClickKeyword.groovy:66)
	at com.kms.katalon.core.webui.keyword.builtin.ClickKeyword$_click_closure1.call(ClickKeyword.groovy)
	at com.kms.katalon.core.webui.keyword.internal.WebUIKeywordMain.runKeyword(WebUIKeywordMain.groovy:35)
	at com.kms.katalon.core.webui.keyword.builtin.ClickKeyword.click(ClickKeyword.groovy:75)
	at com.kms.katalon.core.webui.keyword.builtin.ClickKeyword.execute(ClickKeyword.groovy:40)
	at com.kms.katalon.core.keyword.internal.KeywordExecutor.executeKeywordForPlatform(KeywordExecutor.groovy:74)
	at com.kms.katalon.core.webui.keyword.WebUiBuiltInKeywords.click(WebUiBuiltInKeywords.groovy:696)
	at Script1741840377066.run(Script1741840377066.groovy:39)
	... 18 more
)
[[ATTACHMENT|E:\\Software Automation Testing\\Amazon\\Reports\\20250321_074341\\TS_Amazon_03\\20250321_074341\\1742524807864.png]]

21-03-2025T08:10:08 - [TEST_STEP][PASSED] - mouseOver(findTestObject("Amazon_TarackOrder_OR/Page_Online Shopping site in India Shop Online for Mobiles, Books, Watches, Shoes and More - Amazon.in/span_Account  Lists")): Object: 'Object Repository/Amazon_TarackOrder_OR/Page_Online Shopping site in India Shop Online for Mobiles, Books, Watches, Shoes and More - Amazon.in/span_Account  Lists' is hovered

21-03-2025T08:10:08 - [MESSAGE][PASSED] - Object: 'Object Repository/Amazon_TarackOrder_OR/Page_Online Shopping site in India Shop Online for Mobiles, Books, Watches, Shoes and More - Amazon.in/span_Account  Lists' is hovered

21-03-2025T08:10:08 - [TEST_STEP][PASSED] - click(findTestObject("Object Repository/Amazon_TarackOrder_OR/Page_Track Package/span_Sign Out")): Object: 'Object Repository/Amazon_TarackOrder_OR/Page_Track Package/span_Sign Out' is clicked on

21-03-2025T08:10:15 - [MESSAGE][PASSED] - Object: 'Object Repository/Amazon_TarackOrder_OR/Page_Track Package/span_Sign Out' is clicked on

21-03-2025T08:10:15 - [TEST_STEP][PASSED] - closeBrowser(): Browser is closed

21-03-2025T08:10:17 - [MESSAGE][PASSED] - Browser is closed]]></system-out>
         <system-err><![CDATA[21-03-2025T08:08:55 - [TEST_CASE][FAILED] - Test Cases/TC_Amazon_TrackOrder_010: Test Cases/TC_Amazon_TrackOrder_010 FAILED.
Reason:
com.kms.katalon.core.exception.StepFailedException: Unable to click on object 'Object Repository/Amazon_TarackOrder_OR/Page_Online Shopping site in India Shop Onl_10c5f3/span_Your Orders' (Root cause: com.kms.katalon.core.exception.StepFailedException: Unable to click on object 'Object Repository/Amazon_TarackOrder_OR/Page_Online Shopping site in India Shop Onl_10c5f3/span_Your Orders'
	at com.kms.katalon.core.webui.keyword.internal.WebUIKeywordMain.stepFailed(WebUIKeywordMain.groovy:117)
	at com.kms.katalon.core.webui.keyword.internal.WebUIKeywordMain.runKeyword(WebUIKeywordMain.groovy:43)
	at com.kms.katalon.core.webui.keyword.builtin.ClickKeyword.click(ClickKeyword.groovy:75)
	at com.kms.katalon.core.webui.keyword.builtin.ClickKeyword.execute(ClickKeyword.groovy:40)
	at com.kms.katalon.core.keyword.internal.KeywordExecutor.executeKeywordForPlatform(KeywordExecutor.groovy:74)
	at com.kms.katalon.core.webui.keyword.WebUiBuiltInKeywords.click(WebUiBuiltInKeywords.groovy:696)
	at TC_Amazon_TrackOrder_010.run(TC_Amazon_TrackOrder_010:37)
	at com.kms.katalon.core.main.ScriptEngine.run(ScriptEngine.java:194)
	at com.kms.katalon.core.main.ScriptEngine.runScriptAsRawText(ScriptEngine.java:119)
	at com.kms.katalon.core.main.TestCaseExecutor.runScript(TestCaseExecutor.java:448)
	at com.kms.katalon.core.main.TestCaseExecutor.doExecute(TestCaseExecutor.java:439)
	at com.kms.katalon.core.main.TestCaseExecutor.processExecutionPhase(TestCaseExecutor.java:418)
	at com.kms.katalon.core.main.TestCaseExecutor.accessMainPhase(TestCaseExecutor.java:410)
	at com.kms.katalon.core.main.TestCaseExecutor.execute(TestCaseExecutor.java:285)
	at com.kms.katalon.core.main.TestCaseExecutor.execute(TestCaseExecutor.java:369)
	at com.kms.katalon.core.main.TestCaseExecutor.execute(TestCaseExecutor.java:369)
	at com.kms.katalon.core.main.TestCaseExecutor.execute(TestCaseExecutor.java:369)
	at com.kms.katalon.core.common.CommonExecutor.accessTestCaseMainPhase(CommonExecutor.java:71)
	at com.kms.katalon.core.main.TestSuiteExecutor.accessTestSuiteMainPhase(TestSuiteExecutor.java:160)
	at com.kms.katalon.core.main.TestSuiteExecutor.execute(TestSuiteExecutor.java:107)
	at com.kms.katalon.core.main.TestCaseMain.startTestSuite(TestCaseMain.java:180)
	at TempTestSuite1742523221089.run(TempTestSuite1742523221089.groovy:35)
	at java.base/jdk.internal.reflect.NativeMethodAccessorImpl.invoke0(Native Method)
	at java.base/jdk.internal.reflect.NativeMethodAccessorImpl.invoke(NativeMethodAccessorImpl.java:77)
	at java.base/jdk.internal.reflect.DelegatingMethodAccessorImpl.invoke(DelegatingMethodAccessorImpl.java:43)
Caused by: org.openqa.selenium.ElementNotInteractableException: Element <span class="nav-text"> could not be scrolled into view
Build info: version: '4.22.0', revision: 'c5f3146703'
System info: os.name: 'Windows 11', os.arch: 'amd64', os.version: '10.0', java.version: '17.0.13'
Driver info: com.kms.katalon.selenium.driver.CFirefoxDriver
Command: [341eb822-ccc5-4a5a-9eb3-03d4ea4aebb8, clickElement {id=be3f9261-6c6e-4b36-85e0-3df407792383}]
Capabilities {acceptInsecureCerts: true, browserName: firefox, browserVersion: 136.0.2, moz:accessibilityChecks: false, moz:buildID: 20250317120031, moz:debuggerAddress: 127.0.0.1:46595, moz:geckodriverVersion: 0.36.0, moz:headless: false, moz:platformVersion: 10.0, moz:processID: 18568, moz:profile: C:\Users\Asus\AppData\Local..., moz:shutdownTimeout: 60000, moz:webdriverClick: true, moz:windowless: false, pageLoadStrategy: normal, platformName: windows, proxy: Proxy(), se:cdp: ws://127.0.0.1:46595/devtoo..., se:cdpVersion: 85.0, setWindowRect: true, strictFileInteractability: false, timeouts: {implicit: 0, pageLoad: 300000, script: 30000}, unhandledPromptBehavior: ignore, userAgent: Mozilla/5.0 (Windows NT 10...., webSocketUrl: ws://127.0.0.1:46595/sessio...}
Element: [[CFirefoxDriver: firefox on windows (341eb822-ccc5-4a5a-9eb3-03d4ea4aebb8)] -> xpath: //a[@id='nav_prefetch_yourorders']/span]
Session ID: 341eb822-ccc5-4a5a-9eb3-03d4ea4aebb8
	at jdk.internal.reflect.GeneratedConstructorAccessor30.newInstance(Unknown Source)
	at java.base/jdk.internal.reflect.DelegatingConstructorAccessorImpl.newInstance(DelegatingConstructorAccessorImpl.java:45)
	at org.openqa.selenium.remote.ErrorCodec.decode(ErrorCodec.java:167)
	at org.openqa.selenium.remote.codec.w3c.W3CHttpResponseCodec.decode(W3CHttpResponseCodec.java:138)
	at org.openqa.selenium.remote.codec.w3c.W3CHttpResponseCodec.decode(W3CHttpResponseCodec.java:50)
	at org.openqa.selenium.remote.HttpCommandExecutor.execute(HttpCommandExecutor.java:190)
	at org.openqa.selenium.remote.service.DriverCommandExecutor.invokeExecute(DriverCommandExecutor.java:216)
	at org.openqa.selenium.remote.service.DriverCommandExecutor.execute(DriverCommandExecutor.java:174)
	at org.openqa.selenium.remote.RemoteWebDriver.execute(RemoteWebDriver.java:518)
	at org.openqa.selenium.remote.RemoteWebElement.execute(RemoteWebElement.java:223)
	at org.openqa.selenium.remote.RemoteWebElement.click(RemoteWebElement.java:76)
	at jdk.internal.reflect.GeneratedMethodAccessor30.invoke(Unknown Source)
	at java.base/jdk.internal.reflect.DelegatingMethodAccessorImpl.invoke(DelegatingMethodAccessorImpl.java:43)
	at org.openqa.selenium.support.decorators.WebDriverDecorator.call(WebDriverDecorator.java:249)
	at org.openqa.selenium.support.decorators.DefaultDecorated.call(DefaultDecorated.java:48)
	at org.openqa.selenium.support.decorators.WebDriverDecorator.lambda$createProxy$2(WebDriverDecorator.java:321)
	at net.bytebuddy.renamed.java.lang.Object$ByteBuddy$q6xTtBte.click(Unknown Source)
	at org.openqa.selenium.WebElement$click.call(Unknown Source)
	at org.openqa.selenium.WebElement$click.call(Unknown Source)
	at com.kms.katalon.core.webui.keyword.builtin.ClickKeyword.clickUntilSuccessWithTimeout(ClickKeyword.groovy:82)
	at com.kms.katalon.core.webui.keyword.builtin.ClickKeyword.clickUntilSuccessWithTimeout(ClickKeyword.groovy)
	at jdk.internal.reflect.GeneratedMethodAccessor34.invoke(Unknown Source)
	at java.base/jdk.internal.reflect.DelegatingMethodAccessorImpl.invoke(DelegatingMethodAccessorImpl.java:43)
	at com.kms.katalon.core.webui.keyword.builtin.ClickKeyword$_click_closure1.doCall(ClickKeyword.groovy:68)
	at com.kms.katalon.core.webui.keyword.builtin.ClickKeyword$_click_closure1.call(ClickKeyword.groovy)
	at com.kms.katalon.core.webui.keyword.internal.WebUIKeywordMain.runKeyword(WebUIKeywordMain.groovy:35)
	at com.kms.katalon.core.webui.keyword.builtin.ClickKeyword.click(ClickKeyword.groovy:75)
	at com.kms.katalon.core.webui.keyword.builtin.ClickKeyword.execute(ClickKeyword.groovy:40)
	at com.kms.katalon.core.keyword.internal.KeywordExecutor.executeKeywordForPlatform(KeywordExecutor.groovy:74)
	at com.kms.katalon.core.webui.keyword.WebUiBuiltInKeywords.click(WebUiBuiltInKeywords.groovy:696)
	at Script1741840377066.run(Script1741840377066.groovy:37)
	... 18 more
)
	at com.kms.katalon.core.keyword.internal.KeywordMain.stepFailed(KeywordMain.groovy:39)
	at com.kms.katalon.core.webui.keyword.internal.WebUIKeywordMain.stepFailed(WebUIKeywordMain.groovy:117)
	at com.kms.katalon.core.webui.keyword.internal.WebUIKeywordMain.runKeyword(WebUIKeywordMain.groovy:43)
	at com.kms.katalon.core.webui.keyword.builtin.ClickKeyword.click(ClickKeyword.groovy:75)
	at com.kms.katalon.core.webui.keyword.builtin.ClickKeyword.execute(ClickKeyword.groovy:40)
	at com.kms.katalon.core.keyword.internal.KeywordExecutor.executeKeywordForPlatform(KeywordExecutor.groovy:74)
	at com.kms.katalon.core.webui.keyword.WebUiBuiltInKeywords.click(WebUiBuiltInKeywords.groovy:696)
	at TC_Amazon_TrackOrder_010.run(TC_Amazon_TrackOrder_010:37)
	at com.kms.katalon.core.main.ScriptEngine.run(ScriptEngine.java:194)
	at com.kms.katalon.core.main.ScriptEngine.runScriptAsRawText(ScriptEngine.java:119)
	at com.kms.katalon.core.main.TestCaseExecutor.runScript(TestCaseExecutor.java:448)
	at com.kms.katalon.core.main.TestCaseExecutor.doExecute(TestCaseExecutor.java:439)
	at com.kms.katalon.core.main.TestCaseExecutor.processExecutionPhase(TestCaseExecutor.java:418)
	at com.kms.katalon.core.main.TestCaseExecutor.accessMainPhase(TestCaseExecutor.java:410)
	at com.kms.katalon.core.main.TestCaseExecutor.execute(TestCaseExecutor.java:285)
	at com.kms.katalon.core.main.TestCaseExecutor.execute(TestCaseExecutor.java:369)
	at com.kms.katalon.core.main.TestCaseExecutor.execute(TestCaseExecutor.java:369)
	at com.kms.katalon.core.main.TestCaseExecutor.execute(TestCaseExecutor.java:369)
	at com.kms.katalon.core.common.CommonExecutor.accessTestCaseMainPhase(CommonExecutor.java:71)
	at com.kms.katalon.core.main.TestSuiteExecutor.accessTestSuiteMainPhase(TestSuiteExecutor.java:160)
	at com.kms.katalon.core.main.TestSuiteExecutor.execute(TestSuiteExecutor.java:107)
	at com.kms.katalon.core.main.TestCaseMain.startTestSuite(TestCaseMain.java:180)
	at TempTestSuite1742523221089.run(TempTestSuite1742523221089.groovy:35)
	at java.base/jdk.internal.reflect.NativeMethodAccessorImpl.invoke0(Native Method)
	at java.base/jdk.internal.reflect.NativeMethodAccessorImpl.invoke(NativeMethodAccessorImpl.java:77)
	at java.base/jdk.internal.reflect.DelegatingMethodAccessorImpl.invoke(DelegatingMethodAccessorImpl.java:43)
Caused by: com.kms.katalon.core.exception.StepFailedException: Unable to click on object 'Object Repository/Amazon_TarackOrder_OR/Page_Online Shopping site in India Shop Onl_10c5f3/span_Your Orders'
	... 25 more
Caused by: org.openqa.selenium.ElementNotInteractableException: Element <span class="nav-text"> could not be scrolled into view
Build info: version: '4.22.0', revision: 'c5f3146703'
System info: os.name: 'Windows 11', os.arch: 'amd64', os.version: '10.0', java.version: '17.0.13'
Driver info: com.kms.katalon.selenium.driver.CFirefoxDriver
Command: [341eb822-ccc5-4a5a-9eb3-03d4ea4aebb8, clickElement {id=be3f9261-6c6e-4b36-85e0-3df407792383}]
Capabilities {acceptInsecureCerts: true, browserName: firefox, browserVersion: 136.0.2, moz:accessibilityChecks: false, moz:buildID: 20250317120031, moz:debuggerAddress: 127.0.0.1:46595, moz:geckodriverVersion: 0.36.0, moz:headless: false, moz:platformVersion: 10.0, moz:processID: 18568, moz:profile: C:\Users\Asus\AppData\Local..., moz:shutdownTimeout: 60000, moz:webdriverClick: true, moz:windowless: false, pageLoadStrategy: normal, platformName: windows, proxy: Proxy(), se:cdp: ws://127.0.0.1:46595/devtoo..., se:cdpVersion: 85.0, setWindowRect: true, strictFileInteractability: false, timeouts: {implicit: 0, pageLoad: 300000, script: 30000}, unhandledPromptBehavior: ignore, userAgent: Mozilla/5.0 (Windows NT 10...., webSocketUrl: ws://127.0.0.1:46595/sessio...}
Element: [[CFirefoxDriver: firefox on windows (341eb822-ccc5-4a5a-9eb3-03d4ea4aebb8)] -> xpath: //a[@id='nav_prefetch_yourorders']/span]
Session ID: 341eb822-ccc5-4a5a-9eb3-03d4ea4aebb8
	at jdk.internal.reflect.GeneratedConstructorAccessor30.newInstance(Unknown Source)
	at java.base/jdk.internal.reflect.DelegatingConstructorAccessorImpl.newInstance(DelegatingConstructorAccessorImpl.java:45)
	at org.openqa.selenium.remote.ErrorCodec.decode(ErrorCodec.java:167)
	at org.openqa.selenium.remote.codec.w3c.W3CHttpResponseCodec.decode(W3CHttpResponseCodec.java:138)
	at org.openqa.selenium.remote.codec.w3c.W3CHttpResponseCodec.decode(W3CHttpResponseCodec.java:50)
	at org.openqa.selenium.remote.HttpCommandExecutor.execute(HttpCommandExecutor.java:190)
	at org.openqa.selenium.remote.service.DriverCommandExecutor.invokeExecute(DriverCommandExecutor.java:216)
	at org.openqa.selenium.remote.service.DriverCommandExecutor.execute(DriverCommandExecutor.java:174)
	at org.openqa.selenium.remote.RemoteWebDriver.execute(RemoteWebDriver.java:518)
	at org.openqa.selenium.remote.RemoteWebElement.execute(RemoteWebElement.java:223)
	at org.openqa.selenium.remote.RemoteWebElement.click(RemoteWebElement.java:76)
	at jdk.internal.reflect.GeneratedMethodAccessor30.invoke(Unknown Source)
	at java.base/jdk.internal.reflect.DelegatingMethodAccessorImpl.invoke(DelegatingMethodAccessorImpl.java:43)
	at org.openqa.selenium.support.decorators.WebDriverDecorator.call(WebDriverDecorator.java:249)
	at org.openqa.selenium.support.decorators.DefaultDecorated.call(DefaultDecorated.java:48)
	at org.openqa.selenium.support.decorators.WebDriverDecorator.lambda$createProxy$2(WebDriverDecorator.java:321)
	at net.bytebuddy.renamed.java.lang.Object$ByteBuddy$q6xTtBte.click(Unknown Source)
	at org.openqa.selenium.WebElement$click.call(Unknown Source)
	at org.openqa.selenium.WebElement$click.call(Unknown Source)
	at com.kms.katalon.core.webui.keyword.builtin.ClickKeyword.clickUntilSuccessWithTimeout(ClickKeyword.groovy:82)
	at com.kms.katalon.core.webui.keyword.builtin.ClickKeyword.clickUntilSuccessWithTimeout(ClickKeyword.groovy)
	at jdk.internal.reflect.GeneratedMethodAccessor34.invoke(Unknown Source)
	at java.base/jdk.internal.reflect.DelegatingMethodAccessorImpl.invoke(DelegatingMethodAccessorImpl.java:43)
	at com.kms.katalon.core.webui.keyword.builtin.ClickKeyword$_click_closure1.doCall(ClickKeyword.groovy:68)
	at com.kms.katalon.core.webui.keyword.builtin.ClickKeyword$_click_closure1.call(ClickKeyword.groovy)
	at com.kms.katalon.core.webui.keyword.internal.WebUIKeywordMain.runKeyword(WebUIKeywordMain.groovy:35)
	... 23 more]]></system-err>
      </testcase>
      <testcase name="Test Cases/TC_Amazon_CancelingOrder_011" time="485.703" classname="Test Cases/TC_Amazon_CancelingOrder_011" status="FAILED">
         <failure type="FAILED" message="Test Cases/TC_Amazon_CancelingOrder_011 FAILED.&#xa;Reason:&#xa;com.kms.katalon.core.exception.StepFailedException: Unable to click on object 'Object Repository/Amazon_CancelingOrder_OR/Page_Online Shopping site in India Shop Onl_10c5f3/span_Your Orders' (Root cause: com.kms.katalon.core.exception.StepFailedException: Unable to click on object 'Object Repository/Amazon_CancelingOrder_OR/Page_Online Shopping site in India Shop Onl_10c5f3/span_Your Orders'&#xa;	at com.kms.katalon.core.webui.keyword.internal.WebUIKeywordMain.stepFailed(WebUIKeywordMain.groovy:117)&#xa;	at com.kms.katalon.core.webui.keyword.internal.WebUIKeywordMain.runKeyword(WebUIKeywordMain.groovy:43)&#xa;	at com.kms.katalon.core.webui.keyword.builtin.ClickKeyword.click(ClickKeyword.groovy:75)&#xa;	at com.kms.katalon.core.webui.keyword.builtin.ClickKeyword.execute(ClickKeyword.groovy:40)&#xa;	at com.kms.katalon.core.keyword.internal.KeywordExecutor.executeKeywordForPlatform(KeywordExecutor.groovy:74)&#xa;	at com.kms.katalon.core.webui.keyword.WebUiBuiltInKeywords.click(WebUiBuiltInKeywords.groovy:696)&#xa;	at TC_Amazon_CancelingOrder_011.run(TC_Amazon_CancelingOrder_011:38)&#xa;	at com.kms.katalon.core.main.ScriptEngine.run(ScriptEngine.java:194)&#xa;	at com.kms.katalon.core.main.ScriptEngine.runScriptAsRawText(ScriptEngine.java:119)&#xa;	at com.kms.katalon.core.main.TestCaseExecutor.runScript(TestCaseExecutor.java:448)&#xa;	at com.kms.katalon.core.main.TestCaseExecutor.doExecute(TestCaseExecutor.java:439)&#xa;	at com.kms.katalon.core.main.TestCaseExecutor.processExecutionPhase(TestCaseExecutor.java:418)&#xa;	at com.kms.katalon.core.main.TestCaseExecutor.accessMainPhase(TestCaseExecutor.java:410)&#xa;	at com.kms.katalon.core.main.TestCaseExecutor.execute(TestCaseExecutor.java:285)&#xa;	at com.kms.katalon.core.main.TestCaseExecutor.execute(TestCaseExecutor.java:369)&#xa;	at com.kms.katalon.core.main.TestCaseExecutor.execute(TestCaseExecutor.java:369)&#xa;	at com.kms.katalon.core.main.TestCaseExecutor.execute(TestCaseExecutor.java:369)&#xa;	at com.kms.katalon.core.common.CommonExecutor.accessTestCaseMainPhase(CommonExecutor.java:71)&#xa;	at com.kms.katalon.core.main.TestSuiteExecutor.accessTestSuiteMainPhase(TestSuiteExecutor.java:160)&#xa;	at com.kms.katalon.core.main.TestSuiteExecutor.execute(TestSuiteExecutor.java:107)&#xa;	at com.kms.katalon.core.main.TestCaseMain.startTestSuite(TestCaseMain.java:180)&#xa;	at TempTestSuite1742523221089.run(TempTestSuite1742523221089.groovy:35)&#xa;	at java.base/jdk.internal.reflect.NativeMethodAccessorImpl.invoke0(Native Method)&#xa;	at java.base/jdk.internal.reflect.NativeMethodAccessorImpl.invoke(NativeMethodAccessorImpl.java:77)&#xa;	at java.base/jdk.internal.reflect.DelegatingMethodAccessorImpl.invoke(DelegatingMethodAccessorImpl.java:43)&#xa;Caused by: org.openqa.selenium.ElementNotInteractableException: Element &lt;span class=&quot;nav-text&quot;> could not be scrolled into view&#xa;Build info: version: '4.22.0', revision: 'c5f3146703'&#xa;System info: os.name: 'Windows 11', os.arch: 'amd64', os.version: '10.0', java.version: '17.0.13'&#xa;Driver info: com.kms.katalon.selenium.driver.CFirefoxDriver&#xa;Command: [c6221418-61f3-403b-84c6-e0ca43be8a97, clickElement {id=297597dd-9d72-4ce8-826c-14d7ec284e0b}]&#xa;Capabilities {acceptInsecureCerts: true, browserName: firefox, browserVersion: 136.0.2, moz:accessibilityChecks: false, moz:buildID: 20250317120031, moz:debuggerAddress: 127.0.0.1:4542, moz:geckodriverVersion: 0.36.0, moz:headless: false, moz:platformVersion: 10.0, moz:processID: 5352, moz:profile: C:\Users\Asus\AppData\Local..., moz:shutdownTimeout: 60000, moz:webdriverClick: true, moz:windowless: false, pageLoadStrategy: normal, platformName: windows, proxy: Proxy(), se:cdp: ws://127.0.0.1:4542/devtool..., se:cdpVersion: 85.0, setWindowRect: true, strictFileInteractability: false, timeouts: {implicit: 0, pageLoad: 300000, script: 30000}, unhandledPromptBehavior: ignore, userAgent: Mozilla/5.0 (Windows NT 10...., webSocketUrl: ws://127.0.0.1:4542/session...}&#xa;Element: [[CFirefoxDriver: firefox on windows (c6221418-61f3-403b-84c6-e0ca43be8a97)] -> xpath: //a[@id='nav_prefetch_yourorders']/span]&#xa;Session ID: c6221418-61f3-403b-84c6-e0ca43be8a97&#xa;	at jdk.internal.reflect.GeneratedConstructorAccessor30.newInstance(Unknown Source)&#xa;	at java.base/jdk.internal.reflect.DelegatingConstructorAccessorImpl.newInstance(DelegatingConstructorAccessorImpl.java:45)&#xa;	at org.openqa.selenium.remote.ErrorCodec.decode(ErrorCodec.java:167)&#xa;	at org.openqa.selenium.remote.codec.w3c.W3CHttpResponseCodec.decode(W3CHttpResponseCodec.java:138)&#xa;	at org.openqa.selenium.remote.codec.w3c.W3CHttpResponseCodec.decode(W3CHttpResponseCodec.java:50)&#xa;	at org.openqa.selenium.remote.HttpCommandExecutor.execute(HttpCommandExecutor.java:190)&#xa;	at org.openqa.selenium.remote.service.DriverCommandExecutor.invokeExecute(DriverCommandExecutor.java:216)&#xa;	at org.openqa.selenium.remote.service.DriverCommandExecutor.execute(DriverCommandExecutor.java:174)&#xa;	at org.openqa.selenium.remote.RemoteWebDriver.execute(RemoteWebDriver.java:518)&#xa;	at org.openqa.selenium.remote.RemoteWebElement.execute(RemoteWebElement.java:223)&#xa;	at org.openqa.selenium.remote.RemoteWebElement.click(RemoteWebElement.java:76)&#xa;	at jdk.internal.reflect.GeneratedMethodAccessor30.invoke(Unknown Source)&#xa;	at java.base/jdk.internal.reflect.DelegatingMethodAccessorImpl.invoke(DelegatingMethodAccessorImpl.java:43)&#xa;	at org.openqa.selenium.support.decorators.WebDriverDecorator.call(WebDriverDecorator.java:249)&#xa;	at org.openqa.selenium.support.decorators.DefaultDecorated.call(DefaultDecorated.java:48)&#xa;	at org.openqa.selenium.support.decorators.WebDriverDecorator.lambda$createProxy$2(WebDriverDecorator.java:321)&#xa;	at net.bytebuddy.renamed.java.lang.Object$ByteBuddy$IBBx93YI.click(Unknown Source)&#xa;	at org.openqa.selenium.WebElement$click.call(Unknown Source)&#xa;	at org.openqa.selenium.WebElement$click.call(Unknown Source)&#xa;	at com.kms.katalon.core.webui.keyword.builtin.ClickKeyword.clickUntilSuccessWithTimeout(ClickKeyword.groovy:82)&#xa;	at com.kms.katalon.core.webui.keyword.builtin.ClickKeyword.clickUntilSuccessWithTimeout(ClickKeyword.groovy)&#xa;	at jdk.internal.reflect.GeneratedMethodAccessor34.invoke(Unknown Source)&#xa;	at java.base/jdk.internal.reflect.DelegatingMethodAccessorImpl.invoke(DelegatingMethodAccessorImpl.java:43)&#xa;	at com.kms.katalon.core.webui.keyword.builtin.ClickKeyword$_click_closure1.doCall(ClickKeyword.groovy:68)&#xa;	at com.kms.katalon.core.webui.keyword.builtin.ClickKeyword$_click_closure1.call(ClickKeyword.groovy)&#xa;	at com.kms.katalon.core.webui.keyword.internal.WebUIKeywordMain.runKeyword(WebUIKeywordMain.groovy:35)&#xa;	at com.kms.katalon.core.webui.keyword.builtin.ClickKeyword.click(ClickKeyword.groovy:75)&#xa;	at com.kms.katalon.core.webui.keyword.builtin.ClickKeyword.execute(ClickKeyword.groovy:40)&#xa;	at com.kms.katalon.core.keyword.internal.KeywordExecutor.executeKeywordForPlatform(KeywordExecutor.groovy:74)&#xa;	at com.kms.katalon.core.webui.keyword.WebUiBuiltInKeywords.click(WebUiBuiltInKeywords.groovy:696)&#xa;	at Script1741840587349.run(Script1741840587349.groovy:38)&#xa;	... 18 more&#xa;)&#xa;	at com.kms.katalon.core.keyword.internal.KeywordMain.stepFailed(KeywordMain.groovy:39)&#xa;	at com.kms.katalon.core.webui.keyword.internal.WebUIKeywordMain.stepFailed(WebUIKeywordMain.groovy:117)&#xa;	at com.kms.katalon.core.webui.keyword.internal.WebUIKeywordMain.runKeyword(WebUIKeywordMain.groovy:43)&#xa;	at com.kms.katalon.core.webui.keyword.builtin.ClickKeyword.click(ClickKeyword.groovy:75)&#xa;	at com.kms.katalon.core.webui.keyword.builtin.ClickKeyword.execute(ClickKeyword.groovy:40)&#xa;	at com.kms.katalon.core.keyword.internal.KeywordExecutor.executeKeywordForPlatform(KeywordExecutor.groovy:74)&#xa;	at com.kms.katalon.core.webui.keyword.WebUiBuiltInKeywords.click(WebUiBuiltInKeywords.groovy:696)&#xa;	at TC_Amazon_CancelingOrder_011.run(TC_Amazon_CancelingOrder_011:38)&#xa;	at com.kms.katalon.core.main.ScriptEngine.run(ScriptEngine.java:194)&#xa;	at com.kms.katalon.core.main.ScriptEngine.runScriptAsRawText(ScriptEngine.java:119)&#xa;	at com.kms.katalon.core.main.TestCaseExecutor.runScript(TestCaseExecutor.java:448)&#xa;	at com.kms.katalon.core.main.TestCaseExecutor.doExecute(TestCaseExecutor.java:439)&#xa;	at com.kms.katalon.core.main.TestCaseExecutor.processExecutionPhase(TestCaseExecutor.java:418)&#xa;	at com.kms.katalon.core.main.TestCaseExecutor.accessMainPhase(TestCaseExecutor.java:410)&#xa;	at com.kms.katalon.core.main.TestCaseExecutor.execute(TestCaseExecutor.java:285)&#xa;	at com.kms.katalon.core.main.TestCaseExecutor.execute(TestCaseExecutor.java:369)&#xa;	at com.kms.katalon.core.main.TestCaseExecutor.execute(TestCaseExecutor.java:369)&#xa;	at com.kms.katalon.core.main.TestCaseExecutor.execute(TestCaseExecutor.java:369)&#xa;	at com.kms.katalon.core.common.CommonExecutor.accessTestCaseMainPhase(CommonExecutor.java:71)&#xa;	at com.kms.katalon.core.main.TestSuiteExecutor.accessTestSuiteMainPhase(TestSuiteExecutor.java:160)&#xa;	at com.kms.katalon.core.main.TestSuiteExecutor.execute(TestSuiteExecutor.java:107)&#xa;	at com.kms.katalon.core.main.TestCaseMain.startTestSuite(TestCaseMain.java:180)&#xa;	at TempTestSuite1742523221089.run(TempTestSuite1742523221089.groovy:35)&#xa;	at java.base/jdk.internal.reflect.NativeMethodAccessorImpl.invoke0(Native Method)&#xa;	at java.base/jdk.internal.reflect.NativeMethodAccessorImpl.invoke(NativeMethodAccessorImpl.java:77)&#xa;	at java.base/jdk.internal.reflect.DelegatingMethodAccessorImpl.invoke(DelegatingMethodAccessorImpl.java:43)&#xa;Caused by: com.kms.katalon.core.exception.StepFailedException: Unable to click on object 'Object Repository/Amazon_CancelingOrder_OR/Page_Online Shopping site in India Shop Onl_10c5f3/span_Your Orders'&#xa;	... 25 more&#xa;Caused by: org.openqa.selenium.ElementNotInteractableException: Element &lt;span class=&quot;nav-text&quot;> could not be scrolled into view&#xa;Build info: version: '4.22.0', revision: 'c5f3146703'&#xa;System info: os.name: 'Windows 11', os.arch: 'amd64', os.version: '10.0', java.version: '17.0.13'&#xa;Driver info: com.kms.katalon.selenium.driver.CFirefoxDriver&#xa;Command: [c6221418-61f3-403b-84c6-e0ca43be8a97, clickElement {id=297597dd-9d72-4ce8-826c-14d7ec284e0b}]&#xa;Capabilities {acceptInsecureCerts: true, browserName: firefox, browserVersion: 136.0.2, moz:accessibilityChecks: false, moz:buildID: 20250317120031, moz:debuggerAddress: 127.0.0.1:4542, moz:geckodriverVersion: 0.36.0, moz:headless: false, moz:platformVersion: 10.0, moz:processID: 5352, moz:profile: C:\Users\Asus\AppData\Local..., moz:shutdownTimeout: 60000, moz:webdriverClick: true, moz:windowless: false, pageLoadStrategy: normal, platformName: windows, proxy: Proxy(), se:cdp: ws://127.0.0.1:4542/devtool..., se:cdpVersion: 85.0, setWindowRect: true, strictFileInteractability: false, timeouts: {implicit: 0, pageLoad: 300000, script: 30000}, unhandledPromptBehavior: ignore, userAgent: Mozilla/5.0 (Windows NT 10...., webSocketUrl: ws://127.0.0.1:4542/session...}&#xa;Element: [[CFirefoxDriver: firefox on windows (c6221418-61f3-403b-84c6-e0ca43be8a97)] -> xpath: //a[@id='nav_prefetch_yourorders']/span]&#xa;Session ID: c6221418-61f3-403b-84c6-e0ca43be8a97&#xa;	at jdk.internal.reflect.GeneratedConstructorAccessor30.newInstance(Unknown Source)&#xa;	at java.base/jdk.internal.reflect.DelegatingConstructorAccessorImpl.newInstance(DelegatingConstructorAccessorImpl.java:45)&#xa;	at org.openqa.selenium.remote.ErrorCodec.decode(ErrorCodec.java:167)&#xa;	at org.openqa.selenium.remote.codec.w3c.W3CHttpResponseCodec.decode(W3CHttpResponseCodec.java:138)&#xa;	at org.openqa.selenium.remote.codec.w3c.W3CHttpResponseCodec.decode(W3CHttpResponseCodec.java:50)&#xa;	at org.openqa.selenium.remote.HttpCommandExecutor.execute(HttpCommandExecutor.java:190)&#xa;	at org.openqa.selenium.remote.service.DriverCommandExecutor.invokeExecute(DriverCommandExecutor.java:216)&#xa;	at org.openqa.selenium.remote.service.DriverCommandExecutor.execute(DriverCommandExecutor.java:174)&#xa;	at org.openqa.selenium.remote.RemoteWebDriver.execute(RemoteWebDriver.java:518)&#xa;	at org.openqa.selenium.remote.RemoteWebElement.execute(RemoteWebElement.java:223)&#xa;	at org.openqa.selenium.remote.RemoteWebElement.click(RemoteWebElement.java:76)&#xa;	at jdk.internal.reflect.GeneratedMethodAccessor30.invoke(Unknown Source)&#xa;	at java.base/jdk.internal.reflect.DelegatingMethodAccessorImpl.invoke(DelegatingMethodAccessorImpl.java:43)&#xa;	at org.openqa.selenium.support.decorators.WebDriverDecorator.call(WebDriverDecorator.java:249)&#xa;	at org.openqa.selenium.support.decorators.DefaultDecorated.call(DefaultDecorated.java:48)&#xa;	at org.openqa.selenium.support.decorators.WebDriverDecorator.lambda$createProxy$2(WebDriverDecorator.java:321)&#xa;	at net.bytebuddy.renamed.java.lang.Object$ByteBuddy$IBBx93YI.click(Unknown Source)&#xa;	at org.openqa.selenium.WebElement$click.call(Unknown Source)&#xa;	at org.openqa.selenium.WebElement$click.call(Unknown Source)&#xa;	at com.kms.katalon.core.webui.keyword.builtin.ClickKeyword.clickUntilSuccessWithTimeout(ClickKeyword.groovy:82)&#xa;	at com.kms.katalon.core.webui.keyword.builtin.ClickKeyword.clickUntilSuccessWithTimeout(ClickKeyword.groovy)&#xa;	at jdk.internal.reflect.GeneratedMethodAccessor34.invoke(Unknown Source)&#xa;	at java.base/jdk.internal.reflect.DelegatingMethodAccessorImpl.invoke(DelegatingMethodAccessorImpl.java:43)&#xa;	at com.kms.katalon.core.webui.keyword.builtin.ClickKeyword$_click_closure1.doCall(ClickKeyword.groovy:68)&#xa;	at com.kms.katalon.core.webui.keyword.builtin.ClickKeyword$_click_closure1.call(ClickKeyword.groovy)&#xa;	at com.kms.katalon.core.webui.keyword.internal.WebUIKeywordMain.runKeyword(WebUIKeywordMain.groovy:35)&#xa;	... 23 more&#xa;"/>
         <system-out><![CDATA[21-03-2025T08:27:43 - [TEST_CASE][FAILED] - Test Cases/TC_Amazon_CancelingOrder_011: Test Cases/TC_Amazon_CancelingOrder_011 FAILED.
Reason:
com.kms.katalon.core.exception.StepFailedException: Unable to click on object 'Object Repository/Amazon_CancelingOrder_OR/Page_Online Shopping site in India Shop Onl_10c5f3/span_Your Orders' (Root cause: com.kms.katalon.core.exception.StepFailedException: Unable to click on object 'Object Repository/Amazon_CancelingOrder_OR/Page_Online Shopping site in India Shop Onl_10c5f3/span_Your Orders'
	at com.kms.katalon.core.webui.keyword.internal.WebUIKeywordMain.stepFailed(WebUIKeywordMain.groovy:117)
	at com.kms.katalon.core.webui.keyword.internal.WebUIKeywordMain.runKeyword(WebUIKeywordMain.groovy:43)
	at com.kms.katalon.core.webui.keyword.builtin.ClickKeyword.click(ClickKeyword.groovy:75)
	at com.kms.katalon.core.webui.keyword.builtin.ClickKeyword.execute(ClickKeyword.groovy:40)
	at com.kms.katalon.core.keyword.internal.KeywordExecutor.executeKeywordForPlatform(KeywordExecutor.groovy:74)
	at com.kms.katalon.core.webui.keyword.WebUiBuiltInKeywords.click(WebUiBuiltInKeywords.groovy:696)
	at TC_Amazon_CancelingOrder_011.run(TC_Amazon_CancelingOrder_011:38)
	at com.kms.katalon.core.main.ScriptEngine.run(ScriptEngine.java:194)
	at com.kms.katalon.core.main.ScriptEngine.runScriptAsRawText(ScriptEngine.java:119)
	at com.kms.katalon.core.main.TestCaseExecutor.runScript(TestCaseExecutor.java:448)
	at com.kms.katalon.core.main.TestCaseExecutor.doExecute(TestCaseExecutor.java:439)
	at com.kms.katalon.core.main.TestCaseExecutor.processExecutionPhase(TestCaseExecutor.java:418)
	at com.kms.katalon.core.main.TestCaseExecutor.accessMainPhase(TestCaseExecutor.java:410)
	at com.kms.katalon.core.main.TestCaseExecutor.execute(TestCaseExecutor.java:285)
	at com.kms.katalon.core.main.TestCaseExecutor.execute(TestCaseExecutor.java:369)
	at com.kms.katalon.core.main.TestCaseExecutor.execute(TestCaseExecutor.java:369)
	at com.kms.katalon.core.main.TestCaseExecutor.execute(TestCaseExecutor.java:369)
	at com.kms.katalon.core.common.CommonExecutor.accessTestCaseMainPhase(CommonExecutor.java:71)
	at com.kms.katalon.core.main.TestSuiteExecutor.accessTestSuiteMainPhase(TestSuiteExecutor.java:160)
	at com.kms.katalon.core.main.TestSuiteExecutor.execute(TestSuiteExecutor.java:107)
	at com.kms.katalon.core.main.TestCaseMain.startTestSuite(TestCaseMain.java:180)
	at TempTestSuite1742523221089.run(TempTestSuite1742523221089.groovy:35)
	at java.base/jdk.internal.reflect.NativeMethodAccessorImpl.invoke0(Native Method)
	at java.base/jdk.internal.reflect.NativeMethodAccessorImpl.invoke(NativeMethodAccessorImpl.java:77)
	at java.base/jdk.internal.reflect.DelegatingMethodAccessorImpl.invoke(DelegatingMethodAccessorImpl.java:43)
Caused by: org.openqa.selenium.ElementNotInteractableException: Element <span class="nav-text"> could not be scrolled into view
Build info: version: '4.22.0', revision: 'c5f3146703'
System info: os.name: 'Windows 11', os.arch: 'amd64', os.version: '10.0', java.version: '17.0.13'
Driver info: com.kms.katalon.selenium.driver.CFirefoxDriver
Command: [c6221418-61f3-403b-84c6-e0ca43be8a97, clickElement {id=297597dd-9d72-4ce8-826c-14d7ec284e0b}]
Capabilities {acceptInsecureCerts: true, browserName: firefox, browserVersion: 136.0.2, moz:accessibilityChecks: false, moz:buildID: 20250317120031, moz:debuggerAddress: 127.0.0.1:4542, moz:geckodriverVersion: 0.36.0, moz:headless: false, moz:platformVersion: 10.0, moz:processID: 5352, moz:profile: C:\Users\Asus\AppData\Local..., moz:shutdownTimeout: 60000, moz:webdriverClick: true, moz:windowless: false, pageLoadStrategy: normal, platformName: windows, proxy: Proxy(), se:cdp: ws://127.0.0.1:4542/devtool..., se:cdpVersion: 85.0, setWindowRect: true, strictFileInteractability: false, timeouts: {implicit: 0, pageLoad: 300000, script: 30000}, unhandledPromptBehavior: ignore, userAgent: Mozilla/5.0 (Windows NT 10...., webSocketUrl: ws://127.0.0.1:4542/session...}
Element: [[CFirefoxDriver: firefox on windows (c6221418-61f3-403b-84c6-e0ca43be8a97)] -> xpath: //a[@id='nav_prefetch_yourorders']/span]
Session ID: c6221418-61f3-403b-84c6-e0ca43be8a97
	at jdk.internal.reflect.GeneratedConstructorAccessor30.newInstance(Unknown Source)
	at java.base/jdk.internal.reflect.DelegatingConstructorAccessorImpl.newInstance(DelegatingConstructorAccessorImpl.java:45)
	at org.openqa.selenium.remote.ErrorCodec.decode(ErrorCodec.java:167)
	at org.openqa.selenium.remote.codec.w3c.W3CHttpResponseCodec.decode(W3CHttpResponseCodec.java:138)
	at org.openqa.selenium.remote.codec.w3c.W3CHttpResponseCodec.decode(W3CHttpResponseCodec.java:50)
	at org.openqa.selenium.remote.HttpCommandExecutor.execute(HttpCommandExecutor.java:190)
	at org.openqa.selenium.remote.service.DriverCommandExecutor.invokeExecute(DriverCommandExecutor.java:216)
	at org.openqa.selenium.remote.service.DriverCommandExecutor.execute(DriverCommandExecutor.java:174)
	at org.openqa.selenium.remote.RemoteWebDriver.execute(RemoteWebDriver.java:518)
	at org.openqa.selenium.remote.RemoteWebElement.execute(RemoteWebElement.java:223)
	at org.openqa.selenium.remote.RemoteWebElement.click(RemoteWebElement.java:76)
	at jdk.internal.reflect.GeneratedMethodAccessor30.invoke(Unknown Source)
	at java.base/jdk.internal.reflect.DelegatingMethodAccessorImpl.invoke(DelegatingMethodAccessorImpl.java:43)
	at org.openqa.selenium.support.decorators.WebDriverDecorator.call(WebDriverDecorator.java:249)
	at org.openqa.selenium.support.decorators.DefaultDecorated.call(DefaultDecorated.java:48)
	at org.openqa.selenium.support.decorators.WebDriverDecorator.lambda$createProxy$2(WebDriverDecorator.java:321)
	at net.bytebuddy.renamed.java.lang.Object$ByteBuddy$IBBx93YI.click(Unknown Source)
	at org.openqa.selenium.WebElement$click.call(Unknown Source)
	at org.openqa.selenium.WebElement$click.call(Unknown Source)
	at com.kms.katalon.core.webui.keyword.builtin.ClickKeyword.clickUntilSuccessWithTimeout(ClickKeyword.groovy:82)
	at com.kms.katalon.core.webui.keyword.builtin.ClickKeyword.clickUntilSuccessWithTimeout(ClickKeyword.groovy)
	at jdk.internal.reflect.GeneratedMethodAccessor34.invoke(Unknown Source)
	at java.base/jdk.internal.reflect.DelegatingMethodAccessorImpl.invoke(DelegatingMethodAccessorImpl.java:43)
	at com.kms.katalon.core.webui.keyword.builtin.ClickKeyword$_click_closure1.doCall(ClickKeyword.groovy:68)
	at com.kms.katalon.core.webui.keyword.builtin.ClickKeyword$_click_closure1.call(ClickKeyword.groovy)
	at com.kms.katalon.core.webui.keyword.internal.WebUIKeywordMain.runKeyword(WebUIKeywordMain.groovy:35)
	at com.kms.katalon.core.webui.keyword.builtin.ClickKeyword.click(ClickKeyword.groovy:75)
	at com.kms.katalon.core.webui.keyword.builtin.ClickKeyword.execute(ClickKeyword.groovy:40)
	at com.kms.katalon.core.keyword.internal.KeywordExecutor.executeKeywordForPlatform(KeywordExecutor.groovy:74)
	at com.kms.katalon.core.webui.keyword.WebUiBuiltInKeywords.click(WebUiBuiltInKeywords.groovy:696)
	at Script1741840587349.run(Script1741840587349.groovy:38)
	... 18 more
)
	at com.kms.katalon.core.keyword.internal.KeywordMain.stepFailed(KeywordMain.groovy:39)
	at com.kms.katalon.core.webui.keyword.internal.WebUIKeywordMain.stepFailed(WebUIKeywordMain.groovy:117)
	at com.kms.katalon.core.webui.keyword.internal.WebUIKeywordMain.runKeyword(WebUIKeywordMain.groovy:43)
	at com.kms.katalon.core.webui.keyword.builtin.ClickKeyword.click(ClickKeyword.groovy:75)
	at com.kms.katalon.core.webui.keyword.builtin.ClickKeyword.execute(ClickKeyword.groovy:40)
	at com.kms.katalon.core.keyword.internal.KeywordExecutor.executeKeywordForPlatform(KeywordExecutor.groovy:74)
	at com.kms.katalon.core.webui.keyword.WebUiBuiltInKeywords.click(WebUiBuiltInKeywords.groovy:696)
	at TC_Amazon_CancelingOrder_011.run(TC_Amazon_CancelingOrder_011:38)
	at com.kms.katalon.core.main.ScriptEngine.run(ScriptEngine.java:194)
	at com.kms.katalon.core.main.ScriptEngine.runScriptAsRawText(ScriptEngine.java:119)
	at com.kms.katalon.core.main.TestCaseExecutor.runScript(TestCaseExecutor.java:448)
	at com.kms.katalon.core.main.TestCaseExecutor.doExecute(TestCaseExecutor.java:439)
	at com.kms.katalon.core.main.TestCaseExecutor.processExecutionPhase(TestCaseExecutor.java:418)
	at com.kms.katalon.core.main.TestCaseExecutor.accessMainPhase(TestCaseExecutor.java:410)
	at com.kms.katalon.core.main.TestCaseExecutor.execute(TestCaseExecutor.java:285)
	at com.kms.katalon.core.main.TestCaseExecutor.execute(TestCaseExecutor.java:369)
	at com.kms.katalon.core.main.TestCaseExecutor.execute(TestCaseExecutor.java:369)
	at com.kms.katalon.core.main.TestCaseExecutor.execute(TestCaseExecutor.java:369)
	at com.kms.katalon.core.common.CommonExecutor.accessTestCaseMainPhase(CommonExecutor.java:71)
	at com.kms.katalon.core.main.TestSuiteExecutor.accessTestSuiteMainPhase(TestSuiteExecutor.java:160)
	at com.kms.katalon.core.main.TestSuiteExecutor.execute(TestSuiteExecutor.java:107)
	at com.kms.katalon.core.main.TestCaseMain.startTestSuite(TestCaseMain.java:180)
	at TempTestSuite1742523221089.run(TempTestSuite1742523221089.groovy:35)
	at java.base/jdk.internal.reflect.NativeMethodAccessorImpl.invoke0(Native Method)
	at java.base/jdk.internal.reflect.NativeMethodAccessorImpl.invoke(NativeMethodAccessorImpl.java:77)
	at java.base/jdk.internal.reflect.DelegatingMethodAccessorImpl.invoke(DelegatingMethodAccessorImpl.java:43)
Caused by: com.kms.katalon.core.exception.StepFailedException: Unable to click on object 'Object Repository/Amazon_CancelingOrder_OR/Page_Online Shopping site in India Shop Onl_10c5f3/span_Your Orders'
	... 25 more
Caused by: org.openqa.selenium.ElementNotInteractableException: Element <span class="nav-text"> could not be scrolled into view
Build info: version: '4.22.0', revision: 'c5f3146703'
System info: os.name: 'Windows 11', os.arch: 'amd64', os.version: '10.0', java.version: '17.0.13'
Driver info: com.kms.katalon.selenium.driver.CFirefoxDriver
Command: [c6221418-61f3-403b-84c6-e0ca43be8a97, clickElement {id=297597dd-9d72-4ce8-826c-14d7ec284e0b}]
Capabilities {acceptInsecureCerts: true, browserName: firefox, browserVersion: 136.0.2, moz:accessibilityChecks: false, moz:buildID: 20250317120031, moz:debuggerAddress: 127.0.0.1:4542, moz:geckodriverVersion: 0.36.0, moz:headless: false, moz:platformVersion: 10.0, moz:processID: 5352, moz:profile: C:\Users\Asus\AppData\Local..., moz:shutdownTimeout: 60000, moz:webdriverClick: true, moz:windowless: false, pageLoadStrategy: normal, platformName: windows, proxy: Proxy(), se:cdp: ws://127.0.0.1:4542/devtool..., se:cdpVersion: 85.0, setWindowRect: true, strictFileInteractability: false, timeouts: {implicit: 0, pageLoad: 300000, script: 30000}, unhandledPromptBehavior: ignore, userAgent: Mozilla/5.0 (Windows NT 10...., webSocketUrl: ws://127.0.0.1:4542/session...}
Element: [[CFirefoxDriver: firefox on windows (c6221418-61f3-403b-84c6-e0ca43be8a97)] -> xpath: //a[@id='nav_prefetch_yourorders']/span]
Session ID: c6221418-61f3-403b-84c6-e0ca43be8a97
	at jdk.internal.reflect.GeneratedConstructorAccessor30.newInstance(Unknown Source)
	at java.base/jdk.internal.reflect.DelegatingConstructorAccessorImpl.newInstance(DelegatingConstructorAccessorImpl.java:45)
	at org.openqa.selenium.remote.ErrorCodec.decode(ErrorCodec.java:167)
	at org.openqa.selenium.remote.codec.w3c.W3CHttpResponseCodec.decode(W3CHttpResponseCodec.java:138)
	at org.openqa.selenium.remote.codec.w3c.W3CHttpResponseCodec.decode(W3CHttpResponseCodec.java:50)
	at org.openqa.selenium.remote.HttpCommandExecutor.execute(HttpCommandExecutor.java:190)
	at org.openqa.selenium.remote.service.DriverCommandExecutor.invokeExecute(DriverCommandExecutor.java:216)
	at org.openqa.selenium.remote.service.DriverCommandExecutor.execute(DriverCommandExecutor.java:174)
	at org.openqa.selenium.remote.RemoteWebDriver.execute(RemoteWebDriver.java:518)
	at org.openqa.selenium.remote.RemoteWebElement.execute(RemoteWebElement.java:223)
	at org.openqa.selenium.remote.RemoteWebElement.click(RemoteWebElement.java:76)
	at jdk.internal.reflect.GeneratedMethodAccessor30.invoke(Unknown Source)
	at java.base/jdk.internal.reflect.DelegatingMethodAccessorImpl.invoke(DelegatingMethodAccessorImpl.java:43)
	at org.openqa.selenium.support.decorators.WebDriverDecorator.call(WebDriverDecorator.java:249)
	at org.openqa.selenium.support.decorators.DefaultDecorated.call(DefaultDecorated.java:48)
	at org.openqa.selenium.support.decorators.WebDriverDecorator.lambda$createProxy$2(WebDriverDecorator.java:321)
	at net.bytebuddy.renamed.java.lang.Object$ByteBuddy$IBBx93YI.click(Unknown Source)
	at org.openqa.selenium.WebElement$click.call(Unknown Source)
	at org.openqa.selenium.WebElement$click.call(Unknown Source)
	at com.kms.katalon.core.webui.keyword.builtin.ClickKeyword.clickUntilSuccessWithTimeout(ClickKeyword.groovy:82)
	at com.kms.katalon.core.webui.keyword.builtin.ClickKeyword.clickUntilSuccessWithTimeout(ClickKeyword.groovy)
	at jdk.internal.reflect.GeneratedMethodAccessor34.invoke(Unknown Source)
	at java.base/jdk.internal.reflect.DelegatingMethodAccessorImpl.invoke(DelegatingMethodAccessorImpl.java:43)
	at com.kms.katalon.core.webui.keyword.builtin.ClickKeyword$_click_closure1.doCall(ClickKeyword.groovy:68)
	at com.kms.katalon.core.webui.keyword.builtin.ClickKeyword$_click_closure1.call(ClickKeyword.groovy)
	at com.kms.katalon.core.webui.keyword.internal.WebUIKeywordMain.runKeyword(WebUIKeywordMain.groovy:35)
	... 23 more


21-03-2025T08:27:43 - [TEST_STEP][PASSED] - openBrowser(""): Browser is opened with url: ''

21-03-2025T08:27:43 - [MESSAGE][INFO] - Starting 'Firefox' driver

21-03-2025T08:27:43 - [MESSAGE][INFO] - Action delay is set to 0 milliseconds

21-03-2025T08:27:49 - [MESSAGE][PASSED] - Browser is opened with url: ''

21-03-2025T08:27:49 - [TEST_STEP][PASSED] - navigateToUrl("https://www.amazon.in/"): Navigate to 'https://www.amazon.in/' successfully

21-03-2025T08:27:52 - [MESSAGE][PASSED] - Navigate to 'https://www.amazon.in/' successfully

21-03-2025T08:27:52 - [TEST_STEP][PASSED] - mouseOver(findTestObject("Amazon_CancelingOrder_OR/Page_Online Shopping site in India Shop Online for Mobiles, Books, Watches, Shoes and More - Amazon.in/span_Account  Lists")): Object: 'Object Repository/Amazon_CancelingOrder_OR/Page_Online Shopping site in India Shop Online for Mobiles, Books, Watches, Shoes and More - Amazon.in/span_Account  Lists' is hovered

21-03-2025T08:27:55 - [MESSAGE][PASSED] - Object: 'Object Repository/Amazon_CancelingOrder_OR/Page_Online Shopping site in India Shop Online for Mobiles, Books, Watches, Shoes and More - Amazon.in/span_Account  Lists' is hovered

21-03-2025T08:27:55 - [TEST_STEP][PASSED] - click(findTestObject("Object Repository/Amazon_CancelingOrder_OR/Page_Online Shopping site in India Shop Onl_10c5f3/span_Sign in")): Object: 'Object Repository/Amazon_CancelingOrder_OR/Page_Online Shopping site in India Shop Onl_10c5f3/span_Sign in' is clicked on

21-03-2025T08:27:58 - [MESSAGE][PASSED] - Object: 'Object Repository/Amazon_CancelingOrder_OR/Page_Online Shopping site in India Shop Onl_10c5f3/span_Sign in' is clicked on

21-03-2025T08:27:58 - [TEST_STEP][PASSED] - setText(findTestObject("Object Repository/Amazon_CancelingOrder_OR/Page_Amazon Sign In/input_Email or mobile phone number_email"), "8765257308"): Text '8765257308' is set on object 'Object Repository/Amazon_CancelingOrder_OR/Page_Amazon Sign In/input_Email or mobile phone number_email'

21-03-2025T08:28:00 - [MESSAGE][PASSED] - Text '8765257308' is set on object 'Object Repository/Amazon_CancelingOrder_OR/Page_Amazon Sign In/input_Email or mobile phone number_email'

21-03-2025T08:28:00 - [TEST_STEP][PASSED] - click(findTestObject("Object Repository/Amazon_CancelingOrder_OR/Page_Amazon Sign In/input_Wrong or Invalid email address or mob_77ed40")): Object: 'Object Repository/Amazon_CancelingOrder_OR/Page_Amazon Sign In/input_Wrong or Invalid email address or mob_77ed40' is clicked on

21-03-2025T08:28:01 - [MESSAGE][PASSED] - Object: 'Object Repository/Amazon_CancelingOrder_OR/Page_Amazon Sign In/input_Wrong or Invalid email address or mob_77ed40' is clicked on

21-03-2025T08:28:01 - [TEST_STEP][PASSED] - setEncryptedText(findTestObject("Object Repository/Amazon_CancelingOrder_OR/Page_Amazon Sign In/input_Forgot password_password"), "FJEEn2Q6rEqImg+RR4ytGA=="): Text ****** has been set on object 'Object Repository/Amazon_CancelingOrder_OR/Page_Amazon Sign In/input_Forgot password_password'

21-03-2025T08:28:02 - [MESSAGE][PASSED] - Text ****** has been set on object 'Object Repository/Amazon_CancelingOrder_OR/Page_Amazon Sign In/input_Forgot password_password'

21-03-2025T08:28:02 - [TEST_STEP][PASSED] - click(findTestObject("Object Repository/Amazon_CancelingOrder_OR/Page_Amazon Sign In/input_Enter your password_signInSubmit")): Object: 'Object Repository/Amazon_CancelingOrder_OR/Page_Amazon Sign In/input_Enter your password_signInSubmit' is clicked on

21-03-2025T08:28:05 - [MESSAGE][PASSED] - Object: 'Object Repository/Amazon_CancelingOrder_OR/Page_Amazon Sign In/input_Enter your password_signInSubmit' is clicked on

21-03-2025T08:28:05 - [TEST_STEP][FAILED] - click(findTestObject("Object Repository/Amazon_CancelingOrder_OR/Page_Online Shopping site in India Shop Onl_10c5f3/span_Your Orders")): Unable to click on object 'Object Repository/Amazon_CancelingOrder_OR/Page_Online Shopping site in India Shop Onl_10c5f3/span_Your Orders' (Root cause: com.kms.katalon.core.exception.StepFailedException: Unable to click on object 'Object Repository/Amazon_CancelingOrder_OR/Page_Online Shopping site in India Shop Onl_10c5f3/span_Your Orders'
	at com.kms.katalon.core.webui.keyword.internal.WebUIKeywordMain.stepFailed(WebUIKeywordMain.groovy:117)
	at com.kms.katalon.core.webui.keyword.internal.WebUIKeywordMain.runKeyword(WebUIKeywordMain.groovy:43)
	at com.kms.katalon.core.webui.keyword.builtin.ClickKeyword.click(ClickKeyword.groovy:75)
	at com.kms.katalon.core.webui.keyword.builtin.ClickKeyword.execute(ClickKeyword.groovy:40)
	at com.kms.katalon.core.keyword.internal.KeywordExecutor.executeKeywordForPlatform(KeywordExecutor.groovy:74)
	at com.kms.katalon.core.webui.keyword.WebUiBuiltInKeywords.click(WebUiBuiltInKeywords.groovy:696)
	at TC_Amazon_CancelingOrder_011.run(TC_Amazon_CancelingOrder_011:38)
	at com.kms.katalon.core.main.ScriptEngine.run(ScriptEngine.java:194)
	at com.kms.katalon.core.main.ScriptEngine.runScriptAsRawText(ScriptEngine.java:119)
	at com.kms.katalon.core.main.TestCaseExecutor.runScript(TestCaseExecutor.java:448)
	at com.kms.katalon.core.main.TestCaseExecutor.doExecute(TestCaseExecutor.java:439)
	at com.kms.katalon.core.main.TestCaseExecutor.processExecutionPhase(TestCaseExecutor.java:418)
	at com.kms.katalon.core.main.TestCaseExecutor.accessMainPhase(TestCaseExecutor.java:410)
	at com.kms.katalon.core.main.TestCaseExecutor.execute(TestCaseExecutor.java:285)
	at com.kms.katalon.core.main.TestCaseExecutor.execute(TestCaseExecutor.java:369)
	at com.kms.katalon.core.main.TestCaseExecutor.execute(TestCaseExecutor.java:369)
	at com.kms.katalon.core.main.TestCaseExecutor.execute(TestCaseExecutor.java:369)
	at com.kms.katalon.core.common.CommonExecutor.accessTestCaseMainPhase(CommonExecutor.java:71)
	at com.kms.katalon.core.main.TestSuiteExecutor.accessTestSuiteMainPhase(TestSuiteExecutor.java:160)
	at com.kms.katalon.core.main.TestSuiteExecutor.execute(TestSuiteExecutor.java:107)
	at com.kms.katalon.core.main.TestCaseMain.startTestSuite(TestCaseMain.java:180)
	at TempTestSuite1742523221089.run(TempTestSuite1742523221089.groovy:35)
	at java.base/jdk.internal.reflect.NativeMethodAccessorImpl.invoke0(Native Method)
	at java.base/jdk.internal.reflect.NativeMethodAccessorImpl.invoke(NativeMethodAccessorImpl.java:77)
	at java.base/jdk.internal.reflect.DelegatingMethodAccessorImpl.invoke(DelegatingMethodAccessorImpl.java:43)
Caused by: org.openqa.selenium.ElementNotInteractableException: Element <span class="nav-text"> could not be scrolled into view
Build info: version: '4.22.0', revision: 'c5f3146703'
System info: os.name: 'Windows 11', os.arch: 'amd64', os.version: '10.0', java.version: '17.0.13'
Driver info: com.kms.katalon.selenium.driver.CFirefoxDriver
Command: [c6221418-61f3-403b-84c6-e0ca43be8a97, clickElement {id=297597dd-9d72-4ce8-826c-14d7ec284e0b}]
Capabilities {acceptInsecureCerts: true, browserName: firefox, browserVersion: 136.0.2, moz:accessibilityChecks: false, moz:buildID: 20250317120031, moz:debuggerAddress: 127.0.0.1:4542, moz:geckodriverVersion: 0.36.0, moz:headless: false, moz:platformVersion: 10.0, moz:processID: 5352, moz:profile: C:\Users\Asus\AppData\Local..., moz:shutdownTimeout: 60000, moz:webdriverClick: true, moz:windowless: false, pageLoadStrategy: normal, platformName: windows, proxy: Proxy(), se:cdp: ws://127.0.0.1:4542/devtool..., se:cdpVersion: 85.0, setWindowRect: true, strictFileInteractability: false, timeouts: {implicit: 0, pageLoad: 300000, script: 30000}, unhandledPromptBehavior: ignore, userAgent: Mozilla/5.0 (Windows NT 10...., webSocketUrl: ws://127.0.0.1:4542/session...}
Element: [[CFirefoxDriver: firefox on windows (c6221418-61f3-403b-84c6-e0ca43be8a97)] -> xpath: //a[@id='nav_prefetch_yourorders']/span]
Session ID: c6221418-61f3-403b-84c6-e0ca43be8a97
	at jdk.internal.reflect.GeneratedConstructorAccessor30.newInstance(Unknown Source)
	at java.base/jdk.internal.reflect.DelegatingConstructorAccessorImpl.newInstance(DelegatingConstructorAccessorImpl.java:45)
	at org.openqa.selenium.remote.ErrorCodec.decode(ErrorCodec.java:167)
	at org.openqa.selenium.remote.codec.w3c.W3CHttpResponseCodec.decode(W3CHttpResponseCodec.java:138)
	at org.openqa.selenium.remote.codec.w3c.W3CHttpResponseCodec.decode(W3CHttpResponseCodec.java:50)
	at org.openqa.selenium.remote.HttpCommandExecutor.execute(HttpCommandExecutor.java:190)
	at org.openqa.selenium.remote.service.DriverCommandExecutor.invokeExecute(DriverCommandExecutor.java:216)
	at org.openqa.selenium.remote.service.DriverCommandExecutor.execute(DriverCommandExecutor.java:174)
	at org.openqa.selenium.remote.RemoteWebDriver.execute(RemoteWebDriver.java:518)
	at org.openqa.selenium.remote.RemoteWebElement.execute(RemoteWebElement.java:223)
	at org.openqa.selenium.remote.RemoteWebElement.click(RemoteWebElement.java:76)
	at jdk.internal.reflect.GeneratedMethodAccessor30.invoke(Unknown Source)
	at java.base/jdk.internal.reflect.DelegatingMethodAccessorImpl.invoke(DelegatingMethodAccessorImpl.java:43)
	at org.openqa.selenium.support.decorators.WebDriverDecorator.call(WebDriverDecorator.java:249)
	at org.openqa.selenium.support.decorators.DefaultDecorated.call(DefaultDecorated.java:48)
	at org.openqa.selenium.support.decorators.WebDriverDecorator.lambda$createProxy$2(WebDriverDecorator.java:321)
	at net.bytebuddy.renamed.java.lang.Object$ByteBuddy$IBBx93YI.click(Unknown Source)
	at org.openqa.selenium.WebElement$click.call(Unknown Source)
	at org.openqa.selenium.WebElement$click.call(Unknown Source)
	at com.kms.katalon.core.webui.keyword.builtin.ClickKeyword.clickUntilSuccessWithTimeout(ClickKeyword.groovy:82)
	at com.kms.katalon.core.webui.keyword.builtin.ClickKeyword.clickUntilSuccessWithTimeout(ClickKeyword.groovy)
	at jdk.internal.reflect.GeneratedMethodAccessor34.invoke(Unknown Source)
	at java.base/jdk.internal.reflect.DelegatingMethodAccessorImpl.invoke(DelegatingMethodAccessorImpl.java:43)
	at com.kms.katalon.core.webui.keyword.builtin.ClickKeyword$_click_closure1.doCall(ClickKeyword.groovy:68)
	at com.kms.katalon.core.webui.keyword.builtin.ClickKeyword$_click_closure1.call(ClickKeyword.groovy)
	at com.kms.katalon.core.webui.keyword.internal.WebUIKeywordMain.runKeyword(WebUIKeywordMain.groovy:35)
	at com.kms.katalon.core.webui.keyword.builtin.ClickKeyword.click(ClickKeyword.groovy:75)
	at com.kms.katalon.core.webui.keyword.builtin.ClickKeyword.execute(ClickKeyword.groovy:40)
	at com.kms.katalon.core.keyword.internal.KeywordExecutor.executeKeywordForPlatform(KeywordExecutor.groovy:74)
	at com.kms.katalon.core.webui.keyword.WebUiBuiltInKeywords.click(WebUiBuiltInKeywords.groovy:696)
	at Script1741840587349.run(Script1741840587349.groovy:38)
	... 18 more
)

21-03-2025T08:28:07 - [MESSAGE][FAILED] - Unable to click on object 'Object Repository/Amazon_CancelingOrder_OR/Page_Online Shopping site in India Shop Onl_10c5f3/span_Your Orders' (Root cause: com.kms.katalon.core.exception.StepFailedException: Unable to click on object 'Object Repository/Amazon_CancelingOrder_OR/Page_Online Shopping site in India Shop Onl_10c5f3/span_Your Orders'
	at com.kms.katalon.core.webui.keyword.internal.WebUIKeywordMain.stepFailed(WebUIKeywordMain.groovy:117)
	at com.kms.katalon.core.webui.keyword.internal.WebUIKeywordMain.runKeyword(WebUIKeywordMain.groovy:43)
	at com.kms.katalon.core.webui.keyword.builtin.ClickKeyword.click(ClickKeyword.groovy:75)
	at com.kms.katalon.core.webui.keyword.builtin.ClickKeyword.execute(ClickKeyword.groovy:40)
	at com.kms.katalon.core.keyword.internal.KeywordExecutor.executeKeywordForPlatform(KeywordExecutor.groovy:74)
	at com.kms.katalon.core.webui.keyword.WebUiBuiltInKeywords.click(WebUiBuiltInKeywords.groovy:696)
	at TC_Amazon_CancelingOrder_011.run(TC_Amazon_CancelingOrder_011:38)
	at com.kms.katalon.core.main.ScriptEngine.run(ScriptEngine.java:194)
	at com.kms.katalon.core.main.ScriptEngine.runScriptAsRawText(ScriptEngine.java:119)
	at com.kms.katalon.core.main.TestCaseExecutor.runScript(TestCaseExecutor.java:448)
	at com.kms.katalon.core.main.TestCaseExecutor.doExecute(TestCaseExecutor.java:439)
	at com.kms.katalon.core.main.TestCaseExecutor.processExecutionPhase(TestCaseExecutor.java:418)
	at com.kms.katalon.core.main.TestCaseExecutor.accessMainPhase(TestCaseExecutor.java:410)
	at com.kms.katalon.core.main.TestCaseExecutor.execute(TestCaseExecutor.java:285)
	at com.kms.katalon.core.main.TestCaseExecutor.execute(TestCaseExecutor.java:369)
	at com.kms.katalon.core.main.TestCaseExecutor.execute(TestCaseExecutor.java:369)
	at com.kms.katalon.core.main.TestCaseExecutor.execute(TestCaseExecutor.java:369)
	at com.kms.katalon.core.common.CommonExecutor.accessTestCaseMainPhase(CommonExecutor.java:71)
	at com.kms.katalon.core.main.TestSuiteExecutor.accessTestSuiteMainPhase(TestSuiteExecutor.java:160)
	at com.kms.katalon.core.main.TestSuiteExecutor.execute(TestSuiteExecutor.java:107)
	at com.kms.katalon.core.main.TestCaseMain.startTestSuite(TestCaseMain.java:180)
	at TempTestSuite1742523221089.run(TempTestSuite1742523221089.groovy:35)
	at java.base/jdk.internal.reflect.NativeMethodAccessorImpl.invoke0(Native Method)
	at java.base/jdk.internal.reflect.NativeMethodAccessorImpl.invoke(NativeMethodAccessorImpl.java:77)
	at java.base/jdk.internal.reflect.DelegatingMethodAccessorImpl.invoke(DelegatingMethodAccessorImpl.java:43)
Caused by: org.openqa.selenium.ElementNotInteractableException: Element <span class="nav-text"> could not be scrolled into view
Build info: version: '4.22.0', revision: 'c5f3146703'
System info: os.name: 'Windows 11', os.arch: 'amd64', os.version: '10.0', java.version: '17.0.13'
Driver info: com.kms.katalon.selenium.driver.CFirefoxDriver
Command: [c6221418-61f3-403b-84c6-e0ca43be8a97, clickElement {id=297597dd-9d72-4ce8-826c-14d7ec284e0b}]
Capabilities {acceptInsecureCerts: true, browserName: firefox, browserVersion: 136.0.2, moz:accessibilityChecks: false, moz:buildID: 20250317120031, moz:debuggerAddress: 127.0.0.1:4542, moz:geckodriverVersion: 0.36.0, moz:headless: false, moz:platformVersion: 10.0, moz:processID: 5352, moz:profile: C:\Users\Asus\AppData\Local..., moz:shutdownTimeout: 60000, moz:webdriverClick: true, moz:windowless: false, pageLoadStrategy: normal, platformName: windows, proxy: Proxy(), se:cdp: ws://127.0.0.1:4542/devtool..., se:cdpVersion: 85.0, setWindowRect: true, strictFileInteractability: false, timeouts: {implicit: 0, pageLoad: 300000, script: 30000}, unhandledPromptBehavior: ignore, userAgent: Mozilla/5.0 (Windows NT 10...., webSocketUrl: ws://127.0.0.1:4542/session...}
Element: [[CFirefoxDriver: firefox on windows (c6221418-61f3-403b-84c6-e0ca43be8a97)] -> xpath: //a[@id='nav_prefetch_yourorders']/span]
Session ID: c6221418-61f3-403b-84c6-e0ca43be8a97
	at jdk.internal.reflect.GeneratedConstructorAccessor30.newInstance(Unknown Source)
	at java.base/jdk.internal.reflect.DelegatingConstructorAccessorImpl.newInstance(DelegatingConstructorAccessorImpl.java:45)
	at org.openqa.selenium.remote.ErrorCodec.decode(ErrorCodec.java:167)
	at org.openqa.selenium.remote.codec.w3c.W3CHttpResponseCodec.decode(W3CHttpResponseCodec.java:138)
	at org.openqa.selenium.remote.codec.w3c.W3CHttpResponseCodec.decode(W3CHttpResponseCodec.java:50)
	at org.openqa.selenium.remote.HttpCommandExecutor.execute(HttpCommandExecutor.java:190)
	at org.openqa.selenium.remote.service.DriverCommandExecutor.invokeExecute(DriverCommandExecutor.java:216)
	at org.openqa.selenium.remote.service.DriverCommandExecutor.execute(DriverCommandExecutor.java:174)
	at org.openqa.selenium.remote.RemoteWebDriver.execute(RemoteWebDriver.java:518)
	at org.openqa.selenium.remote.RemoteWebElement.execute(RemoteWebElement.java:223)
	at org.openqa.selenium.remote.RemoteWebElement.click(RemoteWebElement.java:76)
	at jdk.internal.reflect.GeneratedMethodAccessor30.invoke(Unknown Source)
	at java.base/jdk.internal.reflect.DelegatingMethodAccessorImpl.invoke(DelegatingMethodAccessorImpl.java:43)
	at org.openqa.selenium.support.decorators.WebDriverDecorator.call(WebDriverDecorator.java:249)
	at org.openqa.selenium.support.decorators.DefaultDecorated.call(DefaultDecorated.java:48)
	at org.openqa.selenium.support.decorators.WebDriverDecorator.lambda$createProxy$2(WebDriverDecorator.java:321)
	at net.bytebuddy.renamed.java.lang.Object$ByteBuddy$IBBx93YI.click(Unknown Source)
	at org.openqa.selenium.WebElement$click.call(Unknown Source)
	at org.openqa.selenium.WebElement$click.call(Unknown Source)
	at com.kms.katalon.core.webui.keyword.builtin.ClickKeyword.clickUntilSuccessWithTimeout(ClickKeyword.groovy:82)
	at com.kms.katalon.core.webui.keyword.builtin.ClickKeyword.clickUntilSuccessWithTimeout(ClickKeyword.groovy)
	at jdk.internal.reflect.GeneratedMethodAccessor34.invoke(Unknown Source)
	at java.base/jdk.internal.reflect.DelegatingMethodAccessorImpl.invoke(DelegatingMethodAccessorImpl.java:43)
	at com.kms.katalon.core.webui.keyword.builtin.ClickKeyword$_click_closure1.doCall(ClickKeyword.groovy:68)
	at com.kms.katalon.core.webui.keyword.builtin.ClickKeyword$_click_closure1.call(ClickKeyword.groovy)
	at com.kms.katalon.core.webui.keyword.internal.WebUIKeywordMain.runKeyword(WebUIKeywordMain.groovy:35)
	at com.kms.katalon.core.webui.keyword.builtin.ClickKeyword.click(ClickKeyword.groovy:75)
	at com.kms.katalon.core.webui.keyword.builtin.ClickKeyword.execute(ClickKeyword.groovy:40)
	at com.kms.katalon.core.keyword.internal.KeywordExecutor.executeKeywordForPlatform(KeywordExecutor.groovy:74)
	at com.kms.katalon.core.webui.keyword.WebUiBuiltInKeywords.click(WebUiBuiltInKeywords.groovy:696)
	at Script1741840587349.run(Script1741840587349.groovy:38)
	... 18 more
)
[[ATTACHMENT|E:\\Software Automation Testing\\Amazon\\Reports\\20250321_074341\\TS_Amazon_03\\20250321_074341\\1742525887572.png]]

21-03-2025T08:28:07 - [TEST_STEP][PASSED] - click(findTestObject("Object Repository/Amazon_CancelingOrder_OR/Page_Your Orders/a_View or edit order")): Object: 'Object Repository/Amazon_CancelingOrder_OR/Page_Your Orders/a_View or edit order' is clicked on

21-03-2025T08:28:09 - [MESSAGE][PASSED] - Object: 'Object Repository/Amazon_CancelingOrder_OR/Page_Your Orders/a_View or edit order' is clicked on

21-03-2025T08:28:09 - [TEST_STEP][PASSED] - click(findTestObject("Object Repository/Amazon_CancelingOrder_OR/Page_Order Details/a_Cancel items")): Object: 'Object Repository/Amazon_CancelingOrder_OR/Page_Order Details/a_Cancel items' is clicked on

21-03-2025T08:28:40 - [MESSAGE][PASSED] - Object: 'Object Repository/Amazon_CancelingOrder_OR/Page_Order Details/a_Cancel items' is clicked on

21-03-2025T08:28:40 - [TEST_STEP][FAILED] - selectOptionByValue(findTestObject("Object Repository/Amazon_CancelingOrder_OR/Page_Amazon.in - Your Account/select_Select Cancellation ReasonOrder Crea_df69d7"), "other", true): No option matched.

21-03-2025T08:29:40 - [MESSAGE][INFO] - Unable to find the element located by 'By.xpath: //select[@name='cancel.reason']'. Please recheck the objects properties to make sure the desired element is located. 

21-03-2025T08:29:40 - [MESSAGE][WARNING] - [SELF-HEALING] Failed to find element with id 'Object Repository/Amazon_CancelingOrder_OR/Page_Amazon.in - Your Account/select_Select Cancellation ReasonOrder Crea_df69d7'. Try using Self-healing.

21-03-2025T08:30:10 - [MESSAGE][WARNING] - [SELF-HEALING] The current locator of test object 'Object Repository/Amazon_CancelingOrder_OR/Page_Amazon.in - Your Account/select_Select Cancellation ReasonOrder Crea_df69d7' was broken. Propose an alternative one: '(.//*[normalize-space(text()) and normalize-space(.)='Your browsing history'])[1]/preceding::select[1]'.

21-03-2025T08:30:41 - [MESSAGE][FAILED] - No option matched.

21-03-2025T08:30:41 - [TEST_STEP][FAILED] - click(findTestObject("Object Repository/Amazon_CancelingOrder_OR/Page_Amazon.in - Your Account/input_Reason for cancellation (optional)_cq.submit")): Unable to click on object 'Object Repository/Amazon_CancelingOrder_OR/Page_Amazon.in - Your Account/input_Reason for cancellation (optional)_cq.submit' (Root cause: com.kms.katalon.core.exception.StepFailedException: Unable to click on object 'Object Repository/Amazon_CancelingOrder_OR/Page_Amazon.in - Your Account/input_Reason for cancellation (optional)_cq.submit'
	at com.kms.katalon.core.webui.keyword.internal.WebUIKeywordMain.stepFailed(WebUIKeywordMain.groovy:117)
	at com.kms.katalon.core.webui.keyword.internal.WebUIKeywordMain.runKeyword(WebUIKeywordMain.groovy:43)
	at com.kms.katalon.core.webui.keyword.builtin.ClickKeyword.click(ClickKeyword.groovy:75)
	at com.kms.katalon.core.webui.keyword.builtin.ClickKeyword.execute(ClickKeyword.groovy:40)
	at com.kms.katalon.core.keyword.internal.KeywordExecutor.executeKeywordForPlatform(KeywordExecutor.groovy:74)
	at com.kms.katalon.core.webui.keyword.WebUiBuiltInKeywords.click(WebUiBuiltInKeywords.groovy:696)
	at TC_Amazon_CancelingOrder_011.run(TC_Amazon_CancelingOrder_011:47)
	at com.kms.katalon.core.main.ScriptEngine.run(ScriptEngine.java:194)
	at com.kms.katalon.core.main.ScriptEngine.runScriptAsRawText(ScriptEngine.java:119)
	at com.kms.katalon.core.main.TestCaseExecutor.runScript(TestCaseExecutor.java:448)
	at com.kms.katalon.core.main.TestCaseExecutor.doExecute(TestCaseExecutor.java:439)
	at com.kms.katalon.core.main.TestCaseExecutor.processExecutionPhase(TestCaseExecutor.java:418)
	at com.kms.katalon.core.main.TestCaseExecutor.accessMainPhase(TestCaseExecutor.java:410)
	at com.kms.katalon.core.main.TestCaseExecutor.execute(TestCaseExecutor.java:285)
	at com.kms.katalon.core.main.TestCaseExecutor.execute(TestCaseExecutor.java:369)
	at com.kms.katalon.core.main.TestCaseExecutor.execute(TestCaseExecutor.java:369)
	at com.kms.katalon.core.main.TestCaseExecutor.execute(TestCaseExecutor.java:369)
	at com.kms.katalon.core.common.CommonExecutor.accessTestCaseMainPhase(CommonExecutor.java:71)
	at com.kms.katalon.core.main.TestSuiteExecutor.accessTestSuiteMainPhase(TestSuiteExecutor.java:160)
	at com.kms.katalon.core.main.TestSuiteExecutor.execute(TestSuiteExecutor.java:107)
	at com.kms.katalon.core.main.TestCaseMain.startTestSuite(TestCaseMain.java:180)
	at TempTestSuite1742523221089.run(TempTestSuite1742523221089.groovy:35)
	at java.base/jdk.internal.reflect.NativeMethodAccessorImpl.invoke0(Native Method)
	at java.base/jdk.internal.reflect.NativeMethodAccessorImpl.invoke(NativeMethodAccessorImpl.java:77)
	at java.base/jdk.internal.reflect.DelegatingMethodAccessorImpl.invoke(DelegatingMethodAccessorImpl.java:43)
Caused by: com.kms.katalon.core.webui.exception.WebElementNotFoundException: Web element with id: 'Object Repository/Amazon_CancelingOrder_OR/Page_Amazon.in - Your Account/input_Reason for cancellation (optional)_cq.submit' located by '//input[@name='cq.submit']' not found
	at com.kms.katalon.core.webui.common.WebUiCommonHelper.findWebElement(WebUiCommonHelper.java:1457)
	at com.kms.katalon.core.webui.keyword.internal.WebUIAbstractKeyword.findWebElement(WebUIAbstractKeyword.groovy:27)
	at com.kms.katalon.core.webui.keyword.builtin.ClickKeyword$_click_closure1.doCall(ClickKeyword.groovy:66)
	at com.kms.katalon.core.webui.keyword.builtin.ClickKeyword$_click_closure1.call(ClickKeyword.groovy)
	at com.kms.katalon.core.webui.keyword.internal.WebUIKeywordMain.runKeyword(WebUIKeywordMain.groovy:35)
	at com.kms.katalon.core.webui.keyword.builtin.ClickKeyword.click(ClickKeyword.groovy:75)
	at com.kms.katalon.core.webui.keyword.builtin.ClickKeyword.execute(ClickKeyword.groovy:40)
	at com.kms.katalon.core.keyword.internal.KeywordExecutor.executeKeywordForPlatform(KeywordExecutor.groovy:74)
	at com.kms.katalon.core.webui.keyword.WebUiBuiltInKeywords.click(WebUiBuiltInKeywords.groovy:696)
	at Script1741840587349.run(Script1741840587349.groovy:47)
	... 18 more
)

21-03-2025T08:31:41 - [MESSAGE][INFO] - Unable to find the element located by 'By.xpath: //input[@name='cq.submit']'. Please recheck the objects properties to make sure the desired element is located. 

21-03-2025T08:31:41 - [MESSAGE][WARNING] - [SELF-HEALING] Failed to find element with id 'Object Repository/Amazon_CancelingOrder_OR/Page_Amazon.in - Your Account/input_Reason for cancellation (optional)_cq.submit'. Try using Self-healing.

21-03-2025T08:32:11 - [MESSAGE][INFO] - [SELF-HEALING] Failed Locator: '//input[@name='cq.submit']'.

21-03-2025T08:32:41 - [MESSAGE][INFO] - [SELF-HEALING] Failed Locator: '//span[@id='cancelButton']/span/input'.

21-03-2025T08:33:11 - [MESSAGE][INFO] - [SELF-HEALING] Failed Locator: '//span/span/input'.

21-03-2025T08:33:42 - [MESSAGE][INFO] - [SELF-HEALING] Failed Locator: '//input[@name = 'cq.submit' and @type = 'submit']'.

21-03-2025T08:34:13 - [MESSAGE][INFO] - Unable to find the element located by 'By.xpath: //*[@name = 'cq.submit' and @type = 'submit']'. Please recheck the objects properties to make sure the desired element is located. 

21-03-2025T08:34:43 - [MESSAGE][INFO] - Unable to find the element located by 'By.cssSelector: input[name="cq.submit"]'. Please recheck the objects properties to make sure the desired element is located. 

21-03-2025T08:34:43 - [MESSAGE][FAILED] - Unable to click on object 'Object Repository/Amazon_CancelingOrder_OR/Page_Amazon.in - Your Account/input_Reason for cancellation (optional)_cq.submit' (Root cause: com.kms.katalon.core.exception.StepFailedException: Unable to click on object 'Object Repository/Amazon_CancelingOrder_OR/Page_Amazon.in - Your Account/input_Reason for cancellation (optional)_cq.submit'
	at com.kms.katalon.core.webui.keyword.internal.WebUIKeywordMain.stepFailed(WebUIKeywordMain.groovy:117)
	at com.kms.katalon.core.webui.keyword.internal.WebUIKeywordMain.runKeyword(WebUIKeywordMain.groovy:43)
	at com.kms.katalon.core.webui.keyword.builtin.ClickKeyword.click(ClickKeyword.groovy:75)
	at com.kms.katalon.core.webui.keyword.builtin.ClickKeyword.execute(ClickKeyword.groovy:40)
	at com.kms.katalon.core.keyword.internal.KeywordExecutor.executeKeywordForPlatform(KeywordExecutor.groovy:74)
	at com.kms.katalon.core.webui.keyword.WebUiBuiltInKeywords.click(WebUiBuiltInKeywords.groovy:696)
	at TC_Amazon_CancelingOrder_011.run(TC_Amazon_CancelingOrder_011:47)
	at com.kms.katalon.core.main.ScriptEngine.run(ScriptEngine.java:194)
	at com.kms.katalon.core.main.ScriptEngine.runScriptAsRawText(ScriptEngine.java:119)
	at com.kms.katalon.core.main.TestCaseExecutor.runScript(TestCaseExecutor.java:448)
	at com.kms.katalon.core.main.TestCaseExecutor.doExecute(TestCaseExecutor.java:439)
	at com.kms.katalon.core.main.TestCaseExecutor.processExecutionPhase(TestCaseExecutor.java:418)
	at com.kms.katalon.core.main.TestCaseExecutor.accessMainPhase(TestCaseExecutor.java:410)
	at com.kms.katalon.core.main.TestCaseExecutor.execute(TestCaseExecutor.java:285)
	at com.kms.katalon.core.main.TestCaseExecutor.execute(TestCaseExecutor.java:369)
	at com.kms.katalon.core.main.TestCaseExecutor.execute(TestCaseExecutor.java:369)
	at com.kms.katalon.core.main.TestCaseExecutor.execute(TestCaseExecutor.java:369)
	at com.kms.katalon.core.common.CommonExecutor.accessTestCaseMainPhase(CommonExecutor.java:71)
	at com.kms.katalon.core.main.TestSuiteExecutor.accessTestSuiteMainPhase(TestSuiteExecutor.java:160)
	at com.kms.katalon.core.main.TestSuiteExecutor.execute(TestSuiteExecutor.java:107)
	at com.kms.katalon.core.main.TestCaseMain.startTestSuite(TestCaseMain.java:180)
	at TempTestSuite1742523221089.run(TempTestSuite1742523221089.groovy:35)
	at java.base/jdk.internal.reflect.NativeMethodAccessorImpl.invoke0(Native Method)
	at java.base/jdk.internal.reflect.NativeMethodAccessorImpl.invoke(NativeMethodAccessorImpl.java:77)
	at java.base/jdk.internal.reflect.DelegatingMethodAccessorImpl.invoke(DelegatingMethodAccessorImpl.java:43)
Caused by: com.kms.katalon.core.webui.exception.WebElementNotFoundException: Web element with id: 'Object Repository/Amazon_CancelingOrder_OR/Page_Amazon.in - Your Account/input_Reason for cancellation (optional)_cq.submit' located by '//input[@name='cq.submit']' not found
	at com.kms.katalon.core.webui.common.WebUiCommonHelper.findWebElement(WebUiCommonHelper.java:1457)
	at com.kms.katalon.core.webui.keyword.internal.WebUIAbstractKeyword.findWebElement(WebUIAbstractKeyword.groovy:27)
	at com.kms.katalon.core.webui.keyword.builtin.ClickKeyword$_click_closure1.doCall(ClickKeyword.groovy:66)
	at com.kms.katalon.core.webui.keyword.builtin.ClickKeyword$_click_closure1.call(ClickKeyword.groovy)
	at com.kms.katalon.core.webui.keyword.internal.WebUIKeywordMain.runKeyword(WebUIKeywordMain.groovy:35)
	at com.kms.katalon.core.webui.keyword.builtin.ClickKeyword.click(ClickKeyword.groovy:75)
	at com.kms.katalon.core.webui.keyword.builtin.ClickKeyword.execute(ClickKeyword.groovy:40)
	at com.kms.katalon.core.keyword.internal.KeywordExecutor.executeKeywordForPlatform(KeywordExecutor.groovy:74)
	at com.kms.katalon.core.webui.keyword.WebUiBuiltInKeywords.click(WebUiBuiltInKeywords.groovy:696)
	at Script1741840587349.run(Script1741840587349.groovy:47)
	... 18 more
)
[[ATTACHMENT|E:\\Software Automation Testing\\Amazon\\Reports\\20250321_074341\\TS_Amazon_03\\20250321_074341\\1742526283326.png]]

21-03-2025T08:34:43 - [TEST_STEP][FAILED] - acceptAlert(): No alert found (Root cause: com.kms.katalon.core.exception.StepFailedException: No alert found
	at com.kms.katalon.core.webui.keyword.internal.WebUIKeywordMain.stepFailed(WebUIKeywordMain.groovy:117)
	at com.kms.katalon.core.webui.keyword.builtin.AcceptAlertKeyword$_acceptAlert_closure1.doCall(AcceptAlertKeyword.groovy:78)
	at com.kms.katalon.core.webui.keyword.builtin.AcceptAlertKeyword$_acceptAlert_closure1.call(AcceptAlertKeyword.groovy)
	at com.kms.katalon.core.webui.keyword.internal.WebUIKeywordMain.runKeyword(WebUIKeywordMain.groovy:35)
	at com.kms.katalon.core.webui.keyword.builtin.AcceptAlertKeyword.acceptAlert(AcceptAlertKeyword.groovy:80)
	at com.kms.katalon.core.webui.keyword.builtin.AcceptAlertKeyword.execute(AcceptAlertKeyword.groovy:66)
	at com.kms.katalon.core.keyword.internal.KeywordExecutor.executeKeywordForPlatform(KeywordExecutor.groovy:74)
	at com.kms.katalon.core.webui.keyword.WebUiBuiltInKeywords.acceptAlert(WebUiBuiltInKeywords.groovy:1598)
	at TC_Amazon_CancelingOrder_011.run(TC_Amazon_CancelingOrder_011:49)
	at com.kms.katalon.core.main.ScriptEngine.run(ScriptEngine.java:194)
	at com.kms.katalon.core.main.ScriptEngine.runScriptAsRawText(ScriptEngine.java:119)
	at com.kms.katalon.core.main.TestCaseExecutor.runScript(TestCaseExecutor.java:448)
	at com.kms.katalon.core.main.TestCaseExecutor.doExecute(TestCaseExecutor.java:439)
	at com.kms.katalon.core.main.TestCaseExecutor.processExecutionPhase(TestCaseExecutor.java:418)
	at com.kms.katalon.core.main.TestCaseExecutor.accessMainPhase(TestCaseExecutor.java:410)
	at com.kms.katalon.core.main.TestCaseExecutor.execute(TestCaseExecutor.java:285)
	at com.kms.katalon.core.main.TestCaseExecutor.execute(TestCaseExecutor.java:369)
	at com.kms.katalon.core.main.TestCaseExecutor.execute(TestCaseExecutor.java:369)
	at com.kms.katalon.core.main.TestCaseExecutor.execute(TestCaseExecutor.java:369)
	at com.kms.katalon.core.common.CommonExecutor.accessTestCaseMainPhase(CommonExecutor.java:71)
	at com.kms.katalon.core.main.TestSuiteExecutor.accessTestSuiteMainPhase(TestSuiteExecutor.java:160)
	at com.kms.katalon.core.main.TestSuiteExecutor.execute(TestSuiteExecutor.java:107)
	at com.kms.katalon.core.main.TestCaseMain.startTestSuite(TestCaseMain.java:180)
	at TempTestSuite1742523221089.run(TempTestSuite1742523221089.groovy:35)
	at java.base/jdk.internal.reflect.NativeMethodAccessorImpl.invoke0(Native Method)
	at java.base/jdk.internal.reflect.NativeMethodAccessorImpl.invoke(NativeMethodAccessorImpl.java:77)
	at java.base/jdk.internal.reflect.DelegatingMethodAccessorImpl.invoke(DelegatingMethodAccessorImpl.java:43)
)

21-03-2025T08:34:44 - [MESSAGE][FAILED] - No alert found (Root cause: com.kms.katalon.core.exception.StepFailedException: No alert found
	at com.kms.katalon.core.webui.keyword.internal.WebUIKeywordMain.stepFailed(WebUIKeywordMain.groovy:117)
	at com.kms.katalon.core.webui.keyword.builtin.AcceptAlertKeyword$_acceptAlert_closure1.doCall(AcceptAlertKeyword.groovy:78)
	at com.kms.katalon.core.webui.keyword.builtin.AcceptAlertKeyword$_acceptAlert_closure1.call(AcceptAlertKeyword.groovy)
	at com.kms.katalon.core.webui.keyword.internal.WebUIKeywordMain.runKeyword(WebUIKeywordMain.groovy:35)
	at com.kms.katalon.core.webui.keyword.builtin.AcceptAlertKeyword.acceptAlert(AcceptAlertKeyword.groovy:80)
	at com.kms.katalon.core.webui.keyword.builtin.AcceptAlertKeyword.execute(AcceptAlertKeyword.groovy:66)
	at com.kms.katalon.core.keyword.internal.KeywordExecutor.executeKeywordForPlatform(KeywordExecutor.groovy:74)
	at com.kms.katalon.core.webui.keyword.WebUiBuiltInKeywords.acceptAlert(WebUiBuiltInKeywords.groovy:1598)
	at TC_Amazon_CancelingOrder_011.run(TC_Amazon_CancelingOrder_011:49)
	at com.kms.katalon.core.main.ScriptEngine.run(ScriptEngine.java:194)
	at com.kms.katalon.core.main.ScriptEngine.runScriptAsRawText(ScriptEngine.java:119)
	at com.kms.katalon.core.main.TestCaseExecutor.runScript(TestCaseExecutor.java:448)
	at com.kms.katalon.core.main.TestCaseExecutor.doExecute(TestCaseExecutor.java:439)
	at com.kms.katalon.core.main.TestCaseExecutor.processExecutionPhase(TestCaseExecutor.java:418)
	at com.kms.katalon.core.main.TestCaseExecutor.accessMainPhase(TestCaseExecutor.java:410)
	at com.kms.katalon.core.main.TestCaseExecutor.execute(TestCaseExecutor.java:285)
	at com.kms.katalon.core.main.TestCaseExecutor.execute(TestCaseExecutor.java:369)
	at com.kms.katalon.core.main.TestCaseExecutor.execute(TestCaseExecutor.java:369)
	at com.kms.katalon.core.main.TestCaseExecutor.execute(TestCaseExecutor.java:369)
	at com.kms.katalon.core.common.CommonExecutor.accessTestCaseMainPhase(CommonExecutor.java:71)
	at com.kms.katalon.core.main.TestSuiteExecutor.accessTestSuiteMainPhase(TestSuiteExecutor.java:160)
	at com.kms.katalon.core.main.TestSuiteExecutor.execute(TestSuiteExecutor.java:107)
	at com.kms.katalon.core.main.TestCaseMain.startTestSuite(TestCaseMain.java:180)
	at TempTestSuite1742523221089.run(TempTestSuite1742523221089.groovy:35)
	at java.base/jdk.internal.reflect.NativeMethodAccessorImpl.invoke0(Native Method)
	at java.base/jdk.internal.reflect.NativeMethodAccessorImpl.invoke(NativeMethodAccessorImpl.java:77)
	at java.base/jdk.internal.reflect.DelegatingMethodAccessorImpl.invoke(DelegatingMethodAccessorImpl.java:43)
)
[[ATTACHMENT|E:\\Software Automation Testing\\Amazon\\Reports\\20250321_074341\\TS_Amazon_03\\20250321_074341\\1742526283700.png]]

21-03-2025T08:34:44 - [TEST_STEP][PASSED] - mouseOver(findTestObject("Amazon_CancelingOrder_OR/Page_Online Shopping site in India Shop Online for Mobiles, Books, Watches, Shoes and More - Amazon.in/span_Account  Lists")): Object: 'Object Repository/Amazon_CancelingOrder_OR/Page_Online Shopping site in India Shop Online for Mobiles, Books, Watches, Shoes and More - Amazon.in/span_Account  Lists' is hovered

21-03-2025T08:35:14 - [MESSAGE][PASSED] - Object: 'Object Repository/Amazon_CancelingOrder_OR/Page_Online Shopping site in India Shop Online for Mobiles, Books, Watches, Shoes and More - Amazon.in/span_Account  Lists' is hovered

21-03-2025T08:35:14 - [TEST_STEP][PASSED] - click(findTestObject("Object Repository/Amazon_CancelingOrder_OR/Page_Order Details/span_Sign Out")): Object: 'Object Repository/Amazon_CancelingOrder_OR/Page_Order Details/span_Sign Out' is clicked on

21-03-2025T08:35:47 - [MESSAGE][PASSED] - Object: 'Object Repository/Amazon_CancelingOrder_OR/Page_Order Details/span_Sign Out' is clicked on

21-03-2025T08:35:47 - [TEST_STEP][PASSED] - closeBrowser(): Browser is closed

21-03-2025T08:35:48 - [MESSAGE][PASSED] - Browser is closed]]></system-out>
         <system-err><![CDATA[21-03-2025T08:27:43 - [TEST_CASE][FAILED] - Test Cases/TC_Amazon_CancelingOrder_011: Test Cases/TC_Amazon_CancelingOrder_011 FAILED.
Reason:
com.kms.katalon.core.exception.StepFailedException: Unable to click on object 'Object Repository/Amazon_CancelingOrder_OR/Page_Online Shopping site in India Shop Onl_10c5f3/span_Your Orders' (Root cause: com.kms.katalon.core.exception.StepFailedException: Unable to click on object 'Object Repository/Amazon_CancelingOrder_OR/Page_Online Shopping site in India Shop Onl_10c5f3/span_Your Orders'
	at com.kms.katalon.core.webui.keyword.internal.WebUIKeywordMain.stepFailed(WebUIKeywordMain.groovy:117)
	at com.kms.katalon.core.webui.keyword.internal.WebUIKeywordMain.runKeyword(WebUIKeywordMain.groovy:43)
	at com.kms.katalon.core.webui.keyword.builtin.ClickKeyword.click(ClickKeyword.groovy:75)
	at com.kms.katalon.core.webui.keyword.builtin.ClickKeyword.execute(ClickKeyword.groovy:40)
	at com.kms.katalon.core.keyword.internal.KeywordExecutor.executeKeywordForPlatform(KeywordExecutor.groovy:74)
	at com.kms.katalon.core.webui.keyword.WebUiBuiltInKeywords.click(WebUiBuiltInKeywords.groovy:696)
	at TC_Amazon_CancelingOrder_011.run(TC_Amazon_CancelingOrder_011:38)
	at com.kms.katalon.core.main.ScriptEngine.run(ScriptEngine.java:194)
	at com.kms.katalon.core.main.ScriptEngine.runScriptAsRawText(ScriptEngine.java:119)
	at com.kms.katalon.core.main.TestCaseExecutor.runScript(TestCaseExecutor.java:448)
	at com.kms.katalon.core.main.TestCaseExecutor.doExecute(TestCaseExecutor.java:439)
	at com.kms.katalon.core.main.TestCaseExecutor.processExecutionPhase(TestCaseExecutor.java:418)
	at com.kms.katalon.core.main.TestCaseExecutor.accessMainPhase(TestCaseExecutor.java:410)
	at com.kms.katalon.core.main.TestCaseExecutor.execute(TestCaseExecutor.java:285)
	at com.kms.katalon.core.main.TestCaseExecutor.execute(TestCaseExecutor.java:369)
	at com.kms.katalon.core.main.TestCaseExecutor.execute(TestCaseExecutor.java:369)
	at com.kms.katalon.core.main.TestCaseExecutor.execute(TestCaseExecutor.java:369)
	at com.kms.katalon.core.common.CommonExecutor.accessTestCaseMainPhase(CommonExecutor.java:71)
	at com.kms.katalon.core.main.TestSuiteExecutor.accessTestSuiteMainPhase(TestSuiteExecutor.java:160)
	at com.kms.katalon.core.main.TestSuiteExecutor.execute(TestSuiteExecutor.java:107)
	at com.kms.katalon.core.main.TestCaseMain.startTestSuite(TestCaseMain.java:180)
	at TempTestSuite1742523221089.run(TempTestSuite1742523221089.groovy:35)
	at java.base/jdk.internal.reflect.NativeMethodAccessorImpl.invoke0(Native Method)
	at java.base/jdk.internal.reflect.NativeMethodAccessorImpl.invoke(NativeMethodAccessorImpl.java:77)
	at java.base/jdk.internal.reflect.DelegatingMethodAccessorImpl.invoke(DelegatingMethodAccessorImpl.java:43)
Caused by: org.openqa.selenium.ElementNotInteractableException: Element <span class="nav-text"> could not be scrolled into view
Build info: version: '4.22.0', revision: 'c5f3146703'
System info: os.name: 'Windows 11', os.arch: 'amd64', os.version: '10.0', java.version: '17.0.13'
Driver info: com.kms.katalon.selenium.driver.CFirefoxDriver
Command: [c6221418-61f3-403b-84c6-e0ca43be8a97, clickElement {id=297597dd-9d72-4ce8-826c-14d7ec284e0b}]
Capabilities {acceptInsecureCerts: true, browserName: firefox, browserVersion: 136.0.2, moz:accessibilityChecks: false, moz:buildID: 20250317120031, moz:debuggerAddress: 127.0.0.1:4542, moz:geckodriverVersion: 0.36.0, moz:headless: false, moz:platformVersion: 10.0, moz:processID: 5352, moz:profile: C:\Users\Asus\AppData\Local..., moz:shutdownTimeout: 60000, moz:webdriverClick: true, moz:windowless: false, pageLoadStrategy: normal, platformName: windows, proxy: Proxy(), se:cdp: ws://127.0.0.1:4542/devtool..., se:cdpVersion: 85.0, setWindowRect: true, strictFileInteractability: false, timeouts: {implicit: 0, pageLoad: 300000, script: 30000}, unhandledPromptBehavior: ignore, userAgent: Mozilla/5.0 (Windows NT 10...., webSocketUrl: ws://127.0.0.1:4542/session...}
Element: [[CFirefoxDriver: firefox on windows (c6221418-61f3-403b-84c6-e0ca43be8a97)] -> xpath: //a[@id='nav_prefetch_yourorders']/span]
Session ID: c6221418-61f3-403b-84c6-e0ca43be8a97
	at jdk.internal.reflect.GeneratedConstructorAccessor30.newInstance(Unknown Source)
	at java.base/jdk.internal.reflect.DelegatingConstructorAccessorImpl.newInstance(DelegatingConstructorAccessorImpl.java:45)
	at org.openqa.selenium.remote.ErrorCodec.decode(ErrorCodec.java:167)
	at org.openqa.selenium.remote.codec.w3c.W3CHttpResponseCodec.decode(W3CHttpResponseCodec.java:138)
	at org.openqa.selenium.remote.codec.w3c.W3CHttpResponseCodec.decode(W3CHttpResponseCodec.java:50)
	at org.openqa.selenium.remote.HttpCommandExecutor.execute(HttpCommandExecutor.java:190)
	at org.openqa.selenium.remote.service.DriverCommandExecutor.invokeExecute(DriverCommandExecutor.java:216)
	at org.openqa.selenium.remote.service.DriverCommandExecutor.execute(DriverCommandExecutor.java:174)
	at org.openqa.selenium.remote.RemoteWebDriver.execute(RemoteWebDriver.java:518)
	at org.openqa.selenium.remote.RemoteWebElement.execute(RemoteWebElement.java:223)
	at org.openqa.selenium.remote.RemoteWebElement.click(RemoteWebElement.java:76)
	at jdk.internal.reflect.GeneratedMethodAccessor30.invoke(Unknown Source)
	at java.base/jdk.internal.reflect.DelegatingMethodAccessorImpl.invoke(DelegatingMethodAccessorImpl.java:43)
	at org.openqa.selenium.support.decorators.WebDriverDecorator.call(WebDriverDecorator.java:249)
	at org.openqa.selenium.support.decorators.DefaultDecorated.call(DefaultDecorated.java:48)
	at org.openqa.selenium.support.decorators.WebDriverDecorator.lambda$createProxy$2(WebDriverDecorator.java:321)
	at net.bytebuddy.renamed.java.lang.Object$ByteBuddy$IBBx93YI.click(Unknown Source)
	at org.openqa.selenium.WebElement$click.call(Unknown Source)
	at org.openqa.selenium.WebElement$click.call(Unknown Source)
	at com.kms.katalon.core.webui.keyword.builtin.ClickKeyword.clickUntilSuccessWithTimeout(ClickKeyword.groovy:82)
	at com.kms.katalon.core.webui.keyword.builtin.ClickKeyword.clickUntilSuccessWithTimeout(ClickKeyword.groovy)
	at jdk.internal.reflect.GeneratedMethodAccessor34.invoke(Unknown Source)
	at java.base/jdk.internal.reflect.DelegatingMethodAccessorImpl.invoke(DelegatingMethodAccessorImpl.java:43)
	at com.kms.katalon.core.webui.keyword.builtin.ClickKeyword$_click_closure1.doCall(ClickKeyword.groovy:68)
	at com.kms.katalon.core.webui.keyword.builtin.ClickKeyword$_click_closure1.call(ClickKeyword.groovy)
	at com.kms.katalon.core.webui.keyword.internal.WebUIKeywordMain.runKeyword(WebUIKeywordMain.groovy:35)
	at com.kms.katalon.core.webui.keyword.builtin.ClickKeyword.click(ClickKeyword.groovy:75)
	at com.kms.katalon.core.webui.keyword.builtin.ClickKeyword.execute(ClickKeyword.groovy:40)
	at com.kms.katalon.core.keyword.internal.KeywordExecutor.executeKeywordForPlatform(KeywordExecutor.groovy:74)
	at com.kms.katalon.core.webui.keyword.WebUiBuiltInKeywords.click(WebUiBuiltInKeywords.groovy:696)
	at Script1741840587349.run(Script1741840587349.groovy:38)
	... 18 more
)
	at com.kms.katalon.core.keyword.internal.KeywordMain.stepFailed(KeywordMain.groovy:39)
	at com.kms.katalon.core.webui.keyword.internal.WebUIKeywordMain.stepFailed(WebUIKeywordMain.groovy:117)
	at com.kms.katalon.core.webui.keyword.internal.WebUIKeywordMain.runKeyword(WebUIKeywordMain.groovy:43)
	at com.kms.katalon.core.webui.keyword.builtin.ClickKeyword.click(ClickKeyword.groovy:75)
	at com.kms.katalon.core.webui.keyword.builtin.ClickKeyword.execute(ClickKeyword.groovy:40)
	at com.kms.katalon.core.keyword.internal.KeywordExecutor.executeKeywordForPlatform(KeywordExecutor.groovy:74)
	at com.kms.katalon.core.webui.keyword.WebUiBuiltInKeywords.click(WebUiBuiltInKeywords.groovy:696)
	at TC_Amazon_CancelingOrder_011.run(TC_Amazon_CancelingOrder_011:38)
	at com.kms.katalon.core.main.ScriptEngine.run(ScriptEngine.java:194)
	at com.kms.katalon.core.main.ScriptEngine.runScriptAsRawText(ScriptEngine.java:119)
	at com.kms.katalon.core.main.TestCaseExecutor.runScript(TestCaseExecutor.java:448)
	at com.kms.katalon.core.main.TestCaseExecutor.doExecute(TestCaseExecutor.java:439)
	at com.kms.katalon.core.main.TestCaseExecutor.processExecutionPhase(TestCaseExecutor.java:418)
	at com.kms.katalon.core.main.TestCaseExecutor.accessMainPhase(TestCaseExecutor.java:410)
	at com.kms.katalon.core.main.TestCaseExecutor.execute(TestCaseExecutor.java:285)
	at com.kms.katalon.core.main.TestCaseExecutor.execute(TestCaseExecutor.java:369)
	at com.kms.katalon.core.main.TestCaseExecutor.execute(TestCaseExecutor.java:369)
	at com.kms.katalon.core.main.TestCaseExecutor.execute(TestCaseExecutor.java:369)
	at com.kms.katalon.core.common.CommonExecutor.accessTestCaseMainPhase(CommonExecutor.java:71)
	at com.kms.katalon.core.main.TestSuiteExecutor.accessTestSuiteMainPhase(TestSuiteExecutor.java:160)
	at com.kms.katalon.core.main.TestSuiteExecutor.execute(TestSuiteExecutor.java:107)
	at com.kms.katalon.core.main.TestCaseMain.startTestSuite(TestCaseMain.java:180)
	at TempTestSuite1742523221089.run(TempTestSuite1742523221089.groovy:35)
	at java.base/jdk.internal.reflect.NativeMethodAccessorImpl.invoke0(Native Method)
	at java.base/jdk.internal.reflect.NativeMethodAccessorImpl.invoke(NativeMethodAccessorImpl.java:77)
	at java.base/jdk.internal.reflect.DelegatingMethodAccessorImpl.invoke(DelegatingMethodAccessorImpl.java:43)
Caused by: com.kms.katalon.core.exception.StepFailedException: Unable to click on object 'Object Repository/Amazon_CancelingOrder_OR/Page_Online Shopping site in India Shop Onl_10c5f3/span_Your Orders'
	... 25 more
Caused by: org.openqa.selenium.ElementNotInteractableException: Element <span class="nav-text"> could not be scrolled into view
Build info: version: '4.22.0', revision: 'c5f3146703'
System info: os.name: 'Windows 11', os.arch: 'amd64', os.version: '10.0', java.version: '17.0.13'
Driver info: com.kms.katalon.selenium.driver.CFirefoxDriver
Command: [c6221418-61f3-403b-84c6-e0ca43be8a97, clickElement {id=297597dd-9d72-4ce8-826c-14d7ec284e0b}]
Capabilities {acceptInsecureCerts: true, browserName: firefox, browserVersion: 136.0.2, moz:accessibilityChecks: false, moz:buildID: 20250317120031, moz:debuggerAddress: 127.0.0.1:4542, moz:geckodriverVersion: 0.36.0, moz:headless: false, moz:platformVersion: 10.0, moz:processID: 5352, moz:profile: C:\Users\Asus\AppData\Local..., moz:shutdownTimeout: 60000, moz:webdriverClick: true, moz:windowless: false, pageLoadStrategy: normal, platformName: windows, proxy: Proxy(), se:cdp: ws://127.0.0.1:4542/devtool..., se:cdpVersion: 85.0, setWindowRect: true, strictFileInteractability: false, timeouts: {implicit: 0, pageLoad: 300000, script: 30000}, unhandledPromptBehavior: ignore, userAgent: Mozilla/5.0 (Windows NT 10...., webSocketUrl: ws://127.0.0.1:4542/session...}
Element: [[CFirefoxDriver: firefox on windows (c6221418-61f3-403b-84c6-e0ca43be8a97)] -> xpath: //a[@id='nav_prefetch_yourorders']/span]
Session ID: c6221418-61f3-403b-84c6-e0ca43be8a97
	at jdk.internal.reflect.GeneratedConstructorAccessor30.newInstance(Unknown Source)
	at java.base/jdk.internal.reflect.DelegatingConstructorAccessorImpl.newInstance(DelegatingConstructorAccessorImpl.java:45)
	at org.openqa.selenium.remote.ErrorCodec.decode(ErrorCodec.java:167)
	at org.openqa.selenium.remote.codec.w3c.W3CHttpResponseCodec.decode(W3CHttpResponseCodec.java:138)
	at org.openqa.selenium.remote.codec.w3c.W3CHttpResponseCodec.decode(W3CHttpResponseCodec.java:50)
	at org.openqa.selenium.remote.HttpCommandExecutor.execute(HttpCommandExecutor.java:190)
	at org.openqa.selenium.remote.service.DriverCommandExecutor.invokeExecute(DriverCommandExecutor.java:216)
	at org.openqa.selenium.remote.service.DriverCommandExecutor.execute(DriverCommandExecutor.java:174)
	at org.openqa.selenium.remote.RemoteWebDriver.execute(RemoteWebDriver.java:518)
	at org.openqa.selenium.remote.RemoteWebElement.execute(RemoteWebElement.java:223)
	at org.openqa.selenium.remote.RemoteWebElement.click(RemoteWebElement.java:76)
	at jdk.internal.reflect.GeneratedMethodAccessor30.invoke(Unknown Source)
	at java.base/jdk.internal.reflect.DelegatingMethodAccessorImpl.invoke(DelegatingMethodAccessorImpl.java:43)
	at org.openqa.selenium.support.decorators.WebDriverDecorator.call(WebDriverDecorator.java:249)
	at org.openqa.selenium.support.decorators.DefaultDecorated.call(DefaultDecorated.java:48)
	at org.openqa.selenium.support.decorators.WebDriverDecorator.lambda$createProxy$2(WebDriverDecorator.java:321)
	at net.bytebuddy.renamed.java.lang.Object$ByteBuddy$IBBx93YI.click(Unknown Source)
	at org.openqa.selenium.WebElement$click.call(Unknown Source)
	at org.openqa.selenium.WebElement$click.call(Unknown Source)
	at com.kms.katalon.core.webui.keyword.builtin.ClickKeyword.clickUntilSuccessWithTimeout(ClickKeyword.groovy:82)
	at com.kms.katalon.core.webui.keyword.builtin.ClickKeyword.clickUntilSuccessWithTimeout(ClickKeyword.groovy)
	at jdk.internal.reflect.GeneratedMethodAccessor34.invoke(Unknown Source)
	at java.base/jdk.internal.reflect.DelegatingMethodAccessorImpl.invoke(DelegatingMethodAccessorImpl.java:43)
	at com.kms.katalon.core.webui.keyword.builtin.ClickKeyword$_click_closure1.doCall(ClickKeyword.groovy:68)
	at com.kms.katalon.core.webui.keyword.builtin.ClickKeyword$_click_closure1.call(ClickKeyword.groovy)
	at com.kms.katalon.core.webui.keyword.internal.WebUIKeywordMain.runKeyword(WebUIKeywordMain.groovy:35)
	... 23 more]]></system-err>
      </testcase>
      <testcase name="Test Cases/TC_Amazon_ValidatePaymentOptions_012" time="435.849" classname="Test Cases/TC_Amazon_ValidatePaymentOptions_012" status="FAILED">
         <failure type="FAILED" message="Test Cases/TC_Amazon_ValidatePaymentOptions_012 FAILED.&#xa;Reason:&#xa;com.kms.katalon.core.exception.StepFailedException: Unable to click on object 'Object Repository/Amazon_ValidatePaymentOptions_OR/Page_Place Your Order - Amazon Checkout/input_We have deselected Amazon Pay balance_5983ef' (Root cause: com.kms.katalon.core.exception.StepFailedException: Unable to click on object 'Object Repository/Amazon_ValidatePaymentOptions_OR/Page_Place Your Order - Amazon Checkout/input_We have deselected Amazon Pay balance_5983ef'&#xa;	at com.kms.katalon.core.webui.keyword.internal.WebUIKeywordMain.stepFailed(WebUIKeywordMain.groovy:117)&#xa;	at com.kms.katalon.core.webui.keyword.internal.WebUIKeywordMain.runKeyword(WebUIKeywordMain.groovy:43)&#xa;	at com.kms.katalon.core.webui.keyword.builtin.ClickKeyword.click(ClickKeyword.groovy:75)&#xa;	at com.kms.katalon.core.webui.keyword.builtin.ClickKeyword.execute(ClickKeyword.groovy:40)&#xa;	at com.kms.katalon.core.keyword.internal.KeywordExecutor.executeKeywordForPlatform(KeywordExecutor.groovy:74)&#xa;	at com.kms.katalon.core.webui.keyword.WebUiBuiltInKeywords.click(WebUiBuiltInKeywords.groovy:696)&#xa;	at TC_Amazon_ValidatePaymentOptions_012.run(TC_Amazon_ValidatePaymentOptions_012:52)&#xa;	at com.kms.katalon.core.main.ScriptEngine.run(ScriptEngine.java:194)&#xa;	at com.kms.katalon.core.main.ScriptEngine.runScriptAsRawText(ScriptEngine.java:119)&#xa;	at com.kms.katalon.core.main.TestCaseExecutor.runScript(TestCaseExecutor.java:448)&#xa;	at com.kms.katalon.core.main.TestCaseExecutor.doExecute(TestCaseExecutor.java:439)&#xa;	at com.kms.katalon.core.main.TestCaseExecutor.processExecutionPhase(TestCaseExecutor.java:418)&#xa;	at com.kms.katalon.core.main.TestCaseExecutor.accessMainPhase(TestCaseExecutor.java:410)&#xa;	at com.kms.katalon.core.main.TestCaseExecutor.execute(TestCaseExecutor.java:285)&#xa;	at com.kms.katalon.core.main.TestCaseExecutor.execute(TestCaseExecutor.java:369)&#xa;	at com.kms.katalon.core.main.TestCaseExecutor.execute(TestCaseExecutor.java:369)&#xa;	at com.kms.katalon.core.main.TestCaseExecutor.execute(TestCaseExecutor.java:369)&#xa;	at com.kms.katalon.core.common.CommonExecutor.accessTestCaseMainPhase(CommonExecutor.java:71)&#xa;	at com.kms.katalon.core.main.TestSuiteExecutor.accessTestSuiteMainPhase(TestSuiteExecutor.java:160)&#xa;	at com.kms.katalon.core.main.TestSuiteExecutor.execute(TestSuiteExecutor.java:107)&#xa;	at com.kms.katalon.core.main.TestCaseMain.startTestSuite(TestCaseMain.java:180)&#xa;	at TempTestSuite1742523221089.run(TempTestSuite1742523221089.groovy:35)&#xa;	at java.base/jdk.internal.reflect.NativeMethodAccessorImpl.invoke0(Native Method)&#xa;	at java.base/jdk.internal.reflect.NativeMethodAccessorImpl.invoke(NativeMethodAccessorImpl.java:77)&#xa;	at java.base/jdk.internal.reflect.DelegatingMethodAccessorImpl.invoke(DelegatingMethodAccessorImpl.java:43)&#xa;Caused by: org.openqa.selenium.ElementClickInterceptedException: Element &lt;input class=&quot;a-button-input&quot; type=&quot;submit&quot;> is not clickable at point (128,634) because another element &lt;span id=&quot;checkout-primary-continue-button-id-announce&quot; class=&quot;a-button-text&quot;> obscures it&#xa;Build info: version: '4.22.0', revision: 'c5f3146703'&#xa;System info: os.name: 'Windows 11', os.arch: 'amd64', os.version: '10.0', java.version: '17.0.13'&#xa;Driver info: com.kms.katalon.selenium.driver.CFirefoxDriver&#xa;Command: [fbc1d7b5-6595-47a8-bbdf-eb1f02739d84, clickElement {id=676de19f-8928-481e-9cb1-473e985af2f9}]&#xa;Capabilities {acceptInsecureCerts: true, browserName: firefox, browserVersion: 136.0.2, moz:accessibilityChecks: false, moz:buildID: 20250317120031, moz:debuggerAddress: 127.0.0.1:14330, moz:geckodriverVersion: 0.36.0, moz:headless: false, moz:platformVersion: 10.0, moz:processID: 2036, moz:profile: C:\Users\Asus\AppData\Local..., moz:shutdownTimeout: 60000, moz:webdriverClick: true, moz:windowless: false, pageLoadStrategy: normal, platformName: windows, proxy: Proxy(), se:cdp: ws://127.0.0.1:14330/devtoo..., se:cdpVersion: 85.0, setWindowRect: true, strictFileInteractability: false, timeouts: {implicit: 0, pageLoad: 300000, script: 30000}, unhandledPromptBehavior: ignore, userAgent: Mozilla/5.0 (Windows NT 10...., webSocketUrl: ws://127.0.0.1:14330/sessio...}&#xa;Element: [[CFirefoxDriver: firefox on windows (fbc1d7b5-6595-47a8-bbdf-eb1f02739d84)] -> xpath: (//input[@type='submit'])[4]]&#xa;Session ID: fbc1d7b5-6595-47a8-bbdf-eb1f02739d84&#xa;	at jdk.internal.reflect.GeneratedConstructorAccessor23.newInstance(Unknown Source)&#xa;	at java.base/jdk.internal.reflect.DelegatingConstructorAccessorImpl.newInstance(DelegatingConstructorAccessorImpl.java:45)&#xa;	at org.openqa.selenium.remote.ErrorCodec.decode(ErrorCodec.java:167)&#xa;	at org.openqa.selenium.remote.codec.w3c.W3CHttpResponseCodec.decode(W3CHttpResponseCodec.java:138)&#xa;	at org.openqa.selenium.remote.codec.w3c.W3CHttpResponseCodec.decode(W3CHttpResponseCodec.java:50)&#xa;	at org.openqa.selenium.remote.HttpCommandExecutor.execute(HttpCommandExecutor.java:190)&#xa;	at org.openqa.selenium.remote.service.DriverCommandExecutor.invokeExecute(DriverCommandExecutor.java:216)&#xa;	at org.openqa.selenium.remote.service.DriverCommandExecutor.execute(DriverCommandExecutor.java:174)&#xa;	at org.openqa.selenium.remote.RemoteWebDriver.execute(RemoteWebDriver.java:518)&#xa;	at org.openqa.selenium.remote.RemoteWebElement.execute(RemoteWebElement.java:223)&#xa;	at org.openqa.selenium.remote.RemoteWebElement.click(RemoteWebElement.java:76)&#xa;	at jdk.internal.reflect.GeneratedMethodAccessor30.invoke(Unknown Source)&#xa;	at java.base/jdk.internal.reflect.DelegatingMethodAccessorImpl.invoke(DelegatingMethodAccessorImpl.java:43)&#xa;	at org.openqa.selenium.support.decorators.WebDriverDecorator.call(WebDriverDecorator.java:249)&#xa;	at org.openqa.selenium.support.decorators.DefaultDecorated.call(DefaultDecorated.java:48)&#xa;	at org.openqa.selenium.support.decorators.WebDriverDecorator.lambda$createProxy$2(WebDriverDecorator.java:321)&#xa;	at net.bytebuddy.renamed.java.lang.Object$ByteBuddy$1a6x2l6t.click(Unknown Source)&#xa;	at org.openqa.selenium.WebElement$click.call(Unknown Source)&#xa;	at com.kms.katalon.core.webui.keyword.builtin.ClickKeyword.clickUntilSuccessWithTimeout(ClickKeyword.groovy:82)&#xa;	at com.kms.katalon.core.webui.keyword.builtin.ClickKeyword.clickUntilSuccessWithTimeout(ClickKeyword.groovy)&#xa;	at jdk.internal.reflect.GeneratedMethodAccessor34.invoke(Unknown Source)&#xa;	at java.base/jdk.internal.reflect.DelegatingMethodAccessorImpl.invoke(DelegatingMethodAccessorImpl.java:43)&#xa;	at com.kms.katalon.core.webui.keyword.builtin.ClickKeyword$_click_closure1.doCall(ClickKeyword.groovy:68)&#xa;	at com.kms.katalon.core.webui.keyword.builtin.ClickKeyword$_click_closure1.call(ClickKeyword.groovy)&#xa;	at com.kms.katalon.core.webui.keyword.internal.WebUIKeywordMain.runKeyword(WebUIKeywordMain.groovy:35)&#xa;	at com.kms.katalon.core.webui.keyword.builtin.ClickKeyword.click(ClickKeyword.groovy:75)&#xa;	at com.kms.katalon.core.webui.keyword.builtin.ClickKeyword.execute(ClickKeyword.groovy:40)&#xa;	at com.kms.katalon.core.keyword.internal.KeywordExecutor.executeKeywordForPlatform(KeywordExecutor.groovy:74)&#xa;	at com.kms.katalon.core.webui.keyword.WebUiBuiltInKeywords.click(WebUiBuiltInKeywords.groovy:696)&#xa;	at Script1741840598899.run(Script1741840598899.groovy:52)&#xa;	... 18 more&#xa;)&#xa;	at com.kms.katalon.core.keyword.internal.KeywordMain.stepFailed(KeywordMain.groovy:39)&#xa;	at com.kms.katalon.core.webui.keyword.internal.WebUIKeywordMain.stepFailed(WebUIKeywordMain.groovy:117)&#xa;	at com.kms.katalon.core.webui.keyword.internal.WebUIKeywordMain.runKeyword(WebUIKeywordMain.groovy:43)&#xa;	at com.kms.katalon.core.webui.keyword.builtin.ClickKeyword.click(ClickKeyword.groovy:75)&#xa;	at com.kms.katalon.core.webui.keyword.builtin.ClickKeyword.execute(ClickKeyword.groovy:40)&#xa;	at com.kms.katalon.core.keyword.internal.KeywordExecutor.executeKeywordForPlatform(KeywordExecutor.groovy:74)&#xa;	at com.kms.katalon.core.webui.keyword.WebUiBuiltInKeywords.click(WebUiBuiltInKeywords.groovy:696)&#xa;	at TC_Amazon_ValidatePaymentOptions_012.run(TC_Amazon_ValidatePaymentOptions_012:52)&#xa;	at com.kms.katalon.core.main.ScriptEngine.run(ScriptEngine.java:194)&#xa;	at com.kms.katalon.core.main.ScriptEngine.runScriptAsRawText(ScriptEngine.java:119)&#xa;	at com.kms.katalon.core.main.TestCaseExecutor.runScript(TestCaseExecutor.java:448)&#xa;	at com.kms.katalon.core.main.TestCaseExecutor.doExecute(TestCaseExecutor.java:439)&#xa;	at com.kms.katalon.core.main.TestCaseExecutor.processExecutionPhase(TestCaseExecutor.java:418)&#xa;	at com.kms.katalon.core.main.TestCaseExecutor.accessMainPhase(TestCaseExecutor.java:410)&#xa;	at com.kms.katalon.core.main.TestCaseExecutor.execute(TestCaseExecutor.java:285)&#xa;	at com.kms.katalon.core.main.TestCaseExecutor.execute(TestCaseExecutor.java:369)&#xa;	at com.kms.katalon.core.main.TestCaseExecutor.execute(TestCaseExecutor.java:369)&#xa;	at com.kms.katalon.core.main.TestCaseExecutor.execute(TestCaseExecutor.java:369)&#xa;	at com.kms.katalon.core.common.CommonExecutor.accessTestCaseMainPhase(CommonExecutor.java:71)&#xa;	at com.kms.katalon.core.main.TestSuiteExecutor.accessTestSuiteMainPhase(TestSuiteExecutor.java:160)&#xa;	at com.kms.katalon.core.main.TestSuiteExecutor.execute(TestSuiteExecutor.java:107)&#xa;	at com.kms.katalon.core.main.TestCaseMain.startTestSuite(TestCaseMain.java:180)&#xa;	at TempTestSuite1742523221089.run(TempTestSuite1742523221089.groovy:35)&#xa;	at java.base/jdk.internal.reflect.NativeMethodAccessorImpl.invoke0(Native Method)&#xa;	at java.base/jdk.internal.reflect.NativeMethodAccessorImpl.invoke(NativeMethodAccessorImpl.java:77)&#xa;	at java.base/jdk.internal.reflect.DelegatingMethodAccessorImpl.invoke(DelegatingMethodAccessorImpl.java:43)&#xa;Caused by: com.kms.katalon.core.exception.StepFailedException: Unable to click on object 'Object Repository/Amazon_ValidatePaymentOptions_OR/Page_Place Your Order - Amazon Checkout/input_We have deselected Amazon Pay balance_5983ef'&#xa;	... 25 more&#xa;Caused by: org.openqa.selenium.ElementClickInterceptedException: Element &lt;input class=&quot;a-button-input&quot; type=&quot;submit&quot;> is not clickable at point (128,634) because another element &lt;span id=&quot;checkout-primary-continue-button-id-announce&quot; class=&quot;a-button-text&quot;> obscures it&#xa;Build info: version: '4.22.0', revision: 'c5f3146703'&#xa;System info: os.name: 'Windows 11', os.arch: 'amd64', os.version: '10.0', java.version: '17.0.13'&#xa;Driver info: com.kms.katalon.selenium.driver.CFirefoxDriver&#xa;Command: [fbc1d7b5-6595-47a8-bbdf-eb1f02739d84, clickElement {id=676de19f-8928-481e-9cb1-473e985af2f9}]&#xa;Capabilities {acceptInsecureCerts: true, browserName: firefox, browserVersion: 136.0.2, moz:accessibilityChecks: false, moz:buildID: 20250317120031, moz:debuggerAddress: 127.0.0.1:14330, moz:geckodriverVersion: 0.36.0, moz:headless: false, moz:platformVersion: 10.0, moz:processID: 2036, moz:profile: C:\Users\Asus\AppData\Local..., moz:shutdownTimeout: 60000, moz:webdriverClick: true, moz:windowless: false, pageLoadStrategy: normal, platformName: windows, proxy: Proxy(), se:cdp: ws://127.0.0.1:14330/devtoo..., se:cdpVersion: 85.0, setWindowRect: true, strictFileInteractability: false, timeouts: {implicit: 0, pageLoad: 300000, script: 30000}, unhandledPromptBehavior: ignore, userAgent: Mozilla/5.0 (Windows NT 10...., webSocketUrl: ws://127.0.0.1:14330/sessio...}&#xa;Element: [[CFirefoxDriver: firefox on windows (fbc1d7b5-6595-47a8-bbdf-eb1f02739d84)] -> xpath: (//input[@type='submit'])[4]]&#xa;Session ID: fbc1d7b5-6595-47a8-bbdf-eb1f02739d84&#xa;	at jdk.internal.reflect.GeneratedConstructorAccessor23.newInstance(Unknown Source)&#xa;	at java.base/jdk.internal.reflect.DelegatingConstructorAccessorImpl.newInstance(DelegatingConstructorAccessorImpl.java:45)&#xa;	at org.openqa.selenium.remote.ErrorCodec.decode(ErrorCodec.java:167)&#xa;	at org.openqa.selenium.remote.codec.w3c.W3CHttpResponseCodec.decode(W3CHttpResponseCodec.java:138)&#xa;	at org.openqa.selenium.remote.codec.w3c.W3CHttpResponseCodec.decode(W3CHttpResponseCodec.java:50)&#xa;	at org.openqa.selenium.remote.HttpCommandExecutor.execute(HttpCommandExecutor.java:190)&#xa;	at org.openqa.selenium.remote.service.DriverCommandExecutor.invokeExecute(DriverCommandExecutor.java:216)&#xa;	at org.openqa.selenium.remote.service.DriverCommandExecutor.execute(DriverCommandExecutor.java:174)&#xa;	at org.openqa.selenium.remote.RemoteWebDriver.execute(RemoteWebDriver.java:518)&#xa;	at org.openqa.selenium.remote.RemoteWebElement.execute(RemoteWebElement.java:223)&#xa;	at org.openqa.selenium.remote.RemoteWebElement.click(RemoteWebElement.java:76)&#xa;	at jdk.internal.reflect.GeneratedMethodAccessor30.invoke(Unknown Source)&#xa;	at java.base/jdk.internal.reflect.DelegatingMethodAccessorImpl.invoke(DelegatingMethodAccessorImpl.java:43)&#xa;	at org.openqa.selenium.support.decorators.WebDriverDecorator.call(WebDriverDecorator.java:249)&#xa;	at org.openqa.selenium.support.decorators.DefaultDecorated.call(DefaultDecorated.java:48)&#xa;	at org.openqa.selenium.support.decorators.WebDriverDecorator.lambda$createProxy$2(WebDriverDecorator.java:321)&#xa;	at net.bytebuddy.renamed.java.lang.Object$ByteBuddy$1a6x2l6t.click(Unknown Source)&#xa;	at org.openqa.selenium.WebElement$click.call(Unknown Source)&#xa;	at com.kms.katalon.core.webui.keyword.builtin.ClickKeyword.clickUntilSuccessWithTimeout(ClickKeyword.groovy:82)&#xa;	at com.kms.katalon.core.webui.keyword.builtin.ClickKeyword.clickUntilSuccessWithTimeout(ClickKeyword.groovy)&#xa;	at jdk.internal.reflect.GeneratedMethodAccessor34.invoke(Unknown Source)&#xa;	at java.base/jdk.internal.reflect.DelegatingMethodAccessorImpl.invoke(DelegatingMethodAccessorImpl.java:43)&#xa;	at com.kms.katalon.core.webui.keyword.builtin.ClickKeyword$_click_closure1.doCall(ClickKeyword.groovy:68)&#xa;	at com.kms.katalon.core.webui.keyword.builtin.ClickKeyword$_click_closure1.call(ClickKeyword.groovy)&#xa;	at com.kms.katalon.core.webui.keyword.internal.WebUIKeywordMain.runKeyword(WebUIKeywordMain.groovy:35)&#xa;	... 23 more&#xa;"/>
         <system-out><![CDATA[21-03-2025T08:55:45 - [TEST_CASE][FAILED] - Test Cases/TC_Amazon_ValidatePaymentOptions_012: Test Cases/TC_Amazon_ValidatePaymentOptions_012 FAILED.
Reason:
com.kms.katalon.core.exception.StepFailedException: Unable to click on object 'Object Repository/Amazon_ValidatePaymentOptions_OR/Page_Place Your Order - Amazon Checkout/input_We have deselected Amazon Pay balance_5983ef' (Root cause: com.kms.katalon.core.exception.StepFailedException: Unable to click on object 'Object Repository/Amazon_ValidatePaymentOptions_OR/Page_Place Your Order - Amazon Checkout/input_We have deselected Amazon Pay balance_5983ef'
	at com.kms.katalon.core.webui.keyword.internal.WebUIKeywordMain.stepFailed(WebUIKeywordMain.groovy:117)
	at com.kms.katalon.core.webui.keyword.internal.WebUIKeywordMain.runKeyword(WebUIKeywordMain.groovy:43)
	at com.kms.katalon.core.webui.keyword.builtin.ClickKeyword.click(ClickKeyword.groovy:75)
	at com.kms.katalon.core.webui.keyword.builtin.ClickKeyword.execute(ClickKeyword.groovy:40)
	at com.kms.katalon.core.keyword.internal.KeywordExecutor.executeKeywordForPlatform(KeywordExecutor.groovy:74)
	at com.kms.katalon.core.webui.keyword.WebUiBuiltInKeywords.click(WebUiBuiltInKeywords.groovy:696)
	at TC_Amazon_ValidatePaymentOptions_012.run(TC_Amazon_ValidatePaymentOptions_012:52)
	at com.kms.katalon.core.main.ScriptEngine.run(ScriptEngine.java:194)
	at com.kms.katalon.core.main.ScriptEngine.runScriptAsRawText(ScriptEngine.java:119)
	at com.kms.katalon.core.main.TestCaseExecutor.runScript(TestCaseExecutor.java:448)
	at com.kms.katalon.core.main.TestCaseExecutor.doExecute(TestCaseExecutor.java:439)
	at com.kms.katalon.core.main.TestCaseExecutor.processExecutionPhase(TestCaseExecutor.java:418)
	at com.kms.katalon.core.main.TestCaseExecutor.accessMainPhase(TestCaseExecutor.java:410)
	at com.kms.katalon.core.main.TestCaseExecutor.execute(TestCaseExecutor.java:285)
	at com.kms.katalon.core.main.TestCaseExecutor.execute(TestCaseExecutor.java:369)
	at com.kms.katalon.core.main.TestCaseExecutor.execute(TestCaseExecutor.java:369)
	at com.kms.katalon.core.main.TestCaseExecutor.execute(TestCaseExecutor.java:369)
	at com.kms.katalon.core.common.CommonExecutor.accessTestCaseMainPhase(CommonExecutor.java:71)
	at com.kms.katalon.core.main.TestSuiteExecutor.accessTestSuiteMainPhase(TestSuiteExecutor.java:160)
	at com.kms.katalon.core.main.TestSuiteExecutor.execute(TestSuiteExecutor.java:107)
	at com.kms.katalon.core.main.TestCaseMain.startTestSuite(TestCaseMain.java:180)
	at TempTestSuite1742523221089.run(TempTestSuite1742523221089.groovy:35)
	at java.base/jdk.internal.reflect.NativeMethodAccessorImpl.invoke0(Native Method)
	at java.base/jdk.internal.reflect.NativeMethodAccessorImpl.invoke(NativeMethodAccessorImpl.java:77)
	at java.base/jdk.internal.reflect.DelegatingMethodAccessorImpl.invoke(DelegatingMethodAccessorImpl.java:43)
Caused by: org.openqa.selenium.ElementClickInterceptedException: Element <input class="a-button-input" type="submit"> is not clickable at point (128,634) because another element <span id="checkout-primary-continue-button-id-announce" class="a-button-text"> obscures it
Build info: version: '4.22.0', revision: 'c5f3146703'
System info: os.name: 'Windows 11', os.arch: 'amd64', os.version: '10.0', java.version: '17.0.13'
Driver info: com.kms.katalon.selenium.driver.CFirefoxDriver
Command: [fbc1d7b5-6595-47a8-bbdf-eb1f02739d84, clickElement {id=676de19f-8928-481e-9cb1-473e985af2f9}]
Capabilities {acceptInsecureCerts: true, browserName: firefox, browserVersion: 136.0.2, moz:accessibilityChecks: false, moz:buildID: 20250317120031, moz:debuggerAddress: 127.0.0.1:14330, moz:geckodriverVersion: 0.36.0, moz:headless: false, moz:platformVersion: 10.0, moz:processID: 2036, moz:profile: C:\Users\Asus\AppData\Local..., moz:shutdownTimeout: 60000, moz:webdriverClick: true, moz:windowless: false, pageLoadStrategy: normal, platformName: windows, proxy: Proxy(), se:cdp: ws://127.0.0.1:14330/devtoo..., se:cdpVersion: 85.0, setWindowRect: true, strictFileInteractability: false, timeouts: {implicit: 0, pageLoad: 300000, script: 30000}, unhandledPromptBehavior: ignore, userAgent: Mozilla/5.0 (Windows NT 10...., webSocketUrl: ws://127.0.0.1:14330/sessio...}
Element: [[CFirefoxDriver: firefox on windows (fbc1d7b5-6595-47a8-bbdf-eb1f02739d84)] -> xpath: (//input[@type='submit'])[4]]
Session ID: fbc1d7b5-6595-47a8-bbdf-eb1f02739d84
	at jdk.internal.reflect.GeneratedConstructorAccessor23.newInstance(Unknown Source)
	at java.base/jdk.internal.reflect.DelegatingConstructorAccessorImpl.newInstance(DelegatingConstructorAccessorImpl.java:45)
	at org.openqa.selenium.remote.ErrorCodec.decode(ErrorCodec.java:167)
	at org.openqa.selenium.remote.codec.w3c.W3CHttpResponseCodec.decode(W3CHttpResponseCodec.java:138)
	at org.openqa.selenium.remote.codec.w3c.W3CHttpResponseCodec.decode(W3CHttpResponseCodec.java:50)
	at org.openqa.selenium.remote.HttpCommandExecutor.execute(HttpCommandExecutor.java:190)
	at org.openqa.selenium.remote.service.DriverCommandExecutor.invokeExecute(DriverCommandExecutor.java:216)
	at org.openqa.selenium.remote.service.DriverCommandExecutor.execute(DriverCommandExecutor.java:174)
	at org.openqa.selenium.remote.RemoteWebDriver.execute(RemoteWebDriver.java:518)
	at org.openqa.selenium.remote.RemoteWebElement.execute(RemoteWebElement.java:223)
	at org.openqa.selenium.remote.RemoteWebElement.click(RemoteWebElement.java:76)
	at jdk.internal.reflect.GeneratedMethodAccessor30.invoke(Unknown Source)
	at java.base/jdk.internal.reflect.DelegatingMethodAccessorImpl.invoke(DelegatingMethodAccessorImpl.java:43)
	at org.openqa.selenium.support.decorators.WebDriverDecorator.call(WebDriverDecorator.java:249)
	at org.openqa.selenium.support.decorators.DefaultDecorated.call(DefaultDecorated.java:48)
	at org.openqa.selenium.support.decorators.WebDriverDecorator.lambda$createProxy$2(WebDriverDecorator.java:321)
	at net.bytebuddy.renamed.java.lang.Object$ByteBuddy$1a6x2l6t.click(Unknown Source)
	at org.openqa.selenium.WebElement$click.call(Unknown Source)
	at com.kms.katalon.core.webui.keyword.builtin.ClickKeyword.clickUntilSuccessWithTimeout(ClickKeyword.groovy:82)
	at com.kms.katalon.core.webui.keyword.builtin.ClickKeyword.clickUntilSuccessWithTimeout(ClickKeyword.groovy)
	at jdk.internal.reflect.GeneratedMethodAccessor34.invoke(Unknown Source)
	at java.base/jdk.internal.reflect.DelegatingMethodAccessorImpl.invoke(DelegatingMethodAccessorImpl.java:43)
	at com.kms.katalon.core.webui.keyword.builtin.ClickKeyword$_click_closure1.doCall(ClickKeyword.groovy:68)
	at com.kms.katalon.core.webui.keyword.builtin.ClickKeyword$_click_closure1.call(ClickKeyword.groovy)
	at com.kms.katalon.core.webui.keyword.internal.WebUIKeywordMain.runKeyword(WebUIKeywordMain.groovy:35)
	at com.kms.katalon.core.webui.keyword.builtin.ClickKeyword.click(ClickKeyword.groovy:75)
	at com.kms.katalon.core.webui.keyword.builtin.ClickKeyword.execute(ClickKeyword.groovy:40)
	at com.kms.katalon.core.keyword.internal.KeywordExecutor.executeKeywordForPlatform(KeywordExecutor.groovy:74)
	at com.kms.katalon.core.webui.keyword.WebUiBuiltInKeywords.click(WebUiBuiltInKeywords.groovy:696)
	at Script1741840598899.run(Script1741840598899.groovy:52)
	... 18 more
)
	at com.kms.katalon.core.keyword.internal.KeywordMain.stepFailed(KeywordMain.groovy:39)
	at com.kms.katalon.core.webui.keyword.internal.WebUIKeywordMain.stepFailed(WebUIKeywordMain.groovy:117)
	at com.kms.katalon.core.webui.keyword.internal.WebUIKeywordMain.runKeyword(WebUIKeywordMain.groovy:43)
	at com.kms.katalon.core.webui.keyword.builtin.ClickKeyword.click(ClickKeyword.groovy:75)
	at com.kms.katalon.core.webui.keyword.builtin.ClickKeyword.execute(ClickKeyword.groovy:40)
	at com.kms.katalon.core.keyword.internal.KeywordExecutor.executeKeywordForPlatform(KeywordExecutor.groovy:74)
	at com.kms.katalon.core.webui.keyword.WebUiBuiltInKeywords.click(WebUiBuiltInKeywords.groovy:696)
	at TC_Amazon_ValidatePaymentOptions_012.run(TC_Amazon_ValidatePaymentOptions_012:52)
	at com.kms.katalon.core.main.ScriptEngine.run(ScriptEngine.java:194)
	at com.kms.katalon.core.main.ScriptEngine.runScriptAsRawText(ScriptEngine.java:119)
	at com.kms.katalon.core.main.TestCaseExecutor.runScript(TestCaseExecutor.java:448)
	at com.kms.katalon.core.main.TestCaseExecutor.doExecute(TestCaseExecutor.java:439)
	at com.kms.katalon.core.main.TestCaseExecutor.processExecutionPhase(TestCaseExecutor.java:418)
	at com.kms.katalon.core.main.TestCaseExecutor.accessMainPhase(TestCaseExecutor.java:410)
	at com.kms.katalon.core.main.TestCaseExecutor.execute(TestCaseExecutor.java:285)
	at com.kms.katalon.core.main.TestCaseExecutor.execute(TestCaseExecutor.java:369)
	at com.kms.katalon.core.main.TestCaseExecutor.execute(TestCaseExecutor.java:369)
	at com.kms.katalon.core.main.TestCaseExecutor.execute(TestCaseExecutor.java:369)
	at com.kms.katalon.core.common.CommonExecutor.accessTestCaseMainPhase(CommonExecutor.java:71)
	at com.kms.katalon.core.main.TestSuiteExecutor.accessTestSuiteMainPhase(TestSuiteExecutor.java:160)
	at com.kms.katalon.core.main.TestSuiteExecutor.execute(TestSuiteExecutor.java:107)
	at com.kms.katalon.core.main.TestCaseMain.startTestSuite(TestCaseMain.java:180)
	at TempTestSuite1742523221089.run(TempTestSuite1742523221089.groovy:35)
	at java.base/jdk.internal.reflect.NativeMethodAccessorImpl.invoke0(Native Method)
	at java.base/jdk.internal.reflect.NativeMethodAccessorImpl.invoke(NativeMethodAccessorImpl.java:77)
	at java.base/jdk.internal.reflect.DelegatingMethodAccessorImpl.invoke(DelegatingMethodAccessorImpl.java:43)
Caused by: com.kms.katalon.core.exception.StepFailedException: Unable to click on object 'Object Repository/Amazon_ValidatePaymentOptions_OR/Page_Place Your Order - Amazon Checkout/input_We have deselected Amazon Pay balance_5983ef'
	... 25 more
Caused by: org.openqa.selenium.ElementClickInterceptedException: Element <input class="a-button-input" type="submit"> is not clickable at point (128,634) because another element <span id="checkout-primary-continue-button-id-announce" class="a-button-text"> obscures it
Build info: version: '4.22.0', revision: 'c5f3146703'
System info: os.name: 'Windows 11', os.arch: 'amd64', os.version: '10.0', java.version: '17.0.13'
Driver info: com.kms.katalon.selenium.driver.CFirefoxDriver
Command: [fbc1d7b5-6595-47a8-bbdf-eb1f02739d84, clickElement {id=676de19f-8928-481e-9cb1-473e985af2f9}]
Capabilities {acceptInsecureCerts: true, browserName: firefox, browserVersion: 136.0.2, moz:accessibilityChecks: false, moz:buildID: 20250317120031, moz:debuggerAddress: 127.0.0.1:14330, moz:geckodriverVersion: 0.36.0, moz:headless: false, moz:platformVersion: 10.0, moz:processID: 2036, moz:profile: C:\Users\Asus\AppData\Local..., moz:shutdownTimeout: 60000, moz:webdriverClick: true, moz:windowless: false, pageLoadStrategy: normal, platformName: windows, proxy: Proxy(), se:cdp: ws://127.0.0.1:14330/devtoo..., se:cdpVersion: 85.0, setWindowRect: true, strictFileInteractability: false, timeouts: {implicit: 0, pageLoad: 300000, script: 30000}, unhandledPromptBehavior: ignore, userAgent: Mozilla/5.0 (Windows NT 10...., webSocketUrl: ws://127.0.0.1:14330/sessio...}
Element: [[CFirefoxDriver: firefox on windows (fbc1d7b5-6595-47a8-bbdf-eb1f02739d84)] -> xpath: (//input[@type='submit'])[4]]
Session ID: fbc1d7b5-6595-47a8-bbdf-eb1f02739d84
	at jdk.internal.reflect.GeneratedConstructorAccessor23.newInstance(Unknown Source)
	at java.base/jdk.internal.reflect.DelegatingConstructorAccessorImpl.newInstance(DelegatingConstructorAccessorImpl.java:45)
	at org.openqa.selenium.remote.ErrorCodec.decode(ErrorCodec.java:167)
	at org.openqa.selenium.remote.codec.w3c.W3CHttpResponseCodec.decode(W3CHttpResponseCodec.java:138)
	at org.openqa.selenium.remote.codec.w3c.W3CHttpResponseCodec.decode(W3CHttpResponseCodec.java:50)
	at org.openqa.selenium.remote.HttpCommandExecutor.execute(HttpCommandExecutor.java:190)
	at org.openqa.selenium.remote.service.DriverCommandExecutor.invokeExecute(DriverCommandExecutor.java:216)
	at org.openqa.selenium.remote.service.DriverCommandExecutor.execute(DriverCommandExecutor.java:174)
	at org.openqa.selenium.remote.RemoteWebDriver.execute(RemoteWebDriver.java:518)
	at org.openqa.selenium.remote.RemoteWebElement.execute(RemoteWebElement.java:223)
	at org.openqa.selenium.remote.RemoteWebElement.click(RemoteWebElement.java:76)
	at jdk.internal.reflect.GeneratedMethodAccessor30.invoke(Unknown Source)
	at java.base/jdk.internal.reflect.DelegatingMethodAccessorImpl.invoke(DelegatingMethodAccessorImpl.java:43)
	at org.openqa.selenium.support.decorators.WebDriverDecorator.call(WebDriverDecorator.java:249)
	at org.openqa.selenium.support.decorators.DefaultDecorated.call(DefaultDecorated.java:48)
	at org.openqa.selenium.support.decorators.WebDriverDecorator.lambda$createProxy$2(WebDriverDecorator.java:321)
	at net.bytebuddy.renamed.java.lang.Object$ByteBuddy$1a6x2l6t.click(Unknown Source)
	at org.openqa.selenium.WebElement$click.call(Unknown Source)
	at com.kms.katalon.core.webui.keyword.builtin.ClickKeyword.clickUntilSuccessWithTimeout(ClickKeyword.groovy:82)
	at com.kms.katalon.core.webui.keyword.builtin.ClickKeyword.clickUntilSuccessWithTimeout(ClickKeyword.groovy)
	at jdk.internal.reflect.GeneratedMethodAccessor34.invoke(Unknown Source)
	at java.base/jdk.internal.reflect.DelegatingMethodAccessorImpl.invoke(DelegatingMethodAccessorImpl.java:43)
	at com.kms.katalon.core.webui.keyword.builtin.ClickKeyword$_click_closure1.doCall(ClickKeyword.groovy:68)
	at com.kms.katalon.core.webui.keyword.builtin.ClickKeyword$_click_closure1.call(ClickKeyword.groovy)
	at com.kms.katalon.core.webui.keyword.internal.WebUIKeywordMain.runKeyword(WebUIKeywordMain.groovy:35)
	... 23 more


21-03-2025T08:55:45 - [TEST_STEP][PASSED] - openBrowser(""): Browser is opened with url: ''

21-03-2025T08:55:45 - [MESSAGE][WARNING] - A browser is already opened. Closing browser and opening a new one

21-03-2025T08:55:46 - [MESSAGE][INFO] - Starting 'Firefox' driver

21-03-2025T08:55:46 - [MESSAGE][INFO] - Action delay is set to 0 milliseconds

21-03-2025T08:55:51 - [MESSAGE][PASSED] - Browser is opened with url: ''

21-03-2025T08:55:51 - [TEST_STEP][PASSED] - navigateToUrl("https://www.amazon.in/"): Navigate to 'https://www.amazon.in/' successfully

21-03-2025T08:55:56 - [MESSAGE][PASSED] - Navigate to 'https://www.amazon.in/' successfully

21-03-2025T08:55:56 - [TEST_STEP][PASSED] - mouseOver(findTestObject("Amazon_ValidatePaymentOptions_OR/Page_Online Shopping site in India Shop Online for Mobiles, Books, Watches, Shoes and More - Amazon.in/span_Account  Lists")): Object: 'Object Repository/Amazon_ValidatePaymentOptions_OR/Page_Online Shopping site in India Shop Online for Mobiles, Books, Watches, Shoes and More - Amazon.in/span_Account  Lists' is hovered

21-03-2025T08:56:00 - [MESSAGE][PASSED] - Object: 'Object Repository/Amazon_ValidatePaymentOptions_OR/Page_Online Shopping site in India Shop Online for Mobiles, Books, Watches, Shoes and More - Amazon.in/span_Account  Lists' is hovered

21-03-2025T08:56:00 - [TEST_STEP][PASSED] - click(findTestObject("Object Repository/Amazon_ValidatePaymentOptions_OR/Page_Online Shopping site in India Shop Onl_10c5f3/span_Sign in")): Object: 'Object Repository/Amazon_ValidatePaymentOptions_OR/Page_Online Shopping site in India Shop Onl_10c5f3/span_Sign in' is clicked on

21-03-2025T08:56:02 - [MESSAGE][PASSED] - Object: 'Object Repository/Amazon_ValidatePaymentOptions_OR/Page_Online Shopping site in India Shop Onl_10c5f3/span_Sign in' is clicked on

21-03-2025T08:56:02 - [TEST_STEP][PASSED] - setText(findTestObject("Object Repository/Amazon_ValidatePaymentOptions_OR/Page_Amazon Sign In/input_Email or mobile phone number_email"), "8765257308"): Text '8765257308' is set on object 'Object Repository/Amazon_ValidatePaymentOptions_OR/Page_Amazon Sign In/input_Email or mobile phone number_email'

21-03-2025T08:56:33 - [MESSAGE][INFO] - Unable to find the element located by 'By.xpath: //input[@id='ap_email']'. Please recheck the objects properties to make sure the desired element is located. 

21-03-2025T08:56:33 - [MESSAGE][WARNING] - [SELF-HEALING] Failed to find element with id 'Object Repository/Amazon_ValidatePaymentOptions_OR/Page_Amazon Sign In/input_Email or mobile phone number_email'. Try using Self-healing.

21-03-2025T08:56:33 - [MESSAGE][WARNING] - [SELF-HEALING] The current locator of test object 'Object Repository/Amazon_ValidatePaymentOptions_OR/Page_Amazon Sign In/input_Email or mobile phone number_email' was broken. Propose an alternative one: '//div/input'.

21-03-2025T08:57:04 - [MESSAGE][INFO] - Unable to find the element located by 'By.xpath: //input[@id='ap_email']'. Please recheck the objects properties to make sure the desired element is located. 

21-03-2025T08:57:04 - [MESSAGE][WARNING] - [SELF-HEALING] Failed to find element with id 'Object Repository/Amazon_ValidatePaymentOptions_OR/Page_Amazon Sign In/input_Email or mobile phone number_email'. Try using Self-healing.

21-03-2025T08:57:05 - [MESSAGE][WARNING] - [SELF-HEALING] The current locator of test object 'Object Repository/Amazon_ValidatePaymentOptions_OR/Page_Amazon Sign In/input_Email or mobile phone number_email' was broken. Propose an alternative one: '//div/input'.

21-03-2025T08:57:05 - [MESSAGE][PASSED] - Text '8765257308' is set on object 'Object Repository/Amazon_ValidatePaymentOptions_OR/Page_Amazon Sign In/input_Email or mobile phone number_email'

21-03-2025T08:57:05 - [TEST_STEP][PASSED] - click(findTestObject("Object Repository/Amazon_ValidatePaymentOptions_OR/Page_Amazon Sign In/input_Wrong or Invalid email address or mob_77ed40")): Object: 'Object Repository/Amazon_ValidatePaymentOptions_OR/Page_Amazon Sign In/input_Wrong or Invalid email address or mob_77ed40' is clicked on

21-03-2025T08:57:36 - [MESSAGE][INFO] - Unable to find the element located by 'By.xpath: //input[@id='continue']'. Please recheck the objects properties to make sure the desired element is located. 

21-03-2025T08:57:36 - [MESSAGE][WARNING] - [SELF-HEALING] Failed to find element with id 'Object Repository/Amazon_ValidatePaymentOptions_OR/Page_Amazon Sign In/input_Wrong or Invalid email address or mob_77ed40'. Try using Self-healing.

21-03-2025T08:57:36 - [MESSAGE][WARNING] - [SELF-HEALING] The current locator of test object 'Object Repository/Amazon_ValidatePaymentOptions_OR/Page_Amazon Sign In/input_Wrong or Invalid email address or mob_77ed40' was broken. Propose an alternative one: '//span[@id='continue']/span/input'.

21-03-2025T08:57:38 - [MESSAGE][PASSED] - Object: 'Object Repository/Amazon_ValidatePaymentOptions_OR/Page_Amazon Sign In/input_Wrong or Invalid email address or mob_77ed40' is clicked on

21-03-2025T08:57:38 - [TEST_STEP][PASSED] - setEncryptedText(findTestObject("Object Repository/Amazon_ValidatePaymentOptions_OR/Page_Amazon Sign In/input_Forgot password_password"), "FJEEn2Q6rEqImg+RR4ytGA=="): Text ****** has been set on object 'Object Repository/Amazon_ValidatePaymentOptions_OR/Page_Amazon Sign In/input_Forgot password_password'

21-03-2025T08:57:39 - [MESSAGE][PASSED] - Text ****** has been set on object 'Object Repository/Amazon_ValidatePaymentOptions_OR/Page_Amazon Sign In/input_Forgot password_password'

21-03-2025T08:57:39 - [TEST_STEP][PASSED] - click(findTestObject("Object Repository/Amazon_ValidatePaymentOptions_OR/Page_Amazon Sign In/input_Enter your password_signInSubmit")): Object: 'Object Repository/Amazon_ValidatePaymentOptions_OR/Page_Amazon Sign In/input_Enter your password_signInSubmit' is clicked on

21-03-2025T08:57:41 - [MESSAGE][PASSED] - Object: 'Object Repository/Amazon_ValidatePaymentOptions_OR/Page_Amazon Sign In/input_Enter your password_signInSubmit' is clicked on

21-03-2025T08:57:41 - [TEST_STEP][PASSED] - click(findTestObject("Object Repository/Amazon_ValidatePaymentOptions_OR/Page_Online Shopping site in India Shop Onl_10c5f3/span_2")): Object: 'Object Repository/Amazon_ValidatePaymentOptions_OR/Page_Online Shopping site in India Shop Onl_10c5f3/span_2' is clicked on

21-03-2025T08:57:46 - [MESSAGE][PASSED] - Object: 'Object Repository/Amazon_ValidatePaymentOptions_OR/Page_Online Shopping site in India Shop Onl_10c5f3/span_2' is clicked on

21-03-2025T08:57:46 - [TEST_STEP][PASSED] - click(findTestObject("Object Repository/Amazon_ValidatePaymentOptions_OR/Page_Amazon.in Shopping Cart/input_1,598.00_proceedToRetailCheckout")): Object: 'Object Repository/Amazon_ValidatePaymentOptions_OR/Page_Amazon.in Shopping Cart/input_1,598.00_proceedToRetailCheckout' is clicked on

21-03-2025T08:57:51 - [MESSAGE][PASSED] - Object: 'Object Repository/Amazon_ValidatePaymentOptions_OR/Page_Amazon.in Shopping Cart/input_1,598.00_proceedToRetailCheckout' is clicked on

21-03-2025T08:57:51 - [TEST_STEP][PASSED] - click(findTestObject("Object Repository/Amazon_ValidatePaymentOptions_OR/Page_Place Your Order - Amazon Checkout/input_Another payment method_ppw-instrument_d02253")): Object: 'Object Repository/Amazon_ValidatePaymentOptions_OR/Page_Place Your Order - Amazon Checkout/input_Another payment method_ppw-instrument_d02253' is clicked on

21-03-2025T08:58:23 - [MESSAGE][INFO] - Unable to find the element located by 'By.xpath: //input[@id='pp-3gdaR4-103']'. Please recheck the objects properties to make sure the desired element is located. 

21-03-2025T08:58:23 - [MESSAGE][WARNING] - [SELF-HEALING] Failed to find element with id 'Object Repository/Amazon_ValidatePaymentOptions_OR/Page_Place Your Order - Amazon Checkout/input_Another payment method_ppw-instrument_d02253'. Try using Self-healing.

21-03-2025T08:58:23 - [MESSAGE][WARNING] - [SELF-HEALING] The current locator of test object 'Object Repository/Amazon_ValidatePaymentOptions_OR/Page_Place Your Order - Amazon Checkout/input_Another payment method_ppw-instrument_d02253' was broken. Propose an alternative one: '//label/input'.

21-03-2025T08:58:23 - [MESSAGE][PASSED] - Object: 'Object Repository/Amazon_ValidatePaymentOptions_OR/Page_Place Your Order - Amazon Checkout/input_Another payment method_ppw-instrument_d02253' is clicked on

21-03-2025T08:58:23 - [TEST_STEP][PASSED] - click(findTestObject("Object Repository/Amazon_ValidatePaymentOptions_OR/Page_Place Your Order - Amazon Checkout/input_Amazon accepts all major credit   car_451b00")): Object: 'Object Repository/Amazon_ValidatePaymentOptions_OR/Page_Place Your Order - Amazon Checkout/input_Amazon accepts all major credit   car_451b00' is clicked on

21-03-2025T08:58:54 - [MESSAGE][INFO] - Unable to find the element located by 'By.xpath: //input[@id='pp-3gdaR4-109']'. Please recheck the objects properties to make sure the desired element is located. 

21-03-2025T08:58:54 - [MESSAGE][WARNING] - [SELF-HEALING] Failed to find element with id 'Object Repository/Amazon_ValidatePaymentOptions_OR/Page_Place Your Order - Amazon Checkout/input_Amazon accepts all major credit   car_451b00'. Try using Self-healing.

21-03-2025T08:58:55 - [MESSAGE][WARNING] - [SELF-HEALING] The current locator of test object 'Object Repository/Amazon_ValidatePaymentOptions_OR/Page_Place Your Order - Amazon Checkout/input_Amazon accepts all major credit   car_451b00' was broken. Propose an alternative one: '//div[3]/div/div/div/div/span/div/label/input'.

21-03-2025T08:58:55 - [MESSAGE][PASSED] - Object: 'Object Repository/Amazon_ValidatePaymentOptions_OR/Page_Place Your Order - Amazon Checkout/input_Amazon accepts all major credit   car_451b00' is clicked on

21-03-2025T08:58:55 - [TEST_STEP][PASSED] - click(findTestObject("Object Repository/Amazon_ValidatePaymentOptions_OR/Page_Place Your Order - Amazon Checkout/input_Choose an Option_ppw-instrumentRowSelection")): Object: 'Object Repository/Amazon_ValidatePaymentOptions_OR/Page_Place Your Order - Amazon Checkout/input_Choose an Option_ppw-instrumentRowSelection' is clicked on

21-03-2025T08:59:26 - [MESSAGE][INFO] - Unable to find the element located by 'By.xpath: //input[@id='pp-3gdaR4-129']'. Please recheck the objects properties to make sure the desired element is located. 

21-03-2025T08:59:26 - [MESSAGE][WARNING] - [SELF-HEALING] Failed to find element with id 'Object Repository/Amazon_ValidatePaymentOptions_OR/Page_Place Your Order - Amazon Checkout/input_Choose an Option_ppw-instrumentRowSelection'. Try using Self-healing.

21-03-2025T08:59:26 - [MESSAGE][WARNING] - [SELF-HEALING] The current locator of test object 'Object Repository/Amazon_ValidatePaymentOptions_OR/Page_Place Your Order - Amazon Checkout/input_Choose an Option_ppw-instrumentRowSelection' was broken. Propose an alternative one: '//div/div/label/input'.

21-03-2025T08:59:27 - [MESSAGE][PASSED] - Object: 'Object Repository/Amazon_ValidatePaymentOptions_OR/Page_Place Your Order - Amazon Checkout/input_Choose an Option_ppw-instrumentRowSelection' is clicked on

21-03-2025T08:59:27 - [TEST_STEP][PASSED] - click(findTestObject("Object Repository/Amazon_ValidatePaymentOptions_OR/Page_Place Your Order - Amazon Checkout/input_The UPI ID is in the format of nameph_029c41")): Object: 'Object Repository/Amazon_ValidatePaymentOptions_OR/Page_Place Your Order - Amazon Checkout/input_The UPI ID is in the format of nameph_029c41' is clicked on

21-03-2025T08:59:58 - [MESSAGE][INFO] - Unable to find the element located by 'By.xpath: //input[@id='pp-3gdaR4-134']'. Please recheck the objects properties to make sure the desired element is located. 

21-03-2025T08:59:58 - [MESSAGE][WARNING] - [SELF-HEALING] Failed to find element with id 'Object Repository/Amazon_ValidatePaymentOptions_OR/Page_Place Your Order - Amazon Checkout/input_The UPI ID is in the format of nameph_029c41'. Try using Self-healing.

21-03-2025T08:59:58 - [MESSAGE][WARNING] - [SELF-HEALING] The current locator of test object 'Object Repository/Amazon_ValidatePaymentOptions_OR/Page_Place Your Order - Amazon Checkout/input_The UPI ID is in the format of nameph_029c41' was broken. Propose an alternative one: '//div[5]/div/div/div/div/span/div/label/input'.

21-03-2025T08:59:58 - [MESSAGE][PASSED] - Object: 'Object Repository/Amazon_ValidatePaymentOptions_OR/Page_Place Your Order - Amazon Checkout/input_The UPI ID is in the format of nameph_029c41' is clicked on

21-03-2025T08:59:58 - [TEST_STEP][PASSED] - click(findTestObject("Object Repository/Amazon_ValidatePaymentOptions_OR/Page_Place Your Order - Amazon Checkout/input_Why_ppw-instrumentRowSelection")): Object: 'Object Repository/Amazon_ValidatePaymentOptions_OR/Page_Place Your Order - Amazon Checkout/input_Why_ppw-instrumentRowSelection' is clicked on

21-03-2025T09:00:30 - [MESSAGE][INFO] - Unable to find the element located by 'By.xpath: //input[@id='pp-3gdaR4-147']'. Please recheck the objects properties to make sure the desired element is located. 

21-03-2025T09:00:30 - [MESSAGE][WARNING] - [SELF-HEALING] Failed to find element with id 'Object Repository/Amazon_ValidatePaymentOptions_OR/Page_Place Your Order - Amazon Checkout/input_Why_ppw-instrumentRowSelection'. Try using Self-healing.

21-03-2025T09:00:30 - [MESSAGE][WARNING] - [SELF-HEALING] The current locator of test object 'Object Repository/Amazon_ValidatePaymentOptions_OR/Page_Place Your Order - Amazon Checkout/input_Why_ppw-instrumentRowSelection' was broken. Propose an alternative one: '//div[6]/div/div/div/div/div/div/label/input'.

21-03-2025T09:00:31 - [MESSAGE][PASSED] - Object: 'Object Repository/Amazon_ValidatePaymentOptions_OR/Page_Place Your Order - Amazon Checkout/input_Why_ppw-instrumentRowSelection' is clicked on

21-03-2025T09:00:31 - [TEST_STEP][FAILED] - click(findTestObject("Object Repository/Amazon_ValidatePaymentOptions_OR/Page_Place Your Order - Amazon Checkout/input_We have deselected Amazon Pay balance_5983ef")): Unable to click on object 'Object Repository/Amazon_ValidatePaymentOptions_OR/Page_Place Your Order - Amazon Checkout/input_We have deselected Amazon Pay balance_5983ef' (Root cause: com.kms.katalon.core.exception.StepFailedException: Unable to click on object 'Object Repository/Amazon_ValidatePaymentOptions_OR/Page_Place Your Order - Amazon Checkout/input_We have deselected Amazon Pay balance_5983ef'
	at com.kms.katalon.core.webui.keyword.internal.WebUIKeywordMain.stepFailed(WebUIKeywordMain.groovy:117)
	at com.kms.katalon.core.webui.keyword.internal.WebUIKeywordMain.runKeyword(WebUIKeywordMain.groovy:43)
	at com.kms.katalon.core.webui.keyword.builtin.ClickKeyword.click(ClickKeyword.groovy:75)
	at com.kms.katalon.core.webui.keyword.builtin.ClickKeyword.execute(ClickKeyword.groovy:40)
	at com.kms.katalon.core.keyword.internal.KeywordExecutor.executeKeywordForPlatform(KeywordExecutor.groovy:74)
	at com.kms.katalon.core.webui.keyword.WebUiBuiltInKeywords.click(WebUiBuiltInKeywords.groovy:696)
	at TC_Amazon_ValidatePaymentOptions_012.run(TC_Amazon_ValidatePaymentOptions_012:52)
	at com.kms.katalon.core.main.ScriptEngine.run(ScriptEngine.java:194)
	at com.kms.katalon.core.main.ScriptEngine.runScriptAsRawText(ScriptEngine.java:119)
	at com.kms.katalon.core.main.TestCaseExecutor.runScript(TestCaseExecutor.java:448)
	at com.kms.katalon.core.main.TestCaseExecutor.doExecute(TestCaseExecutor.java:439)
	at com.kms.katalon.core.main.TestCaseExecutor.processExecutionPhase(TestCaseExecutor.java:418)
	at com.kms.katalon.core.main.TestCaseExecutor.accessMainPhase(TestCaseExecutor.java:410)
	at com.kms.katalon.core.main.TestCaseExecutor.execute(TestCaseExecutor.java:285)
	at com.kms.katalon.core.main.TestCaseExecutor.execute(TestCaseExecutor.java:369)
	at com.kms.katalon.core.main.TestCaseExecutor.execute(TestCaseExecutor.java:369)
	at com.kms.katalon.core.main.TestCaseExecutor.execute(TestCaseExecutor.java:369)
	at com.kms.katalon.core.common.CommonExecutor.accessTestCaseMainPhase(CommonExecutor.java:71)
	at com.kms.katalon.core.main.TestSuiteExecutor.accessTestSuiteMainPhase(TestSuiteExecutor.java:160)
	at com.kms.katalon.core.main.TestSuiteExecutor.execute(TestSuiteExecutor.java:107)
	at com.kms.katalon.core.main.TestCaseMain.startTestSuite(TestCaseMain.java:180)
	at TempTestSuite1742523221089.run(TempTestSuite1742523221089.groovy:35)
	at java.base/jdk.internal.reflect.NativeMethodAccessorImpl.invoke0(Native Method)
	at java.base/jdk.internal.reflect.NativeMethodAccessorImpl.invoke(NativeMethodAccessorImpl.java:77)
	at java.base/jdk.internal.reflect.DelegatingMethodAccessorImpl.invoke(DelegatingMethodAccessorImpl.java:43)
Caused by: org.openqa.selenium.ElementClickInterceptedException: Element <input class="a-button-input" type="submit"> is not clickable at point (128,634) because another element <span id="checkout-primary-continue-button-id-announce" class="a-button-text"> obscures it
Build info: version: '4.22.0', revision: 'c5f3146703'
System info: os.name: 'Windows 11', os.arch: 'amd64', os.version: '10.0', java.version: '17.0.13'
Driver info: com.kms.katalon.selenium.driver.CFirefoxDriver
Command: [fbc1d7b5-6595-47a8-bbdf-eb1f02739d84, clickElement {id=676de19f-8928-481e-9cb1-473e985af2f9}]
Capabilities {acceptInsecureCerts: true, browserName: firefox, browserVersion: 136.0.2, moz:accessibilityChecks: false, moz:buildID: 20250317120031, moz:debuggerAddress: 127.0.0.1:14330, moz:geckodriverVersion: 0.36.0, moz:headless: false, moz:platformVersion: 10.0, moz:processID: 2036, moz:profile: C:\Users\Asus\AppData\Local..., moz:shutdownTimeout: 60000, moz:webdriverClick: true, moz:windowless: false, pageLoadStrategy: normal, platformName: windows, proxy: Proxy(), se:cdp: ws://127.0.0.1:14330/devtoo..., se:cdpVersion: 85.0, setWindowRect: true, strictFileInteractability: false, timeouts: {implicit: 0, pageLoad: 300000, script: 30000}, unhandledPromptBehavior: ignore, userAgent: Mozilla/5.0 (Windows NT 10...., webSocketUrl: ws://127.0.0.1:14330/sessio...}
Element: [[CFirefoxDriver: firefox on windows (fbc1d7b5-6595-47a8-bbdf-eb1f02739d84)] -> xpath: (//input[@type='submit'])[4]]
Session ID: fbc1d7b5-6595-47a8-bbdf-eb1f02739d84
	at jdk.internal.reflect.GeneratedConstructorAccessor23.newInstance(Unknown Source)
	at java.base/jdk.internal.reflect.DelegatingConstructorAccessorImpl.newInstance(DelegatingConstructorAccessorImpl.java:45)
	at org.openqa.selenium.remote.ErrorCodec.decode(ErrorCodec.java:167)
	at org.openqa.selenium.remote.codec.w3c.W3CHttpResponseCodec.decode(W3CHttpResponseCodec.java:138)
	at org.openqa.selenium.remote.codec.w3c.W3CHttpResponseCodec.decode(W3CHttpResponseCodec.java:50)
	at org.openqa.selenium.remote.HttpCommandExecutor.execute(HttpCommandExecutor.java:190)
	at org.openqa.selenium.remote.service.DriverCommandExecutor.invokeExecute(DriverCommandExecutor.java:216)
	at org.openqa.selenium.remote.service.DriverCommandExecutor.execute(DriverCommandExecutor.java:174)
	at org.openqa.selenium.remote.RemoteWebDriver.execute(RemoteWebDriver.java:518)
	at org.openqa.selenium.remote.RemoteWebElement.execute(RemoteWebElement.java:223)
	at org.openqa.selenium.remote.RemoteWebElement.click(RemoteWebElement.java:76)
	at jdk.internal.reflect.GeneratedMethodAccessor30.invoke(Unknown Source)
	at java.base/jdk.internal.reflect.DelegatingMethodAccessorImpl.invoke(DelegatingMethodAccessorImpl.java:43)
	at org.openqa.selenium.support.decorators.WebDriverDecorator.call(WebDriverDecorator.java:249)
	at org.openqa.selenium.support.decorators.DefaultDecorated.call(DefaultDecorated.java:48)
	at org.openqa.selenium.support.decorators.WebDriverDecorator.lambda$createProxy$2(WebDriverDecorator.java:321)
	at net.bytebuddy.renamed.java.lang.Object$ByteBuddy$1a6x2l6t.click(Unknown Source)
	at org.openqa.selenium.WebElement$click.call(Unknown Source)
	at com.kms.katalon.core.webui.keyword.builtin.ClickKeyword.clickUntilSuccessWithTimeout(ClickKeyword.groovy:82)
	at com.kms.katalon.core.webui.keyword.builtin.ClickKeyword.clickUntilSuccessWithTimeout(ClickKeyword.groovy)
	at jdk.internal.reflect.GeneratedMethodAccessor34.invoke(Unknown Source)
	at java.base/jdk.internal.reflect.DelegatingMethodAccessorImpl.invoke(DelegatingMethodAccessorImpl.java:43)
	at com.kms.katalon.core.webui.keyword.builtin.ClickKeyword$_click_closure1.doCall(ClickKeyword.groovy:68)
	at com.kms.katalon.core.webui.keyword.builtin.ClickKeyword$_click_closure1.call(ClickKeyword.groovy)
	at com.kms.katalon.core.webui.keyword.internal.WebUIKeywordMain.runKeyword(WebUIKeywordMain.groovy:35)
	at com.kms.katalon.core.webui.keyword.builtin.ClickKeyword.click(ClickKeyword.groovy:75)
	at com.kms.katalon.core.webui.keyword.builtin.ClickKeyword.execute(ClickKeyword.groovy:40)
	at com.kms.katalon.core.keyword.internal.KeywordExecutor.executeKeywordForPlatform(KeywordExecutor.groovy:74)
	at com.kms.katalon.core.webui.keyword.WebUiBuiltInKeywords.click(WebUiBuiltInKeywords.groovy:696)
	at Script1741840598899.run(Script1741840598899.groovy:52)
	... 18 more
)

21-03-2025T09:01:02 - [MESSAGE][FAILED] - Unable to click on object 'Object Repository/Amazon_ValidatePaymentOptions_OR/Page_Place Your Order - Amazon Checkout/input_We have deselected Amazon Pay balance_5983ef' (Root cause: com.kms.katalon.core.exception.StepFailedException: Unable to click on object 'Object Repository/Amazon_ValidatePaymentOptions_OR/Page_Place Your Order - Amazon Checkout/input_We have deselected Amazon Pay balance_5983ef'
	at com.kms.katalon.core.webui.keyword.internal.WebUIKeywordMain.stepFailed(WebUIKeywordMain.groovy:117)
	at com.kms.katalon.core.webui.keyword.internal.WebUIKeywordMain.runKeyword(WebUIKeywordMain.groovy:43)
	at com.kms.katalon.core.webui.keyword.builtin.ClickKeyword.click(ClickKeyword.groovy:75)
	at com.kms.katalon.core.webui.keyword.builtin.ClickKeyword.execute(ClickKeyword.groovy:40)
	at com.kms.katalon.core.keyword.internal.KeywordExecutor.executeKeywordForPlatform(KeywordExecutor.groovy:74)
	at com.kms.katalon.core.webui.keyword.WebUiBuiltInKeywords.click(WebUiBuiltInKeywords.groovy:696)
	at TC_Amazon_ValidatePaymentOptions_012.run(TC_Amazon_ValidatePaymentOptions_012:52)
	at com.kms.katalon.core.main.ScriptEngine.run(ScriptEngine.java:194)
	at com.kms.katalon.core.main.ScriptEngine.runScriptAsRawText(ScriptEngine.java:119)
	at com.kms.katalon.core.main.TestCaseExecutor.runScript(TestCaseExecutor.java:448)
	at com.kms.katalon.core.main.TestCaseExecutor.doExecute(TestCaseExecutor.java:439)
	at com.kms.katalon.core.main.TestCaseExecutor.processExecutionPhase(TestCaseExecutor.java:418)
	at com.kms.katalon.core.main.TestCaseExecutor.accessMainPhase(TestCaseExecutor.java:410)
	at com.kms.katalon.core.main.TestCaseExecutor.execute(TestCaseExecutor.java:285)
	at com.kms.katalon.core.main.TestCaseExecutor.execute(TestCaseExecutor.java:369)
	at com.kms.katalon.core.main.TestCaseExecutor.execute(TestCaseExecutor.java:369)
	at com.kms.katalon.core.main.TestCaseExecutor.execute(TestCaseExecutor.java:369)
	at com.kms.katalon.core.common.CommonExecutor.accessTestCaseMainPhase(CommonExecutor.java:71)
	at com.kms.katalon.core.main.TestSuiteExecutor.accessTestSuiteMainPhase(TestSuiteExecutor.java:160)
	at com.kms.katalon.core.main.TestSuiteExecutor.execute(TestSuiteExecutor.java:107)
	at com.kms.katalon.core.main.TestCaseMain.startTestSuite(TestCaseMain.java:180)
	at TempTestSuite1742523221089.run(TempTestSuite1742523221089.groovy:35)
	at java.base/jdk.internal.reflect.NativeMethodAccessorImpl.invoke0(Native Method)
	at java.base/jdk.internal.reflect.NativeMethodAccessorImpl.invoke(NativeMethodAccessorImpl.java:77)
	at java.base/jdk.internal.reflect.DelegatingMethodAccessorImpl.invoke(DelegatingMethodAccessorImpl.java:43)
Caused by: org.openqa.selenium.ElementClickInterceptedException: Element <input class="a-button-input" type="submit"> is not clickable at point (128,634) because another element <span id="checkout-primary-continue-button-id-announce" class="a-button-text"> obscures it
Build info: version: '4.22.0', revision: 'c5f3146703'
System info: os.name: 'Windows 11', os.arch: 'amd64', os.version: '10.0', java.version: '17.0.13'
Driver info: com.kms.katalon.selenium.driver.CFirefoxDriver
Command: [fbc1d7b5-6595-47a8-bbdf-eb1f02739d84, clickElement {id=676de19f-8928-481e-9cb1-473e985af2f9}]
Capabilities {acceptInsecureCerts: true, browserName: firefox, browserVersion: 136.0.2, moz:accessibilityChecks: false, moz:buildID: 20250317120031, moz:debuggerAddress: 127.0.0.1:14330, moz:geckodriverVersion: 0.36.0, moz:headless: false, moz:platformVersion: 10.0, moz:processID: 2036, moz:profile: C:\Users\Asus\AppData\Local..., moz:shutdownTimeout: 60000, moz:webdriverClick: true, moz:windowless: false, pageLoadStrategy: normal, platformName: windows, proxy: Proxy(), se:cdp: ws://127.0.0.1:14330/devtoo..., se:cdpVersion: 85.0, setWindowRect: true, strictFileInteractability: false, timeouts: {implicit: 0, pageLoad: 300000, script: 30000}, unhandledPromptBehavior: ignore, userAgent: Mozilla/5.0 (Windows NT 10...., webSocketUrl: ws://127.0.0.1:14330/sessio...}
Element: [[CFirefoxDriver: firefox on windows (fbc1d7b5-6595-47a8-bbdf-eb1f02739d84)] -> xpath: (//input[@type='submit'])[4]]
Session ID: fbc1d7b5-6595-47a8-bbdf-eb1f02739d84
	at jdk.internal.reflect.GeneratedConstructorAccessor23.newInstance(Unknown Source)
	at java.base/jdk.internal.reflect.DelegatingConstructorAccessorImpl.newInstance(DelegatingConstructorAccessorImpl.java:45)
	at org.openqa.selenium.remote.ErrorCodec.decode(ErrorCodec.java:167)
	at org.openqa.selenium.remote.codec.w3c.W3CHttpResponseCodec.decode(W3CHttpResponseCodec.java:138)
	at org.openqa.selenium.remote.codec.w3c.W3CHttpResponseCodec.decode(W3CHttpResponseCodec.java:50)
	at org.openqa.selenium.remote.HttpCommandExecutor.execute(HttpCommandExecutor.java:190)
	at org.openqa.selenium.remote.service.DriverCommandExecutor.invokeExecute(DriverCommandExecutor.java:216)
	at org.openqa.selenium.remote.service.DriverCommandExecutor.execute(DriverCommandExecutor.java:174)
	at org.openqa.selenium.remote.RemoteWebDriver.execute(RemoteWebDriver.java:518)
	at org.openqa.selenium.remote.RemoteWebElement.execute(RemoteWebElement.java:223)
	at org.openqa.selenium.remote.RemoteWebElement.click(RemoteWebElement.java:76)
	at jdk.internal.reflect.GeneratedMethodAccessor30.invoke(Unknown Source)
	at java.base/jdk.internal.reflect.DelegatingMethodAccessorImpl.invoke(DelegatingMethodAccessorImpl.java:43)
	at org.openqa.selenium.support.decorators.WebDriverDecorator.call(WebDriverDecorator.java:249)
	at org.openqa.selenium.support.decorators.DefaultDecorated.call(DefaultDecorated.java:48)
	at org.openqa.selenium.support.decorators.WebDriverDecorator.lambda$createProxy$2(WebDriverDecorator.java:321)
	at net.bytebuddy.renamed.java.lang.Object$ByteBuddy$1a6x2l6t.click(Unknown Source)
	at org.openqa.selenium.WebElement$click.call(Unknown Source)
	at com.kms.katalon.core.webui.keyword.builtin.ClickKeyword.clickUntilSuccessWithTimeout(ClickKeyword.groovy:82)
	at com.kms.katalon.core.webui.keyword.builtin.ClickKeyword.clickUntilSuccessWithTimeout(ClickKeyword.groovy)
	at jdk.internal.reflect.GeneratedMethodAccessor34.invoke(Unknown Source)
	at java.base/jdk.internal.reflect.DelegatingMethodAccessorImpl.invoke(DelegatingMethodAccessorImpl.java:43)
	at com.kms.katalon.core.webui.keyword.builtin.ClickKeyword$_click_closure1.doCall(ClickKeyword.groovy:68)
	at com.kms.katalon.core.webui.keyword.builtin.ClickKeyword$_click_closure1.call(ClickKeyword.groovy)
	at com.kms.katalon.core.webui.keyword.internal.WebUIKeywordMain.runKeyword(WebUIKeywordMain.groovy:35)
	at com.kms.katalon.core.webui.keyword.builtin.ClickKeyword.click(ClickKeyword.groovy:75)
	at com.kms.katalon.core.webui.keyword.builtin.ClickKeyword.execute(ClickKeyword.groovy:40)
	at com.kms.katalon.core.keyword.internal.KeywordExecutor.executeKeywordForPlatform(KeywordExecutor.groovy:74)
	at com.kms.katalon.core.webui.keyword.WebUiBuiltInKeywords.click(WebUiBuiltInKeywords.groovy:696)
	at Script1741840598899.run(Script1741840598899.groovy:52)
	... 18 more
)
[[ATTACHMENT|E:\\Software Automation Testing\\Amazon\\Reports\\20250321_074341\\TS_Amazon_03\\20250321_074341\\1742527862125.png]]

21-03-2025T09:01:02 - [TEST_STEP][FAILED] - click(findTestObject("Object Repository/Amazon_ValidatePaymentOptions_OR/Page_Place Your Order - Amazon Checkout/a_Review Order")): Unable to click on object 'Object Repository/Amazon_ValidatePaymentOptions_OR/Page_Place Your Order - Amazon Checkout/a_Review Order' (Root cause: com.kms.katalon.core.exception.StepFailedException: Unable to click on object 'Object Repository/Amazon_ValidatePaymentOptions_OR/Page_Place Your Order - Amazon Checkout/a_Review Order'
	at com.kms.katalon.core.webui.keyword.internal.WebUIKeywordMain.stepFailed(WebUIKeywordMain.groovy:117)
	at com.kms.katalon.core.webui.keyword.internal.WebUIKeywordMain.runKeyword(WebUIKeywordMain.groovy:43)
	at com.kms.katalon.core.webui.keyword.builtin.ClickKeyword.click(ClickKeyword.groovy:75)
	at com.kms.katalon.core.webui.keyword.builtin.ClickKeyword.execute(ClickKeyword.groovy:40)
	at com.kms.katalon.core.keyword.internal.KeywordExecutor.executeKeywordForPlatform(KeywordExecutor.groovy:74)
	at com.kms.katalon.core.webui.keyword.WebUiBuiltInKeywords.click(WebUiBuiltInKeywords.groovy:696)
	at TC_Amazon_ValidatePaymentOptions_012.run(TC_Amazon_ValidatePaymentOptions_012:54)
	at com.kms.katalon.core.main.ScriptEngine.run(ScriptEngine.java:194)
	at com.kms.katalon.core.main.ScriptEngine.runScriptAsRawText(ScriptEngine.java:119)
	at com.kms.katalon.core.main.TestCaseExecutor.runScript(TestCaseExecutor.java:448)
	at com.kms.katalon.core.main.TestCaseExecutor.doExecute(TestCaseExecutor.java:439)
	at com.kms.katalon.core.main.TestCaseExecutor.processExecutionPhase(TestCaseExecutor.java:418)
	at com.kms.katalon.core.main.TestCaseExecutor.accessMainPhase(TestCaseExecutor.java:410)
	at com.kms.katalon.core.main.TestCaseExecutor.execute(TestCaseExecutor.java:285)
	at com.kms.katalon.core.main.TestCaseExecutor.execute(TestCaseExecutor.java:369)
	at com.kms.katalon.core.main.TestCaseExecutor.execute(TestCaseExecutor.java:369)
	at com.kms.katalon.core.main.TestCaseExecutor.execute(TestCaseExecutor.java:369)
	at com.kms.katalon.core.common.CommonExecutor.accessTestCaseMainPhase(CommonExecutor.java:71)
	at com.kms.katalon.core.main.TestSuiteExecutor.accessTestSuiteMainPhase(TestSuiteExecutor.java:160)
	at com.kms.katalon.core.main.TestSuiteExecutor.execute(TestSuiteExecutor.java:107)
	at com.kms.katalon.core.main.TestCaseMain.startTestSuite(TestCaseMain.java:180)
	at TempTestSuite1742523221089.run(TempTestSuite1742523221089.groovy:35)
	at java.base/jdk.internal.reflect.NativeMethodAccessorImpl.invoke0(Native Method)
	at java.base/jdk.internal.reflect.NativeMethodAccessorImpl.invoke(NativeMethodAccessorImpl.java:77)
	at java.base/jdk.internal.reflect.DelegatingMethodAccessorImpl.invoke(DelegatingMethodAccessorImpl.java:43)
Caused by: org.openqa.selenium.ElementNotInteractableException: Element <a class="a-link-normal" href="/gp/help/customer/display.html/ref=ox_spc_company?ie=UTF8&nodeId=201439140"> could not be scrolled into view
Build info: version: '4.22.0', revision: 'c5f3146703'
System info: os.name: 'Windows 11', os.arch: 'amd64', os.version: '10.0', java.version: '17.0.13'
Driver info: com.kms.katalon.selenium.driver.CFirefoxDriver
Command: [fbc1d7b5-6595-47a8-bbdf-eb1f02739d84, clickElement {id=19bf5b7a-c70f-41d1-ae3d-262f9dab0d7c}]
Capabilities {acceptInsecureCerts: true, browserName: firefox, browserVersion: 136.0.2, moz:accessibilityChecks: false, moz:buildID: 20250317120031, moz:debuggerAddress: 127.0.0.1:14330, moz:geckodriverVersion: 0.36.0, moz:headless: false, moz:platformVersion: 10.0, moz:processID: 2036, moz:profile: C:\Users\Asus\AppData\Local..., moz:shutdownTimeout: 60000, moz:webdriverClick: true, moz:windowless: false, pageLoadStrategy: normal, platformName: windows, proxy: Proxy(), se:cdp: ws://127.0.0.1:14330/devtoo..., se:cdpVersion: 85.0, setWindowRect: true, strictFileInteractability: false, timeouts: {implicit: 0, pageLoad: 300000, script: 30000}, unhandledPromptBehavior: ignore, userAgent: Mozilla/5.0 (Windows NT 10...., webSocketUrl: ws://127.0.0.1:14330/sessio...}
Element: [[CFirefoxDriver: firefox on windows (fbc1d7b5-6595-47a8-bbdf-eb1f02739d84)] -> xpath: (.//*[normalize-space(text()) and normalize-space(.)='Need help? Check our'])[1]/preceding::a[1]]
Session ID: fbc1d7b5-6595-47a8-bbdf-eb1f02739d84
	at jdk.internal.reflect.GeneratedConstructorAccessor30.newInstance(Unknown Source)
	at java.base/jdk.internal.reflect.DelegatingConstructorAccessorImpl.newInstance(DelegatingConstructorAccessorImpl.java:45)
	at org.openqa.selenium.remote.ErrorCodec.decode(ErrorCodec.java:167)
	at org.openqa.selenium.remote.codec.w3c.W3CHttpResponseCodec.decode(W3CHttpResponseCodec.java:138)
	at org.openqa.selenium.remote.codec.w3c.W3CHttpResponseCodec.decode(W3CHttpResponseCodec.java:50)
	at org.openqa.selenium.remote.HttpCommandExecutor.execute(HttpCommandExecutor.java:190)
	at org.openqa.selenium.remote.service.DriverCommandExecutor.invokeExecute(DriverCommandExecutor.java:216)
	at org.openqa.selenium.remote.service.DriverCommandExecutor.execute(DriverCommandExecutor.java:174)
	at org.openqa.selenium.remote.RemoteWebDriver.execute(RemoteWebDriver.java:518)
	at org.openqa.selenium.remote.RemoteWebElement.execute(RemoteWebElement.java:223)
	at org.openqa.selenium.remote.RemoteWebElement.click(RemoteWebElement.java:76)
	at jdk.internal.reflect.GeneratedMethodAccessor30.invoke(Unknown Source)
	at java.base/jdk.internal.reflect.DelegatingMethodAccessorImpl.invoke(DelegatingMethodAccessorImpl.java:43)
	at org.openqa.selenium.support.decorators.WebDriverDecorator.call(WebDriverDecorator.java:249)
	at org.openqa.selenium.support.decorators.DefaultDecorated.call(DefaultDecorated.java:48)
	at org.openqa.selenium.support.decorators.WebDriverDecorator.lambda$createProxy$2(WebDriverDecorator.java:321)
	at net.bytebuddy.renamed.java.lang.Object$ByteBuddy$zPm2avuL.click(Unknown Source)
	at org.openqa.selenium.WebElement$click.call(Unknown Source)
	at org.openqa.selenium.WebElement$click.call(Unknown Source)
	at com.kms.katalon.core.webui.keyword.builtin.ClickKeyword.clickUntilSuccessWithTimeout(ClickKeyword.groovy:82)
	at com.kms.katalon.core.webui.keyword.builtin.ClickKeyword.clickUntilSuccessWithTimeout(ClickKeyword.groovy)
	at jdk.internal.reflect.GeneratedMethodAccessor34.invoke(Unknown Source)
	at java.base/jdk.internal.reflect.DelegatingMethodAccessorImpl.invoke(DelegatingMethodAccessorImpl.java:43)
	at com.kms.katalon.core.webui.keyword.builtin.ClickKeyword$_click_closure1.doCall(ClickKeyword.groovy:68)
	at com.kms.katalon.core.webui.keyword.builtin.ClickKeyword$_click_closure1.call(ClickKeyword.groovy)
	at com.kms.katalon.core.webui.keyword.internal.WebUIKeywordMain.runKeyword(WebUIKeywordMain.groovy:35)
	at com.kms.katalon.core.webui.keyword.builtin.ClickKeyword.click(ClickKeyword.groovy:75)
	at com.kms.katalon.core.webui.keyword.builtin.ClickKeyword.execute(ClickKeyword.groovy:40)
	at com.kms.katalon.core.keyword.internal.KeywordExecutor.executeKeywordForPlatform(KeywordExecutor.groovy:74)
	at com.kms.katalon.core.webui.keyword.WebUiBuiltInKeywords.click(WebUiBuiltInKeywords.groovy:696)
	at Script1741840598899.run(Script1741840598899.groovy:54)
	... 18 more
)

21-03-2025T09:01:33 - [MESSAGE][INFO] - Unable to find the element located by 'By.xpath: //div[@id='checkout-item-block-panel']/div[2]/div/div[2]/span/a'. Please recheck the objects properties to make sure the desired element is located. 

21-03-2025T09:01:33 - [MESSAGE][WARNING] - [SELF-HEALING] Failed to find element with id 'Object Repository/Amazon_ValidatePaymentOptions_OR/Page_Place Your Order - Amazon Checkout/a_Review Order'. Try using Self-healing.

21-03-2025T09:01:33 - [MESSAGE][WARNING] - [SELF-HEALING] The current locator of test object 'Object Repository/Amazon_ValidatePaymentOptions_OR/Page_Place Your Order - Amazon Checkout/a_Review Order' was broken. Propose an alternative one: '(.//*[normalize-space(text()) and normalize-space(.)='Need help? Check our'])[1]/preceding::a[1]'.

21-03-2025T09:01:33 - [MESSAGE][FAILED] - Unable to click on object 'Object Repository/Amazon_ValidatePaymentOptions_OR/Page_Place Your Order - Amazon Checkout/a_Review Order' (Root cause: com.kms.katalon.core.exception.StepFailedException: Unable to click on object 'Object Repository/Amazon_ValidatePaymentOptions_OR/Page_Place Your Order - Amazon Checkout/a_Review Order'
	at com.kms.katalon.core.webui.keyword.internal.WebUIKeywordMain.stepFailed(WebUIKeywordMain.groovy:117)
	at com.kms.katalon.core.webui.keyword.internal.WebUIKeywordMain.runKeyword(WebUIKeywordMain.groovy:43)
	at com.kms.katalon.core.webui.keyword.builtin.ClickKeyword.click(ClickKeyword.groovy:75)
	at com.kms.katalon.core.webui.keyword.builtin.ClickKeyword.execute(ClickKeyword.groovy:40)
	at com.kms.katalon.core.keyword.internal.KeywordExecutor.executeKeywordForPlatform(KeywordExecutor.groovy:74)
	at com.kms.katalon.core.webui.keyword.WebUiBuiltInKeywords.click(WebUiBuiltInKeywords.groovy:696)
	at TC_Amazon_ValidatePaymentOptions_012.run(TC_Amazon_ValidatePaymentOptions_012:54)
	at com.kms.katalon.core.main.ScriptEngine.run(ScriptEngine.java:194)
	at com.kms.katalon.core.main.ScriptEngine.runScriptAsRawText(ScriptEngine.java:119)
	at com.kms.katalon.core.main.TestCaseExecutor.runScript(TestCaseExecutor.java:448)
	at com.kms.katalon.core.main.TestCaseExecutor.doExecute(TestCaseExecutor.java:439)
	at com.kms.katalon.core.main.TestCaseExecutor.processExecutionPhase(TestCaseExecutor.java:418)
	at com.kms.katalon.core.main.TestCaseExecutor.accessMainPhase(TestCaseExecutor.java:410)
	at com.kms.katalon.core.main.TestCaseExecutor.execute(TestCaseExecutor.java:285)
	at com.kms.katalon.core.main.TestCaseExecutor.execute(TestCaseExecutor.java:369)
	at com.kms.katalon.core.main.TestCaseExecutor.execute(TestCaseExecutor.java:369)
	at com.kms.katalon.core.main.TestCaseExecutor.execute(TestCaseExecutor.java:369)
	at com.kms.katalon.core.common.CommonExecutor.accessTestCaseMainPhase(CommonExecutor.java:71)
	at com.kms.katalon.core.main.TestSuiteExecutor.accessTestSuiteMainPhase(TestSuiteExecutor.java:160)
	at com.kms.katalon.core.main.TestSuiteExecutor.execute(TestSuiteExecutor.java:107)
	at com.kms.katalon.core.main.TestCaseMain.startTestSuite(TestCaseMain.java:180)
	at TempTestSuite1742523221089.run(TempTestSuite1742523221089.groovy:35)
	at java.base/jdk.internal.reflect.NativeMethodAccessorImpl.invoke0(Native Method)
	at java.base/jdk.internal.reflect.NativeMethodAccessorImpl.invoke(NativeMethodAccessorImpl.java:77)
	at java.base/jdk.internal.reflect.DelegatingMethodAccessorImpl.invoke(DelegatingMethodAccessorImpl.java:43)
Caused by: org.openqa.selenium.ElementNotInteractableException: Element <a class="a-link-normal" href="/gp/help/customer/display.html/ref=ox_spc_company?ie=UTF8&nodeId=201439140"> could not be scrolled into view
Build info: version: '4.22.0', revision: 'c5f3146703'
System info: os.name: 'Windows 11', os.arch: 'amd64', os.version: '10.0', java.version: '17.0.13'
Driver info: com.kms.katalon.selenium.driver.CFirefoxDriver
Command: [fbc1d7b5-6595-47a8-bbdf-eb1f02739d84, clickElement {id=19bf5b7a-c70f-41d1-ae3d-262f9dab0d7c}]
Capabilities {acceptInsecureCerts: true, browserName: firefox, browserVersion: 136.0.2, moz:accessibilityChecks: false, moz:buildID: 20250317120031, moz:debuggerAddress: 127.0.0.1:14330, moz:geckodriverVersion: 0.36.0, moz:headless: false, moz:platformVersion: 10.0, moz:processID: 2036, moz:profile: C:\Users\Asus\AppData\Local..., moz:shutdownTimeout: 60000, moz:webdriverClick: true, moz:windowless: false, pageLoadStrategy: normal, platformName: windows, proxy: Proxy(), se:cdp: ws://127.0.0.1:14330/devtoo..., se:cdpVersion: 85.0, setWindowRect: true, strictFileInteractability: false, timeouts: {implicit: 0, pageLoad: 300000, script: 30000}, unhandledPromptBehavior: ignore, userAgent: Mozilla/5.0 (Windows NT 10...., webSocketUrl: ws://127.0.0.1:14330/sessio...}
Element: [[CFirefoxDriver: firefox on windows (fbc1d7b5-6595-47a8-bbdf-eb1f02739d84)] -> xpath: (.//*[normalize-space(text()) and normalize-space(.)='Need help? Check our'])[1]/preceding::a[1]]
Session ID: fbc1d7b5-6595-47a8-bbdf-eb1f02739d84
	at jdk.internal.reflect.GeneratedConstructorAccessor30.newInstance(Unknown Source)
	at java.base/jdk.internal.reflect.DelegatingConstructorAccessorImpl.newInstance(DelegatingConstructorAccessorImpl.java:45)
	at org.openqa.selenium.remote.ErrorCodec.decode(ErrorCodec.java:167)
	at org.openqa.selenium.remote.codec.w3c.W3CHttpResponseCodec.decode(W3CHttpResponseCodec.java:138)
	at org.openqa.selenium.remote.codec.w3c.W3CHttpResponseCodec.decode(W3CHttpResponseCodec.java:50)
	at org.openqa.selenium.remote.HttpCommandExecutor.execute(HttpCommandExecutor.java:190)
	at org.openqa.selenium.remote.service.DriverCommandExecutor.invokeExecute(DriverCommandExecutor.java:216)
	at org.openqa.selenium.remote.service.DriverCommandExecutor.execute(DriverCommandExecutor.java:174)
	at org.openqa.selenium.remote.RemoteWebDriver.execute(RemoteWebDriver.java:518)
	at org.openqa.selenium.remote.RemoteWebElement.execute(RemoteWebElement.java:223)
	at org.openqa.selenium.remote.RemoteWebElement.click(RemoteWebElement.java:76)
	at jdk.internal.reflect.GeneratedMethodAccessor30.invoke(Unknown Source)
	at java.base/jdk.internal.reflect.DelegatingMethodAccessorImpl.invoke(DelegatingMethodAccessorImpl.java:43)
	at org.openqa.selenium.support.decorators.WebDriverDecorator.call(WebDriverDecorator.java:249)
	at org.openqa.selenium.support.decorators.DefaultDecorated.call(DefaultDecorated.java:48)
	at org.openqa.selenium.support.decorators.WebDriverDecorator.lambda$createProxy$2(WebDriverDecorator.java:321)
	at net.bytebuddy.renamed.java.lang.Object$ByteBuddy$zPm2avuL.click(Unknown Source)
	at org.openqa.selenium.WebElement$click.call(Unknown Source)
	at org.openqa.selenium.WebElement$click.call(Unknown Source)
	at com.kms.katalon.core.webui.keyword.builtin.ClickKeyword.clickUntilSuccessWithTimeout(ClickKeyword.groovy:82)
	at com.kms.katalon.core.webui.keyword.builtin.ClickKeyword.clickUntilSuccessWithTimeout(ClickKeyword.groovy)
	at jdk.internal.reflect.GeneratedMethodAccessor34.invoke(Unknown Source)
	at java.base/jdk.internal.reflect.DelegatingMethodAccessorImpl.invoke(DelegatingMethodAccessorImpl.java:43)
	at com.kms.katalon.core.webui.keyword.builtin.ClickKeyword$_click_closure1.doCall(ClickKeyword.groovy:68)
	at com.kms.katalon.core.webui.keyword.builtin.ClickKeyword$_click_closure1.call(ClickKeyword.groovy)
	at com.kms.katalon.core.webui.keyword.internal.WebUIKeywordMain.runKeyword(WebUIKeywordMain.groovy:35)
	at com.kms.katalon.core.webui.keyword.builtin.ClickKeyword.click(ClickKeyword.groovy:75)
	at com.kms.katalon.core.webui.keyword.builtin.ClickKeyword.execute(ClickKeyword.groovy:40)
	at com.kms.katalon.core.keyword.internal.KeywordExecutor.executeKeywordForPlatform(KeywordExecutor.groovy:74)
	at com.kms.katalon.core.webui.keyword.WebUiBuiltInKeywords.click(WebUiBuiltInKeywords.groovy:696)
	at Script1741840598899.run(Script1741840598899.groovy:54)
	... 18 more
)
[[ATTACHMENT|E:\\Software Automation Testing\\Amazon\\Reports\\20250321_074341\\TS_Amazon_03\\20250321_074341\\1742527893665.png]]

21-03-2025T09:01:33 - [TEST_STEP][PASSED] - back(): Navigate back successfully

21-03-2025T09:01:35 - [MESSAGE][PASSED] - Navigate back successfully

21-03-2025T09:01:35 - [TEST_STEP][PASSED] - back(): Navigate back successfully

21-03-2025T09:01:40 - [MESSAGE][PASSED] - Navigate back successfully

21-03-2025T09:01:40 - [TEST_STEP][FAILED] - back(): Unable to get browser back to previous page (Root cause: com.kms.katalon.core.exception.StepFailedException: Unable to get browser back to previous page
	at com.kms.katalon.core.webui.keyword.internal.WebUIKeywordMain.stepFailed(WebUIKeywordMain.groovy:117)
	at com.kms.katalon.core.webui.keyword.internal.WebUIKeywordMain.runKeyword(WebUIKeywordMain.groovy:43)
	at com.kms.katalon.core.webui.keyword.builtin.BackKeyword.back(BackKeyword.groovy:75)
	at com.kms.katalon.core.webui.keyword.builtin.BackKeyword.execute(BackKeyword.groovy:66)
	at com.kms.katalon.core.keyword.internal.KeywordExecutor.executeKeywordForPlatform(KeywordExecutor.groovy:74)
	at com.kms.katalon.core.webui.keyword.WebUiBuiltInKeywords.back(WebUiBuiltInKeywords.groovy:104)
	at TC_Amazon_ValidatePaymentOptions_012.run(TC_Amazon_ValidatePaymentOptions_012:60)
	at com.kms.katalon.core.main.ScriptEngine.run(ScriptEngine.java:194)
	at com.kms.katalon.core.main.ScriptEngine.runScriptAsRawText(ScriptEngine.java:119)
	at com.kms.katalon.core.main.TestCaseExecutor.runScript(TestCaseExecutor.java:448)
	at com.kms.katalon.core.main.TestCaseExecutor.doExecute(TestCaseExecutor.java:439)
	at com.kms.katalon.core.main.TestCaseExecutor.processExecutionPhase(TestCaseExecutor.java:418)
	at com.kms.katalon.core.main.TestCaseExecutor.accessMainPhase(TestCaseExecutor.java:410)
	at com.kms.katalon.core.main.TestCaseExecutor.execute(TestCaseExecutor.java:285)
	at com.kms.katalon.core.main.TestCaseExecutor.execute(TestCaseExecutor.java:369)
	at com.kms.katalon.core.main.TestCaseExecutor.execute(TestCaseExecutor.java:369)
	at com.kms.katalon.core.main.TestCaseExecutor.execute(TestCaseExecutor.java:369)
	at com.kms.katalon.core.common.CommonExecutor.accessTestCaseMainPhase(CommonExecutor.java:71)
	at com.kms.katalon.core.main.TestSuiteExecutor.accessTestSuiteMainPhase(TestSuiteExecutor.java:160)
	at com.kms.katalon.core.main.TestSuiteExecutor.execute(TestSuiteExecutor.java:107)
	at com.kms.katalon.core.main.TestCaseMain.startTestSuite(TestCaseMain.java:180)
	at TempTestSuite1742523221089.run(TempTestSuite1742523221089.groovy:35)
	at java.base/jdk.internal.reflect.NativeMethodAccessorImpl.invoke0(Native Method)
	at java.base/jdk.internal.reflect.NativeMethodAccessorImpl.invoke(NativeMethodAccessorImpl.java:77)
	at java.base/jdk.internal.reflect.DelegatingMethodAccessorImpl.invoke(DelegatingMethodAccessorImpl.java:43)
Caused by: org.openqa.selenium.WebDriverException: Reached error page: about:neterror?e=notCached&u=https%3A//www.amazon.in/ax/claim%3Fpolicy_handle%3DRetail-Checkout%26openid.mode%3Dcheckid_setup%26openid.assoc_handle%3Dinflex%26arb%3D57aa4611-3792-4609-9cdc-3ec6552b9f9f%26openid.ns%3Dhttp%253A%252F%252Fspecs.openid.net%252Fauth%252F2.0%26openid.return_to%3Dhttps%253A%252F%252Fwww.amazon.in%252F%253Fref_%253Dnav_signin&c=UTF-8&d=This%20document%20is%20no%20longer%20available.
Build info: version: '4.22.0', revision: 'c5f3146703'
System info: os.name: 'Windows 11', os.arch: 'amd64', os.version: '10.0', java.version: '17.0.13'
Driver info: com.kms.katalon.selenium.driver.CFirefoxDriver
Command: [fbc1d7b5-6595-47a8-bbdf-eb1f02739d84, goBack {}]
Capabilities {acceptInsecureCerts: true, browserName: firefox, browserVersion: 136.0.2, moz:accessibilityChecks: false, moz:buildID: 20250317120031, moz:debuggerAddress: 127.0.0.1:14330, moz:geckodriverVersion: 0.36.0, moz:headless: false, moz:platformVersion: 10.0, moz:processID: 2036, moz:profile: C:\Users\Asus\AppData\Local..., moz:shutdownTimeout: 60000, moz:webdriverClick: true, moz:windowless: false, pageLoadStrategy: normal, platformName: windows, proxy: Proxy(), se:cdp: ws://127.0.0.1:14330/devtoo..., se:cdpVersion: 85.0, setWindowRect: true, strictFileInteractability: false, timeouts: {implicit: 0, pageLoad: 300000, script: 30000}, unhandledPromptBehavior: ignore, userAgent: Mozilla/5.0 (Windows NT 10...., webSocketUrl: ws://127.0.0.1:14330/sessio...}
Session ID: fbc1d7b5-6595-47a8-bbdf-eb1f02739d84
	at java.base/jdk.internal.reflect.NativeConstructorAccessorImpl.newInstance0(Native Method)
	at java.base/jdk.internal.reflect.NativeConstructorAccessorImpl.newInstance(NativeConstructorAccessorImpl.java:77)
	at java.base/jdk.internal.reflect.DelegatingConstructorAccessorImpl.newInstance(DelegatingConstructorAccessorImpl.java:45)
	at org.openqa.selenium.remote.ErrorCodec.decode(ErrorCodec.java:167)
	at org.openqa.selenium.remote.codec.w3c.W3CHttpResponseCodec.decode(W3CHttpResponseCodec.java:138)
	at org.openqa.selenium.remote.codec.w3c.W3CHttpResponseCodec.decode(W3CHttpResponseCodec.java:50)
	at org.openqa.selenium.remote.HttpCommandExecutor.execute(HttpCommandExecutor.java:190)
	at org.openqa.selenium.remote.service.DriverCommandExecutor.invokeExecute(DriverCommandExecutor.java:216)
	at org.openqa.selenium.remote.service.DriverCommandExecutor.execute(DriverCommandExecutor.java:174)
	at org.openqa.selenium.remote.RemoteWebDriver.execute(RemoteWebDriver.java:518)
	at org.openqa.selenium.remote.RemoteWebDriver.execute(RemoteWebDriver.java:591)
	at com.kms.katalon.selenium.driver.CFirefoxDriver.execute(CFirefoxDriver.java:27)
	at org.openqa.selenium.remote.RemoteWebDriver.execute(RemoteWebDriver.java:595)
	at org.openqa.selenium.remote.RemoteWebDriver$RemoteNavigation.back(RemoteWebDriver.java:1053)
	at java.base/jdk.internal.reflect.NativeMethodAccessorImpl.invoke0(Native Method)
	at java.base/jdk.internal.reflect.NativeMethodAccessorImpl.invoke(NativeMethodAccessorImpl.java:77)
	at java.base/jdk.internal.reflect.DelegatingMethodAccessorImpl.invoke(DelegatingMethodAccessorImpl.java:43)
	at org.openqa.selenium.support.decorators.WebDriverDecorator.call(WebDriverDecorator.java:249)
	at org.openqa.selenium.support.decorators.DefaultDecorated.call(DefaultDecorated.java:48)
	at org.openqa.selenium.support.decorators.WebDriverDecorator.lambda$createProxy$2(WebDriverDecorator.java:321)
	at net.bytebuddy.renamed.java.lang.Object$ByteBuddy$oX69KUyU.back(Unknown Source)
	at com.kms.katalon.core.webui.keyword.builtin.BackKeyword$_back_closure1.doCall(BackKeyword.groovy:73)
	at com.kms.katalon.core.webui.keyword.builtin.BackKeyword$_back_closure1.call(BackKeyword.groovy)
	at com.kms.katalon.core.webui.keyword.internal.WebUIKeywordMain.runKeyword(WebUIKeywordMain.groovy:35)
	at com.kms.katalon.core.webui.keyword.builtin.BackKeyword.back(BackKeyword.groovy:75)
	at com.kms.katalon.core.webui.keyword.builtin.BackKeyword.execute(BackKeyword.groovy:66)
	at com.kms.katalon.core.keyword.internal.KeywordExecutor.executeKeywordForPlatform(KeywordExecutor.groovy:74)
	at com.kms.katalon.core.webui.keyword.WebUiBuiltInKeywords.back(WebUiBuiltInKeywords.groovy:104)
	at Script1741840598899.run(Script1741840598899.groovy:60)
	... 18 more
)

21-03-2025T09:01:48 - [MESSAGE][FAILED] - Unable to get browser back to previous page (Root cause: com.kms.katalon.core.exception.StepFailedException: Unable to get browser back to previous page
	at com.kms.katalon.core.webui.keyword.internal.WebUIKeywordMain.stepFailed(WebUIKeywordMain.groovy:117)
	at com.kms.katalon.core.webui.keyword.internal.WebUIKeywordMain.runKeyword(WebUIKeywordMain.groovy:43)
	at com.kms.katalon.core.webui.keyword.builtin.BackKeyword.back(BackKeyword.groovy:75)
	at com.kms.katalon.core.webui.keyword.builtin.BackKeyword.execute(BackKeyword.groovy:66)
	at com.kms.katalon.core.keyword.internal.KeywordExecutor.executeKeywordForPlatform(KeywordExecutor.groovy:74)
	at com.kms.katalon.core.webui.keyword.WebUiBuiltInKeywords.back(WebUiBuiltInKeywords.groovy:104)
	at TC_Amazon_ValidatePaymentOptions_012.run(TC_Amazon_ValidatePaymentOptions_012:60)
	at com.kms.katalon.core.main.ScriptEngine.run(ScriptEngine.java:194)
	at com.kms.katalon.core.main.ScriptEngine.runScriptAsRawText(ScriptEngine.java:119)
	at com.kms.katalon.core.main.TestCaseExecutor.runScript(TestCaseExecutor.java:448)
	at com.kms.katalon.core.main.TestCaseExecutor.doExecute(TestCaseExecutor.java:439)
	at com.kms.katalon.core.main.TestCaseExecutor.processExecutionPhase(TestCaseExecutor.java:418)
	at com.kms.katalon.core.main.TestCaseExecutor.accessMainPhase(TestCaseExecutor.java:410)
	at com.kms.katalon.core.main.TestCaseExecutor.execute(TestCaseExecutor.java:285)
	at com.kms.katalon.core.main.TestCaseExecutor.execute(TestCaseExecutor.java:369)
	at com.kms.katalon.core.main.TestCaseExecutor.execute(TestCaseExecutor.java:369)
	at com.kms.katalon.core.main.TestCaseExecutor.execute(TestCaseExecutor.java:369)
	at com.kms.katalon.core.common.CommonExecutor.accessTestCaseMainPhase(CommonExecutor.java:71)
	at com.kms.katalon.core.main.TestSuiteExecutor.accessTestSuiteMainPhase(TestSuiteExecutor.java:160)
	at com.kms.katalon.core.main.TestSuiteExecutor.execute(TestSuiteExecutor.java:107)
	at com.kms.katalon.core.main.TestCaseMain.startTestSuite(TestCaseMain.java:180)
	at TempTestSuite1742523221089.run(TempTestSuite1742523221089.groovy:35)
	at java.base/jdk.internal.reflect.NativeMethodAccessorImpl.invoke0(Native Method)
	at java.base/jdk.internal.reflect.NativeMethodAccessorImpl.invoke(NativeMethodAccessorImpl.java:77)
	at java.base/jdk.internal.reflect.DelegatingMethodAccessorImpl.invoke(DelegatingMethodAccessorImpl.java:43)
Caused by: org.openqa.selenium.WebDriverException: Reached error page: about:neterror?e=notCached&u=https%3A//www.amazon.in/ax/claim%3Fpolicy_handle%3DRetail-Checkout%26openid.mode%3Dcheckid_setup%26openid.assoc_handle%3Dinflex%26arb%3D57aa4611-3792-4609-9cdc-3ec6552b9f9f%26openid.ns%3Dhttp%253A%252F%252Fspecs.openid.net%252Fauth%252F2.0%26openid.return_to%3Dhttps%253A%252F%252Fwww.amazon.in%252F%253Fref_%253Dnav_signin&c=UTF-8&d=This%20document%20is%20no%20longer%20available.
Build info: version: '4.22.0', revision: 'c5f3146703'
System info: os.name: 'Windows 11', os.arch: 'amd64', os.version: '10.0', java.version: '17.0.13'
Driver info: com.kms.katalon.selenium.driver.CFirefoxDriver
Command: [fbc1d7b5-6595-47a8-bbdf-eb1f02739d84, goBack {}]
Capabilities {acceptInsecureCerts: true, browserName: firefox, browserVersion: 136.0.2, moz:accessibilityChecks: false, moz:buildID: 20250317120031, moz:debuggerAddress: 127.0.0.1:14330, moz:geckodriverVersion: 0.36.0, moz:headless: false, moz:platformVersion: 10.0, moz:processID: 2036, moz:profile: C:\Users\Asus\AppData\Local..., moz:shutdownTimeout: 60000, moz:webdriverClick: true, moz:windowless: false, pageLoadStrategy: normal, platformName: windows, proxy: Proxy(), se:cdp: ws://127.0.0.1:14330/devtoo..., se:cdpVersion: 85.0, setWindowRect: true, strictFileInteractability: false, timeouts: {implicit: 0, pageLoad: 300000, script: 30000}, unhandledPromptBehavior: ignore, userAgent: Mozilla/5.0 (Windows NT 10...., webSocketUrl: ws://127.0.0.1:14330/sessio...}
Session ID: fbc1d7b5-6595-47a8-bbdf-eb1f02739d84
	at java.base/jdk.internal.reflect.NativeConstructorAccessorImpl.newInstance0(Native Method)
	at java.base/jdk.internal.reflect.NativeConstructorAccessorImpl.newInstance(NativeConstructorAccessorImpl.java:77)
	at java.base/jdk.internal.reflect.DelegatingConstructorAccessorImpl.newInstance(DelegatingConstructorAccessorImpl.java:45)
	at org.openqa.selenium.remote.ErrorCodec.decode(ErrorCodec.java:167)
	at org.openqa.selenium.remote.codec.w3c.W3CHttpResponseCodec.decode(W3CHttpResponseCodec.java:138)
	at org.openqa.selenium.remote.codec.w3c.W3CHttpResponseCodec.decode(W3CHttpResponseCodec.java:50)
	at org.openqa.selenium.remote.HttpCommandExecutor.execute(HttpCommandExecutor.java:190)
	at org.openqa.selenium.remote.service.DriverCommandExecutor.invokeExecute(DriverCommandExecutor.java:216)
	at org.openqa.selenium.remote.service.DriverCommandExecutor.execute(DriverCommandExecutor.java:174)
	at org.openqa.selenium.remote.RemoteWebDriver.execute(RemoteWebDriver.java:518)
	at org.openqa.selenium.remote.RemoteWebDriver.execute(RemoteWebDriver.java:591)
	at com.kms.katalon.selenium.driver.CFirefoxDriver.execute(CFirefoxDriver.java:27)
	at org.openqa.selenium.remote.RemoteWebDriver.execute(RemoteWebDriver.java:595)
	at org.openqa.selenium.remote.RemoteWebDriver$RemoteNavigation.back(RemoteWebDriver.java:1053)
	at java.base/jdk.internal.reflect.NativeMethodAccessorImpl.invoke0(Native Method)
	at java.base/jdk.internal.reflect.NativeMethodAccessorImpl.invoke(NativeMethodAccessorImpl.java:77)
	at java.base/jdk.internal.reflect.DelegatingMethodAccessorImpl.invoke(DelegatingMethodAccessorImpl.java:43)
	at org.openqa.selenium.support.decorators.WebDriverDecorator.call(WebDriverDecorator.java:249)
	at org.openqa.selenium.support.decorators.DefaultDecorated.call(DefaultDecorated.java:48)
	at org.openqa.selenium.support.decorators.WebDriverDecorator.lambda$createProxy$2(WebDriverDecorator.java:321)
	at net.bytebuddy.renamed.java.lang.Object$ByteBuddy$oX69KUyU.back(Unknown Source)
	at com.kms.katalon.core.webui.keyword.builtin.BackKeyword$_back_closure1.doCall(BackKeyword.groovy:73)
	at com.kms.katalon.core.webui.keyword.builtin.BackKeyword$_back_closure1.call(BackKeyword.groovy)
	at com.kms.katalon.core.webui.keyword.internal.WebUIKeywordMain.runKeyword(WebUIKeywordMain.groovy:35)
	at com.kms.katalon.core.webui.keyword.builtin.BackKeyword.back(BackKeyword.groovy:75)
	at com.kms.katalon.core.webui.keyword.builtin.BackKeyword.execute(BackKeyword.groovy:66)
	at com.kms.katalon.core.keyword.internal.KeywordExecutor.executeKeywordForPlatform(KeywordExecutor.groovy:74)
	at com.kms.katalon.core.webui.keyword.WebUiBuiltInKeywords.back(WebUiBuiltInKeywords.groovy:104)
	at Script1741840598899.run(Script1741840598899.groovy:60)
	... 18 more
)
[[ATTACHMENT|E:\\Software Automation Testing\\Amazon\\Reports\\20250321_074341\\TS_Amazon_03\\20250321_074341\\1742527908262.png]]

21-03-2025T09:01:48 - [TEST_STEP][FAILED] - mouseOver(findTestObject("Amazon_ValidatePaymentOptions_OR/Page_Online Shopping site in India Shop Online for Mobiles, Books, Watches, Shoes and More - Amazon.in/span_Account  Lists")): Unable to move mouse over object 'Object Repository/Amazon_ValidatePaymentOptions_OR/Page_Online Shopping site in India Shop Online for Mobiles, Books, Watches, Shoes and More - Amazon.in/span_Account  Lists' (Root cause: com.kms.katalon.core.exception.StepFailedException: Unable to move mouse over object 'Object Repository/Amazon_ValidatePaymentOptions_OR/Page_Online Shopping site in India Shop Online for Mobiles, Books, Watches, Shoes and More - Amazon.in/span_Account  Lists'
	at com.kms.katalon.core.webui.keyword.internal.WebUIKeywordMain.stepFailed(WebUIKeywordMain.groovy:117)
	at com.kms.katalon.core.webui.keyword.internal.WebUIKeywordMain.runKeyword(WebUIKeywordMain.groovy:43)
	at com.kms.katalon.core.webui.keyword.builtin.MouseOverKeyword.mouseOver(MouseOverKeyword.groovy:66)
	at com.kms.katalon.core.webui.keyword.builtin.MouseOverKeyword.execute(MouseOverKeyword.groovy:40)
	at com.kms.katalon.core.keyword.internal.KeywordExecutor.executeKeywordForPlatform(KeywordExecutor.groovy:74)
	at com.kms.katalon.core.webui.keyword.WebUiBuiltInKeywords.mouseOver(WebUiBuiltInKeywords.groovy:882)
	at TC_Amazon_ValidatePaymentOptions_012.run(TC_Amazon_ValidatePaymentOptions_012:62)
	at com.kms.katalon.core.main.ScriptEngine.run(ScriptEngine.java:194)
	at com.kms.katalon.core.main.ScriptEngine.runScriptAsRawText(ScriptEngine.java:119)
	at com.kms.katalon.core.main.TestCaseExecutor.runScript(TestCaseExecutor.java:448)
	at com.kms.katalon.core.main.TestCaseExecutor.doExecute(TestCaseExecutor.java:439)
	at com.kms.katalon.core.main.TestCaseExecutor.processExecutionPhase(TestCaseExecutor.java:418)
	at com.kms.katalon.core.main.TestCaseExecutor.accessMainPhase(TestCaseExecutor.java:410)
	at com.kms.katalon.core.main.TestCaseExecutor.execute(TestCaseExecutor.java:285)
	at com.kms.katalon.core.main.TestCaseExecutor.execute(TestCaseExecutor.java:369)
	at com.kms.katalon.core.main.TestCaseExecutor.execute(TestCaseExecutor.java:369)
	at com.kms.katalon.core.main.TestCaseExecutor.execute(TestCaseExecutor.java:369)
	at com.kms.katalon.core.common.CommonExecutor.accessTestCaseMainPhase(CommonExecutor.java:71)
	at com.kms.katalon.core.main.TestSuiteExecutor.accessTestSuiteMainPhase(TestSuiteExecutor.java:160)
	at com.kms.katalon.core.main.TestSuiteExecutor.execute(TestSuiteExecutor.java:107)
	at com.kms.katalon.core.main.TestCaseMain.startTestSuite(TestCaseMain.java:180)
	at TempTestSuite1742523221089.run(TempTestSuite1742523221089.groovy:35)
	at java.base/jdk.internal.reflect.NativeMethodAccessorImpl.invoke0(Native Method)
	at java.base/jdk.internal.reflect.NativeMethodAccessorImpl.invoke(NativeMethodAccessorImpl.java:77)
	at java.base/jdk.internal.reflect.DelegatingMethodAccessorImpl.invoke(DelegatingMethodAccessorImpl.java:43)
Caused by: com.kms.katalon.core.webui.exception.WebElementNotFoundException: Web element with id: 'Object Repository/Amazon_ValidatePaymentOptions_OR/Page_Online Shopping site in India Shop Online for Mobiles, Books, Watches, Shoes and More - Amazon.in/span_Account  Lists' located by '//a[@id='nav-link-accountList']/span' not found
	at com.kms.katalon.core.webui.common.WebUiCommonHelper.findWebElement(WebUiCommonHelper.java:1457)
	at com.kms.katalon.core.webui.keyword.internal.WebUIAbstractKeyword.findWebElement(WebUIAbstractKeyword.groovy:27)
	at com.kms.katalon.core.webui.keyword.internal.WebUIAbstractKeyword.findWebElement(WebUIAbstractKeyword.groovy:26)
	at com.kms.katalon.core.webui.keyword.builtin.MouseOverKeyword$_mouseOver_closure1.doCall(MouseOverKeyword.groovy:54)
	at com.kms.katalon.core.webui.keyword.builtin.MouseOverKeyword$_mouseOver_closure1.call(MouseOverKeyword.groovy)
	at com.kms.katalon.core.webui.keyword.internal.WebUIKeywordMain.runKeyword(WebUIKeywordMain.groovy:35)
	at com.kms.katalon.core.webui.keyword.builtin.MouseOverKeyword.mouseOver(MouseOverKeyword.groovy:66)
	at com.kms.katalon.core.webui.keyword.builtin.MouseOverKeyword.execute(MouseOverKeyword.groovy:40)
	at com.kms.katalon.core.keyword.internal.KeywordExecutor.executeKeywordForPlatform(KeywordExecutor.groovy:74)
	at com.kms.katalon.core.webui.keyword.WebUiBuiltInKeywords.mouseOver(WebUiBuiltInKeywords.groovy:882)
	at Script1741840598899.run(Script1741840598899.groovy:62)
	... 18 more
)

21-03-2025T09:02:19 - [MESSAGE][INFO] - Unable to find the element located by 'By.xpath: //a[@id='nav-link-accountList']/span'. Please recheck the objects properties to make sure the desired element is located. 

21-03-2025T09:02:19 - [MESSAGE][WARNING] - [SELF-HEALING] Failed to find element with id 'Object Repository/Amazon_ValidatePaymentOptions_OR/Page_Online Shopping site in India Shop Online for Mobiles, Books, Watches, Shoes and More - Amazon.in/span_Account  Lists'. Try using Self-healing.

21-03-2025T09:02:19 - [MESSAGE][INFO] - [SELF-HEALING] Failed Locator: '//a[@id='nav-link-accountList']/span'.

21-03-2025T09:02:19 - [MESSAGE][INFO] - [SELF-HEALING] Failed Locator: '(.//*[normalize-space(text()) and normalize-space(.)='Hello, sign in'])[1]/following::span[1]'.

21-03-2025T09:02:20 - [MESSAGE][INFO] - [SELF-HEALING] Failed Locator: '(.//*[normalize-space(text()) and normalize-space(.)='EN'])[1]/following::span[3]'.

21-03-2025T09:02:20 - [MESSAGE][INFO] - [SELF-HEALING] Failed Locator: '(.//*[normalize-space(text()) and normalize-space(.)='Returns'])[1]/preceding::span[2]'.

21-03-2025T09:02:20 - [MESSAGE][INFO] - [SELF-HEALING] Failed Locator: '(.//*[normalize-space(text()) and normalize-space(.)='& Orders'])[1]/preceding::span[3]'.

21-03-2025T09:02:20 - [MESSAGE][INFO] - [SELF-HEALING] Failed Locator: '//*/text()[normalize-space(.)='Account & Lists']/parent::*'.

21-03-2025T09:02:21 - [MESSAGE][INFO] - [SELF-HEALING] Failed Locator: '//a[2]/span'.

21-03-2025T09:02:21 - [MESSAGE][INFO] - [SELF-HEALING] Failed Locator: '//span[(text() = 'Account & Lists
  ' or . = 'Account & Lists
  ')]'.

21-03-2025T09:02:23 - [MESSAGE][INFO] - Unable to find the element located by 'By.xpath: //*[(text() = 'Account & Lists
  ' or . = 'Account & Lists
  ')]'. Please recheck the objects properties to make sure the desired element is located. 

21-03-2025T09:02:24 - [MESSAGE][INFO] - Unable to find the element located by 'By.cssSelector: #nav-link-accountList > span.nav-line-2'. Please recheck the objects properties to make sure the desired element is located. 

21-03-2025T09:02:24 - [MESSAGE][FAILED] - Unable to move mouse over object 'Object Repository/Amazon_ValidatePaymentOptions_OR/Page_Online Shopping site in India Shop Online for Mobiles, Books, Watches, Shoes and More - Amazon.in/span_Account  Lists' (Root cause: com.kms.katalon.core.exception.StepFailedException: Unable to move mouse over object 'Object Repository/Amazon_ValidatePaymentOptions_OR/Page_Online Shopping site in India Shop Online for Mobiles, Books, Watches, Shoes and More - Amazon.in/span_Account  Lists'
	at com.kms.katalon.core.webui.keyword.internal.WebUIKeywordMain.stepFailed(WebUIKeywordMain.groovy:117)
	at com.kms.katalon.core.webui.keyword.internal.WebUIKeywordMain.runKeyword(WebUIKeywordMain.groovy:43)
	at com.kms.katalon.core.webui.keyword.builtin.MouseOverKeyword.mouseOver(MouseOverKeyword.groovy:66)
	at com.kms.katalon.core.webui.keyword.builtin.MouseOverKeyword.execute(MouseOverKeyword.groovy:40)
	at com.kms.katalon.core.keyword.internal.KeywordExecutor.executeKeywordForPlatform(KeywordExecutor.groovy:74)
	at com.kms.katalon.core.webui.keyword.WebUiBuiltInKeywords.mouseOver(WebUiBuiltInKeywords.groovy:882)
	at TC_Amazon_ValidatePaymentOptions_012.run(TC_Amazon_ValidatePaymentOptions_012:62)
	at com.kms.katalon.core.main.ScriptEngine.run(ScriptEngine.java:194)
	at com.kms.katalon.core.main.ScriptEngine.runScriptAsRawText(ScriptEngine.java:119)
	at com.kms.katalon.core.main.TestCaseExecutor.runScript(TestCaseExecutor.java:448)
	at com.kms.katalon.core.main.TestCaseExecutor.doExecute(TestCaseExecutor.java:439)
	at com.kms.katalon.core.main.TestCaseExecutor.processExecutionPhase(TestCaseExecutor.java:418)
	at com.kms.katalon.core.main.TestCaseExecutor.accessMainPhase(TestCaseExecutor.java:410)
	at com.kms.katalon.core.main.TestCaseExecutor.execute(TestCaseExecutor.java:285)
	at com.kms.katalon.core.main.TestCaseExecutor.execute(TestCaseExecutor.java:369)
	at com.kms.katalon.core.main.TestCaseExecutor.execute(TestCaseExecutor.java:369)
	at com.kms.katalon.core.main.TestCaseExecutor.execute(TestCaseExecutor.java:369)
	at com.kms.katalon.core.common.CommonExecutor.accessTestCaseMainPhase(CommonExecutor.java:71)
	at com.kms.katalon.core.main.TestSuiteExecutor.accessTestSuiteMainPhase(TestSuiteExecutor.java:160)
	at com.kms.katalon.core.main.TestSuiteExecutor.execute(TestSuiteExecutor.java:107)
	at com.kms.katalon.core.main.TestCaseMain.startTestSuite(TestCaseMain.java:180)
	at TempTestSuite1742523221089.run(TempTestSuite1742523221089.groovy:35)
	at java.base/jdk.internal.reflect.NativeMethodAccessorImpl.invoke0(Native Method)
	at java.base/jdk.internal.reflect.NativeMethodAccessorImpl.invoke(NativeMethodAccessorImpl.java:77)
	at java.base/jdk.internal.reflect.DelegatingMethodAccessorImpl.invoke(DelegatingMethodAccessorImpl.java:43)
Caused by: com.kms.katalon.core.webui.exception.WebElementNotFoundException: Web element with id: 'Object Repository/Amazon_ValidatePaymentOptions_OR/Page_Online Shopping site in India Shop Online for Mobiles, Books, Watches, Shoes and More - Amazon.in/span_Account  Lists' located by '//a[@id='nav-link-accountList']/span' not found
	at com.kms.katalon.core.webui.common.WebUiCommonHelper.findWebElement(WebUiCommonHelper.java:1457)
	at com.kms.katalon.core.webui.keyword.internal.WebUIAbstractKeyword.findWebElement(WebUIAbstractKeyword.groovy:27)
	at com.kms.katalon.core.webui.keyword.internal.WebUIAbstractKeyword.findWebElement(WebUIAbstractKeyword.groovy:26)
	at com.kms.katalon.core.webui.keyword.builtin.MouseOverKeyword$_mouseOver_closure1.doCall(MouseOverKeyword.groovy:54)
	at com.kms.katalon.core.webui.keyword.builtin.MouseOverKeyword$_mouseOver_closure1.call(MouseOverKeyword.groovy)
	at com.kms.katalon.core.webui.keyword.internal.WebUIKeywordMain.runKeyword(WebUIKeywordMain.groovy:35)
	at com.kms.katalon.core.webui.keyword.builtin.MouseOverKeyword.mouseOver(MouseOverKeyword.groovy:66)
	at com.kms.katalon.core.webui.keyword.builtin.MouseOverKeyword.execute(MouseOverKeyword.groovy:40)
	at com.kms.katalon.core.keyword.internal.KeywordExecutor.executeKeywordForPlatform(KeywordExecutor.groovy:74)
	at com.kms.katalon.core.webui.keyword.WebUiBuiltInKeywords.mouseOver(WebUiBuiltInKeywords.groovy:882)
	at Script1741840598899.run(Script1741840598899.groovy:62)
	... 18 more
)
[[ATTACHMENT|E:\\Software Automation Testing\\Amazon\\Reports\\20250321_074341\\TS_Amazon_03\\20250321_074341\\1742527944743.png]]

21-03-2025T09:02:24 - [TEST_STEP][FAILED] - click(findTestObject("Object Repository/Amazon_ValidatePaymentOptions_OR/Page_Amazon.in Shopping Cart/span_Sign Out")): Unable to click on object 'Object Repository/Amazon_ValidatePaymentOptions_OR/Page_Amazon.in Shopping Cart/span_Sign Out' (Root cause: com.kms.katalon.core.exception.StepFailedException: Unable to click on object 'Object Repository/Amazon_ValidatePaymentOptions_OR/Page_Amazon.in Shopping Cart/span_Sign Out'
	at com.kms.katalon.core.webui.keyword.internal.WebUIKeywordMain.stepFailed(WebUIKeywordMain.groovy:117)
	at com.kms.katalon.core.webui.keyword.internal.WebUIKeywordMain.runKeyword(WebUIKeywordMain.groovy:43)
	at com.kms.katalon.core.webui.keyword.builtin.ClickKeyword.click(ClickKeyword.groovy:75)
	at com.kms.katalon.core.webui.keyword.builtin.ClickKeyword.execute(ClickKeyword.groovy:40)
	at com.kms.katalon.core.keyword.internal.KeywordExecutor.executeKeywordForPlatform(KeywordExecutor.groovy:74)
	at com.kms.katalon.core.webui.keyword.WebUiBuiltInKeywords.click(WebUiBuiltInKeywords.groovy:696)
	at TC_Amazon_ValidatePaymentOptions_012.run(TC_Amazon_ValidatePaymentOptions_012:64)
	at com.kms.katalon.core.main.ScriptEngine.run(ScriptEngine.java:194)
	at com.kms.katalon.core.main.ScriptEngine.runScriptAsRawText(ScriptEngine.java:119)
	at com.kms.katalon.core.main.TestCaseExecutor.runScript(TestCaseExecutor.java:448)
	at com.kms.katalon.core.main.TestCaseExecutor.doExecute(TestCaseExecutor.java:439)
	at com.kms.katalon.core.main.TestCaseExecutor.processExecutionPhase(TestCaseExecutor.java:418)
	at com.kms.katalon.core.main.TestCaseExecutor.accessMainPhase(TestCaseExecutor.java:410)
	at com.kms.katalon.core.main.TestCaseExecutor.execute(TestCaseExecutor.java:285)
	at com.kms.katalon.core.main.TestCaseExecutor.execute(TestCaseExecutor.java:369)
	at com.kms.katalon.core.main.TestCaseExecutor.execute(TestCaseExecutor.java:369)
	at com.kms.katalon.core.main.TestCaseExecutor.execute(TestCaseExecutor.java:369)
	at com.kms.katalon.core.common.CommonExecutor.accessTestCaseMainPhase(CommonExecutor.java:71)
	at com.kms.katalon.core.main.TestSuiteExecutor.accessTestSuiteMainPhase(TestSuiteExecutor.java:160)
	at com.kms.katalon.core.main.TestSuiteExecutor.execute(TestSuiteExecutor.java:107)
	at com.kms.katalon.core.main.TestCaseMain.startTestSuite(TestCaseMain.java:180)
	at TempTestSuite1742523221089.run(TempTestSuite1742523221089.groovy:35)
	at java.base/jdk.internal.reflect.NativeMethodAccessorImpl.invoke0(Native Method)
	at java.base/jdk.internal.reflect.NativeMethodAccessorImpl.invoke(NativeMethodAccessorImpl.java:77)
	at java.base/jdk.internal.reflect.DelegatingMethodAccessorImpl.invoke(DelegatingMethodAccessorImpl.java:43)
Caused by: com.kms.katalon.core.webui.exception.WebElementNotFoundException: Web element with id: 'Object Repository/Amazon_ValidatePaymentOptions_OR/Page_Amazon.in Shopping Cart/span_Sign Out' located by '//a[@id='nav-item-signout']/span' not found
	at com.kms.katalon.core.webui.common.WebUiCommonHelper.findWebElement(WebUiCommonHelper.java:1457)
	at com.kms.katalon.core.webui.keyword.internal.WebUIAbstractKeyword.findWebElement(WebUIAbstractKeyword.groovy:27)
	at com.kms.katalon.core.webui.keyword.builtin.ClickKeyword$_click_closure1.doCall(ClickKeyword.groovy:66)
	at com.kms.katalon.core.webui.keyword.builtin.ClickKeyword$_click_closure1.call(ClickKeyword.groovy)
	at com.kms.katalon.core.webui.keyword.internal.WebUIKeywordMain.runKeyword(WebUIKeywordMain.groovy:35)
	at com.kms.katalon.core.webui.keyword.builtin.ClickKeyword.click(ClickKeyword.groovy:75)
	at com.kms.katalon.core.webui.keyword.builtin.ClickKeyword.execute(ClickKeyword.groovy:40)
	at com.kms.katalon.core.keyword.internal.KeywordExecutor.executeKeywordForPlatform(KeywordExecutor.groovy:74)
	at com.kms.katalon.core.webui.keyword.WebUiBuiltInKeywords.click(WebUiBuiltInKeywords.groovy:696)
	at Script1741840598899.run(Script1741840598899.groovy:64)
	... 18 more
)

21-03-2025T09:02:55 - [MESSAGE][INFO] - Unable to find the element located by 'By.xpath: //a[@id='nav-item-signout']/span'. Please recheck the objects properties to make sure the desired element is located. 

21-03-2025T09:02:55 - [MESSAGE][WARNING] - [SELF-HEALING] Failed to find element with id 'Object Repository/Amazon_ValidatePaymentOptions_OR/Page_Amazon.in Shopping Cart/span_Sign Out'. Try using Self-healing.

21-03-2025T09:02:56 - [MESSAGE][INFO] - [SELF-HEALING] Failed Locator: '//a[@id='nav-item-signout']/span'.

21-03-2025T09:02:56 - [MESSAGE][INFO] - [SELF-HEALING] Failed Locator: '(.//*[normalize-space(text()) and normalize-space(.)='Switch Accounts'])[1]/following::span[1]'.

21-03-2025T09:02:56 - [MESSAGE][INFO] - [SELF-HEALING] Failed Locator: '(.//*[normalize-space(text()) and normalize-space(.)='Your Account'])[1]/following::span[2]'.

21-03-2025T09:02:56 - [MESSAGE][INFO] - [SELF-HEALING] Failed Locator: '(.//*[normalize-space(text()) and normalize-space(.)='Your Account'])[2]/preceding::span[1]'.

21-03-2025T09:02:57 - [MESSAGE][INFO] - [SELF-HEALING] Failed Locator: '(.//*[normalize-space(text()) and normalize-space(.)='Your Orders'])[1]/preceding::span[2]'.

21-03-2025T09:02:57 - [MESSAGE][INFO] - [SELF-HEALING] Failed Locator: '//*/text()[normalize-space(.)='Sign Out']/parent::*'.

21-03-2025T09:02:57 - [MESSAGE][INFO] - [SELF-HEALING] Failed Locator: '//div[3]/ul/li[2]/a/span'.

21-03-2025T09:02:57 - [MESSAGE][INFO] - [SELF-HEALING] Failed Locator: '//span[(text() = 'Sign Out' or . = 'Sign Out')]'.

21-03-2025T09:03:00 - [MESSAGE][INFO] - Unable to find the element located by 'By.xpath: //*[(text() = 'Sign Out' or . = 'Sign Out')]'. Please recheck the objects properties to make sure the desired element is located. 

21-03-2025T09:03:01 - [MESSAGE][INFO] - Unable to find the element located by 'By.cssSelector: #nav-item-signout > span.nav-text'. Please recheck the objects properties to make sure the desired element is located. 

21-03-2025T09:03:01 - [MESSAGE][FAILED] - Unable to click on object 'Object Repository/Amazon_ValidatePaymentOptions_OR/Page_Amazon.in Shopping Cart/span_Sign Out' (Root cause: com.kms.katalon.core.exception.StepFailedException: Unable to click on object 'Object Repository/Amazon_ValidatePaymentOptions_OR/Page_Amazon.in Shopping Cart/span_Sign Out'
	at com.kms.katalon.core.webui.keyword.internal.WebUIKeywordMain.stepFailed(WebUIKeywordMain.groovy:117)
	at com.kms.katalon.core.webui.keyword.internal.WebUIKeywordMain.runKeyword(WebUIKeywordMain.groovy:43)
	at com.kms.katalon.core.webui.keyword.builtin.ClickKeyword.click(ClickKeyword.groovy:75)
	at com.kms.katalon.core.webui.keyword.builtin.ClickKeyword.execute(ClickKeyword.groovy:40)
	at com.kms.katalon.core.keyword.internal.KeywordExecutor.executeKeywordForPlatform(KeywordExecutor.groovy:74)
	at com.kms.katalon.core.webui.keyword.WebUiBuiltInKeywords.click(WebUiBuiltInKeywords.groovy:696)
	at TC_Amazon_ValidatePaymentOptions_012.run(TC_Amazon_ValidatePaymentOptions_012:64)
	at com.kms.katalon.core.main.ScriptEngine.run(ScriptEngine.java:194)
	at com.kms.katalon.core.main.ScriptEngine.runScriptAsRawText(ScriptEngine.java:119)
	at com.kms.katalon.core.main.TestCaseExecutor.runScript(TestCaseExecutor.java:448)
	at com.kms.katalon.core.main.TestCaseExecutor.doExecute(TestCaseExecutor.java:439)
	at com.kms.katalon.core.main.TestCaseExecutor.processExecutionPhase(TestCaseExecutor.java:418)
	at com.kms.katalon.core.main.TestCaseExecutor.accessMainPhase(TestCaseExecutor.java:410)
	at com.kms.katalon.core.main.TestCaseExecutor.execute(TestCaseExecutor.java:285)
	at com.kms.katalon.core.main.TestCaseExecutor.execute(TestCaseExecutor.java:369)
	at com.kms.katalon.core.main.TestCaseExecutor.execute(TestCaseExecutor.java:369)
	at com.kms.katalon.core.main.TestCaseExecutor.execute(TestCaseExecutor.java:369)
	at com.kms.katalon.core.common.CommonExecutor.accessTestCaseMainPhase(CommonExecutor.java:71)
	at com.kms.katalon.core.main.TestSuiteExecutor.accessTestSuiteMainPhase(TestSuiteExecutor.java:160)
	at com.kms.katalon.core.main.TestSuiteExecutor.execute(TestSuiteExecutor.java:107)
	at com.kms.katalon.core.main.TestCaseMain.startTestSuite(TestCaseMain.java:180)
	at TempTestSuite1742523221089.run(TempTestSuite1742523221089.groovy:35)
	at java.base/jdk.internal.reflect.NativeMethodAccessorImpl.invoke0(Native Method)
	at java.base/jdk.internal.reflect.NativeMethodAccessorImpl.invoke(NativeMethodAccessorImpl.java:77)
	at java.base/jdk.internal.reflect.DelegatingMethodAccessorImpl.invoke(DelegatingMethodAccessorImpl.java:43)
Caused by: com.kms.katalon.core.webui.exception.WebElementNotFoundException: Web element with id: 'Object Repository/Amazon_ValidatePaymentOptions_OR/Page_Amazon.in Shopping Cart/span_Sign Out' located by '//a[@id='nav-item-signout']/span' not found
	at com.kms.katalon.core.webui.common.WebUiCommonHelper.findWebElement(WebUiCommonHelper.java:1457)
	at com.kms.katalon.core.webui.keyword.internal.WebUIAbstractKeyword.findWebElement(WebUIAbstractKeyword.groovy:27)
	at com.kms.katalon.core.webui.keyword.builtin.ClickKeyword$_click_closure1.doCall(ClickKeyword.groovy:66)
	at com.kms.katalon.core.webui.keyword.builtin.ClickKeyword$_click_closure1.call(ClickKeyword.groovy)
	at com.kms.katalon.core.webui.keyword.internal.WebUIKeywordMain.runKeyword(WebUIKeywordMain.groovy:35)
	at com.kms.katalon.core.webui.keyword.builtin.ClickKeyword.click(ClickKeyword.groovy:75)
	at com.kms.katalon.core.webui.keyword.builtin.ClickKeyword.execute(ClickKeyword.groovy:40)
	at com.kms.katalon.core.keyword.internal.KeywordExecutor.executeKeywordForPlatform(KeywordExecutor.groovy:74)
	at com.kms.katalon.core.webui.keyword.WebUiBuiltInKeywords.click(WebUiBuiltInKeywords.groovy:696)
	at Script1741840598899.run(Script1741840598899.groovy:64)
	... 18 more
)
[[ATTACHMENT|E:\\Software Automation Testing\\Amazon\\Reports\\20250321_074341\\TS_Amazon_03\\20250321_074341\\1742527981297.png]]]]></system-out>
         <system-err><![CDATA[21-03-2025T08:55:45 - [TEST_CASE][FAILED] - Test Cases/TC_Amazon_ValidatePaymentOptions_012: Test Cases/TC_Amazon_ValidatePaymentOptions_012 FAILED.
Reason:
com.kms.katalon.core.exception.StepFailedException: Unable to click on object 'Object Repository/Amazon_ValidatePaymentOptions_OR/Page_Place Your Order - Amazon Checkout/input_We have deselected Amazon Pay balance_5983ef' (Root cause: com.kms.katalon.core.exception.StepFailedException: Unable to click on object 'Object Repository/Amazon_ValidatePaymentOptions_OR/Page_Place Your Order - Amazon Checkout/input_We have deselected Amazon Pay balance_5983ef'
	at com.kms.katalon.core.webui.keyword.internal.WebUIKeywordMain.stepFailed(WebUIKeywordMain.groovy:117)
	at com.kms.katalon.core.webui.keyword.internal.WebUIKeywordMain.runKeyword(WebUIKeywordMain.groovy:43)
	at com.kms.katalon.core.webui.keyword.builtin.ClickKeyword.click(ClickKeyword.groovy:75)
	at com.kms.katalon.core.webui.keyword.builtin.ClickKeyword.execute(ClickKeyword.groovy:40)
	at com.kms.katalon.core.keyword.internal.KeywordExecutor.executeKeywordForPlatform(KeywordExecutor.groovy:74)
	at com.kms.katalon.core.webui.keyword.WebUiBuiltInKeywords.click(WebUiBuiltInKeywords.groovy:696)
	at TC_Amazon_ValidatePaymentOptions_012.run(TC_Amazon_ValidatePaymentOptions_012:52)
	at com.kms.katalon.core.main.ScriptEngine.run(ScriptEngine.java:194)
	at com.kms.katalon.core.main.ScriptEngine.runScriptAsRawText(ScriptEngine.java:119)
	at com.kms.katalon.core.main.TestCaseExecutor.runScript(TestCaseExecutor.java:448)
	at com.kms.katalon.core.main.TestCaseExecutor.doExecute(TestCaseExecutor.java:439)
	at com.kms.katalon.core.main.TestCaseExecutor.processExecutionPhase(TestCaseExecutor.java:418)
	at com.kms.katalon.core.main.TestCaseExecutor.accessMainPhase(TestCaseExecutor.java:410)
	at com.kms.katalon.core.main.TestCaseExecutor.execute(TestCaseExecutor.java:285)
	at com.kms.katalon.core.main.TestCaseExecutor.execute(TestCaseExecutor.java:369)
	at com.kms.katalon.core.main.TestCaseExecutor.execute(TestCaseExecutor.java:369)
	at com.kms.katalon.core.main.TestCaseExecutor.execute(TestCaseExecutor.java:369)
	at com.kms.katalon.core.common.CommonExecutor.accessTestCaseMainPhase(CommonExecutor.java:71)
	at com.kms.katalon.core.main.TestSuiteExecutor.accessTestSuiteMainPhase(TestSuiteExecutor.java:160)
	at com.kms.katalon.core.main.TestSuiteExecutor.execute(TestSuiteExecutor.java:107)
	at com.kms.katalon.core.main.TestCaseMain.startTestSuite(TestCaseMain.java:180)
	at TempTestSuite1742523221089.run(TempTestSuite1742523221089.groovy:35)
	at java.base/jdk.internal.reflect.NativeMethodAccessorImpl.invoke0(Native Method)
	at java.base/jdk.internal.reflect.NativeMethodAccessorImpl.invoke(NativeMethodAccessorImpl.java:77)
	at java.base/jdk.internal.reflect.DelegatingMethodAccessorImpl.invoke(DelegatingMethodAccessorImpl.java:43)
Caused by: org.openqa.selenium.ElementClickInterceptedException: Element <input class="a-button-input" type="submit"> is not clickable at point (128,634) because another element <span id="checkout-primary-continue-button-id-announce" class="a-button-text"> obscures it
Build info: version: '4.22.0', revision: 'c5f3146703'
System info: os.name: 'Windows 11', os.arch: 'amd64', os.version: '10.0', java.version: '17.0.13'
Driver info: com.kms.katalon.selenium.driver.CFirefoxDriver
Command: [fbc1d7b5-6595-47a8-bbdf-eb1f02739d84, clickElement {id=676de19f-8928-481e-9cb1-473e985af2f9}]
Capabilities {acceptInsecureCerts: true, browserName: firefox, browserVersion: 136.0.2, moz:accessibilityChecks: false, moz:buildID: 20250317120031, moz:debuggerAddress: 127.0.0.1:14330, moz:geckodriverVersion: 0.36.0, moz:headless: false, moz:platformVersion: 10.0, moz:processID: 2036, moz:profile: C:\Users\Asus\AppData\Local..., moz:shutdownTimeout: 60000, moz:webdriverClick: true, moz:windowless: false, pageLoadStrategy: normal, platformName: windows, proxy: Proxy(), se:cdp: ws://127.0.0.1:14330/devtoo..., se:cdpVersion: 85.0, setWindowRect: true, strictFileInteractability: false, timeouts: {implicit: 0, pageLoad: 300000, script: 30000}, unhandledPromptBehavior: ignore, userAgent: Mozilla/5.0 (Windows NT 10...., webSocketUrl: ws://127.0.0.1:14330/sessio...}
Element: [[CFirefoxDriver: firefox on windows (fbc1d7b5-6595-47a8-bbdf-eb1f02739d84)] -> xpath: (//input[@type='submit'])[4]]
Session ID: fbc1d7b5-6595-47a8-bbdf-eb1f02739d84
	at jdk.internal.reflect.GeneratedConstructorAccessor23.newInstance(Unknown Source)
	at java.base/jdk.internal.reflect.DelegatingConstructorAccessorImpl.newInstance(DelegatingConstructorAccessorImpl.java:45)
	at org.openqa.selenium.remote.ErrorCodec.decode(ErrorCodec.java:167)
	at org.openqa.selenium.remote.codec.w3c.W3CHttpResponseCodec.decode(W3CHttpResponseCodec.java:138)
	at org.openqa.selenium.remote.codec.w3c.W3CHttpResponseCodec.decode(W3CHttpResponseCodec.java:50)
	at org.openqa.selenium.remote.HttpCommandExecutor.execute(HttpCommandExecutor.java:190)
	at org.openqa.selenium.remote.service.DriverCommandExecutor.invokeExecute(DriverCommandExecutor.java:216)
	at org.openqa.selenium.remote.service.DriverCommandExecutor.execute(DriverCommandExecutor.java:174)
	at org.openqa.selenium.remote.RemoteWebDriver.execute(RemoteWebDriver.java:518)
	at org.openqa.selenium.remote.RemoteWebElement.execute(RemoteWebElement.java:223)
	at org.openqa.selenium.remote.RemoteWebElement.click(RemoteWebElement.java:76)
	at jdk.internal.reflect.GeneratedMethodAccessor30.invoke(Unknown Source)
	at java.base/jdk.internal.reflect.DelegatingMethodAccessorImpl.invoke(DelegatingMethodAccessorImpl.java:43)
	at org.openqa.selenium.support.decorators.WebDriverDecorator.call(WebDriverDecorator.java:249)
	at org.openqa.selenium.support.decorators.DefaultDecorated.call(DefaultDecorated.java:48)
	at org.openqa.selenium.support.decorators.WebDriverDecorator.lambda$createProxy$2(WebDriverDecorator.java:321)
	at net.bytebuddy.renamed.java.lang.Object$ByteBuddy$1a6x2l6t.click(Unknown Source)
	at org.openqa.selenium.WebElement$click.call(Unknown Source)
	at com.kms.katalon.core.webui.keyword.builtin.ClickKeyword.clickUntilSuccessWithTimeout(ClickKeyword.groovy:82)
	at com.kms.katalon.core.webui.keyword.builtin.ClickKeyword.clickUntilSuccessWithTimeout(ClickKeyword.groovy)
	at jdk.internal.reflect.GeneratedMethodAccessor34.invoke(Unknown Source)
	at java.base/jdk.internal.reflect.DelegatingMethodAccessorImpl.invoke(DelegatingMethodAccessorImpl.java:43)
	at com.kms.katalon.core.webui.keyword.builtin.ClickKeyword$_click_closure1.doCall(ClickKeyword.groovy:68)
	at com.kms.katalon.core.webui.keyword.builtin.ClickKeyword$_click_closure1.call(ClickKeyword.groovy)
	at com.kms.katalon.core.webui.keyword.internal.WebUIKeywordMain.runKeyword(WebUIKeywordMain.groovy:35)
	at com.kms.katalon.core.webui.keyword.builtin.ClickKeyword.click(ClickKeyword.groovy:75)
	at com.kms.katalon.core.webui.keyword.builtin.ClickKeyword.execute(ClickKeyword.groovy:40)
	at com.kms.katalon.core.keyword.internal.KeywordExecutor.executeKeywordForPlatform(KeywordExecutor.groovy:74)
	at com.kms.katalon.core.webui.keyword.WebUiBuiltInKeywords.click(WebUiBuiltInKeywords.groovy:696)
	at Script1741840598899.run(Script1741840598899.groovy:52)
	... 18 more
)
	at com.kms.katalon.core.keyword.internal.KeywordMain.stepFailed(KeywordMain.groovy:39)
	at com.kms.katalon.core.webui.keyword.internal.WebUIKeywordMain.stepFailed(WebUIKeywordMain.groovy:117)
	at com.kms.katalon.core.webui.keyword.internal.WebUIKeywordMain.runKeyword(WebUIKeywordMain.groovy:43)
	at com.kms.katalon.core.webui.keyword.builtin.ClickKeyword.click(ClickKeyword.groovy:75)
	at com.kms.katalon.core.webui.keyword.builtin.ClickKeyword.execute(ClickKeyword.groovy:40)
	at com.kms.katalon.core.keyword.internal.KeywordExecutor.executeKeywordForPlatform(KeywordExecutor.groovy:74)
	at com.kms.katalon.core.webui.keyword.WebUiBuiltInKeywords.click(WebUiBuiltInKeywords.groovy:696)
	at TC_Amazon_ValidatePaymentOptions_012.run(TC_Amazon_ValidatePaymentOptions_012:52)
	at com.kms.katalon.core.main.ScriptEngine.run(ScriptEngine.java:194)
	at com.kms.katalon.core.main.ScriptEngine.runScriptAsRawText(ScriptEngine.java:119)
	at com.kms.katalon.core.main.TestCaseExecutor.runScript(TestCaseExecutor.java:448)
	at com.kms.katalon.core.main.TestCaseExecutor.doExecute(TestCaseExecutor.java:439)
	at com.kms.katalon.core.main.TestCaseExecutor.processExecutionPhase(TestCaseExecutor.java:418)
	at com.kms.katalon.core.main.TestCaseExecutor.accessMainPhase(TestCaseExecutor.java:410)
	at com.kms.katalon.core.main.TestCaseExecutor.execute(TestCaseExecutor.java:285)
	at com.kms.katalon.core.main.TestCaseExecutor.execute(TestCaseExecutor.java:369)
	at com.kms.katalon.core.main.TestCaseExecutor.execute(TestCaseExecutor.java:369)
	at com.kms.katalon.core.main.TestCaseExecutor.execute(TestCaseExecutor.java:369)
	at com.kms.katalon.core.common.CommonExecutor.accessTestCaseMainPhase(CommonExecutor.java:71)
	at com.kms.katalon.core.main.TestSuiteExecutor.accessTestSuiteMainPhase(TestSuiteExecutor.java:160)
	at com.kms.katalon.core.main.TestSuiteExecutor.execute(TestSuiteExecutor.java:107)
	at com.kms.katalon.core.main.TestCaseMain.startTestSuite(TestCaseMain.java:180)
	at TempTestSuite1742523221089.run(TempTestSuite1742523221089.groovy:35)
	at java.base/jdk.internal.reflect.NativeMethodAccessorImpl.invoke0(Native Method)
	at java.base/jdk.internal.reflect.NativeMethodAccessorImpl.invoke(NativeMethodAccessorImpl.java:77)
	at java.base/jdk.internal.reflect.DelegatingMethodAccessorImpl.invoke(DelegatingMethodAccessorImpl.java:43)
Caused by: com.kms.katalon.core.exception.StepFailedException: Unable to click on object 'Object Repository/Amazon_ValidatePaymentOptions_OR/Page_Place Your Order - Amazon Checkout/input_We have deselected Amazon Pay balance_5983ef'
	... 25 more
Caused by: org.openqa.selenium.ElementClickInterceptedException: Element <input class="a-button-input" type="submit"> is not clickable at point (128,634) because another element <span id="checkout-primary-continue-button-id-announce" class="a-button-text"> obscures it
Build info: version: '4.22.0', revision: 'c5f3146703'
System info: os.name: 'Windows 11', os.arch: 'amd64', os.version: '10.0', java.version: '17.0.13'
Driver info: com.kms.katalon.selenium.driver.CFirefoxDriver
Command: [fbc1d7b5-6595-47a8-bbdf-eb1f02739d84, clickElement {id=676de19f-8928-481e-9cb1-473e985af2f9}]
Capabilities {acceptInsecureCerts: true, browserName: firefox, browserVersion: 136.0.2, moz:accessibilityChecks: false, moz:buildID: 20250317120031, moz:debuggerAddress: 127.0.0.1:14330, moz:geckodriverVersion: 0.36.0, moz:headless: false, moz:platformVersion: 10.0, moz:processID: 2036, moz:profile: C:\Users\Asus\AppData\Local..., moz:shutdownTimeout: 60000, moz:webdriverClick: true, moz:windowless: false, pageLoadStrategy: normal, platformName: windows, proxy: Proxy(), se:cdp: ws://127.0.0.1:14330/devtoo..., se:cdpVersion: 85.0, setWindowRect: true, strictFileInteractability: false, timeouts: {implicit: 0, pageLoad: 300000, script: 30000}, unhandledPromptBehavior: ignore, userAgent: Mozilla/5.0 (Windows NT 10...., webSocketUrl: ws://127.0.0.1:14330/sessio...}
Element: [[CFirefoxDriver: firefox on windows (fbc1d7b5-6595-47a8-bbdf-eb1f02739d84)] -> xpath: (//input[@type='submit'])[4]]
Session ID: fbc1d7b5-6595-47a8-bbdf-eb1f02739d84
	at jdk.internal.reflect.GeneratedConstructorAccessor23.newInstance(Unknown Source)
	at java.base/jdk.internal.reflect.DelegatingConstructorAccessorImpl.newInstance(DelegatingConstructorAccessorImpl.java:45)
	at org.openqa.selenium.remote.ErrorCodec.decode(ErrorCodec.java:167)
	at org.openqa.selenium.remote.codec.w3c.W3CHttpResponseCodec.decode(W3CHttpResponseCodec.java:138)
	at org.openqa.selenium.remote.codec.w3c.W3CHttpResponseCodec.decode(W3CHttpResponseCodec.java:50)
	at org.openqa.selenium.remote.HttpCommandExecutor.execute(HttpCommandExecutor.java:190)
	at org.openqa.selenium.remote.service.DriverCommandExecutor.invokeExecute(DriverCommandExecutor.java:216)
	at org.openqa.selenium.remote.service.DriverCommandExecutor.execute(DriverCommandExecutor.java:174)
	at org.openqa.selenium.remote.RemoteWebDriver.execute(RemoteWebDriver.java:518)
	at org.openqa.selenium.remote.RemoteWebElement.execute(RemoteWebElement.java:223)
	at org.openqa.selenium.remote.RemoteWebElement.click(RemoteWebElement.java:76)
	at jdk.internal.reflect.GeneratedMethodAccessor30.invoke(Unknown Source)
	at java.base/jdk.internal.reflect.DelegatingMethodAccessorImpl.invoke(DelegatingMethodAccessorImpl.java:43)
	at org.openqa.selenium.support.decorators.WebDriverDecorator.call(WebDriverDecorator.java:249)
	at org.openqa.selenium.support.decorators.DefaultDecorated.call(DefaultDecorated.java:48)
	at org.openqa.selenium.support.decorators.WebDriverDecorator.lambda$createProxy$2(WebDriverDecorator.java:321)
	at net.bytebuddy.renamed.java.lang.Object$ByteBuddy$1a6x2l6t.click(Unknown Source)
	at org.openqa.selenium.WebElement$click.call(Unknown Source)
	at com.kms.katalon.core.webui.keyword.builtin.ClickKeyword.clickUntilSuccessWithTimeout(ClickKeyword.groovy:82)
	at com.kms.katalon.core.webui.keyword.builtin.ClickKeyword.clickUntilSuccessWithTimeout(ClickKeyword.groovy)
	at jdk.internal.reflect.GeneratedMethodAccessor34.invoke(Unknown Source)
	at java.base/jdk.internal.reflect.DelegatingMethodAccessorImpl.invoke(DelegatingMethodAccessorImpl.java:43)
	at com.kms.katalon.core.webui.keyword.builtin.ClickKeyword$_click_closure1.doCall(ClickKeyword.groovy:68)
	at com.kms.katalon.core.webui.keyword.builtin.ClickKeyword$_click_closure1.call(ClickKeyword.groovy)
	at com.kms.katalon.core.webui.keyword.internal.WebUIKeywordMain.runKeyword(WebUIKeywordMain.groovy:35)
	... 23 more]]></system-err>
      </testcase>
      <system-out><![CDATA[21-03-2025T07:43:47 - [TEST_SUITE][FAILED] - TS_Amazon_03: Test Cases/TC_Amazon_ValidatePlacingAOrder_009 FAILED.
Reason:
com.kms.katalon.core.exception.StepFailedException: Unable to select option by value 'search-alias=stripbooks' of object 'Object Repository/Amazon_ValidatingPlacingAOrder_OR/Page_Online Shopping site in India Shop Onl_10c5f3/select_All Categories        Alexa Skills  _59be89'  using regular expression (Root cause: com.kms.katalon.core.exception.StepFailedException: Unable to select option by value 'search-alias=stripbooks' of object 'Object Repository/Amazon_ValidatingPlacingAOrder_OR/Page_Online Shopping site in India Shop Onl_10c5f3/select_All Categories        Alexa Skills  _59be89'  using regular expression
	at com.kms.katalon.core.webui.keyword.internal.WebUIKeywordMain.stepFailed(WebUIKeywordMain.groovy:117)
	at com.kms.katalon.core.webui.keyword.internal.WebUIKeywordMain.runKeyword(WebUIKeywordMain.groovy:43)
	at com.kms.katalon.core.webui.keyword.builtin.SelectOptionByValueKeyword.selectOptionByValue(SelectOptionByValueKeyword.groovy:69)
	at com.kms.katalon.core.webui.keyword.builtin.SelectOptionByValueKeyword.execute(SelectOptionByValueKeyword.groovy:42)
	at com.kms.katalon.core.keyword.internal.KeywordExecutor.executeKeywordForPlatform(KeywordExecutor.groovy:74)
	at com.kms.katalon.core.webui.keyword.WebUiBuiltInKeywords.selectOptionByValue(WebUiBuiltInKeywords.groovy:1244)
	at TC_Amazon_ValidatePlacingAOrder_009.run(TC_Amazon_ValidatePlacingAOrder_009:38)
	at com.kms.katalon.core.main.ScriptEngine.run(ScriptEngine.java:194)
	at com.kms.katalon.core.main.ScriptEngine.runScriptAsRawText(ScriptEngine.java:119)
	at com.kms.katalon.core.main.TestCaseExecutor.runScript(TestCaseExecutor.java:448)
	at com.kms.katalon.core.main.TestCaseExecutor.doExecute(TestCaseExecutor.java:439)
	at com.kms.katalon.core.main.TestCaseExecutor.processExecutionPhase(TestCaseExecutor.java:418)
	at com.kms.katalon.core.main.TestCaseExecutor.accessMainPhase(TestCaseExecutor.java:410)
	at com.kms.katalon.core.main.TestCaseExecutor.execute(TestCaseExecutor.java:285)
	at com.kms.katalon.core.common.CommonExecutor.accessTestCaseMainPhase(CommonExecutor.java:71)
	at com.kms.katalon.core.main.TestSuiteExecutor.accessTestSuiteMainPhase(TestSuiteExecutor.java:160)
	at com.kms.katalon.core.main.TestSuiteExecutor.execute(TestSuiteExecutor.java:107)
	at com.kms.katalon.core.main.TestCaseMain.startTestSuite(TestCaseMain.java:180)
	at TempTestSuite1742523221089.run(TempTestSuite1742523221089.groovy:35)
	at java.base/jdk.internal.reflect.NativeMethodAccessorImpl.invoke0(Native Method)
	at java.base/jdk.internal.reflect.NativeMethodAccessorImpl.invoke(NativeMethodAccessorImpl.java:77)
	at java.base/jdk.internal.reflect.DelegatingMethodAccessorImpl.invoke(DelegatingMethodAccessorImpl.java:43)
Caused by: org.openqa.selenium.ElementNotInteractableException: Element <option> could not be scrolled into view
Build info: version: '4.22.0', revision: 'c5f3146703'
System info: os.name: 'Windows 11', os.arch: 'amd64', os.version: '10.0', java.version: '17.0.13'
Driver info: com.kms.katalon.selenium.driver.CFirefoxDriver
Command: [145479f1-3741-4f1c-a985-7aecadd6d143, clickElement {id=73594a0e-7bdf-49be-acff-4f1de6684ec6}]
Capabilities {acceptInsecureCerts: true, browserName: firefox, browserVersion: 136.0.2, moz:accessibilityChecks: false, moz:buildID: 20250317120031, moz:debuggerAddress: 127.0.0.1:27248, moz:geckodriverVersion: 0.36.0, moz:headless: false, moz:platformVersion: 10.0, moz:processID: 17180, moz:profile: C:\Users\Asus\AppData\Local..., moz:shutdownTimeout: 60000, moz:webdriverClick: true, moz:windowless: false, pageLoadStrategy: normal, platformName: windows, proxy: Proxy(), se:cdp: ws://127.0.0.1:27248/devtoo..., se:cdpVersion: 85.0, setWindowRect: true, strictFileInteractability: false, timeouts: {implicit: 0, pageLoad: 300000, script: 30000}, unhandledPromptBehavior: ignore, userAgent: Mozilla/5.0 (Windows NT 10...., webSocketUrl: ws://127.0.0.1:27248/sessio...}
Element: [[[[CFirefoxDriver: firefox on windows (145479f1-3741-4f1c-a985-7aecadd6d143)] -> xpath: //select[@id='searchDropdownBox']]] -> tag name: option]
Session ID: 145479f1-3741-4f1c-a985-7aecadd6d143
	at java.base/jdk.internal.reflect.NativeConstructorAccessorImpl.newInstance0(Native Method)
	at java.base/jdk.internal.reflect.NativeConstructorAccessorImpl.newInstance(NativeConstructorAccessorImpl.java:77)
	at java.base/jdk.internal.reflect.DelegatingConstructorAccessorImpl.newInstance(DelegatingConstructorAccessorImpl.java:45)
	at org.openqa.selenium.remote.ErrorCodec.decode(ErrorCodec.java:167)
	at org.openqa.selenium.remote.codec.w3c.W3CHttpResponseCodec.decode(W3CHttpResponseCodec.java:138)
	at org.openqa.selenium.remote.codec.w3c.W3CHttpResponseCodec.decode(W3CHttpResponseCodec.java:50)
	at org.openqa.selenium.remote.HttpCommandExecutor.execute(HttpCommandExecutor.java:190)
	at org.openqa.selenium.remote.service.DriverCommandExecutor.invokeExecute(DriverCommandExecutor.java:216)
	at org.openqa.selenium.remote.service.DriverCommandExecutor.execute(DriverCommandExecutor.java:174)
	at org.openqa.selenium.remote.RemoteWebDriver.execute(RemoteWebDriver.java:518)
	at org.openqa.selenium.remote.RemoteWebElement.execute(RemoteWebElement.java:223)
	at org.openqa.selenium.remote.RemoteWebElement.click(RemoteWebElement.java:76)
	at java.base/jdk.internal.reflect.NativeMethodAccessorImpl.invoke0(Native Method)
	at java.base/jdk.internal.reflect.NativeMethodAccessorImpl.invoke(NativeMethodAccessorImpl.java:77)
	at java.base/jdk.internal.reflect.DelegatingMethodAccessorImpl.invoke(DelegatingMethodAccessorImpl.java:43)
	at org.openqa.selenium.support.decorators.WebDriverDecorator.call(WebDriverDecorator.java:249)
	at org.openqa.selenium.support.decorators.DefaultDecorated.call(DefaultDecorated.java:48)
	at org.openqa.selenium.support.decorators.WebDriverDecorator.lambda$createProxy$2(WebDriverDecorator.java:321)
	at net.bytebuddy.renamed.java.lang.Object$ByteBuddy$ir71GRjW.click(Unknown Source)
	at org.openqa.selenium.support.ui.Select.setSelected(Select.java:315)
	at org.openqa.selenium.support.ui.Select.setSelectedByIndex(Select.java:299)
	at org.openqa.selenium.support.ui.Select.selectByIndex(Select.java:179)
	at com.kms.katalon.core.webui.common.WebUiCommonHelper.selectOrDeselectOptionsByValueByRegularExpression(WebUiCommonHelper.java:294)
	at com.kms.katalon.core.webui.common.WebUiCommonHelper.selectOrDeselectOptionsByValue(WebUiCommonHelper.java:273)
	at com.kms.katalon.core.webui.common.WebUiCommonHelper$selectOrDeselectOptionsByValue.call(Unknown Source)
	at com.kms.katalon.core.webui.keyword.builtin.SelectOptionByValueKeyword.selectOrDeselectOptionsByValue(SelectOptionByValueKeyword.groovy:80)
	at com.kms.katalon.core.webui.keyword.builtin.SelectOptionByValueKeyword.access$0(SelectOptionByValueKeyword.groovy)
	at com.kms.katalon.core.webui.keyword.builtin.SelectOptionByValueKeyword$_selectOptionByValue_closure1.doCall(SelectOptionByValueKeyword.groovy:58)
	at com.kms.katalon.core.webui.keyword.builtin.SelectOptionByValueKeyword$_selectOptionByValue_closure1.call(SelectOptionByValueKeyword.groovy)
	at com.kms.katalon.core.webui.keyword.internal.WebUIKeywordMain.runKeyword(WebUIKeywordMain.groovy:35)
	at com.kms.katalon.core.webui.keyword.builtin.SelectOptionByValueKeyword.selectOptionByValue(SelectOptionByValueKeyword.groovy:69)
	at com.kms.katalon.core.webui.keyword.builtin.SelectOptionByValueKeyword.execute(SelectOptionByValueKeyword.groovy:42)
	at com.kms.katalon.core.keyword.internal.KeywordExecutor.executeKeywordForPlatform(KeywordExecutor.groovy:74)
	at com.kms.katalon.core.webui.keyword.WebUiBuiltInKeywords.selectOptionByValue(WebUiBuiltInKeywords.groovy:1244)
	at Script1741840234352.run(Script1741840234352.groovy:38)
	... 15 more
)
	at com.kms.katalon.core.keyword.internal.KeywordMain.stepFailed(KeywordMain.groovy:39)
	at com.kms.katalon.core.webui.keyword.internal.WebUIKeywordMain.stepFailed(WebUIKeywordMain.groovy:117)
	at com.kms.katalon.core.webui.keyword.internal.WebUIKeywordMain.runKeyword(WebUIKeywordMain.groovy:43)
	at com.kms.katalon.core.webui.keyword.builtin.SelectOptionByValueKeyword.selectOptionByValue(SelectOptionByValueKeyword.groovy:69)
	at com.kms.katalon.core.webui.keyword.builtin.SelectOptionByValueKeyword.execute(SelectOptionByValueKeyword.groovy:42)
	at com.kms.katalon.core.keyword.internal.KeywordExecutor.executeKeywordForPlatform(KeywordExecutor.groovy:74)
	at com.kms.katalon.core.webui.keyword.WebUiBuiltInKeywords.selectOptionByValue(WebUiBuiltInKeywords.groovy:1244)
	at TC_Amazon_ValidatePlacingAOrder_009.run(TC_Amazon_ValidatePlacingAOrder_009:38)
	at com.kms.katalon.core.main.ScriptEngine.run(ScriptEngine.java:194)
	at com.kms.katalon.core.main.ScriptEngine.runScriptAsRawText(ScriptEngine.java:119)
	at com.kms.katalon.core.main.TestCaseExecutor.runScript(TestCaseExecutor.java:448)
	at com.kms.katalon.core.main.TestCaseExecutor.doExecute(TestCaseExecutor.java:439)
	at com.kms.katalon.core.main.TestCaseExecutor.processExecutionPhase(TestCaseExecutor.java:418)
	at com.kms.katalon.core.main.TestCaseExecutor.accessMainPhase(TestCaseExecutor.java:410)
	at com.kms.katalon.core.main.TestCaseExecutor.execute(TestCaseExecutor.java:285)
	at com.kms.katalon.core.common.CommonExecutor.accessTestCaseMainPhase(CommonExecutor.java:71)
	at com.kms.katalon.core.main.TestSuiteExecutor.accessTestSuiteMainPhase(TestSuiteExecutor.java:160)
	at com.kms.katalon.core.main.TestSuiteExecutor.execute(TestSuiteExecutor.java:107)
	at com.kms.katalon.core.main.TestCaseMain.startTestSuite(TestCaseMain.java:180)
	at TempTestSuite1742523221089.run(TempTestSuite1742523221089.groovy:35)
	at java.base/jdk.internal.reflect.NativeMethodAccessorImpl.invoke0(Native Method)
	at java.base/jdk.internal.reflect.NativeMethodAccessorImpl.invoke(NativeMethodAccessorImpl.java:77)
	at java.base/jdk.internal.reflect.DelegatingMethodAccessorImpl.invoke(DelegatingMethodAccessorImpl.java:43)
Caused by: com.kms.katalon.core.exception.StepFailedException: Unable to select option by value 'search-alias=stripbooks' of object 'Object Repository/Amazon_ValidatingPlacingAOrder_OR/Page_Online Shopping site in India Shop Onl_10c5f3/select_All Categories        Alexa Skills  _59be89'  using regular expression
	... 22 more
Caused by: org.openqa.selenium.ElementNotInteractableException: Element <option> could not be scrolled into view
Build info: version: '4.22.0', revision: 'c5f3146703'
System info: os.name: 'Windows 11', os.arch: 'amd64', os.version: '10.0', java.version: '17.0.13'
Driver info: com.kms.katalon.selenium.driver.CFirefoxDriver
Command: [145479f1-3741-4f1c-a985-7aecadd6d143, clickElement {id=73594a0e-7bdf-49be-acff-4f1de6684ec6}]
Capabilities {acceptInsecureCerts: true, browserName: firefox, browserVersion: 136.0.2, moz:accessibilityChecks: false, moz:buildID: 20250317120031, moz:debuggerAddress: 127.0.0.1:27248, moz:geckodriverVersion: 0.36.0, moz:headless: false, moz:platformVersion: 10.0, moz:processID: 17180, moz:profile: C:\Users\Asus\AppData\Local..., moz:shutdownTimeout: 60000, moz:webdriverClick: true, moz:windowless: false, pageLoadStrategy: normal, platformName: windows, proxy: Proxy(), se:cdp: ws://127.0.0.1:27248/devtoo..., se:cdpVersion: 85.0, setWindowRect: true, strictFileInteractability: false, timeouts: {implicit: 0, pageLoad: 300000, script: 30000}, unhandledPromptBehavior: ignore, userAgent: Mozilla/5.0 (Windows NT 10...., webSocketUrl: ws://127.0.0.1:27248/sessio...}
Element: [[[[CFirefoxDriver: firefox on windows (145479f1-3741-4f1c-a985-7aecadd6d143)] -> xpath: //select[@id='searchDropdownBox']]] -> tag name: option]
Session ID: 145479f1-3741-4f1c-a985-7aecadd6d143
	at java.base/jdk.internal.reflect.NativeConstructorAccessorImpl.newInstance0(Native Method)
	at java.base/jdk.internal.reflect.NativeConstructorAccessorImpl.newInstance(NativeConstructorAccessorImpl.java:77)
	at java.base/jdk.internal.reflect.DelegatingConstructorAccessorImpl.newInstance(DelegatingConstructorAccessorImpl.java:45)
	at org.openqa.selenium.remote.ErrorCodec.decode(ErrorCodec.java:167)
	at org.openqa.selenium.remote.codec.w3c.W3CHttpResponseCodec.decode(W3CHttpResponseCodec.java:138)
	at org.openqa.selenium.remote.codec.w3c.W3CHttpResponseCodec.decode(W3CHttpResponseCodec.java:50)
	at org.openqa.selenium.remote.HttpCommandExecutor.execute(HttpCommandExecutor.java:190)
	at org.openqa.selenium.remote.service.DriverCommandExecutor.invokeExecute(DriverCommandExecutor.java:216)
	at org.openqa.selenium.remote.service.DriverCommandExecutor.execute(DriverCommandExecutor.java:174)
	at org.openqa.selenium.remote.RemoteWebDriver.execute(RemoteWebDriver.java:518)
	at org.openqa.selenium.remote.RemoteWebElement.execute(RemoteWebElement.java:223)
	at org.openqa.selenium.remote.RemoteWebElement.click(RemoteWebElement.java:76)
	at java.base/jdk.internal.reflect.NativeMethodAccessorImpl.invoke0(Native Method)
	at java.base/jdk.internal.reflect.NativeMethodAccessorImpl.invoke(NativeMethodAccessorImpl.java:77)
	at java.base/jdk.internal.reflect.DelegatingMethodAccessorImpl.invoke(DelegatingMethodAccessorImpl.java:43)
	at org.openqa.selenium.support.decorators.WebDriverDecorator.call(WebDriverDecorator.java:249)
	at org.openqa.selenium.support.decorators.DefaultDecorated.call(DefaultDecorated.java:48)
	at org.openqa.selenium.support.decorators.WebDriverDecorator.lambda$createProxy$2(WebDriverDecorator.java:321)
	at net.bytebuddy.renamed.java.lang.Object$ByteBuddy$ir71GRjW.click(Unknown Source)
	at org.openqa.selenium.support.ui.Select.setSelected(Select.java:315)
	at org.openqa.selenium.support.ui.Select.setSelectedByIndex(Select.java:299)
	at org.openqa.selenium.support.ui.Select.selectByIndex(Select.java:179)
	at com.kms.katalon.core.webui.common.WebUiCommonHelper.selectOrDeselectOptionsByValueByRegularExpression(WebUiCommonHelper.java:294)
	at com.kms.katalon.core.webui.common.WebUiCommonHelper.selectOrDeselectOptionsByValue(WebUiCommonHelper.java:273)
	at com.kms.katalon.core.webui.common.WebUiCommonHelper$selectOrDeselectOptionsByValue.call(Unknown Source)
	at com.kms.katalon.core.webui.keyword.builtin.SelectOptionByValueKeyword.selectOrDeselectOptionsByValue(SelectOptionByValueKeyword.groovy:80)
	at com.kms.katalon.core.webui.keyword.builtin.SelectOptionByValueKeyword.access$0(SelectOptionByValueKeyword.groovy)
	at com.kms.katalon.core.webui.keyword.builtin.SelectOptionByValueKeyword$_selectOptionByValue_closure1.doCall(SelectOptionByValueKeyword.groovy:58)
	at com.kms.katalon.core.webui.keyword.builtin.SelectOptionByValueKeyword$_selectOptionByValue_closure1.call(SelectOptionByValueKeyword.groovy)
	at com.kms.katalon.core.webui.keyword.internal.WebUIKeywordMain.runKeyword(WebUIKeywordMain.groovy:35)
	... 20 more]]></system-out>
      <system-err><![CDATA[21-03-2025T07:43:47 - [TEST_SUITE][FAILED] - TS_Amazon_03: Test Cases/TC_Amazon_ValidatePlacingAOrder_009 FAILED.
Reason:
com.kms.katalon.core.exception.StepFailedException: Unable to select option by value 'search-alias=stripbooks' of object 'Object Repository/Amazon_ValidatingPlacingAOrder_OR/Page_Online Shopping site in India Shop Onl_10c5f3/select_All Categories        Alexa Skills  _59be89'  using regular expression (Root cause: com.kms.katalon.core.exception.StepFailedException: Unable to select option by value 'search-alias=stripbooks' of object 'Object Repository/Amazon_ValidatingPlacingAOrder_OR/Page_Online Shopping site in India Shop Onl_10c5f3/select_All Categories        Alexa Skills  _59be89'  using regular expression
	at com.kms.katalon.core.webui.keyword.internal.WebUIKeywordMain.stepFailed(WebUIKeywordMain.groovy:117)
	at com.kms.katalon.core.webui.keyword.internal.WebUIKeywordMain.runKeyword(WebUIKeywordMain.groovy:43)
	at com.kms.katalon.core.webui.keyword.builtin.SelectOptionByValueKeyword.selectOptionByValue(SelectOptionByValueKeyword.groovy:69)
	at com.kms.katalon.core.webui.keyword.builtin.SelectOptionByValueKeyword.execute(SelectOptionByValueKeyword.groovy:42)
	at com.kms.katalon.core.keyword.internal.KeywordExecutor.executeKeywordForPlatform(KeywordExecutor.groovy:74)
	at com.kms.katalon.core.webui.keyword.WebUiBuiltInKeywords.selectOptionByValue(WebUiBuiltInKeywords.groovy:1244)
	at TC_Amazon_ValidatePlacingAOrder_009.run(TC_Amazon_ValidatePlacingAOrder_009:38)
	at com.kms.katalon.core.main.ScriptEngine.run(ScriptEngine.java:194)
	at com.kms.katalon.core.main.ScriptEngine.runScriptAsRawText(ScriptEngine.java:119)
	at com.kms.katalon.core.main.TestCaseExecutor.runScript(TestCaseExecutor.java:448)
	at com.kms.katalon.core.main.TestCaseExecutor.doExecute(TestCaseExecutor.java:439)
	at com.kms.katalon.core.main.TestCaseExecutor.processExecutionPhase(TestCaseExecutor.java:418)
	at com.kms.katalon.core.main.TestCaseExecutor.accessMainPhase(TestCaseExecutor.java:410)
	at com.kms.katalon.core.main.TestCaseExecutor.execute(TestCaseExecutor.java:285)
	at com.kms.katalon.core.common.CommonExecutor.accessTestCaseMainPhase(CommonExecutor.java:71)
	at com.kms.katalon.core.main.TestSuiteExecutor.accessTestSuiteMainPhase(TestSuiteExecutor.java:160)
	at com.kms.katalon.core.main.TestSuiteExecutor.execute(TestSuiteExecutor.java:107)
	at com.kms.katalon.core.main.TestCaseMain.startTestSuite(TestCaseMain.java:180)
	at TempTestSuite1742523221089.run(TempTestSuite1742523221089.groovy:35)
	at java.base/jdk.internal.reflect.NativeMethodAccessorImpl.invoke0(Native Method)
	at java.base/jdk.internal.reflect.NativeMethodAccessorImpl.invoke(NativeMethodAccessorImpl.java:77)
	at java.base/jdk.internal.reflect.DelegatingMethodAccessorImpl.invoke(DelegatingMethodAccessorImpl.java:43)
Caused by: org.openqa.selenium.ElementNotInteractableException: Element <option> could not be scrolled into view
Build info: version: '4.22.0', revision: 'c5f3146703'
System info: os.name: 'Windows 11', os.arch: 'amd64', os.version: '10.0', java.version: '17.0.13'
Driver info: com.kms.katalon.selenium.driver.CFirefoxDriver
Command: [145479f1-3741-4f1c-a985-7aecadd6d143, clickElement {id=73594a0e-7bdf-49be-acff-4f1de6684ec6}]
Capabilities {acceptInsecureCerts: true, browserName: firefox, browserVersion: 136.0.2, moz:accessibilityChecks: false, moz:buildID: 20250317120031, moz:debuggerAddress: 127.0.0.1:27248, moz:geckodriverVersion: 0.36.0, moz:headless: false, moz:platformVersion: 10.0, moz:processID: 17180, moz:profile: C:\Users\Asus\AppData\Local..., moz:shutdownTimeout: 60000, moz:webdriverClick: true, moz:windowless: false, pageLoadStrategy: normal, platformName: windows, proxy: Proxy(), se:cdp: ws://127.0.0.1:27248/devtoo..., se:cdpVersion: 85.0, setWindowRect: true, strictFileInteractability: false, timeouts: {implicit: 0, pageLoad: 300000, script: 30000}, unhandledPromptBehavior: ignore, userAgent: Mozilla/5.0 (Windows NT 10...., webSocketUrl: ws://127.0.0.1:27248/sessio...}
Element: [[[[CFirefoxDriver: firefox on windows (145479f1-3741-4f1c-a985-7aecadd6d143)] -> xpath: //select[@id='searchDropdownBox']]] -> tag name: option]
Session ID: 145479f1-3741-4f1c-a985-7aecadd6d143
	at java.base/jdk.internal.reflect.NativeConstructorAccessorImpl.newInstance0(Native Method)
	at java.base/jdk.internal.reflect.NativeConstructorAccessorImpl.newInstance(NativeConstructorAccessorImpl.java:77)
	at java.base/jdk.internal.reflect.DelegatingConstructorAccessorImpl.newInstance(DelegatingConstructorAccessorImpl.java:45)
	at org.openqa.selenium.remote.ErrorCodec.decode(ErrorCodec.java:167)
	at org.openqa.selenium.remote.codec.w3c.W3CHttpResponseCodec.decode(W3CHttpResponseCodec.java:138)
	at org.openqa.selenium.remote.codec.w3c.W3CHttpResponseCodec.decode(W3CHttpResponseCodec.java:50)
	at org.openqa.selenium.remote.HttpCommandExecutor.execute(HttpCommandExecutor.java:190)
	at org.openqa.selenium.remote.service.DriverCommandExecutor.invokeExecute(DriverCommandExecutor.java:216)
	at org.openqa.selenium.remote.service.DriverCommandExecutor.execute(DriverCommandExecutor.java:174)
	at org.openqa.selenium.remote.RemoteWebDriver.execute(RemoteWebDriver.java:518)
	at org.openqa.selenium.remote.RemoteWebElement.execute(RemoteWebElement.java:223)
	at org.openqa.selenium.remote.RemoteWebElement.click(RemoteWebElement.java:76)
	at java.base/jdk.internal.reflect.NativeMethodAccessorImpl.invoke0(Native Method)
	at java.base/jdk.internal.reflect.NativeMethodAccessorImpl.invoke(NativeMethodAccessorImpl.java:77)
	at java.base/jdk.internal.reflect.DelegatingMethodAccessorImpl.invoke(DelegatingMethodAccessorImpl.java:43)
	at org.openqa.selenium.support.decorators.WebDriverDecorator.call(WebDriverDecorator.java:249)
	at org.openqa.selenium.support.decorators.DefaultDecorated.call(DefaultDecorated.java:48)
	at org.openqa.selenium.support.decorators.WebDriverDecorator.lambda$createProxy$2(WebDriverDecorator.java:321)
	at net.bytebuddy.renamed.java.lang.Object$ByteBuddy$ir71GRjW.click(Unknown Source)
	at org.openqa.selenium.support.ui.Select.setSelected(Select.java:315)
	at org.openqa.selenium.support.ui.Select.setSelectedByIndex(Select.java:299)
	at org.openqa.selenium.support.ui.Select.selectByIndex(Select.java:179)
	at com.kms.katalon.core.webui.common.WebUiCommonHelper.selectOrDeselectOptionsByValueByRegularExpression(WebUiCommonHelper.java:294)
	at com.kms.katalon.core.webui.common.WebUiCommonHelper.selectOrDeselectOptionsByValue(WebUiCommonHelper.java:273)
	at com.kms.katalon.core.webui.common.WebUiCommonHelper$selectOrDeselectOptionsByValue.call(Unknown Source)
	at com.kms.katalon.core.webui.keyword.builtin.SelectOptionByValueKeyword.selectOrDeselectOptionsByValue(SelectOptionByValueKeyword.groovy:80)
	at com.kms.katalon.core.webui.keyword.builtin.SelectOptionByValueKeyword.access$0(SelectOptionByValueKeyword.groovy)
	at com.kms.katalon.core.webui.keyword.builtin.SelectOptionByValueKeyword$_selectOptionByValue_closure1.doCall(SelectOptionByValueKeyword.groovy:58)
	at com.kms.katalon.core.webui.keyword.builtin.SelectOptionByValueKeyword$_selectOptionByValue_closure1.call(SelectOptionByValueKeyword.groovy)
	at com.kms.katalon.core.webui.keyword.internal.WebUIKeywordMain.runKeyword(WebUIKeywordMain.groovy:35)
	at com.kms.katalon.core.webui.keyword.builtin.SelectOptionByValueKeyword.selectOptionByValue(SelectOptionByValueKeyword.groovy:69)
	at com.kms.katalon.core.webui.keyword.builtin.SelectOptionByValueKeyword.execute(SelectOptionByValueKeyword.groovy:42)
	at com.kms.katalon.core.keyword.internal.KeywordExecutor.executeKeywordForPlatform(KeywordExecutor.groovy:74)
	at com.kms.katalon.core.webui.keyword.WebUiBuiltInKeywords.selectOptionByValue(WebUiBuiltInKeywords.groovy:1244)
	at Script1741840234352.run(Script1741840234352.groovy:38)
	... 15 more
)
	at com.kms.katalon.core.keyword.internal.KeywordMain.stepFailed(KeywordMain.groovy:39)
	at com.kms.katalon.core.webui.keyword.internal.WebUIKeywordMain.stepFailed(WebUIKeywordMain.groovy:117)
	at com.kms.katalon.core.webui.keyword.internal.WebUIKeywordMain.runKeyword(WebUIKeywordMain.groovy:43)
	at com.kms.katalon.core.webui.keyword.builtin.SelectOptionByValueKeyword.selectOptionByValue(SelectOptionByValueKeyword.groovy:69)
	at com.kms.katalon.core.webui.keyword.builtin.SelectOptionByValueKeyword.execute(SelectOptionByValueKeyword.groovy:42)
	at com.kms.katalon.core.keyword.internal.KeywordExecutor.executeKeywordForPlatform(KeywordExecutor.groovy:74)
	at com.kms.katalon.core.webui.keyword.WebUiBuiltInKeywords.selectOptionByValue(WebUiBuiltInKeywords.groovy:1244)
	at TC_Amazon_ValidatePlacingAOrder_009.run(TC_Amazon_ValidatePlacingAOrder_009:38)
	at com.kms.katalon.core.main.ScriptEngine.run(ScriptEngine.java:194)
	at com.kms.katalon.core.main.ScriptEngine.runScriptAsRawText(ScriptEngine.java:119)
	at com.kms.katalon.core.main.TestCaseExecutor.runScript(TestCaseExecutor.java:448)
	at com.kms.katalon.core.main.TestCaseExecutor.doExecute(TestCaseExecutor.java:439)
	at com.kms.katalon.core.main.TestCaseExecutor.processExecutionPhase(TestCaseExecutor.java:418)
	at com.kms.katalon.core.main.TestCaseExecutor.accessMainPhase(TestCaseExecutor.java:410)
	at com.kms.katalon.core.main.TestCaseExecutor.execute(TestCaseExecutor.java:285)
	at com.kms.katalon.core.common.CommonExecutor.accessTestCaseMainPhase(CommonExecutor.java:71)
	at com.kms.katalon.core.main.TestSuiteExecutor.accessTestSuiteMainPhase(TestSuiteExecutor.java:160)
	at com.kms.katalon.core.main.TestSuiteExecutor.execute(TestSuiteExecutor.java:107)
	at com.kms.katalon.core.main.TestCaseMain.startTestSuite(TestCaseMain.java:180)
	at TempTestSuite1742523221089.run(TempTestSuite1742523221089.groovy:35)
	at java.base/jdk.internal.reflect.NativeMethodAccessorImpl.invoke0(Native Method)
	at java.base/jdk.internal.reflect.NativeMethodAccessorImpl.invoke(NativeMethodAccessorImpl.java:77)
	at java.base/jdk.internal.reflect.DelegatingMethodAccessorImpl.invoke(DelegatingMethodAccessorImpl.java:43)
Caused by: com.kms.katalon.core.exception.StepFailedException: Unable to select option by value 'search-alias=stripbooks' of object 'Object Repository/Amazon_ValidatingPlacingAOrder_OR/Page_Online Shopping site in India Shop Onl_10c5f3/select_All Categories        Alexa Skills  _59be89'  using regular expression
	... 22 more
Caused by: org.openqa.selenium.ElementNotInteractableException: Element <option> could not be scrolled into view
Build info: version: '4.22.0', revision: 'c5f3146703'
System info: os.name: 'Windows 11', os.arch: 'amd64', os.version: '10.0', java.version: '17.0.13'
Driver info: com.kms.katalon.selenium.driver.CFirefoxDriver
Command: [145479f1-3741-4f1c-a985-7aecadd6d143, clickElement {id=73594a0e-7bdf-49be-acff-4f1de6684ec6}]
Capabilities {acceptInsecureCerts: true, browserName: firefox, browserVersion: 136.0.2, moz:accessibilityChecks: false, moz:buildID: 20250317120031, moz:debuggerAddress: 127.0.0.1:27248, moz:geckodriverVersion: 0.36.0, moz:headless: false, moz:platformVersion: 10.0, moz:processID: 17180, moz:profile: C:\Users\Asus\AppData\Local..., moz:shutdownTimeout: 60000, moz:webdriverClick: true, moz:windowless: false, pageLoadStrategy: normal, platformName: windows, proxy: Proxy(), se:cdp: ws://127.0.0.1:27248/devtoo..., se:cdpVersion: 85.0, setWindowRect: true, strictFileInteractability: false, timeouts: {implicit: 0, pageLoad: 300000, script: 30000}, unhandledPromptBehavior: ignore, userAgent: Mozilla/5.0 (Windows NT 10...., webSocketUrl: ws://127.0.0.1:27248/sessio...}
Element: [[[[CFirefoxDriver: firefox on windows (145479f1-3741-4f1c-a985-7aecadd6d143)] -> xpath: //select[@id='searchDropdownBox']]] -> tag name: option]
Session ID: 145479f1-3741-4f1c-a985-7aecadd6d143
	at java.base/jdk.internal.reflect.NativeConstructorAccessorImpl.newInstance0(Native Method)
	at java.base/jdk.internal.reflect.NativeConstructorAccessorImpl.newInstance(NativeConstructorAccessorImpl.java:77)
	at java.base/jdk.internal.reflect.DelegatingConstructorAccessorImpl.newInstance(DelegatingConstructorAccessorImpl.java:45)
	at org.openqa.selenium.remote.ErrorCodec.decode(ErrorCodec.java:167)
	at org.openqa.selenium.remote.codec.w3c.W3CHttpResponseCodec.decode(W3CHttpResponseCodec.java:138)
	at org.openqa.selenium.remote.codec.w3c.W3CHttpResponseCodec.decode(W3CHttpResponseCodec.java:50)
	at org.openqa.selenium.remote.HttpCommandExecutor.execute(HttpCommandExecutor.java:190)
	at org.openqa.selenium.remote.service.DriverCommandExecutor.invokeExecute(DriverCommandExecutor.java:216)
	at org.openqa.selenium.remote.service.DriverCommandExecutor.execute(DriverCommandExecutor.java:174)
	at org.openqa.selenium.remote.RemoteWebDriver.execute(RemoteWebDriver.java:518)
	at org.openqa.selenium.remote.RemoteWebElement.execute(RemoteWebElement.java:223)
	at org.openqa.selenium.remote.RemoteWebElement.click(RemoteWebElement.java:76)
	at java.base/jdk.internal.reflect.NativeMethodAccessorImpl.invoke0(Native Method)
	at java.base/jdk.internal.reflect.NativeMethodAccessorImpl.invoke(NativeMethodAccessorImpl.java:77)
	at java.base/jdk.internal.reflect.DelegatingMethodAccessorImpl.invoke(DelegatingMethodAccessorImpl.java:43)
	at org.openqa.selenium.support.decorators.WebDriverDecorator.call(WebDriverDecorator.java:249)
	at org.openqa.selenium.support.decorators.DefaultDecorated.call(DefaultDecorated.java:48)
	at org.openqa.selenium.support.decorators.WebDriverDecorator.lambda$createProxy$2(WebDriverDecorator.java:321)
	at net.bytebuddy.renamed.java.lang.Object$ByteBuddy$ir71GRjW.click(Unknown Source)
	at org.openqa.selenium.support.ui.Select.setSelected(Select.java:315)
	at org.openqa.selenium.support.ui.Select.setSelectedByIndex(Select.java:299)
	at org.openqa.selenium.support.ui.Select.selectByIndex(Select.java:179)
	at com.kms.katalon.core.webui.common.WebUiCommonHelper.selectOrDeselectOptionsByValueByRegularExpression(WebUiCommonHelper.java:294)
	at com.kms.katalon.core.webui.common.WebUiCommonHelper.selectOrDeselectOptionsByValue(WebUiCommonHelper.java:273)
	at com.kms.katalon.core.webui.common.WebUiCommonHelper$selectOrDeselectOptionsByValue.call(Unknown Source)
	at com.kms.katalon.core.webui.keyword.builtin.SelectOptionByValueKeyword.selectOrDeselectOptionsByValue(SelectOptionByValueKeyword.groovy:80)
	at com.kms.katalon.core.webui.keyword.builtin.SelectOptionByValueKeyword.access$0(SelectOptionByValueKeyword.groovy)
	at com.kms.katalon.core.webui.keyword.builtin.SelectOptionByValueKeyword$_selectOptionByValue_closure1.doCall(SelectOptionByValueKeyword.groovy:58)
	at com.kms.katalon.core.webui.keyword.builtin.SelectOptionByValueKeyword$_selectOptionByValue_closure1.call(SelectOptionByValueKeyword.groovy)
	at com.kms.katalon.core.webui.keyword.internal.WebUIKeywordMain.runKeyword(WebUIKeywordMain.groovy:35)
	... 20 more]]></system-err>
   </testsuite>
</testsuites>
